#
# There is insufficient memory for the Java Runtime Environment to continue.
# Native memory allocation (mmap) failed to map 65011712 bytes for G1 virtual space
# Possible reasons:
#   The system is out of physical RAM or swap space
#   The process is running with CompressedOops enabled, and the Java Heap may be blocking the growth of the native heap
# Possible solutions:
#   Reduce memory load on the system
#   Increase physical memory or swap space
#   Check if swap backing store is full
#   Decrease Java heap size (-Xmx/-Xms)
#   Decrease number of Java threads
#   Decrease Java thread stack sizes (-Xss)
#   Set larger code cache with -XX:ReservedCodeCacheSize=
#   JVM is running with Unscaled Compressed Oops mode in which the Java heap is
#     placed in the first 4GB address space. The Java Heap base address is the
#     maximum limit for the native heap growth. Please use -XX:HeapBaseMinAddress
#     to set the Java Heap base and to place the Java Heap above 4GB virtual address.
# This output file may be truncated or incomplete.
#
#  Out of Memory Error (os_windows.cpp:3769), pid=1708, tid=5760
#
# JRE version: OpenJDK Runtime Environment (17.0.6) (build 17.0.6+0-b2043.56-9586694)
# Java VM: OpenJDK 64-Bit Server VM (17.0.6+0-b2043.56-9586694, mixed mode, tiered, compressed oops, compressed class ptrs, g1 gc, windows-amd64)
# No core dump will be written. Minidumps are not enabled by default on client versions of Windows
#

---------------  S U M M A R Y ------------

Command Line: --add-opens=java.base/java.util=ALL-UNNAMED --add-opens=java.base/java.lang=ALL-UNNAMED --add-opens=java.base/java.lang.invoke=ALL-UNNAMED --add-opens=java.prefs/java.util.prefs=ALL-UNNAMED --add-opens=java.base/java.nio.charset=ALL-UNNAMED --add-opens=java.base/java.net=ALL-UNNAMED --add-opens=java.base/java.util.concurrent.atomic=ALL-UNNAMED -Xmx2048m -Dfile.encoding=UTF-8 -Duser.country=IN -Duser.language=en -Duser.variant org.gradle.launcher.daemon.bootstrap.GradleDaemon 8.0

Host: Intel(R) Core(TM) i5-10200H CPU @ 2.40GHz, 8 cores, 7G,  Windows 11 , 64 bit Build 22621 (10.0.22621.1635)
Time: Mon May 22 21:33:54 2023 India Standard Time elapsed time: 13.907105 seconds (0d 0h 0m 13s)

---------------  T H R E A D  ---------------

Current thread (0x00000229d281d920):  VMThread "VM Thread" [stack: 0x0000005bf7600000,0x0000005bf7700000] [id=5760]

Stack: [0x0000005bf7600000,0x0000005bf7700000]
Native frames: (J=compiled Java code, j=interpreted, Vv=VM code, C=native code)
V  [jvm.dll+0x683b4a]
V  [jvm.dll+0x842654]
V  [jvm.dll+0x843dfe]
V  [jvm.dll+0x844463]
V  [jvm.dll+0x249b75]
V  [jvm.dll+0x680a19]
V  [jvm.dll+0x674f0a]
V  [jvm.dll+0x309acb]
V  [jvm.dll+0x310f86]
V  [jvm.dll+0x3608ee]
V  [jvm.dll+0x360b1f]
V  [jvm.dll+0x2dfbf8]
V  [jvm.dll+0x2ddec4]
V  [jvm.dll+0x2dd4cc]
V  [jvm.dll+0x321f3b]
V  [jvm.dll+0x84893b]
V  [jvm.dll+0x849674]
V  [jvm.dll+0x849b8d]
V  [jvm.dll+0x849f64]
V  [jvm.dll+0x84a030]
V  [jvm.dll+0x7f25fa]
V  [jvm.dll+0x682985]
C  [ucrtbase.dll+0x29363]
C  [KERNEL32.DLL+0x126ad]
C  [ntdll.dll+0x5a9f8]

VM_Operation (0x0000005b803f3cf0): G1CollectForAllocation, mode: safepoint, requested by thread 0x00000229d7fa08b0


---------------  P R O C E S S  ---------------

Threads class SMR info:
_java_thread_list=0x00000229dc649870, length=138, elements={
0x00000229b6017ff0, 0x00000229d1e415f0, 0x00000229d1e441b0, 0x00000229d2854160,
0x00000229d2854d10, 0x00000229d2857de0, 0x00000229d28591b0, 0x00000229d285a4a0,
0x00000229d285e7a0, 0x00000229d285f190, 0x00000229d29e9340, 0x00000229d29ea020,
0x00000229d2cbf950, 0x00000229d54c59c0, 0x00000229d526b290, 0x00000229d3fdebc0,
0x00000229d412f180, 0x00000229d570b610, 0x00000229d3ec4d10, 0x00000229d3ec39d0,
0x00000229d3ec51e0, 0x00000229d3ec1820, 0x00000229d3ec1cf0, 0x00000229d3ec3500,
0x00000229d3ec21c0, 0x00000229d3ec2690, 0x00000229d40e6260, 0x00000229d3ec3030,
0x00000229d3ec2b60, 0x00000229d3ec4370, 0x00000229d3ec3ea0, 0x00000229d3ec4840,
0x00000229d6cc3c60, 0x00000229d6cc62e0, 0x00000229d6cc32c0, 0x00000229d6cc3790,
0x00000229d6cc8e30, 0x00000229d6cc8960, 0x00000229d6cc5e10, 0x00000229d6cc97d0,
0x00000229d6ccab10, 0x00000229d6cc8490, 0x00000229d6cc9ca0, 0x00000229d6cc67b0,
0x00000229d6cc5940, 0x00000229d6cc7150, 0x00000229d6cca640, 0x00000229d6cc7af0,
0x00000229d6cc4600, 0x00000229d6cc7620, 0x00000229d6cc4fa0, 0x00000229d6cc4ad0,
0x00000229d6cc7fc0, 0x00000229d82123a0, 0x00000229d8211060, 0x00000229d82106c0,
0x00000229d8216700, 0x00000229d820f850, 0x00000229d8210b90, 0x00000229d8211a00,
0x00000229d820fd20, 0x00000229d82101f0, 0x00000229d82136e0, 0x00000229d8211ed0,
0x00000229d8212870, 0x00000229d8216bd0, 0x00000229d8212d40, 0x00000229d8214a20,
0x00000229d8211530, 0x00000229d8213210, 0x00000229d82170a0, 0x00000229d8213bb0,
0x00000229d8214080, 0x00000229d8214550, 0x00000229d8214ef0, 0x00000229d82153c0,
0x00000229d8215d60, 0x00000229d8216230, 0x00000229d33822e0, 0x00000229d3385300,
0x00000229d3380fa0, 0x00000229d3384e30, 0x00000229d3384960, 0x00000229d3380600,
0x00000229d337e920, 0x00000229d3385ca0, 0x00000229d33827b0, 0x00000229d33857d0,
0x00000229d3382c80, 0x00000229d3381e10, 0x00000229d3386170, 0x00000229d3383620,
0x00000229d337f790, 0x00000229d3383150, 0x00000229d3384490, 0x00000229d337edf0,
0x00000229d337fc60, 0x00000229d3383af0, 0x00000229d337f2c0, 0x00000229d3380130,
0x00000229d3380ad0, 0x00000229d3381470, 0x00000229d3381940, 0x00000229d3383fc0,
0x00000229d7d12460, 0x00000229d7d10c50, 0x00000229d7d14610, 0x00000229d7d0eaa0,
0x00000229d7d13c70, 0x00000229d7d14fb0, 0x00000229d7d12930, 0x00000229d7d102b0,
0x00000229d7d0ef70, 0x00000229d7d0dc30, 0x00000229d7d0fde0, 0x00000229d7d11f90,
0x00000229d7d0e100, 0x00000229d7d115f0, 0x00000229d7d0d760, 0x00000229d7d12e00,
0x00000229d7d0e5d0, 0x00000229d7d132d0, 0x00000229d7d137a0, 0x00000229d7d0f440,
0x00000229d7d10780, 0x00000229d7d0f910, 0x00000229d7d11120, 0x00000229d7f9ad40,
0x00000229d7f99ed0, 0x00000229d7fa03e0, 0x00000229d7f9ca20, 0x00000229d7fa08b0,
0x00000229d7f9cef0, 0x00000229d7f9a870, 0x00000229d7f9b210, 0x00000229d7f9b6e0,
0x00000229d7f9d3c0, 0x00000229d7f9a3a0
}

Java Threads: ( => current thread )
  0x00000229b6017ff0 JavaThread "main" [_thread_blocked, id=7684, stack(0x0000005bf7000000,0x0000005bf7100000)]
  0x00000229d1e415f0 JavaThread "Reference Handler" daemon [_thread_blocked, id=5224, stack(0x0000005bf7700000,0x0000005bf7800000)]
  0x00000229d1e441b0 JavaThread "Finalizer" daemon [_thread_blocked, id=10316, stack(0x0000005bf7800000,0x0000005bf7900000)]
  0x00000229d2854160 JavaThread "Signal Dispatcher" daemon [_thread_blocked, id=6884, stack(0x0000005bf7900000,0x0000005bf7a00000)]
  0x00000229d2854d10 JavaThread "Attach Listener" daemon [_thread_blocked, id=6124, stack(0x0000005bf7a00000,0x0000005bf7b00000)]
  0x00000229d2857de0 JavaThread "Service Thread" daemon [_thread_blocked, id=6128, stack(0x0000005bf7b00000,0x0000005bf7c00000)]
  0x00000229d28591b0 JavaThread "Monitor Deflation Thread" daemon [_thread_blocked, id=9724, stack(0x0000005bf7c00000,0x0000005bf7d00000)]
  0x00000229d285a4a0 JavaThread "C2 CompilerThread0" daemon [_thread_blocked, id=3696, stack(0x0000005bf7d00000,0x0000005bf7e00000)]
  0x00000229d285e7a0 JavaThread "C1 CompilerThread0" daemon [_thread_blocked, id=11392, stack(0x0000005bf7e00000,0x0000005bf7f00000)]
  0x00000229d285f190 JavaThread "Sweeper thread" daemon [_thread_blocked, id=3844, stack(0x0000005bf7f00000,0x0000005bf8000000)]
  0x00000229d29e9340 JavaThread "Common-Cleaner" daemon [_thread_blocked, id=18320, stack(0x0000005bf8000000,0x0000005bf8100000)]
  0x00000229d29ea020 JavaThread "Notification Thread" daemon [_thread_blocked, id=16628, stack(0x0000005bf8100000,0x0000005bf8200000)]
  0x00000229d2cbf950 JavaThread "C2 CompilerThread1" daemon [_thread_blocked, id=9048, stack(0x0000005bf8300000,0x0000005bf8400000)]
  0x00000229d54c59c0 JavaThread "Daemon health stats" [_thread_blocked, id=8500, stack(0x0000005bf8900000,0x0000005bf8a00000)]
  0x00000229d526b290 JavaThread "Incoming local TCP Connector on port 50082" [_thread_in_native, id=14432, stack(0x0000005bf8a00000,0x0000005bf8b00000)]
  0x00000229d3fdebc0 JavaThread "Daemon periodic checks" [_thread_blocked, id=1808, stack(0x0000005bf8b00000,0x0000005bf8c00000)]
  0x00000229d412f180 JavaThread "Daemon" [_thread_blocked, id=15896, stack(0x0000005bf8c00000,0x0000005bf8d00000)]
  0x00000229d570b610 JavaThread "Handler for socket connection from /127.0.0.1:50082 to /127.0.0.1:50083" [_thread_in_native, id=15284, stack(0x0000005bf8d00000,0x0000005bf8e00000)]
  0x00000229d3ec4d10 JavaThread "Cancel handler" [_thread_blocked, id=2104, stack(0x0000005bf8e00000,0x0000005bf8f00000)]
  0x00000229d3ec39d0 JavaThread "Daemon worker" [_thread_blocked, id=1804, stack(0x0000005bf8f00000,0x0000005bf9000000)]
  0x00000229d3ec51e0 JavaThread "Asynchronous log dispatcher for DefaultDaemonConnection: socket connection from /127.0.0.1:50082 to /127.0.0.1:50083" [_thread_blocked, id=4116, stack(0x0000005bf9000000,0x0000005bf9100000)]
  0x00000229d3ec1820 JavaThread "Stdin handler" [_thread_blocked, id=9188, stack(0x0000005bf9100000,0x0000005bf9200000)]
  0x00000229d3ec1cf0 JavaThread "Daemon client event forwarder" [_thread_blocked, id=4044, stack(0x0000005bf9200000,0x0000005bf9300000)]
  0x00000229d3ec3500 JavaThread "Cache worker for journal cache (C:\Users\bssus\.gradle\caches\journal-1)" [_thread_blocked, id=7020, stack(0x0000005bf9600000,0x0000005bf9700000)]
  0x00000229d3ec21c0 JavaThread "File lock request listener" [_thread_in_native, id=17640, stack(0x0000005bf9700000,0x0000005bf9800000)]
  0x00000229d3ec2690 JavaThread "Cache worker for file hash cache (C:\Users\bssus\.gradle\caches\8.0\fileHashes)" [_thread_blocked, id=3600, stack(0x0000005bf9800000,0x0000005bf9900000)]
  0x00000229d40e6260 JavaThread "C2 CompilerThread2" daemon [_thread_blocked, id=12976, stack(0x0000005bf9900000,0x0000005bf9a00000)]
  0x00000229d3ec3030 JavaThread "File watcher server" daemon [_thread_blocked, id=10052, stack(0x0000005bf9a00000,0x0000005bf9b00000)]
  0x00000229d3ec2b60 JavaThread "File watcher consumer" daemon [_thread_blocked, id=14688, stack(0x0000005bf9b00000,0x0000005bf9c00000)]
  0x00000229d3ec4370 JavaThread "Cache worker for checksums cache (C:\Users\bssus\AndroidStudioProjects\SignupLogin\.gradle\8.0\checksums)" [_thread_blocked, id=11060, stack(0x0000005bf9c00000,0x0000005bf9d00000)]
  0x00000229d3ec3ea0 JavaThread "Cache worker for cache directory md-rule (C:\Users\bssus\.gradle\caches\8.0\md-rule)" [_thread_blocked, id=9536, stack(0x0000005bf9d00000,0x0000005bf9e00000)]
  0x00000229d3ec4840 JavaThread "Cache worker for file content cache (C:\Users\bssus\.gradle\caches\8.0\fileContent)" [_thread_blocked, id=17656, stack(0x0000005bf9e00000,0x0000005bf9f00000)]
  0x00000229d6cc3c60 JavaThread "Cache worker for file hash cache (C:\Users\bssus\AndroidStudioProjects\SignupLogin\.gradle\8.0\fileHashes)" [_thread_blocked, id=10704, stack(0x0000005bf9f00000,0x0000005bfa000000)]
  0x00000229d6cc62e0 JavaThread "Cache worker for cache directory md-supplier (C:\Users\bssus\.gradle\caches\8.0\md-supplier)" [_thread_blocked, id=5776, stack(0x0000005bfa000000,0x0000005bfa100000)]
  0x00000229d6cc32c0 JavaThread "Cache worker for execution history cache (C:\Users\bssus\.gradle\caches\8.0\executionHistory)" [_thread_blocked, id=14424, stack(0x0000005bfa100000,0x0000005bfa200000)]
  0x00000229d6cc3790 JavaThread "jar transforms" [_thread_blocked, id=17416, stack(0x0000005bfa200000,0x0000005bfa300000)]
  0x00000229d6cc8e30 JavaThread "jar transforms Thread 2" [_thread_blocked, id=16148, stack(0x0000005bfa300000,0x0000005bfa400000)]
  0x00000229d6cc8960 JavaThread "jar transforms Thread 3" [_thread_blocked, id=12316, stack(0x0000005bfa500000,0x0000005bfa600000)]
  0x00000229d6cc5e10 JavaThread "jar transforms Thread 4" [_thread_blocked, id=3220, stack(0x0000005bfa600000,0x0000005bfa700000)]
  0x00000229d6cc97d0 JavaThread "Cache worker for dependencies-accessors (C:\Users\bssus\AndroidStudioProjects\SignupLogin\.gradle\8.0\dependencies-accessors)" [_thread_blocked, id=12508, stack(0x0000005bfa700000,0x0000005bfa800000)]
  0x00000229d6ccab10 JavaThread "jar transforms Thread 5" [_thread_blocked, id=14328, stack(0x0000005bfa800000,0x0000005bfa900000)]
  0x00000229d6cc8490 JavaThread "Cache worker for Build Output Cleanup Cache (C:\Users\bssus\AndroidStudioProjects\SignupLogin\.gradle\buildOutputCleanup)" [_thread_blocked, id=3004, stack(0x0000005bfa900000,0x0000005bfaa00000)]
  0x00000229d6cc9ca0 JavaThread "Unconstrained build operations" [_thread_blocked, id=16248, stack(0x0000005bfaa00000,0x0000005bfab00000)]
  0x00000229d6cc67b0 JavaThread "Unconstrained build operations Thread 2" [_thread_blocked, id=3976, stack(0x0000005bfab00000,0x0000005bfac00000)]
  0x00000229d6cc5940 JavaThread "Unconstrained build operations Thread 3" [_thread_blocked, id=9012, stack(0x0000005bfac00000,0x0000005bfad00000)]
  0x00000229d6cc7150 JavaThread "Unconstrained build operations Thread 4" [_thread_blocked, id=5064, stack(0x0000005bfad00000,0x0000005bfae00000)]
  0x00000229d6cca640 JavaThread "Unconstrained build operations Thread 5" [_thread_blocked, id=6768, stack(0x0000005bfae00000,0x0000005bfaf00000)]
  0x00000229d6cc7af0 JavaThread "Unconstrained build operations Thread 6" [_thread_blocked, id=14060, stack(0x0000005bfaf00000,0x0000005bfb000000)]
  0x00000229d6cc4600 JavaThread "Unconstrained build operations Thread 7" [_thread_blocked, id=14608, stack(0x0000005bfb000000,0x0000005bfb100000)]
  0x00000229d6cc7620 JavaThread "Unconstrained build operations Thread 8" [_thread_blocked, id=3584, stack(0x0000005bfb100000,0x0000005bfb200000)]
  0x00000229d6cc4fa0 JavaThread "Unconstrained build operations Thread 9" [_thread_blocked, id=16328, stack(0x0000005bfb200000,0x0000005bfb300000)]
  0x00000229d6cc4ad0 JavaThread "Unconstrained build operations Thread 10" [_thread_blocked, id=4132, stack(0x0000005bfb300000,0x0000005bfb400000)]
  0x00000229d6cc7fc0 JavaThread "Unconstrained build operations Thread 11" [_thread_blocked, id=16660, stack(0x0000005bfb400000,0x0000005bfb500000)]
  0x00000229d82123a0 JavaThread "Unconstrained build operations Thread 12" [_thread_blocked, id=3768, stack(0x0000005bfb500000,0x0000005bfb600000)]
  0x00000229d8211060 JavaThread "Unconstrained build operations Thread 13" [_thread_blocked, id=16096, stack(0x0000005bfb600000,0x0000005bfb700000)]
  0x00000229d82106c0 JavaThread "Unconstrained build operations Thread 14" [_thread_blocked, id=18104, stack(0x0000005bfb700000,0x0000005bfb800000)]
  0x00000229d8216700 JavaThread "Unconstrained build operations Thread 15" [_thread_blocked, id=14900, stack(0x0000005bfb800000,0x0000005bfb900000)]
  0x00000229d820f850 JavaThread "Unconstrained build operations Thread 16" [_thread_blocked, id=2644, stack(0x0000005bfb900000,0x0000005bfba00000)]
  0x00000229d8210b90 JavaThread "Unconstrained build operations Thread 17" [_thread_blocked, id=18392, stack(0x0000005bfba00000,0x0000005bfbb00000)]
  0x00000229d8211a00 JavaThread "Unconstrained build operations Thread 18" [_thread_blocked, id=16920, stack(0x0000005bfbb00000,0x0000005bfbc00000)]
  0x00000229d820fd20 JavaThread "Unconstrained build operations Thread 19" [_thread_blocked, id=8172, stack(0x0000005bfbc00000,0x0000005bfbd00000)]
  0x00000229d82101f0 JavaThread "Unconstrained build operations Thread 20" [_thread_blocked, id=17912, stack(0x0000005bfbd00000,0x0000005bfbe00000)]
  0x00000229d82136e0 JavaThread "Unconstrained build operations Thread 21" [_thread_blocked, id=10636, stack(0x0000005bfbe00000,0x0000005bfbf00000)]
  0x00000229d8211ed0 JavaThread "Unconstrained build operations Thread 22" [_thread_blocked, id=2224, stack(0x0000005bfbf00000,0x0000005bfc000000)]
  0x00000229d8212870 JavaThread "Unconstrained build operations Thread 23" [_thread_blocked, id=18112, stack(0x0000005bfc000000,0x0000005bfc100000)]
  0x00000229d8216bd0 JavaThread "Unconstrained build operations Thread 24" [_thread_blocked, id=9408, stack(0x0000005bfc100000,0x0000005bfc200000)]
  0x00000229d8212d40 JavaThread "Unconstrained build operations Thread 25" [_thread_blocked, id=18336, stack(0x0000005bfc200000,0x0000005bfc300000)]
  0x00000229d8214a20 JavaThread "Unconstrained build operations Thread 26" [_thread_blocked, id=12320, stack(0x0000005bfc300000,0x0000005bfc400000)]
  0x00000229d8211530 JavaThread "Unconstrained build operations Thread 27" [_thread_blocked, id=2424, stack(0x0000005bfc400000,0x0000005bfc500000)]
  0x00000229d8213210 JavaThread "Unconstrained build operations Thread 28" [_thread_blocked, id=16464, stack(0x0000005bfc500000,0x0000005bfc600000)]
  0x00000229d82170a0 JavaThread "Unconstrained build operations Thread 29" [_thread_blocked, id=9856, stack(0x0000005bfc600000,0x0000005bfc700000)]
  0x00000229d8213bb0 JavaThread "Unconstrained build operations Thread 30" [_thread_blocked, id=9564, stack(0x0000005bfc700000,0x0000005bfc800000)]
  0x00000229d8214080 JavaThread "Unconstrained build operations Thread 31" [_thread_blocked, id=3940, stack(0x0000005bfc800000,0x0000005bfc900000)]
  0x00000229d8214550 JavaThread "Unconstrained build operations Thread 32" [_thread_blocked, id=2388, stack(0x0000005bfc900000,0x0000005bfca00000)]
  0x00000229d8214ef0 JavaThread "Unconstrained build operations Thread 33" [_thread_blocked, id=18316, stack(0x0000005bfca00000,0x0000005bfcb00000)]
  0x00000229d82153c0 JavaThread "Unconstrained build operations Thread 34" [_thread_blocked, id=14280, stack(0x0000005bfcb00000,0x0000005bfcc00000)]
  0x00000229d8215d60 JavaThread "Unconstrained build operations Thread 35" [_thread_blocked, id=15944, stack(0x0000005bfcc00000,0x0000005bfcd00000)]
  0x00000229d8216230 JavaThread "Unconstrained build operations Thread 36" [_thread_blocked, id=10492, stack(0x0000005bfcd00000,0x0000005bfce00000)]
  0x00000229d33822e0 JavaThread "Unconstrained build operations Thread 37" [_thread_blocked, id=12388, stack(0x0000005bfce00000,0x0000005bfcf00000)]
  0x00000229d3385300 JavaThread "Unconstrained build operations Thread 38" [_thread_blocked, id=4128, stack(0x0000005bfcf00000,0x0000005bfd000000)]
  0x00000229d3380fa0 JavaThread "Unconstrained build operations Thread 39" [_thread_blocked, id=1700, stack(0x0000005bfd000000,0x0000005bfd100000)]
  0x00000229d3384e30 JavaThread "Unconstrained build operations Thread 40" [_thread_blocked, id=3956, stack(0x0000005bfd100000,0x0000005bfd200000)]
  0x00000229d3384960 JavaThread "Unconstrained build operations Thread 41" [_thread_blocked, id=9476, stack(0x0000005bfd200000,0x0000005bfd300000)]
  0x00000229d3380600 JavaThread "Unconstrained build operations Thread 42" [_thread_blocked, id=6060, stack(0x0000005bfd300000,0x0000005bfd400000)]
  0x00000229d337e920 JavaThread "Unconstrained build operations Thread 43" [_thread_blocked, id=16664, stack(0x0000005bfd400000,0x0000005bfd500000)]
  0x00000229d3385ca0 JavaThread "Unconstrained build operations Thread 44" [_thread_blocked, id=6924, stack(0x0000005bfd500000,0x0000005bfd600000)]
  0x00000229d33827b0 JavaThread "Unconstrained build operations Thread 45" [_thread_blocked, id=6160, stack(0x0000005bfd600000,0x0000005bfd700000)]
  0x00000229d33857d0 JavaThread "Unconstrained build operations Thread 46" [_thread_blocked, id=3676, stack(0x0000005bfd700000,0x0000005bfd800000)]
  0x00000229d3382c80 JavaThread "Unconstrained build operations Thread 47" [_thread_blocked, id=3796, stack(0x0000005bfd800000,0x0000005bfd900000)]
  0x00000229d3381e10 JavaThread "Unconstrained build operations Thread 48" [_thread_blocked, id=7880, stack(0x0000005bfd900000,0x0000005bfda00000)]
  0x00000229d3386170 JavaThread "Unconstrained build operations Thread 49" [_thread_blocked, id=12080, stack(0x0000005bfda00000,0x0000005bfdb00000)]
  0x00000229d3383620 JavaThread "Unconstrained build operations Thread 50" [_thread_blocked, id=13140, stack(0x0000005bfdb00000,0x0000005bfdc00000)]
  0x00000229d337f790 JavaThread "Unconstrained build operations Thread 51" [_thread_blocked, id=5404, stack(0x0000005bfdc00000,0x0000005bfdd00000)]
  0x00000229d3383150 JavaThread "Unconstrained build operations Thread 52" [_thread_blocked, id=7440, stack(0x0000005bfdd00000,0x0000005bfde00000)]
  0x00000229d3384490 JavaThread "Unconstrained build operations Thread 53" [_thread_blocked, id=11296, stack(0x0000005bfde00000,0x0000005bfdf00000)]
  0x00000229d337edf0 JavaThread "Unconstrained build operations Thread 54" [_thread_blocked, id=15296, stack(0x0000005bfdf00000,0x0000005bfe000000)]
  0x00000229d337fc60 JavaThread "Unconstrained build operations Thread 55" [_thread_blocked, id=7148, stack(0x0000005bfe000000,0x0000005bfe100000)]
  0x00000229d3383af0 JavaThread "Unconstrained build operations Thread 56" [_thread_blocked, id=10936, stack(0x0000005bfe100000,0x0000005bfe200000)]
  0x00000229d337f2c0 JavaThread "Unconstrained build operations Thread 57" [_thread_blocked, id=1948, stack(0x0000005bfe200000,0x0000005bfe300000)]
  0x00000229d3380130 JavaThread "Unconstrained build operations Thread 58" [_thread_blocked, id=18136, stack(0x0000005bfe300000,0x0000005bfe400000)]
  0x00000229d3380ad0 JavaThread "Unconstrained build operations Thread 59" [_thread_blocked, id=9280, stack(0x0000005bfe400000,0x0000005bfe500000)]
  0x00000229d3381470 JavaThread "Unconstrained build operations Thread 60" [_thread_blocked, id=11364, stack(0x0000005bfe500000,0x0000005bfe600000)]
  0x00000229d3381940 JavaThread "Unconstrained build operations Thread 61" [_thread_blocked, id=4120, stack(0x0000005bfe600000,0x0000005bfe700000)]
  0x00000229d3383fc0 JavaThread "Unconstrained build operations Thread 62" [_thread_blocked, id=9516, stack(0x0000005bfe700000,0x0000005bfe800000)]
  0x00000229d7d12460 JavaThread "Unconstrained build operations Thread 63" [_thread_blocked, id=8896, stack(0x0000005bfe800000,0x0000005bfe900000)]
  0x00000229d7d10c50 JavaThread "Unconstrained build operations Thread 64" [_thread_blocked, id=10516, stack(0x0000005bfe900000,0x0000005bfea00000)]
  0x00000229d7d14610 JavaThread "Unconstrained build operations Thread 65" [_thread_blocked, id=13860, stack(0x0000005bfea00000,0x0000005bfeb00000)]
  0x00000229d7d0eaa0 JavaThread "Unconstrained build operations Thread 66" [_thread_blocked, id=8048, stack(0x0000005bfeb00000,0x0000005bfec00000)]
  0x00000229d7d13c70 JavaThread "Unconstrained build operations Thread 67" [_thread_blocked, id=18128, stack(0x0000005bfec00000,0x0000005bfed00000)]
  0x00000229d7d14fb0 JavaThread "Unconstrained build operations Thread 68" [_thread_blocked, id=9704, stack(0x0000005bfed00000,0x0000005bfee00000)]
  0x00000229d7d12930 JavaThread "Unconstrained build operations Thread 69" [_thread_blocked, id=8892, stack(0x0000005bfee00000,0x0000005bfef00000)]
  0x00000229d7d102b0 JavaThread "Unconstrained build operations Thread 70" [_thread_blocked, id=564, stack(0x0000005bfef00000,0x0000005bff000000)]
  0x00000229d7d0ef70 JavaThread "Unconstrained build operations Thread 71" [_thread_blocked, id=6228, stack(0x0000005bff000000,0x0000005bff100000)]
  0x00000229d7d0dc30 JavaThread "Unconstrained build operations Thread 72" [_thread_blocked, id=16576, stack(0x0000005bff100000,0x0000005bff200000)]
  0x00000229d7d0fde0 JavaThread "Unconstrained build operations Thread 73" [_thread_blocked, id=6688, stack(0x0000005bff200000,0x0000005bff300000)]
  0x00000229d7d11f90 JavaThread "Unconstrained build operations Thread 74" [_thread_blocked, id=11656, stack(0x0000005bff300000,0x0000005bff400000)]
  0x00000229d7d0e100 JavaThread "Unconstrained build operations Thread 75" [_thread_blocked, id=2708, stack(0x0000005bff400000,0x0000005bff500000)]
  0x00000229d7d115f0 JavaThread "Unconstrained build operations Thread 76" [_thread_blocked, id=8404, stack(0x0000005bff500000,0x0000005bff600000)]
  0x00000229d7d0d760 JavaThread "Unconstrained build operations Thread 77" [_thread_blocked, id=6616, stack(0x0000005bff600000,0x0000005bff700000)]
  0x00000229d7d12e00 JavaThread "Unconstrained build operations Thread 78" [_thread_blocked, id=3408, stack(0x0000005bff700000,0x0000005bff800000)]
  0x00000229d7d0e5d0 JavaThread "Unconstrained build operations Thread 79" [_thread_blocked, id=9660, stack(0x0000005bff800000,0x0000005bff900000)]
  0x00000229d7d132d0 JavaThread "Unconstrained build operations Thread 80" [_thread_blocked, id=4500, stack(0x0000005bff900000,0x0000005bffa00000)]
  0x00000229d7d137a0 JavaThread "jar transforms Thread 6" [_thread_blocked, id=11616, stack(0x0000005bffa00000,0x0000005bffb00000)]
  0x00000229d7d0f440 JavaThread "jar transforms Thread 7" [_thread_blocked, id=7524, stack(0x0000005bffb00000,0x0000005bffc00000)]
  0x00000229d7d10780 JavaThread "jar transforms Thread 8" [_thread_blocked, id=11896, stack(0x0000005bffc00000,0x0000005bffd00000)]
  0x00000229d7d0f910 JavaThread "build event listener" [_thread_blocked, id=10856, stack(0x0000005bffd00000,0x0000005bffe00000)]
  0x00000229d7d11120 JavaThread "Memory manager" [_thread_blocked, id=16300, stack(0x0000005bffe00000,0x0000005bfff00000)]
  0x00000229d7f9ad40 JavaThread "pool-3-thread-1" [_thread_blocked, id=8420, stack(0x0000005bfff00000,0x0000005c00000000)]
  0x00000229d7f99ed0 JavaThread "build event listener" [_thread_blocked, id=1180, stack(0x0000005b80000000,0x0000005b80100000)]
  0x00000229d7fa03e0 JavaThread "included builds" [_thread_blocked, id=11276, stack(0x0000005b80100000,0x0000005b80200000)]
  0x00000229d7f9ca20 JavaThread "Execution worker" [_thread_blocked, id=4236, stack(0x0000005b80200000,0x0000005b80300000)]
  0x00000229d7fa08b0 JavaThread "Execution worker Thread 2" [_thread_blocked, id=2304, stack(0x0000005b80300000,0x0000005b80400000)]
  0x00000229d7f9cef0 JavaThread "Execution worker Thread 3" [_thread_blocked, id=5652, stack(0x0000005b80400000,0x0000005b80500000)]
  0x00000229d7f9a870 JavaThread "Execution worker Thread 4" [_thread_blocked, id=11972, stack(0x0000005b80500000,0x0000005b80600000)]
  0x00000229d7f9b210 JavaThread "Execution worker Thread 5" [_thread_blocked, id=4732, stack(0x0000005b80600000,0x0000005b80700000)]
  0x00000229d7f9b6e0 JavaThread "Execution worker Thread 6" [_thread_blocked, id=5932, stack(0x0000005b80700000,0x0000005b80800000)]
  0x00000229d7f9d3c0 JavaThread "Execution worker Thread 7" [_thread_blocked, id=7444, stack(0x0000005b80800000,0x0000005b80900000)]
  0x00000229d7f9a3a0 JavaThread "Cache worker for execution history cache (C:\Users\bssus\AndroidStudioProjects\SignupLogin\.gradle\8.0\executionHistory)" [_thread_blocked, id=17620, stack(0x0000005b80900000,0x0000005b80a00000)]

Other Threads:
=>0x00000229d281d920 VMThread "VM Thread" [stack: 0x0000005bf7600000,0x0000005bf7700000] [id=5760]
  0x00000229d29e7010 WatcherThread [stack: 0x0000005bf8200000,0x0000005bf8300000] [id=7012]
  0x00000229b6073170 GCTaskThread "GC Thread#0" [stack: 0x0000005bf7100000,0x0000005bf7200000] [id=12580]
  0x00000229d2de9820 GCTaskThread "GC Thread#1" [stack: 0x0000005bf8500000,0x0000005bf8600000] [id=12672]
  0x00000229d388faa0 GCTaskThread "GC Thread#2" [stack: 0x0000005bf8600000,0x0000005bf8700000] [id=9104]
  0x00000229d38dbbe0 GCTaskThread "GC Thread#3" [stack: 0x0000005bf8700000,0x0000005bf8800000] [id=2128]
  0x00000229d3d2fa60 GCTaskThread "GC Thread#4" [stack: 0x0000005bf8400000,0x0000005bf8500000] [id=3096]
  0x00000229d4051a90 GCTaskThread "GC Thread#5" [stack: 0x0000005bf8800000,0x0000005bf8900000] [id=13784]
  0x00000229d4056780 GCTaskThread "GC Thread#6" [stack: 0x0000005bf9300000,0x0000005bf9400000] [id=8848]
  0x00000229d4f834c0 GCTaskThread "GC Thread#7" [stack: 0x0000005bf9400000,0x0000005bf9500000] [id=11272]
  0x00000229b6084210 ConcurrentGCThread "G1 Main Marker" [stack: 0x0000005bf7200000,0x0000005bf7300000] [id=688]
  0x00000229b6085ad0 ConcurrentGCThread "G1 Conc#0" [stack: 0x0000005bf7300000,0x0000005bf7400000] [id=11280]
  0x00000229d52358c0 ConcurrentGCThread "G1 Conc#1" [stack: 0x0000005bf9500000,0x0000005bf9600000] [id=17828]
  0x00000229b60de9c0 ConcurrentGCThread "G1 Refine#0" [stack: 0x0000005bf7400000,0x0000005bf7500000] [id=7376]
  0x00000229d5a68650 ConcurrentGCThread "G1 Refine#1" [stack: 0x0000005bfa400000,0x0000005bfa500000] [id=16144]
  0x00000229d438abe0 ConcurrentGCThread "G1 Refine#2" [stack: 0x0000005b80a00000,0x0000005b80b00000] [id=14788]
  0x00000229d1ca0500 ConcurrentGCThread "G1 Service" [stack: 0x0000005bf7500000,0x0000005bf7600000] [id=5532]

Threads with active compile tasks:

VM state: at safepoint (normal execution)

VM Mutex/Monitor currently owned by a thread:  ([mutex/lock_event])
[0x00000229b60141e0] Threads_lock - owner thread: 0x00000229d281d920
[0x00000229b60138e0] Heap_lock - owner thread: 0x00000229d7fa08b0

Heap address: 0x0000000080000000, size: 2048 MB, Compressed Oops mode: 32-bit

CDS archive(s) not mapped
Compressed class space mapped at: 0x0000000100000000-0x0000000140000000, reserved size: 1073741824
Narrow klass base: 0x0000000000000000, Narrow klass shift: 3, Narrow klass range: 0x140000000

GC Precious Log:
 CPUs: 8 total, 8 available
 Memory: 8029M
 Large Page Support: Disabled
 NUMA Support: Disabled
 Compressed Oops: Enabled (32-bit)
 Heap Region Size: 1M
 Heap Min Capacity: 8M
 Heap Initial Capacity: 126M
 Heap Max Capacity: 2G
 Pre-touch: Disabled
 Parallel Workers: 8
 Concurrent Workers: 2
 Concurrent Refinement Workers: 8
 Periodic GC: Disabled

Heap:
 garbage-first heap   total 166912K, used 88244K [0x0000000080000000, 0x0000000100000000)
  region size 1024K, 7 young (7168K), 7 survivors (7168K)
 Metaspace       used 89321K, committed 89920K, reserved 1130496K
  class space    used 12108K, committed 12352K, reserved 1048576K

Heap Regions: E=young(eden), S=young(survivor), O=old, HS=humongous(starts), HC=humongous(continues), CS=collection set, F=free, OA=open archive, CA=closed archive, TAMS=top-at-mark-start (previous, next)
|   0|0x0000000080000000, 0x0000000080100000, 0x0000000080100000|100%|HS|  |TAMS 0x0000000080100000, 0x0000000080100000| Complete 
|   1|0x0000000080100000, 0x0000000080200000, 0x0000000080200000|100%|HC|  |TAMS 0x0000000080200000, 0x0000000080200000| Complete 
|   2|0x0000000080200000, 0x0000000080300000, 0x0000000080300000|100%|HC|  |TAMS 0x0000000080300000, 0x0000000080300000| Complete 
|   3|0x0000000080300000, 0x0000000080400000, 0x0000000080400000|100%|HC|  |TAMS 0x0000000080400000, 0x0000000080400000| Complete 
|   4|0x0000000080400000, 0x0000000080500000, 0x0000000080500000|100%| O|  |TAMS 0x0000000080500000, 0x0000000080500000| Untracked 
|   5|0x0000000080500000, 0x0000000080600000, 0x0000000080600000|100%| O|  |TAMS 0x0000000080500000, 0x0000000080600000| Untracked 
|   6|0x0000000080600000, 0x0000000080700000, 0x0000000080700000|100%| O|  |TAMS 0x0000000080700000, 0x0000000080700000| Untracked 
|   7|0x0000000080700000, 0x0000000080800000, 0x0000000080800000|100%| O|  |TAMS 0x0000000080800000, 0x0000000080800000| Untracked 
|   8|0x0000000080800000, 0x0000000080900000, 0x0000000080900000|100%| O|  |TAMS 0x0000000080900000, 0x0000000080900000| Untracked 
|   9|0x0000000080900000, 0x0000000080a00000, 0x0000000080a00000|100%| O|  |TAMS 0x0000000080a00000, 0x0000000080a00000| Untracked 
|  10|0x0000000080a00000, 0x0000000080b00000, 0x0000000080b00000|100%| O|  |TAMS 0x0000000080b00000, 0x0000000080b00000| Untracked 
|  11|0x0000000080b00000, 0x0000000080b8ca00, 0x0000000080c00000| 54%| O|  |TAMS 0x0000000080b8ca00, 0x0000000080b8ca00| Untracked 
|  12|0x0000000080c00000, 0x0000000080d00000, 0x0000000080d00000|100%| O|  |TAMS 0x0000000080d00000, 0x0000000080d00000| Untracked 
|  13|0x0000000080d00000, 0x0000000080e00000, 0x0000000080e00000|100%| O|  |TAMS 0x0000000080e00000, 0x0000000080e00000| Untracked 
|  14|0x0000000080e00000, 0x0000000080f00000, 0x0000000080f00000|100%| O|  |TAMS 0x0000000080f00000, 0x0000000080f00000| Untracked 
|  15|0x0000000080f00000, 0x0000000081000000, 0x0000000081000000|100%| O|  |TAMS 0x0000000081000000, 0x0000000081000000| Untracked 
|  16|0x0000000081000000, 0x0000000081100000, 0x0000000081100000|100%| O|  |TAMS 0x0000000081100000, 0x0000000081100000| Untracked 
|  17|0x0000000081100000, 0x0000000081200000, 0x0000000081200000|100%| O|  |TAMS 0x0000000081200000, 0x0000000081200000| Untracked 
|  18|0x0000000081200000, 0x0000000081300000, 0x0000000081300000|100%| O|  |TAMS 0x0000000081300000, 0x0000000081300000| Untracked 
|  19|0x0000000081300000, 0x0000000081400000, 0x0000000081400000|100%| O|  |TAMS 0x0000000081400000, 0x0000000081400000| Untracked 
|  20|0x0000000081400000, 0x0000000081500000, 0x0000000081500000|100%| O|  |TAMS 0x0000000081500000, 0x0000000081500000| Untracked 
|  21|0x0000000081500000, 0x0000000081600000, 0x0000000081600000|100%| O|  |TAMS 0x0000000081600000, 0x0000000081600000| Untracked 
|  22|0x0000000081600000, 0x0000000081700000, 0x0000000081700000|100%| O|  |TAMS 0x0000000081700000, 0x0000000081700000| Untracked 
|  23|0x0000000081700000, 0x0000000081800000, 0x0000000081800000|100%| O|  |TAMS 0x0000000081700000, 0x0000000081800000| Untracked 
|  24|0x0000000081800000, 0x0000000081900000, 0x0000000081900000|100%| O|  |TAMS 0x0000000081900000, 0x0000000081900000| Untracked 
|  25|0x0000000081900000, 0x0000000081a00000, 0x0000000081a00000|100%| O|  |TAMS 0x0000000081a00000, 0x0000000081a00000| Untracked 
|  26|0x0000000081a00000, 0x0000000081b00000, 0x0000000081b00000|100%| O|  |TAMS 0x0000000081b00000, 0x0000000081b00000| Untracked 
|  27|0x0000000081b00000, 0x0000000081c00000, 0x0000000081c00000|100%| O|  |TAMS 0x0000000081c00000, 0x0000000081c00000| Untracked 
|  28|0x0000000081c00000, 0x0000000081d00000, 0x0000000081d00000|100%| O|  |TAMS 0x0000000081d00000, 0x0000000081d00000| Untracked 
|  29|0x0000000081d00000, 0x0000000081e00000, 0x0000000081e00000|100%| O|  |TAMS 0x0000000081e00000, 0x0000000081e00000| Untracked 
|  30|0x0000000081e00000, 0x0000000081f00000, 0x0000000081f00000|100%| O|  |TAMS 0x0000000081f00000, 0x0000000081f00000| Untracked 
|  31|0x0000000081f00000, 0x0000000082000000, 0x0000000082000000|100%| O|  |TAMS 0x0000000082000000, 0x0000000082000000| Untracked 
|  32|0x0000000082000000, 0x0000000082100000, 0x0000000082100000|100%| O|  |TAMS 0x0000000082100000, 0x0000000082100000| Untracked 
|  33|0x0000000082100000, 0x0000000082200000, 0x0000000082200000|100%| O|  |TAMS 0x0000000082200000, 0x0000000082200000| Untracked 
|  34|0x0000000082200000, 0x0000000082300000, 0x0000000082300000|100%| O|  |TAMS 0x0000000082300000, 0x0000000082300000| Untracked 
|  35|0x0000000082300000, 0x0000000082400000, 0x0000000082400000|100%|HS|  |TAMS 0x0000000082400000, 0x0000000082400000| Complete 
|  36|0x0000000082400000, 0x0000000082500000, 0x0000000082500000|100%|HS|  |TAMS 0x0000000082500000, 0x0000000082500000| Complete 
|  37|0x0000000082500000, 0x0000000082600000, 0x0000000082600000|100%| O|  |TAMS 0x0000000082600000, 0x0000000082600000| Untracked 
|  38|0x0000000082600000, 0x0000000082700000, 0x0000000082700000|100%| O|  |TAMS 0x0000000082700000, 0x0000000082700000| Untracked 
|  39|0x0000000082700000, 0x0000000082800000, 0x0000000082800000|100%| O|  |TAMS 0x0000000082800000, 0x0000000082800000| Untracked 
|  40|0x0000000082800000, 0x0000000082900000, 0x0000000082900000|100%| O|  |TAMS 0x0000000082900000, 0x0000000082900000| Untracked 
|  41|0x0000000082900000, 0x0000000082a00000, 0x0000000082a00000|100%| O|  |TAMS 0x0000000082a00000, 0x0000000082a00000| Untracked 
|  42|0x0000000082a00000, 0x0000000082b00000, 0x0000000082b00000|100%| O|  |TAMS 0x0000000082b00000, 0x0000000082b00000| Untracked 
|  43|0x0000000082b00000, 0x0000000082c00000, 0x0000000082c00000|100%| O|  |TAMS 0x0000000082c00000, 0x0000000082c00000| Untracked 
|  44|0x0000000082c00000, 0x0000000082d00000, 0x0000000082d00000|100%| O|  |TAMS 0x0000000082d00000, 0x0000000082d00000| Untracked 
|  45|0x0000000082d00000, 0x0000000082e00000, 0x0000000082e00000|100%| O|  |TAMS 0x0000000082e00000, 0x0000000082e00000| Untracked 
|  46|0x0000000082e00000, 0x0000000082f00000, 0x0000000082f00000|100%| O|  |TAMS 0x0000000082f00000, 0x0000000082f00000| Untracked 
|  47|0x0000000082f00000, 0x0000000083000000, 0x0000000083000000|100%| O|  |TAMS 0x0000000082fe8400, 0x0000000083000000| Untracked 
|  48|0x0000000083000000, 0x0000000083100000, 0x0000000083100000|100%| O|  |TAMS 0x0000000083000000, 0x0000000083100000| Untracked 
|  49|0x0000000083100000, 0x0000000083200000, 0x0000000083200000|100%| O|  |TAMS 0x0000000083100000, 0x0000000083200000| Untracked 
|  50|0x0000000083200000, 0x0000000083300000, 0x0000000083300000|100%| O|  |TAMS 0x0000000083200000, 0x0000000083300000| Untracked 
|  51|0x0000000083300000, 0x0000000083400000, 0x0000000083400000|100%| O|  |TAMS 0x0000000083300000, 0x0000000083400000| Untracked 
|  52|0x0000000083400000, 0x0000000083500000, 0x0000000083500000|100%| O|  |TAMS 0x0000000083400000, 0x0000000083500000| Untracked 
|  53|0x0000000083500000, 0x0000000083600000, 0x0000000083600000|100%| O|  |TAMS 0x0000000083500000, 0x0000000083600000| Untracked 
|  54|0x0000000083600000, 0x0000000083700000, 0x0000000083700000|100%| O|  |TAMS 0x0000000083600000, 0x0000000083700000| Untracked 
|  55|0x0000000083700000, 0x0000000083800000, 0x0000000083800000|100%| O|  |TAMS 0x0000000083700000, 0x0000000083800000| Untracked 
|  56|0x0000000083800000, 0x0000000083900000, 0x0000000083900000|100%| O|  |TAMS 0x0000000083800000, 0x0000000083900000| Untracked 
|  57|0x0000000083900000, 0x0000000083a00000, 0x0000000083a00000|100%| O|  |TAMS 0x0000000083900000, 0x0000000083a00000| Untracked 
|  58|0x0000000083a00000, 0x0000000083b00000, 0x0000000083b00000|100%| O|  |TAMS 0x0000000083a00000, 0x0000000083b00000| Untracked 
|  59|0x0000000083b00000, 0x0000000083c00000, 0x0000000083c00000|100%| O|  |TAMS 0x0000000083b00000, 0x0000000083c00000| Untracked 
|  60|0x0000000083c00000, 0x0000000083d00000, 0x0000000083d00000|100%| O|  |TAMS 0x0000000083c00000, 0x0000000083d00000| Untracked 
|  61|0x0000000083d00000, 0x0000000083e00000, 0x0000000083e00000|100%| O|  |TAMS 0x0000000083d00000, 0x0000000083e00000| Untracked 
|  62|0x0000000083e00000, 0x0000000083f00000, 0x0000000083f00000|100%| O|  |TAMS 0x0000000083e00000, 0x0000000083f00000| Untracked 
|  63|0x0000000083f00000, 0x0000000084000000, 0x0000000084000000|100%| O|  |TAMS 0x0000000083f00000, 0x0000000084000000| Untracked 
|  64|0x0000000084000000, 0x0000000084100000, 0x0000000084100000|100%| O|  |TAMS 0x0000000084000000, 0x0000000084100000| Untracked 
|  65|0x0000000084100000, 0x0000000084200000, 0x0000000084200000|100%| O|  |TAMS 0x0000000084100000, 0x0000000084200000| Untracked 
|  66|0x0000000084200000, 0x0000000084300000, 0x0000000084300000|100%| O|  |TAMS 0x0000000084200000, 0x0000000084300000| Untracked 
|  67|0x0000000084300000, 0x0000000084400000, 0x0000000084400000|100%| O|  |TAMS 0x0000000084300000, 0x0000000084400000| Untracked 
|  68|0x0000000084400000, 0x0000000084500000, 0x0000000084500000|100%| O|  |TAMS 0x0000000084400000, 0x0000000084500000| Untracked 
|  69|0x0000000084500000, 0x0000000084600000, 0x0000000084600000|100%| O|  |TAMS 0x0000000084500000, 0x0000000084600000| Untracked 
|  70|0x0000000084600000, 0x0000000084700000, 0x0000000084700000|100%| O|  |TAMS 0x0000000084600000, 0x0000000084700000| Untracked 
|  71|0x0000000084700000, 0x0000000084800000, 0x0000000084800000|100%| O|  |TAMS 0x0000000084700000, 0x0000000084800000| Untracked 
|  72|0x0000000084800000, 0x0000000084900000, 0x0000000084900000|100%| O|  |TAMS 0x0000000084800000, 0x0000000084900000| Untracked 
|  73|0x0000000084900000, 0x0000000084a00000, 0x0000000084a00000|100%| O|  |TAMS 0x0000000084900000, 0x0000000084a00000| Untracked 
|  74|0x0000000084a00000, 0x0000000084b00000, 0x0000000084b00000|100%| O|  |TAMS 0x0000000084a00000, 0x0000000084b00000| Untracked 
|  75|0x0000000084b00000, 0x0000000084c00000, 0x0000000084c00000|100%| O|  |TAMS 0x0000000084b00000, 0x0000000084c00000| Untracked 
|  76|0x0000000084c00000, 0x0000000084d00000, 0x0000000084d00000|100%| O|  |TAMS 0x0000000084c00000, 0x0000000084d00000| Untracked 
|  77|0x0000000084d00000, 0x0000000084e00000, 0x0000000084e00000|100%| O|  |TAMS 0x0000000084d00000, 0x0000000084e00000| Untracked 
|  78|0x0000000084e00000, 0x0000000084f00000, 0x0000000084f00000|100%| O|  |TAMS 0x0000000084e00000, 0x0000000084f00000| Untracked 
|  79|0x0000000084f00000, 0x0000000084fa4e00, 0x0000000085000000| 64%| O|  |TAMS 0x0000000084f00000, 0x0000000084fa4e00| Untracked 
|  80|0x0000000085000000, 0x0000000085000000, 0x0000000085100000|  0%| F|  |TAMS 0x0000000085000000, 0x0000000085000000| Untracked 
|  81|0x0000000085100000, 0x0000000085100000, 0x0000000085200000|  0%| F|  |TAMS 0x0000000085100000, 0x0000000085100000| Untracked 
|  82|0x0000000085200000, 0x0000000085200000, 0x0000000085300000|  0%| F|  |TAMS 0x0000000085200000, 0x0000000085200000| Untracked 
|  83|0x0000000085300000, 0x0000000085300000, 0x0000000085400000|  0%| F|  |TAMS 0x0000000085300000, 0x0000000085300000| Untracked 
|  84|0x0000000085400000, 0x0000000085400000, 0x0000000085500000|  0%| F|  |TAMS 0x0000000085400000, 0x0000000085400000| Untracked 
|  85|0x0000000085500000, 0x0000000085500000, 0x0000000085600000|  0%| F|  |TAMS 0x0000000085500000, 0x0000000085500000| Untracked 
|  86|0x0000000085600000, 0x0000000085600000, 0x0000000085700000|  0%| F|  |TAMS 0x0000000085600000, 0x0000000085600000| Untracked 
|  87|0x0000000085700000, 0x0000000085700000, 0x0000000085800000|  0%| F|  |TAMS 0x0000000085700000, 0x0000000085700000| Untracked 
|  88|0x0000000085800000, 0x0000000085800000, 0x0000000085900000|  0%| F|  |TAMS 0x0000000085800000, 0x0000000085800000| Untracked 
|  89|0x0000000085900000, 0x0000000085900000, 0x0000000085a00000|  0%| F|  |TAMS 0x0000000085900000, 0x0000000085900000| Untracked 
|  90|0x0000000085a00000, 0x0000000085a00000, 0x0000000085b00000|  0%| F|  |TAMS 0x0000000085a00000, 0x0000000085a00000| Untracked 
|  91|0x0000000085b00000, 0x0000000085b00000, 0x0000000085c00000|  0%| F|  |TAMS 0x0000000085b00000, 0x0000000085b00000| Untracked 
|  92|0x0000000085c00000, 0x0000000085c00000, 0x0000000085d00000|  0%| F|  |TAMS 0x0000000085c00000, 0x0000000085c00000| Untracked 
|  93|0x0000000085d00000, 0x0000000085d00000, 0x0000000085e00000|  0%| F|  |TAMS 0x0000000085d00000, 0x0000000085d00000| Untracked 
|  94|0x0000000085e00000, 0x0000000085e00000, 0x0000000085f00000|  0%| F|  |TAMS 0x0000000085e00000, 0x0000000085e00000| Untracked 
|  95|0x0000000085f00000, 0x0000000085f00000, 0x0000000086000000|  0%| F|  |TAMS 0x0000000085f00000, 0x0000000085f00000| Untracked 
|  96|0x0000000086000000, 0x0000000086000000, 0x0000000086100000|  0%| F|  |TAMS 0x0000000086000000, 0x0000000086000000| Untracked 
|  97|0x0000000086100000, 0x0000000086100000, 0x0000000086200000|  0%| F|  |TAMS 0x0000000086100000, 0x0000000086100000| Untracked 
|  98|0x0000000086200000, 0x0000000086200000, 0x0000000086300000|  0%| F|  |TAMS 0x0000000086200000, 0x0000000086200000| Untracked 
|  99|0x0000000086300000, 0x0000000086300000, 0x0000000086400000|  0%| F|  |TAMS 0x0000000086300000, 0x0000000086300000| Untracked 
| 100|0x0000000086400000, 0x0000000086400000, 0x0000000086500000|  0%| F|  |TAMS 0x0000000086400000, 0x0000000086400000| Untracked 
| 101|0x0000000086500000, 0x0000000086500000, 0x0000000086600000|  0%| F|  |TAMS 0x0000000086500000, 0x0000000086500000| Untracked 
| 102|0x0000000086600000, 0x0000000086600000, 0x0000000086700000|  0%| F|  |TAMS 0x0000000086600000, 0x0000000086600000| Untracked 
| 103|0x0000000086700000, 0x0000000086700000, 0x0000000086800000|  0%| F|  |TAMS 0x0000000086700000, 0x0000000086700000| Untracked 
| 104|0x0000000086800000, 0x0000000086800000, 0x0000000086900000|  0%| F|  |TAMS 0x0000000086800000, 0x0000000086800000| Untracked 
| 105|0x0000000086900000, 0x0000000086900000, 0x0000000086a00000|  0%| F|  |TAMS 0x0000000086900000, 0x0000000086900000| Untracked 
| 106|0x0000000086a00000, 0x0000000086afb810, 0x0000000086b00000| 98%| S|CS|TAMS 0x0000000086a00000, 0x0000000086a00000| Complete 
| 107|0x0000000086b00000, 0x0000000086c00000, 0x0000000086c00000|100%| S|CS|TAMS 0x0000000086b00000, 0x0000000086b00000| Complete 
| 108|0x0000000086c00000, 0x0000000086d00000, 0x0000000086d00000|100%| S|CS|TAMS 0x0000000086c00000, 0x0000000086c00000| Complete 
| 109|0x0000000086d00000, 0x0000000086e00000, 0x0000000086e00000|100%| S|CS|TAMS 0x0000000086d00000, 0x0000000086d00000| Complete 
| 110|0x0000000086e00000, 0x0000000086f00000, 0x0000000086f00000|100%| S|CS|TAMS 0x0000000086e00000, 0x0000000086e00000| Complete 
| 111|0x0000000086f00000, 0x0000000086f00000, 0x0000000087000000|  0%| F|  |TAMS 0x0000000086f00000, 0x0000000086f00000| Untracked 
| 112|0x0000000087000000, 0x0000000087000000, 0x0000000087100000|  0%| F|  |TAMS 0x0000000087000000, 0x0000000087000000| Untracked 
| 113|0x0000000087100000, 0x0000000087100000, 0x0000000087200000|  0%| F|  |TAMS 0x0000000087100000, 0x0000000087100000| Untracked 
| 114|0x0000000087200000, 0x0000000087200000, 0x0000000087300000|  0%| F|  |TAMS 0x0000000087200000, 0x0000000087200000| Untracked 
| 115|0x0000000087300000, 0x0000000087400000, 0x0000000087400000|100%| S|CS|TAMS 0x0000000087300000, 0x0000000087300000| Complete 
| 116|0x0000000087400000, 0x0000000087500000, 0x0000000087500000|100%| S|CS|TAMS 0x0000000087400000, 0x0000000087400000| Complete 
| 117|0x0000000087500000, 0x0000000087500000, 0x0000000087600000|  0%| F|  |TAMS 0x0000000087500000, 0x0000000087500000| Untracked 
| 118|0x0000000087600000, 0x0000000087600000, 0x0000000087700000|  0%| F|  |TAMS 0x0000000087600000, 0x0000000087600000| Untracked 
| 119|0x0000000087700000, 0x0000000087700000, 0x0000000087800000|  0%| F|  |TAMS 0x0000000087700000, 0x0000000087700000| Untracked 
| 120|0x0000000087800000, 0x0000000087800000, 0x0000000087900000|  0%| F|  |TAMS 0x0000000087800000, 0x0000000087800000| Untracked 
| 121|0x0000000087900000, 0x0000000087900000, 0x0000000087a00000|  0%| F|  |TAMS 0x0000000087900000, 0x0000000087900000| Untracked 
| 122|0x0000000087a00000, 0x0000000087a00000, 0x0000000087b00000|  0%| F|  |TAMS 0x0000000087a00000, 0x0000000087a00000| Untracked 
| 123|0x0000000087b00000, 0x0000000087b00000, 0x0000000087c00000|  0%| F|  |TAMS 0x0000000087b00000, 0x0000000087b00000| Untracked 
| 124|0x0000000087c00000, 0x0000000087c00000, 0x0000000087d00000|  0%| F|  |TAMS 0x0000000087c00000, 0x0000000087c00000| Untracked 
| 125|0x0000000087d00000, 0x0000000087d00000, 0x0000000087e00000|  0%| F|  |TAMS 0x0000000087d00000, 0x0000000087d00000| Untracked 
| 126|0x0000000087e00000, 0x0000000087e00000, 0x0000000087f00000|  0%| F|  |TAMS 0x0000000087e00000, 0x0000000087e00000| Untracked 
| 127|0x0000000087f00000, 0x0000000087f00000, 0x0000000088000000|  0%| F|  |TAMS 0x0000000087f00000, 0x0000000087f00000| Untracked 
| 128|0x0000000088000000, 0x0000000088000000, 0x0000000088100000|  0%| F|  |TAMS 0x0000000088000000, 0x0000000088000000| Untracked 
| 129|0x0000000088100000, 0x0000000088100000, 0x0000000088200000|  0%| F|  |TAMS 0x0000000088100000, 0x0000000088100000| Untracked 
| 130|0x0000000088200000, 0x0000000088200000, 0x0000000088300000|  0%| F|  |TAMS 0x0000000088200000, 0x0000000088200000| Untracked 
| 131|0x0000000088300000, 0x0000000088300000, 0x0000000088400000|  0%| F|  |TAMS 0x0000000088300000, 0x0000000088300000| Untracked 
| 132|0x0000000088400000, 0x0000000088400000, 0x0000000088500000|  0%| F|  |TAMS 0x0000000088400000, 0x0000000088400000| Untracked 
| 133|0x0000000088500000, 0x0000000088500000, 0x0000000088600000|  0%| F|  |TAMS 0x0000000088500000, 0x0000000088500000| Untracked 
| 134|0x0000000088600000, 0x0000000088600000, 0x0000000088700000|  0%| F|  |TAMS 0x0000000088600000, 0x0000000088600000| Untracked 
| 135|0x0000000088700000, 0x0000000088700000, 0x0000000088800000|  0%| F|  |TAMS 0x0000000088700000, 0x0000000088700000| Untracked 
| 136|0x0000000088800000, 0x0000000088800000, 0x0000000088900000|  0%| F|  |TAMS 0x0000000088800000, 0x0000000088800000| Untracked 
| 137|0x0000000088900000, 0x0000000088900000, 0x0000000088a00000|  0%| F|  |TAMS 0x0000000088900000, 0x0000000088900000| Untracked 
| 138|0x0000000088a00000, 0x0000000088a00000, 0x0000000088b00000|  0%| F|  |TAMS 0x0000000088a00000, 0x0000000088a00000| Untracked 
| 139|0x0000000088b00000, 0x0000000088b00000, 0x0000000088c00000|  0%| F|  |TAMS 0x0000000088b00000, 0x0000000088b00000| Untracked 
| 140|0x0000000088c00000, 0x0000000088c00000, 0x0000000088d00000|  0%| F|  |TAMS 0x0000000088c00000, 0x0000000088c00000| Untracked 
| 141|0x0000000088d00000, 0x0000000088d00000, 0x0000000088e00000|  0%| F|  |TAMS 0x0000000088d00000, 0x0000000088d00000| Untracked 
| 142|0x0000000088e00000, 0x0000000088e00000, 0x0000000088f00000|  0%| F|  |TAMS 0x0000000088e00000, 0x0000000088e00000| Untracked 
| 143|0x0000000088f00000, 0x0000000088f00000, 0x0000000089000000|  0%| F|  |TAMS 0x0000000088f00000, 0x0000000088f00000| Untracked 
| 144|0x0000000089000000, 0x0000000089000000, 0x0000000089100000|  0%| F|  |TAMS 0x0000000089000000, 0x0000000089000000| Untracked 
| 145|0x0000000089100000, 0x0000000089100000, 0x0000000089200000|  0%| F|  |TAMS 0x0000000089100000, 0x0000000089100000| Untracked 
| 146|0x0000000089200000, 0x0000000089200000, 0x0000000089300000|  0%| F|  |TAMS 0x0000000089200000, 0x0000000089200000| Untracked 
| 147|0x0000000089300000, 0x0000000089300000, 0x0000000089400000|  0%| F|  |TAMS 0x0000000089300000, 0x0000000089300000| Untracked 
| 148|0x0000000089400000, 0x0000000089400000, 0x0000000089500000|  0%| F|  |TAMS 0x0000000089400000, 0x0000000089400000| Untracked 
| 149|0x0000000089500000, 0x0000000089500000, 0x0000000089600000|  0%| F|  |TAMS 0x0000000089500000, 0x0000000089500000| Untracked 
| 150|0x0000000089600000, 0x0000000089600000, 0x0000000089700000|  0%| F|  |TAMS 0x0000000089600000, 0x0000000089600000| Untracked 
| 151|0x0000000089700000, 0x0000000089700000, 0x0000000089800000|  0%| F|  |TAMS 0x0000000089700000, 0x0000000089700000| Untracked 
| 152|0x0000000089800000, 0x0000000089800000, 0x0000000089900000|  0%| F|  |TAMS 0x0000000089800000, 0x0000000089800000| Untracked 
| 153|0x0000000089900000, 0x0000000089900000, 0x0000000089a00000|  0%| F|  |TAMS 0x0000000089900000, 0x0000000089900000| Untracked 
| 154|0x0000000089a00000, 0x0000000089a00000, 0x0000000089b00000|  0%| F|  |TAMS 0x0000000089a00000, 0x0000000089a00000| Untracked 
| 155|0x0000000089b00000, 0x0000000089b00000, 0x0000000089c00000|  0%| F|  |TAMS 0x0000000089b00000, 0x0000000089b00000| Untracked 
| 156|0x0000000089c00000, 0x0000000089c00000, 0x0000000089d00000|  0%| F|  |TAMS 0x0000000089c00000, 0x0000000089c00000| Untracked 
| 157|0x0000000089d00000, 0x0000000089d00000, 0x0000000089e00000|  0%| F|  |TAMS 0x0000000089d00000, 0x0000000089d00000| Untracked 
| 158|0x0000000089e00000, 0x0000000089e00000, 0x0000000089f00000|  0%| F|  |TAMS 0x0000000089e00000, 0x0000000089e00000| Untracked 
| 159|0x0000000089f00000, 0x0000000089f00000, 0x000000008a000000|  0%| F|  |TAMS 0x0000000089f00000, 0x0000000089f00000| Untracked 
| 160|0x000000008a000000, 0x000000008a000000, 0x000000008a100000|  0%| F|  |TAMS 0x000000008a000000, 0x000000008a000000| Untracked 
| 161|0x000000008a100000, 0x000000008a100000, 0x000000008a200000|  0%| F|  |TAMS 0x000000008a100000, 0x000000008a100000| Untracked 
| 162|0x000000008a200000, 0x000000008a200000, 0x000000008a300000|  0%| F|  |TAMS 0x000000008a200000, 0x000000008a200000| Untracked 

Card table byte_map: [0x00000229cab30000,0x00000229caf30000] _byte_map_base: 0x00000229ca730000

Marking Bits (Prev, Next): (CMBitMap*) 0x00000229b6073780, (CMBitMap*) 0x00000229b60737c0
 Prev Bits: [0x00000229cb330000, 0x00000229cd330000)
 Next Bits: [0x00000229cd330000, 0x00000229cf330000)

Polling page: 0x00000229b60e0000

Metaspace:

Usage:
  Non-class:     75.40 MB used.
      Class:     11.82 MB used.
       Both:     87.23 MB used.

Virtual space:
  Non-class space:       80.00 MB reserved,      75.75 MB ( 95%) committed,  10 nodes.
      Class space:        1.00 GB reserved,      12.06 MB (  1%) committed,  1 nodes.
             Both:        1.08 GB reserved,      87.81 MB (  8%) committed. 

Chunk freelists:
   Non-Class:  3.81 MB
       Class:  3.81 MB
        Both:  7.63 MB

MaxMetaspaceSize: unlimited
CompressedClassSpaceSize: 1.00 GB
Initial GC threshold: 21.00 MB
Current GC threshold: 104.62 MB
CDS: off
MetaspaceReclaimPolicy: balanced
 - commit_granule_bytes: 65536.
 - commit_granule_words: 8192.
 - virtual_space_node_default_size: 1048576.
 - enlarge_chunks_in_place: 1.
 - new_chunks_are_fully_committed: 0.
 - uncommit_free_chunks: 1.
 - use_allocation_guard: 0.
 - handle_deallocations: 1.


Internal statistics:

num_allocs_failed_limit: 6.
num_arena_births: 874.
num_arena_deaths: 0.
num_vsnodes_births: 11.
num_vsnodes_deaths: 0.
num_space_committed: 1405.
num_space_uncommitted: 0.
num_chunks_returned_to_freelist: 6.
num_chunks_taken_from_freelist: 4141.
num_chunk_merges: 6.
num_chunk_splits: 2715.
num_chunks_enlarged: 1787.
num_purges: 0.
num_inconsistent_stats: 0.

CodeHeap 'non-profiled nmethods': size=120000Kb used=5667Kb max_used=5908Kb free=114332Kb
 bounds [0x00000229c2780000, 0x00000229c2d50000, 0x00000229c9cb0000]
CodeHeap 'profiled nmethods': size=120000Kb used=17361Kb max_used=18256Kb free=102638Kb
 bounds [0x00000229bacb0000, 0x00000229bbe90000, 0x00000229c21e0000]
CodeHeap 'non-nmethods': size=5760Kb used=2369Kb max_used=2504Kb free=3390Kb
 bounds [0x00000229c21e0000, 0x00000229c2460000, 0x00000229c2780000]
 total_blobs=10021 nmethods=9121 adapters=812
 compilation: enabled
              stopped_count=0, restarted_count=0
 full_count=0

Compilation events (20 events):
Event: 13.824 Thread 0x00000229d285e7a0 nmethod 10664 0x00000229c2ca1010 code [0x00000229c2ca11a0, 0x00000229c2ca1278]
Event: 13.824 Thread 0x00000229d285e7a0 10665       3       com.google.common.io.Files::getNameWithoutExtension (40 bytes)
Event: 13.825 Thread 0x00000229d285e7a0 nmethod 10665 0x00000229bb542f90 code [0x00000229bb5431c0, 0x00000229bb5438f8]
Event: 13.825 Thread 0x00000229d285e7a0 10666       1       org.gradle.api.internal.artifacts.PreResolvedResolvableArtifact::getId (5 bytes)
Event: 13.825 Thread 0x00000229d285e7a0 nmethod 10666 0x00000229c281ff90 code [0x00000229c2820120, 0x00000229c28201f8]
Event: 13.826 Thread 0x00000229d285a4a0 nmethod 10654 0x00000229c2864f10 code [0x00000229c28650c0, 0x00000229c2865628]
Event: 13.827 Thread 0x00000229d285e7a0 10667       3       java.lang.invoke.LambdaFormEditor$TransformKey::of (79 bytes)
Event: 13.827 Thread 0x00000229d285e7a0 nmethod 10667 0x00000229bb39e710 code [0x00000229bb39e900, 0x00000229bb39efc8]
Event: 13.827 Thread 0x00000229d285e7a0 10668       3       java.lang.invoke.LambdaFormEditor$TransformKey::packedBytes (75 bytes)
Event: 13.827 Thread 0x00000229d285e7a0 nmethod 10668 0x00000229bb4cef10 code [0x00000229bb4cf0e0, 0x00000229bb4cf458]
Event: 13.827 Thread 0x00000229d285e7a0 10669       3       java.lang.invoke.DirectMethodHandle$Holder::invokeStatic (14 bytes)
Event: 13.828 Thread 0x00000229d285e7a0 nmethod 10669 0x00000229bb599690 code [0x00000229bb599860, 0x00000229bb599c98]
Event: 13.832 Thread 0x00000229d285e7a0 10670       1       java.nio.DirectByteBuffer::isReadOnly (2 bytes)
Event: 13.832 Thread 0x00000229d285e7a0 nmethod 10670 0x00000229c281fc90 code [0x00000229c281fe20, 0x00000229c281fef8]
Event: 13.832 Thread 0x00000229d285e7a0 10671       1       org.gradle.internal.serialize.Serializers$StatefulSerializerAdapter::access$000 (5 bytes)
Event: 13.832 Thread 0x00000229d285e7a0 nmethod 10671 0x00000229c281f910 code [0x00000229c281faa0, 0x00000229c281fb58]
Event: 13.833 Thread 0x00000229d2cbf950 nmethod 10648 0x00000229c2a44090 code [0x00000229c2a442c0, 0x00000229c2a44c30]
Event: 13.857 Thread 0x00000229d40e6260 nmethod 10634 0x00000229c2c32010 code [0x00000229c2c32280, 0x00000229c2c33c50]
Event: 13.866 Thread 0x00000229d285e7a0 10672       3       java.lang.ClassLoader::defineClassSourceLocation (28 bytes)
Event: 13.866 Thread 0x00000229d285e7a0 nmethod 10672 0x00000229bb6f2f90 code [0x00000229bb6f3160, 0x00000229bb6f34e8]

GC Heap History (20 events):
Event: 7.661 GC heap after
{Heap after GC invocations=18 (full 0):
 garbage-first heap   total 86016K, used 47876K [0x0000000080000000, 0x0000000100000000)
  region size 1024K, 1 young (1024K), 1 survivors (1024K)
 Metaspace       used 62201K, committed 62720K, reserved 1105920K
  class space    used 8212K, committed 8448K, reserved 1048576K
}
Event: 7.770 GC heap before
{Heap before GC invocations=18 (full 0):
 garbage-first heap   total 86016K, used 52996K [0x0000000080000000, 0x0000000100000000)
  region size 1024K, 7 young (7168K), 1 survivors (1024K)
 Metaspace       used 63663K, committed 64256K, reserved 1105920K
  class space    used 8377K, committed 8640K, reserved 1048576K
}
Event: 7.772 GC heap after
{Heap after GC invocations=19 (full 0):
 garbage-first heap   total 86016K, used 48908K [0x0000000080000000, 0x0000000100000000)
  region size 1024K, 2 young (2048K), 2 survivors (2048K)
 Metaspace       used 63663K, committed 64256K, reserved 1105920K
  class space    used 8377K, committed 8640K, reserved 1048576K
}
Event: 8.016 GC heap before
{Heap before GC invocations=20 (full 0):
 garbage-first heap   total 106496K, used 75532K [0x0000000080000000, 0x0000000100000000)
  region size 1024K, 22 young (22528K), 2 survivors (2048K)
 Metaspace       used 64829K, committed 65344K, reserved 1105920K
  class space    used 8525K, committed 8768K, reserved 1048576K
}
Event: 8.020 GC heap after
{Heap after GC invocations=21 (full 0):
 garbage-first heap   total 106496K, used 51212K [0x0000000080000000, 0x0000000100000000)
  region size 1024K, 3 young (3072K), 3 survivors (3072K)
 Metaspace       used 64829K, committed 65344K, reserved 1105920K
  class space    used 8525K, committed 8768K, reserved 1048576K
}
Event: 8.050 GC heap before
{Heap before GC invocations=21 (full 0):
 garbage-first heap   total 106496K, used 53260K [0x0000000080000000, 0x0000000100000000)
  region size 1024K, 5 young (5120K), 3 survivors (3072K)
 Metaspace       used 65088K, committed 65600K, reserved 1114112K
  class space    used 8554K, committed 8768K, reserved 1048576K
}
Event: 8.054 GC heap after
{Heap after GC invocations=22 (full 0):
 garbage-first heap   total 166912K, used 51276K [0x0000000080000000, 0x0000000100000000)
  region size 1024K, 1 young (1024K), 1 survivors (1024K)
 Metaspace       used 65088K, committed 65600K, reserved 1114112K
  class space    used 8554K, committed 8768K, reserved 1048576K
}
Event: 8.750 GC heap before
{Heap before GC invocations=22 (full 0):
 garbage-first heap   total 166912K, used 108620K [0x0000000080000000, 0x0000000100000000)
  region size 1024K, 56 young (57344K), 1 survivors (1024K)
 Metaspace       used 68798K, committed 69440K, reserved 1114112K
  class space    used 9051K, committed 9344K, reserved 1048576K
}
Event: 8.757 GC heap after
{Heap after GC invocations=23 (full 0):
 garbage-first heap   total 166912K, used 55887K [0x0000000080000000, 0x0000000100000000)
  region size 1024K, 5 young (5120K), 5 survivors (5120K)
 Metaspace       used 68798K, committed 69440K, reserved 1114112K
  class space    used 9051K, committed 9344K, reserved 1048576K
}
Event: 9.579 GC heap before
{Heap before GC invocations=23 (full 0):
 garbage-first heap   total 166912K, used 119375K [0x0000000080000000, 0x0000000100000000)
  region size 1024K, 67 young (68608K), 5 survivors (5120K)
 Metaspace       used 74014K, committed 74624K, reserved 1114112K
  class space    used 9968K, committed 10240K, reserved 1048576K
}
Event: 9.587 GC heap after
{Heap after GC invocations=24 (full 0):
 garbage-first heap   total 166912K, used 59883K [0x0000000080000000, 0x0000000100000000)
  region size 1024K, 5 young (5120K), 5 survivors (5120K)
 Metaspace       used 74014K, committed 74624K, reserved 1114112K
  class space    used 9968K, committed 10240K, reserved 1048576K
}
Event: 10.280 GC heap before
{Heap before GC invocations=24 (full 0):
 garbage-first heap   total 166912K, used 124395K [0x0000000080000000, 0x0000000100000000)
  region size 1024K, 68 young (69632K), 5 survivors (5120K)
 Metaspace       used 77290K, committed 77824K, reserved 1122304K
  class space    used 10440K, committed 10688K, reserved 1048576K
}
Event: 10.290 GC heap after
{Heap after GC invocations=25 (full 0):
 garbage-first heap   total 166912K, used 65540K [0x0000000080000000, 0x0000000100000000)
  region size 1024K, 9 young (9216K), 9 survivors (9216K)
 Metaspace       used 77290K, committed 77824K, reserved 1122304K
  class space    used 10440K, committed 10688K, reserved 1048576K
}
Event: 11.230 GC heap before
{Heap before GC invocations=25 (full 0):
 garbage-first heap   total 166912K, used 126980K [0x0000000080000000, 0x0000000100000000)
  region size 1024K, 69 young (70656K), 9 survivors (9216K)
 Metaspace       used 83555K, committed 84224K, reserved 1122304K
  class space    used 11357K, committed 11648K, reserved 1048576K
}
Event: 11.240 GC heap after
{Heap after GC invocations=26 (full 0):
 garbage-first heap   total 166912K, used 71159K [0x0000000080000000, 0x0000000100000000)
  region size 1024K, 6 young (6144K), 6 survivors (6144K)
 Metaspace       used 83555K, committed 84224K, reserved 1122304K
  class space    used 11357K, committed 11648K, reserved 1048576K
}
Event: 12.086 GC heap before
{Heap before GC invocations=26 (full 0):
 garbage-first heap   total 166912K, used 129527K [0x0000000080000000, 0x0000000100000000)
  region size 1024K, 63 young (64512K), 6 survivors (6144K)
 Metaspace       used 86618K, committed 87232K, reserved 1130496K
  class space    used 11776K, committed 12032K, reserved 1048576K
}
Event: 12.102 GC heap after
{Heap after GC invocations=27 (full 0):
 garbage-first heap   total 166912K, used 80434K [0x0000000080000000, 0x0000000100000000)
  region size 1024K, 8 young (8192K), 8 survivors (8192K)
 Metaspace       used 86618K, committed 87232K, reserved 1130496K
  class space    used 11776K, committed 12032K, reserved 1048576K
}
Event: 13.010 GC heap before
{Heap before GC invocations=27 (full 0):
 garbage-first heap   total 166912K, used 128562K [0x0000000080000000, 0x0000000100000000)
  region size 1024K, 56 young (57344K), 8 survivors (8192K)
 Metaspace       used 87874K, committed 88512K, reserved 1130496K
  class space    used 11940K, committed 12224K, reserved 1048576K
}
Event: 13.023 GC heap after
{Heap after GC invocations=28 (full 0):
 garbage-first heap   total 166912K, used 85190K [0x0000000080000000, 0x0000000100000000)
  region size 1024K, 4 young (4096K), 4 survivors (4096K)
 Metaspace       used 87874K, committed 88512K, reserved 1130496K
  class space    used 11940K, committed 12224K, reserved 1048576K
}
Event: 13.898 GC heap before
{Heap before GC invocations=28 (full 0):
 garbage-first heap   total 166912K, used 131270K [0x0000000080000000, 0x0000000100000000)
  region size 1024K, 50 young (51200K), 4 survivors (4096K)
 Metaspace       used 89321K, committed 89920K, reserved 1130496K
  class space    used 12108K, committed 12352K, reserved 1048576K
}

Dll operation events (2 events):
Event: 0.008 Loaded shared library C:\Program Files\Android\Android Studio\jbr\bin\java.dll
Event: 0.603 Loaded shared library C:\Program Files\Android\Android Studio\jbr\bin\verify.dll

Deoptimization events (20 events):
Event: 13.739 Thread 0x00000229d7fa08b0 Uncommon trap: trap_request=0xffffff76 fr.pc=0x00000229c29c4894 relative=0x0000000000000214
Event: 13.739 Thread 0x00000229d7fa08b0 Uncommon trap: reason=predicate action=maybe_recompile pc=0x00000229c29c4894 method=java.util.TimSort.reverseRange([Ljava/lang/Object;II)V @ 5 c2
Event: 13.739 Thread 0x00000229d7fa08b0 DEOPT PACKING pc=0x00000229c29c4894 sp=0x0000005b803fae90
Event: 13.739 Thread 0x00000229d7fa08b0 DEOPT UNPACKING pc=0x00000229c22369a3 sp=0x0000005b803fad70 mode 2
Event: 13.740 Thread 0x00000229d7fa08b0 Uncommon trap: trap_request=0xffffffd6 fr.pc=0x00000229c2aac914 relative=0x0000000000000754
Event: 13.740 Thread 0x00000229d7fa08b0 Uncommon trap: reason=array_check action=maybe_recompile pc=0x00000229c2aac914 method=java.util.TimSort.binarySort([Ljava/lang/Object;IIILjava/util/Comparator;)V @ 215 c2
Event: 13.740 Thread 0x00000229d7fa08b0 DEOPT PACKING pc=0x00000229c2aac914 sp=0x0000005b803fadf0
Event: 13.740 Thread 0x00000229d7fa08b0 DEOPT UNPACKING pc=0x00000229c22369a3 sp=0x0000005b803fadb0 mode 2
Event: 13.745 Thread 0x00000229d7fa08b0 Uncommon trap: trap_request=0xffffffd6 fr.pc=0x00000229c2aac914 relative=0x0000000000000754
Event: 13.745 Thread 0x00000229d7fa08b0 Uncommon trap: reason=array_check action=maybe_recompile pc=0x00000229c2aac914 method=java.util.TimSort.binarySort([Ljava/lang/Object;IIILjava/util/Comparator;)V @ 215 c2
Event: 13.745 Thread 0x00000229d7fa08b0 DEOPT PACKING pc=0x00000229c2aac914 sp=0x0000005b803fab70
Event: 13.745 Thread 0x00000229d7fa08b0 DEOPT UNPACKING pc=0x00000229c22369a3 sp=0x0000005b803fab30 mode 2
Event: 13.794 Thread 0x00000229d8216230 Uncommon trap: trap_request=0xffffff45 fr.pc=0x00000229c2b484e0 relative=0x0000000000000420
Event: 13.795 Thread 0x00000229d8216230 Uncommon trap: reason=unstable_if action=reinterpret pc=0x00000229c2b484e0 method=java.util.concurrent.ConcurrentHashMap.addCount(JI)V @ 97 c2
Event: 13.795 Thread 0x00000229d8216230 DEOPT PACKING pc=0x00000229c2b484e0 sp=0x0000005bfcdfcec0
Event: 13.795 Thread 0x00000229d8216230 DEOPT UNPACKING pc=0x00000229c22369a3 sp=0x0000005bfcdfcd78 mode 2
Event: 13.822 Thread 0x00000229d3ec2b60 Uncommon trap: trap_request=0xffffff45 fr.pc=0x00000229c291134c relative=0x00000000000005ac
Event: 13.822 Thread 0x00000229d3ec2b60 Uncommon trap: reason=unstable_if action=reinterpret pc=0x00000229c291134c method=org.gradle.internal.file.FileHierarchySet$Node.isChildOfOrThis(Ljava/lang/String;I)Z @ 35 c2
Event: 13.822 Thread 0x00000229d3ec2b60 DEOPT PACKING pc=0x00000229c291134c sp=0x0000005bf9bfefe0
Event: 13.822 Thread 0x00000229d3ec2b60 DEOPT UNPACKING pc=0x00000229c22369a3 sp=0x0000005bf9bfef48 mode 2

Classes unloaded (0 events):
No events

Classes redefined (0 events):
No events

Internal exceptions (20 events):
Event: 12.471 Thread 0x00000229d3384490 Exception <a 'java/lang/NoSuchMethodError'{0x00000000898bff68}: 'java.lang.Object java.lang.invoke.DirectMethodHandle$Holder.invokeSpecialIFC(java.lang.Object, java.lang.Object, java.lang.Object)'> (0x00000000898bff68) 
thrown [s\src\hotspot\share\interpreter\linkResolver.cpp, line 771]
Event: 12.471 Thread 0x00000229d8214080 Exception <a 'java/lang/NoSuchMethodError'{0x000000008943fea0}: 'java.lang.Object java.lang.invoke.DirectMethodHandle$Holder.invokeSpecialIFC(java.lang.Object, java.lang.Object, java.lang.Object)'> (0x000000008943fea0) 
thrown [s\src\hotspot\share\interpreter\linkResolver.cpp, line 771]
Event: 12.471 Thread 0x00000229d7d10c50 Exception <a 'java/lang/NoSuchMethodError'{0x0000000089424f50}: 'java.lang.Object java.lang.invoke.DirectMethodHandle$Holder.invokeSpecialIFC(java.lang.Object, java.lang.Object, java.lang.Object)'> (0x0000000089424f50) 
thrown [s\src\hotspot\share\interpreter\linkResolver.cpp, line 771]
Event: 12.471 Thread 0x00000229d82101f0 Exception <a 'java/lang/NoSuchMethodError'{0x0000000089434888}: 'java.lang.Object java.lang.invoke.DirectMethodHandle$Holder.invokeSpecialIFC(java.lang.Object, java.lang.Object, java.lang.Object)'> (0x0000000089434888) 
thrown [s\src\hotspot\share\interpreter\linkResolver.cpp, line 771]
Event: 12.472 Thread 0x00000229d82153c0 Exception <a 'java/lang/NoSuchMethodError'{0x00000000895b2ce8}: 'java.lang.Object java.lang.invoke.DirectMethodHandle$Holder.invokeSpecialIFC(java.lang.Object, java.lang.Object, java.lang.Object)'> (0x00000000895b2ce8) 
thrown [s\src\hotspot\share\interpreter\linkResolver.cpp, line 771]
Event: 12.472 Thread 0x00000229d3383150 Exception <a 'java/lang/NoSuchMethodError'{0x00000000895a3818}: 'java.lang.Object java.lang.invoke.DirectMethodHandle$Holder.invokeSpecialIFC(java.lang.Object, java.lang.Object, java.lang.Object)'> (0x00000000895a3818) 
thrown [s\src\hotspot\share\interpreter\linkResolver.cpp, line 771]
Event: 12.472 Thread 0x00000229d3380600 Exception <a 'java/lang/NoSuchMethodError'{0x00000000895d1f50}: 'java.lang.Object java.lang.invoke.DirectMethodHandle$Holder.invokeSpecialIFC(java.lang.Object, java.lang.Object, java.lang.Object)'> (0x00000000895d1f50) 
thrown [s\src\hotspot\share\interpreter\linkResolver.cpp, line 771]
Event: 12.540 Thread 0x00000229d8214080 Exception <a 'java/lang/NoSuchMethodError'{0x00000000890f60c0}: 'void java.lang.invoke.DirectMethodHandle$Holder.invokeVirtual(java.lang.Object, java.lang.Object)'> (0x00000000890f60c0) 
thrown [s\src\hotspot\share\interpreter\linkResolver.cpp, line 771]
Event: 12.869 Thread 0x00000229d8214080 Implicit null exception at 0x00000229c2d1b3e0 to 0x00000229c2d1b46c
Event: 12.976 Thread 0x00000229d3385300 Implicit null exception at 0x00000229c2d2ac40 to 0x00000229c2d2b688
Event: 12.976 Thread 0x00000229d3385300 Implicit null exception at 0x00000229c2d2ac40 to 0x00000229c2d2b688
Event: 12.976 Thread 0x00000229d3385300 Implicit null exception at 0x00000229c2d2ac40 to 0x00000229c2d2b688
Event: 12.982 Thread 0x00000229d7d14610 Implicit null exception at 0x00000229c2d2ac40 to 0x00000229c2d2b688
Event: 13.054 Thread 0x00000229d82106c0 Implicit null exception at 0x00000229c2d33704 to 0x00000229c2d34178
Event: 13.821 Thread 0x00000229d7fa08b0 Exception <a 'sun/nio/fs/WindowsException'{0x000000008784e260}> (0x000000008784e260) 
thrown [s\src\hotspot\share\prims\jni.cpp, line 517]
Event: 13.821 Thread 0x00000229d7fa08b0 Exception <a 'sun/nio/fs/WindowsException'{0x000000008784e6f0}> (0x000000008784e6f0) 
thrown [s\src\hotspot\share\prims\jni.cpp, line 517]
Event: 13.821 Thread 0x00000229d7fa08b0 Exception <a 'sun/nio/fs/WindowsException'{0x00000000878506b8}> (0x00000000878506b8) 
thrown [s\src\hotspot\share\prims\jni.cpp, line 517]
Event: 13.821 Thread 0x00000229d7fa08b0 Exception <a 'sun/nio/fs/WindowsException'{0x0000000087850a98}> (0x0000000087850a98) 
thrown [s\src\hotspot\share\prims\jni.cpp, line 517]
Event: 13.822 Thread 0x00000229d7fa08b0 Exception <a 'sun/nio/fs/WindowsException'{0x0000000087852a10}> (0x0000000087852a10) 
thrown [s\src\hotspot\share\prims\jni.cpp, line 517]
Event: 13.822 Thread 0x00000229d7fa08b0 Exception <a 'sun/nio/fs/WindowsException'{0x0000000087852db8}> (0x0000000087852db8) 
thrown [s\src\hotspot\share\prims\jni.cpp, line 517]

VM Operations (20 events):
Event: 13.025 Executing VM operation: G1CollectForAllocation done
Event: 13.122 Executing VM operation: HandshakeAllThreads
Event: 13.122 Executing VM operation: HandshakeAllThreads done
Event: 13.122 Executing VM operation: HandshakeAllThreads
Event: 13.122 Executing VM operation: HandshakeAllThreads done
Event: 13.123 Executing VM operation: HandshakeAllThreads
Event: 13.123 Executing VM operation: HandshakeAllThreads done
Event: 13.139 Executing VM operation: ICBufferFull
Event: 13.140 Executing VM operation: ICBufferFull done
Event: 13.144 Executing VM operation: HandshakeAllThreads
Event: 13.145 Executing VM operation: HandshakeAllThreads done
Event: 13.243 Executing VM operation: ICBufferFull
Event: 13.252 Executing VM operation: ICBufferFull done
Event: 13.534 Executing VM operation: ICBufferFull
Event: 13.534 Executing VM operation: ICBufferFull done
Event: 13.739 Executing VM operation: HandshakeAllThreads
Event: 13.740 Executing VM operation: HandshakeAllThreads done
Event: 13.794 Executing VM operation: ICBufferFull
Event: 13.795 Executing VM operation: ICBufferFull done
Event: 13.898 Executing VM operation: G1CollectForAllocation

Events (20 events):
Event: 13.763 Thread 0x00000229d285f190 flushing nmethod 0x00000229bbd44990
Event: 13.763 Thread 0x00000229d285f190 flushing nmethod 0x00000229bbd4b690
Event: 13.763 Thread 0x00000229d285f190 flushing nmethod 0x00000229bbd4c890
Event: 13.763 Thread 0x00000229d285f190 flushing nmethod 0x00000229bbd4e510
Event: 13.763 Thread 0x00000229d285f190 flushing nmethod 0x00000229bbdaf110
Event: 13.763 Thread 0x00000229d285f190 flushing nmethod 0x00000229bbdd0d10
Event: 13.846 loading class org/xml/sax/ext/DefaultHandler2
Event: 13.846 loading class org/xml/sax/ext/LexicalHandler
Event: 13.846 loading class org/xml/sax/ext/LexicalHandler done
Event: 13.846 loading class org/xml/sax/ext/DeclHandler
Event: 13.846 loading class org/xml/sax/ext/DeclHandler done
Event: 13.846 loading class org/xml/sax/ext/DefaultHandler2 done
Event: 13.848 loading class javax/xml/parsers/DocumentBuilder
Event: 13.849 loading class javax/xml/parsers/DocumentBuilder done
Event: 13.849 loading class org/xml/sax/SAXNotRecognizedException
Event: 13.850 loading class org/xml/sax/SAXNotRecognizedException done
Event: 13.850 loading class org/xml/sax/SAXNotSupportedException
Event: 13.850 loading class org/xml/sax/SAXNotSupportedException done
Event: 13.854 loading class org/xml/sax/DocumentHandler
Event: 13.854 loading class org/xml/sax/DocumentHandler done


Dynamic libraries:
0x00007ff601680000 - 0x00007ff60168a000 	C:\Program Files\Android\Android Studio\jbr\bin\java.exe
0x00007ffcbb330000 - 0x00007ffcbb544000 	C:\WINDOWS\SYSTEM32\ntdll.dll
0x00007ffcb9a30000 - 0x00007ffcb9af2000 	C:\WINDOWS\System32\KERNEL32.DLL
0x00007ffcb8a00000 - 0x00007ffcb8da3000 	C:\WINDOWS\System32\KERNELBASE.dll
0x00007ffcb8db0000 - 0x00007ffcb8ec1000 	C:\WINDOWS\System32\ucrtbase.dll
0x00007ffca3d00000 - 0x00007ffca3d17000 	C:\Program Files\Android\Android Studio\jbr\bin\jli.dll
0x00007ffca3d20000 - 0x00007ffca3d3b000 	C:\Program Files\Android\Android Studio\jbr\bin\VCRUNTIME140.dll
0x00007ffcb9e90000 - 0x00007ffcba03b000 	C:\WINDOWS\System32\USER32.dll
0x00007ffcb8750000 - 0x00007ffcb8776000 	C:\WINDOWS\System32\win32u.dll
0x00007ffc9f6e0000 - 0x00007ffc9f96e000 	C:\WINDOWS\WinSxS\amd64_microsoft.windows.common-controls_6595b64144ccf1df_6.0.22621.1635_none_270f70857386168e\COMCTL32.dll
0x00007ffcb9830000 - 0x00007ffcb9859000 	C:\WINDOWS\System32\GDI32.dll
0x00007ffcb9980000 - 0x00007ffcb9a27000 	C:\WINDOWS\System32\msvcrt.dll
0x00007ffcb8ed0000 - 0x00007ffcb8fe8000 	C:\WINDOWS\System32\gdi32full.dll
0x00007ffcb8780000 - 0x00007ffcb881a000 	C:\WINDOWS\System32\msvcp_win.dll
0x00007ffcb9bb0000 - 0x00007ffcb9be1000 	C:\WINDOWS\System32\IMM32.DLL
0x00007ffca3cf0000 - 0x00007ffca3cfc000 	C:\Program Files\Android\Android Studio\jbr\bin\vcruntime140_1.dll
0x00007ffca0690000 - 0x00007ffca071d000 	C:\Program Files\Android\Android Studio\jbr\bin\msvcp140.dll
0x00007ffc55650000 - 0x00007ffc562bd000 	C:\Program Files\Android\Android Studio\jbr\bin\server\jvm.dll
0x00007ffcb9de0000 - 0x00007ffcb9e8e000 	C:\WINDOWS\System32\ADVAPI32.dll
0x00007ffcbb1e0000 - 0x00007ffcbb284000 	C:\WINDOWS\System32\sechost.dll
0x00007ffcba200000 - 0x00007ffcba317000 	C:\WINDOWS\System32\RPCRT4.dll
0x00007ffcb2c30000 - 0x00007ffcb2c39000 	C:\WINDOWS\SYSTEM32\WSOCK32.dll
0x00007ffca8f50000 - 0x00007ffca8f5a000 	C:\WINDOWS\SYSTEM32\VERSION.dll
0x00007ffcb0150000 - 0x00007ffcb0184000 	C:\WINDOWS\SYSTEM32\WINMM.dll
0x00007ffcb9cf0000 - 0x00007ffcb9d61000 	C:\WINDOWS\System32\WS2_32.dll
0x00007ffcb7890000 - 0x00007ffcb78a8000 	C:\WINDOWS\SYSTEM32\kernel.appcore.dll
0x00007ffc9e9d0000 - 0x00007ffc9e9da000 	C:\Program Files\Android\Android Studio\jbr\bin\jimage.dll
0x00007ffcb5ad0000 - 0x00007ffcb5cfe000 	C:\WINDOWS\SYSTEM32\DBGHELP.DLL
0x00007ffcba510000 - 0x00007ffcba899000 	C:\WINDOWS\System32\combase.dll
0x00007ffcba900000 - 0x00007ffcba9d7000 	C:\WINDOWS\System32\OLEAUT32.dll
0x00007ffc96e10000 - 0x00007ffc96e42000 	C:\WINDOWS\SYSTEM32\dbgcore.DLL
0x00007ffcb8ff0000 - 0x00007ffcb906b000 	C:\WINDOWS\System32\bcryptPrimitives.dll
0x00007ffc99050000 - 0x00007ffc99075000 	C:\Program Files\Android\Android Studio\jbr\bin\java.dll
0x00007ffc9e9b0000 - 0x00007ffc9e9c8000 	C:\Program Files\Android\Android Studio\jbr\bin\zip.dll
0x00007ffcba9e0000 - 0x00007ffcbb1da000 	C:\WINDOWS\System32\SHELL32.dll
0x00007ffcb6760000 - 0x00007ffcb702e000 	C:\WINDOWS\SYSTEM32\windows.storage.dll
0x00007ffcb6620000 - 0x00007ffcb675e000 	C:\WINDOWS\SYSTEM32\wintypes.dll
0x00007ffcba320000 - 0x00007ffcba411000 	C:\WINDOWS\System32\SHCORE.dll
0x00007ffcba4b0000 - 0x00007ffcba50e000 	C:\WINDOWS\System32\shlwapi.dll
0x00007ffcb8680000 - 0x00007ffcb86a1000 	C:\WINDOWS\SYSTEM32\profapi.dll
0x00007ffc9b430000 - 0x00007ffc9b449000 	C:\Program Files\Android\Android Studio\jbr\bin\net.dll
0x00007ffcb0dc0000 - 0x00007ffcb0ef7000 	C:\WINDOWS\SYSTEM32\WINHTTP.dll
0x00007ffcb7d00000 - 0x00007ffcb7d69000 	C:\WINDOWS\system32\mswsock.dll
0x00007ffc99030000 - 0x00007ffc99046000 	C:\Program Files\Android\Android Studio\jbr\bin\nio.dll
0x00007ffc99010000 - 0x00007ffc99020000 	C:\Program Files\Android\Android Studio\jbr\bin\verify.dll
0x00007ffca0750000 - 0x00007ffca0777000 	C:\Users\bssus\.gradle\native\68d5fa5c4cc2d200863cafc0d521ce42e7d3e7ee720ec0a83991735586a16f82\windows-amd64\native-platform.dll
0x00007ffc52af0000 - 0x00007ffc52c34000 	C:\Users\bssus\.gradle\native\e376f236ea51e6404a007f0833ffe2c6e607c4080706a723a18a27aeea778392\windows-amd64\native-platform-file-events.dll
0x00007ffc9ae10000 - 0x00007ffc9ae19000 	C:\Program Files\Android\Android Studio\jbr\bin\management.dll
0x00007ffc99020000 - 0x00007ffc9902b000 	C:\Program Files\Android\Android Studio\jbr\bin\management_ext.dll
0x00007ffcba420000 - 0x00007ffcba428000 	C:\WINDOWS\System32\PSAPI.DLL
0x00007ffcb7f70000 - 0x00007ffcb7f8b000 	C:\WINDOWS\SYSTEM32\CRYPTSP.dll
0x00007ffcb7800000 - 0x00007ffcb7835000 	C:\WINDOWS\system32\rsaenh.dll
0x00007ffcb7e00000 - 0x00007ffcb7e28000 	C:\WINDOWS\SYSTEM32\USERENV.dll
0x00007ffcb8100000 - 0x00007ffcb8128000 	C:\WINDOWS\SYSTEM32\bcrypt.dll
0x00007ffcb7f60000 - 0x00007ffcb7f6c000 	C:\WINDOWS\SYSTEM32\CRYPTBASE.dll
0x00007ffcb7300000 - 0x00007ffcb732d000 	C:\WINDOWS\SYSTEM32\IPHLPAPI.DLL
0x00007ffcba050000 - 0x00007ffcba059000 	C:\WINDOWS\System32\NSI.dll
0x00007ffcb0ba0000 - 0x00007ffcb0bb9000 	C:\WINDOWS\SYSTEM32\dhcpcsvc6.DLL
0x00007ffcb0ae0000 - 0x00007ffcb0aff000 	C:\WINDOWS\SYSTEM32\dhcpcsvc.DLL
0x00007ffcb7370000 - 0x00007ffcb7463000 	C:\WINDOWS\SYSTEM32\DNSAPI.dll
0x00007ffc84130000 - 0x00007ffc84138000 	C:\WINDOWS\system32\wshunix.dll

dbghelp: loaded successfully - version: 4.0.5 - missing functions: none
symbol engine: initialized successfully - sym options: 0x614 - pdb path: .;C:\Program Files\Android\Android Studio\jbr\bin;C:\WINDOWS\SYSTEM32;C:\WINDOWS\WinSxS\amd64_microsoft.windows.common-controls_6595b64144ccf1df_6.0.22621.1635_none_270f70857386168e;C:\Program Files\Android\Android Studio\jbr\bin\server;C:\Users\bssus\.gradle\native\68d5fa5c4cc2d200863cafc0d521ce42e7d3e7ee720ec0a83991735586a16f82\windows-amd64;C:\Users\bssus\.gradle\native\e376f236ea51e6404a007f0833ffe2c6e607c4080706a723a18a27aeea778392\windows-amd64

VM Arguments:
jvm_args: --add-opens=java.base/java.util=ALL-UNNAMED --add-opens=java.base/java.lang=ALL-UNNAMED --add-opens=java.base/java.lang.invoke=ALL-UNNAMED --add-opens=java.prefs/java.util.prefs=ALL-UNNAMED --add-opens=java.base/java.nio.charset=ALL-UNNAMED --add-opens=java.base/java.net=ALL-UNNAMED --add-opens=java.base/java.util.concurrent.atomic=ALL-UNNAMED -Xmx2048m -Dfile.encoding=UTF-8 -Duser.country=IN -Duser.language=en -Duser.variant 
java_command: org.gradle.launcher.daemon.bootstrap.GradleDaemon 8.0
java_class_path (initial): C:\Users\bssus\.gradle\wrapper\dists\gradle-8.0-bin\ca5e32bp14vu59qr306oxotwh\gradle-8.0\lib\gradle-launcher-8.0.jar
Launcher Type: SUN_STANDARD

[Global flags]
     intx CICompilerCount                          = 4                                         {product} {ergonomic}
     uint ConcGCThreads                            = 2                                         {product} {ergonomic}
     uint G1ConcRefinementThreads                  = 8                                         {product} {ergonomic}
   size_t G1HeapRegionSize                         = 1048576                                   {product} {ergonomic}
    uintx GCDrainStackTargetSize                   = 64                                        {product} {ergonomic}
   size_t InitialHeapSize                          = 132120576                                 {product} {ergonomic}
   size_t MarkStackSize                            = 4194304                                   {product} {ergonomic}
   size_t MaxHeapSize                              = 2147483648                                {product} {command line}
   size_t MaxNewSize                               = 1287651328                                {product} {ergonomic}
   size_t MinHeapDeltaBytes                        = 1048576                                   {product} {ergonomic}
   size_t MinHeapSize                              = 8388608                                   {product} {ergonomic}
    uintx NonNMethodCodeHeapSize                   = 5839372                                {pd product} {ergonomic}
    uintx NonProfiledCodeHeapSize                  = 122909434                              {pd product} {ergonomic}
    uintx ProfiledCodeHeapSize                     = 122909434                              {pd product} {ergonomic}
    uintx ReservedCodeCacheSize                    = 251658240                              {pd product} {ergonomic}
     bool SegmentedCodeCache                       = true                                      {product} {ergonomic}
   size_t SoftMaxHeapSize                          = 2147483648                             {manageable} {ergonomic}
     bool UseCompressedClassPointers               = true                           {product lp64_product} {ergonomic}
     bool UseCompressedOops                        = true                           {product lp64_product} {ergonomic}
     bool UseG1GC                                  = true                                      {product} {ergonomic}
     bool UseLargePagesIndividualAllocation        = false                                  {pd product} {ergonomic}

Logging:
Log output configuration:
 #0: stdout all=warning uptime,level,tags
 #1: stderr all=off uptime,level,tags

Environment Variables:
PATH=C:\Windows\system32;C:\Windows;C:\Windows\System32\Wbem;C:\Windows\System32\WindowsPowerShell\v1.0\;C:\Windows\System32\OpenSSH\;C:\Program Files (x86)\NVIDIA Corporation\PhysX\Common;C:\Program Files\NVIDIA Corporation\NVIDIA NvDLISR;C:\WINDOWS\system32;C:\WINDOWS;C:\WINDOWS\System32\Wbem;C:\WINDOWS\System32\WindowsPowerShell\v1.0\;C:\WINDOWS\System32\OpenSSH\;C:\MinGW\bin;C:\Users\bssus\AppData\Local\Microsoft\WindowsApps;;C:\Users\bssus\AppData\Local\Programs\Microsoft VS Code\bin
USERNAME=bssus
OS=Windows_NT
PROCESSOR_IDENTIFIER=Intel64 Family 6 Model 165 Stepping 2, GenuineIntel
TMP=C:\Users\bssus\AppData\Local\Temp
TEMP=C:\Users\bssus\AppData\Local\Temp



---------------  S Y S T E M  ---------------

OS:
 Windows 11 , 64 bit Build 22621 (10.0.22621.1635)
OS uptime: 0 days 0:08 hours

CPU: total 8 (initial active 8) (4 cores per cpu, 2 threads per core) family 6 model 165 stepping 2 microcode 0xe0, cx8, cmov, fxsr, ht, mmx, 3dnowpref, sse, sse2, sse3, ssse3, sse4.1, sse4.2, popcnt, lzcnt, tsc, tscinvbit, avx, avx2, aes, erms, clmul, bmi1, bmi2, adx, fma, vzeroupper, clflush, clflushopt

Memory: 4k page, system-wide physical 8029M (1730M free)
TotalPageFile size 8029M (AvailPageFile size 37M)
current process WorkingSet (physical memory assigned to process): 431M, peak: 434M
current process commit charge ("private bytes"): 470M, peak: 532M

vm_info: OpenJDK 64-Bit Server VM (17.0.6+0-b2043.56-9586694) for windows-amd64 JRE (17.0.6+0-b2043.56-9586694), built on Feb  9 2023 20:06:20 by "androidbuild" with MS VC++ 16.10 / 16.11 (VS2019)

END.
