#
# There is insufficient memory for the Java Runtime Environment to continue.
# Native memory allocation (mmap) failed to map 417333248 bytes for G1 virtual space
# Possible reasons:
#   The system is out of physical RAM or swap space
#   The process is running with CompressedOops enabled, and the Java Heap may be blocking the growth of the native heap
# Possible solutions:
#   Reduce memory load on the system
#   Increase physical memory or swap space
#   Check if swap backing store is full
#   Decrease Java heap size (-Xmx/-Xms)
#   Decrease number of Java threads
#   Decrease Java thread stack sizes (-Xss)
#   Set larger code cache with -XX:ReservedCodeCacheSize=
#   JVM is running with Unscaled Compressed Oops mode in which the Java heap is
#     placed in the first 4GB address space. The Java Heap base address is the
#     maximum limit for the native heap growth. Please use -XX:HeapBaseMinAddress
#     to set the Java Heap base and to place the Java Heap above 4GB virtual address.
# This output file may be truncated or incomplete.
#
#  Out of Memory Error (os_windows.cpp:3769), pid=15904, tid=9976
#
# JRE version: OpenJDK Runtime Environment (17.0.6) (build 17.0.6+0-b2043.56-9586694)
# Java VM: OpenJDK 64-Bit Server VM (17.0.6+0-b2043.56-9586694, mixed mode, tiered, compressed oops, compressed class ptrs, g1 gc, windows-amd64)
# No core dump will be written. Minidumps are not enabled by default on client versions of Windows
#

---------------  S U M M A R Y ------------

Command Line: --add-opens=java.base/java.util=ALL-UNNAMED --add-opens=java.base/java.lang=ALL-UNNAMED --add-opens=java.base/java.lang.invoke=ALL-UNNAMED --add-opens=java.prefs/java.util.prefs=ALL-UNNAMED --add-opens=java.base/java.nio.charset=ALL-UNNAMED --add-opens=java.base/java.net=ALL-UNNAMED --add-opens=java.base/java.util.concurrent.atomic=ALL-UNNAMED -Xmx2048m -Dfile.encoding=UTF-8 -Duser.country=IN -Duser.language=en -Duser.variant org.gradle.launcher.daemon.bootstrap.GradleDaemon 8.0

Host: Intel(R) Core(TM) i5-10200H CPU @ 2.40GHz, 8 cores, 7G,  Windows 11 , 64 bit Build 22621 (10.0.22621.1635)
Time: Mon May 22 21:33:02 2023 India Standard Time elapsed time: 29.228269 seconds (0d 0h 0m 29s)

---------------  T H R E A D  ---------------

Current thread (0x000002cd7de13160):  VMThread "VM Thread" [stack: 0x000000cf02900000,0x000000cf02a00000] [id=9976]

Stack: [0x000000cf02900000,0x000000cf02a00000]
Native frames: (J=compiled Java code, j=interpreted, Vv=VM code, C=native code)
V  [jvm.dll+0x683b4a]
V  [jvm.dll+0x842654]
V  [jvm.dll+0x843dfe]
V  [jvm.dll+0x844463]
V  [jvm.dll+0x249b75]
V  [jvm.dll+0x680a19]
V  [jvm.dll+0x674f0a]
V  [jvm.dll+0x309acb]
V  [jvm.dll+0x310f86]
V  [jvm.dll+0x3608ee]
V  [jvm.dll+0x360b1f]
V  [jvm.dll+0x2dfbf8]
V  [jvm.dll+0x2ddec4]
V  [jvm.dll+0x2dd4cc]
V  [jvm.dll+0x321f3b]
V  [jvm.dll+0x84893b]
V  [jvm.dll+0x849674]
V  [jvm.dll+0x849b8d]
V  [jvm.dll+0x849f64]
V  [jvm.dll+0x84a030]
V  [jvm.dll+0x7f25fa]
V  [jvm.dll+0x682985]
C  [ucrtbase.dll+0x29363]
C  [KERNEL32.DLL+0x126ad]
C  [ntdll.dll+0x5a9f8]

VM_Operation (0x000000cf085f8a10): G1CollectForAllocation, mode: safepoint, requested by thread 0x000002cd7f1f2610


---------------  P R O C E S S  ---------------

Threads class SMR info:
_java_thread_list=0x000002cd13e504f0, length=149, elements={
0x000002cd72fa80f0, 0x000002cd7e836260, 0x000002cd7e836e10, 0x000002cd7e8207e0,
0x000002cd7e821390, 0x000002cd7e821e40, 0x000002cd7e8227f0, 0x000002cd7e8234d0,
0x000002cd7e858400, 0x000002cd7e85aa50, 0x000002cd7e9ee650, 0x000002cd7e9eeb20,
0x000002cd10cecb00, 0x000002cd1059adb0, 0x000002cd0fbd1070, 0x000002cd1077d810,
0x000002cd0f262400, 0x000002cd1062ae50, 0x000002cd1062cb30, 0x000002cd1062d4d0,
0x000002cd1062c190, 0x000002cd1062a980, 0x000002cd1062b320, 0x000002cd11c2cb20,
0x000002cd11c2d4c0, 0x000002cd11c2b7e0, 0x000002cd11c2cff0, 0x000002cd11c309b0,
0x000002cd11c304e0, 0x000002cd0f255c00, 0x000002cd0f2560d0, 0x000002cd0f2595c0,
0x000002cd0f25b770, 0x000002cd14c4a660, 0x000002cd14c4ab30, 0x000002cd12bcc6e0,
0x000002cd12bcb870, 0x000002cd13df09d0, 0x000002cd13df0030, 0x000002cd13df1370,
0x000002cd0f9e24f0, 0x000002cd13df1840, 0x000002cd13df0ea0, 0x000002cd13df0500,
0x000002cd179819a0, 0x000002cd17981e70, 0x000002cd179844f0, 0x000002cd179849c0,
0x000002cd17983b50, 0x000002cd17984020, 0x000002cd17984e90, 0x000002cd17982810,
0x000002cd179814d0, 0x000002cd17983680, 0x000002cd17982340, 0x000002cd17982ce0,
0x000002cd179831b0, 0x000002cd177091d0, 0x000002cd1770bd20, 0x000002cd196bab20,
0x000002cd196b9cb0, 0x000002cd196b9310, 0x000002cd196b97e0, 0x000002cd196ba180,
0x000002cd196ba650, 0x000002cd1797ec90, 0x000002cd1797cae0, 0x000002cd1797cfb0,
0x000002cd1797ffd0, 0x000002cd1797d480, 0x000002cd1797c610, 0x000002cd177096a0,
0x000002cd1770c1f0, 0x000002cd1770b850, 0x000002cd197d5d00, 0x000002cd197d61d0,
0x000002cd197d7510, 0x000002cd12a05e70, 0x000002cd12a06ce0, 0x000002cd17709b70,
0x000002cd1770a040, 0x000002cd1770c6c0, 0x000002cd1770a9e0, 0x000002cd1770cb90,
0x000002cd1770aeb0, 0x000002cd1770a510, 0x000002cd1770b380, 0x000002cd7f1f2610,
0x000002cd0f258280, 0x000002cd0f254d90, 0x000002cd0f258750, 0x000002cd0f256f40,
0x000002cd0f256a70, 0x000002cd0f257410, 0x000002cd0f2578e0, 0x000002cd7f1f0930,
0x000002cd7f1f3480, 0x000002cd7f1f0460, 0x000002cd7f1f0e00, 0x000002cd0f257db0,
0x000002cd0f258c20, 0x000002cd7f1f12d0, 0x000002cd7f1f17a0, 0x000002cd7f1f3e20,
0x000002cd7f1f2ae0, 0x000002cd7f1f2fb0, 0x000002cd7f1f1c70, 0x000002cd7f1f2140,
0x000002cd7f1f3950, 0x000002cd14424e30, 0x000002cd14424490, 0x000002cd144257d0,
0x000002cd14424960, 0x000002cd14426170, 0x000002cd14426b10, 0x000002cd12bcaed0,
0x000002cd12bcc210, 0x000002cd12bcb3a0, 0x000002cd19c3d9b0, 0x000002cd19c3cb40,
0x000002cd1797de20, 0x000002cd14425300, 0x000002cd14426fe0, 0x000002cd14427e50,
0x000002cd12535bd0, 0x000002cd12536a40, 0x000002cd12536570, 0x000002cd14425ca0,
0x000002cd1797fb00, 0x000002cd1797d950, 0x000002cd1797e2f0, 0x000002cd17b8a140,
0x000002cd17b8aae0, 0x000002cd17b8afb0, 0x000002cd17816b20, 0x000002cd17815cb0,
0x000002cd17813b00, 0x000002cd17814e40, 0x000002cd1b1fb260, 0x000002cd0f25b2a0,
0x000002cd0f9e3420, 0x000002cd14426640, 0x000002cd144274b0, 0x000002cd14427980,
0x000002cd7ebd2f60, 0x000002cd7ebd2a90, 0x000002cd7ebd08e0, 0x000002cd7ebd3430,
0x000002cd7ebcff40
}

Java Threads: ( => current thread )
  0x000002cd72fa80f0 JavaThread "main" [_thread_blocked, id=18176, stack(0x000000cf02300000,0x000000cf02400000)]
  0x000002cd7e836260 JavaThread "Reference Handler" daemon [_thread_blocked, id=11356, stack(0x000000cf02a00000,0x000000cf02b00000)]
  0x000002cd7e836e10 JavaThread "Finalizer" daemon [_thread_blocked, id=14604, stack(0x000000cf02b00000,0x000000cf02c00000)]
  0x000002cd7e8207e0 JavaThread "Signal Dispatcher" daemon [_thread_blocked, id=6288, stack(0x000000cf02c00000,0x000000cf02d00000)]
  0x000002cd7e821390 JavaThread "Attach Listener" daemon [_thread_blocked, id=3364, stack(0x000000cf02d00000,0x000000cf02e00000)]
  0x000002cd7e821e40 JavaThread "Service Thread" daemon [_thread_blocked, id=7992, stack(0x000000cf02e00000,0x000000cf02f00000)]
  0x000002cd7e8227f0 JavaThread "Monitor Deflation Thread" daemon [_thread_blocked, id=16004, stack(0x000000cf02f00000,0x000000cf03000000)]
  0x000002cd7e8234d0 JavaThread "C2 CompilerThread0" daemon [_thread_blocked, id=13148, stack(0x000000cf03000000,0x000000cf03100000)]
  0x000002cd7e858400 JavaThread "C1 CompilerThread0" daemon [_thread_blocked, id=2268, stack(0x000000cf03100000,0x000000cf03200000)]
  0x000002cd7e85aa50 JavaThread "Sweeper thread" daemon [_thread_blocked, id=2228, stack(0x000000cf03200000,0x000000cf03300000)]
  0x000002cd7e9ee650 JavaThread "Common-Cleaner" daemon [_thread_blocked, id=18372, stack(0x000000cf03300000,0x000000cf03400000)]
  0x000002cd7e9eeb20 JavaThread "Notification Thread" daemon [_thread_blocked, id=18184, stack(0x000000cf03400000,0x000000cf03500000)]
  0x000002cd10cecb00 JavaThread "Daemon health stats" [_thread_blocked, id=3236, stack(0x000000cf03c00000,0x000000cf03d00000)]
  0x000002cd1059adb0 JavaThread "Incoming local TCP Connector on port 50039" [_thread_in_native, id=11300, stack(0x000000cf03d00000,0x000000cf03e00000)]
  0x000002cd0fbd1070 JavaThread "Daemon periodic checks" [_thread_blocked, id=6584, stack(0x000000cf03e00000,0x000000cf03f00000)]
  0x000002cd1077d810 JavaThread "Daemon" [_thread_blocked, id=1636, stack(0x000000cf03f00000,0x000000cf04000000)]
  0x000002cd0f262400 JavaThread "Daemon worker" [_thread_blocked, id=7796, stack(0x000000cf04200000,0x000000cf04300000)]
  0x000002cd1062ae50 JavaThread "Cache worker for journal cache (C:\Users\bssus\.gradle\caches\journal-1)" [_thread_blocked, id=3200, stack(0x000000cf04900000,0x000000cf04a00000)]
  0x000002cd1062cb30 JavaThread "File lock request listener" [_thread_in_native, id=17748, stack(0x000000cf04a00000,0x000000cf04b00000)]
  0x000002cd1062d4d0 JavaThread "Cache worker for file hash cache (C:\Users\bssus\.gradle\caches\8.0\fileHashes)" [_thread_blocked, id=11424, stack(0x000000cf04b00000,0x000000cf04c00000)]
  0x000002cd1062c190 JavaThread "File watcher server" daemon [_thread_blocked, id=3932, stack(0x000000cf04d00000,0x000000cf04e00000)]
  0x000002cd1062a980 JavaThread "File watcher consumer" daemon [_thread_blocked, id=8008, stack(0x000000cf04e00000,0x000000cf04f00000)]
  0x000002cd1062b320 JavaThread "Cache worker for file content cache (C:\Users\bssus\.gradle\caches\8.0\fileContent)" [_thread_blocked, id=580, stack(0x000000cf05100000,0x000000cf05200000)]
  0x000002cd11c2cb20 JavaThread "Cache worker for execution history cache (C:\Users\bssus\.gradle\caches\8.0\executionHistory)" [_thread_blocked, id=8444, stack(0x000000cf05400000,0x000000cf05500000)]
  0x000002cd11c2d4c0 JavaThread "jar transforms" [_thread_blocked, id=5796, stack(0x000000cf05500000,0x000000cf05600000)]
  0x000002cd11c2b7e0 JavaThread "jar transforms Thread 2" [_thread_blocked, id=12032, stack(0x000000cf05600000,0x000000cf05700000)]
  0x000002cd11c2cff0 JavaThread "jar transforms Thread 3" [_thread_blocked, id=1572, stack(0x000000cf05800000,0x000000cf05900000)]
  0x000002cd11c309b0 JavaThread "jar transforms Thread 4" [_thread_blocked, id=16340, stack(0x000000cf05900000,0x000000cf05a00000)]
  0x000002cd11c304e0 JavaThread "jar transforms Thread 5" [_thread_blocked, id=18332, stack(0x000000cf05b00000,0x000000cf05c00000)]
  0x000002cd0f255c00 JavaThread "jar transforms Thread 6" [_thread_blocked, id=6156, stack(0x000000cf0ad00000,0x000000cf0ae00000)]
  0x000002cd0f2560d0 JavaThread "jar transforms Thread 7" [_thread_blocked, id=12240, stack(0x000000cf0ae00000,0x000000cf0af00000)]
  0x000002cd0f2595c0 JavaThread "jar transforms Thread 8" [_thread_blocked, id=9816, stack(0x000000cf0af00000,0x000000cf0b000000)]
  0x000002cd0f25b770 JavaThread "Memory manager" [_thread_blocked, id=6868, stack(0x000000cf0b100000,0x000000cf0b200000)]
  0x000002cd14c4a660 JavaThread "pool-3-thread-1" [_thread_blocked, id=2312, stack(0x000000cf0b200000,0x000000cf0b300000)]
  0x000002cd14c4ab30 JavaThread "included builds" [_thread_blocked, id=15432, stack(0x000000cf0b400000,0x000000cf0b500000)]
  0x000002cd12bcc6e0 JavaThread "Handler for socket connection from /127.0.0.1:50039 to /127.0.0.1:50048" [_thread_in_native, id=2724, stack(0x000000cf03600000,0x000000cf03700000)]
  0x000002cd12bcb870 JavaThread "Cancel handler" [_thread_blocked, id=18144, stack(0x000000cf04000000,0x000000cf04100000)]
  0x000002cd13df09d0 JavaThread "Asynchronous log dispatcher for DefaultDaemonConnection: socket connection from /127.0.0.1:50039 to /127.0.0.1:50048" [_thread_blocked, id=6024, stack(0x000000cf04100000,0x000000cf04200000)]
  0x000002cd13df0030 JavaThread "Stdin handler" [_thread_blocked, id=11464, stack(0x000000cf04300000,0x000000cf04400000)]
  0x000002cd13df1370 JavaThread "Daemon client event forwarder" [_thread_blocked, id=8804, stack(0x000000cf04400000,0x000000cf04500000)]
  0x000002cd0f9e24f0 JavaThread "C2 CompilerThread1" daemon [_thread_blocked, id=15300, stack(0x000000cf04500000,0x000000cf04600000)]
  0x000002cd13df1840 JavaThread "Cache worker for checksums cache (C:\Users\bssus\AndroidStudioProjects\SignupLogin\.gradle\8.0\checksums)" [_thread_blocked, id=18108, stack(0x000000cf04f00000,0x000000cf05000000)]
  0x000002cd13df0ea0 JavaThread "Cache worker for cache directory md-rule (C:\Users\bssus\.gradle\caches\8.0\md-rule)" [_thread_blocked, id=17644, stack(0x000000cf05000000,0x000000cf05100000)]
  0x000002cd13df0500 JavaThread "Cache worker for file hash cache (C:\Users\bssus\AndroidStudioProjects\SignupLogin\.gradle\8.0\fileHashes)" [_thread_blocked, id=9008, stack(0x000000cf05200000,0x000000cf05300000)]
  0x000002cd179819a0 JavaThread "Cache worker for cache directory md-supplier (C:\Users\bssus\.gradle\caches\8.0\md-supplier)" [_thread_blocked, id=15036, stack(0x000000cf05300000,0x000000cf05400000)]
  0x000002cd17981e70 JavaThread "Cache worker for dependencies-accessors (C:\Users\bssus\AndroidStudioProjects\SignupLogin\.gradle\8.0\dependencies-accessors)" [_thread_blocked, id=9628, stack(0x000000cf05a00000,0x000000cf05b00000)]
  0x000002cd179844f0 JavaThread "Cache worker for Build Output Cleanup Cache (C:\Users\bssus\AndroidStudioProjects\SignupLogin\.gradle\buildOutputCleanup)" [_thread_blocked, id=1528, stack(0x000000cf05c00000,0x000000cf05d00000)]
  0x000002cd179849c0 JavaThread "Unconstrained build operations" [_thread_blocked, id=13952, stack(0x000000cf05d00000,0x000000cf05e00000)]
  0x000002cd17983b50 JavaThread "Unconstrained build operations Thread 2" [_thread_blocked, id=1884, stack(0x000000cf05e00000,0x000000cf05f00000)]
  0x000002cd17984020 JavaThread "Unconstrained build operations Thread 3" [_thread_blocked, id=13256, stack(0x000000cf05f00000,0x000000cf06000000)]
  0x000002cd17984e90 JavaThread "Unconstrained build operations Thread 4" [_thread_blocked, id=14408, stack(0x000000cf06000000,0x000000cf06100000)]
  0x000002cd17982810 JavaThread "Unconstrained build operations Thread 5" [_thread_blocked, id=3808, stack(0x000000cf06100000,0x000000cf06200000)]
  0x000002cd179814d0 JavaThread "Unconstrained build operations Thread 6" [_thread_blocked, id=13284, stack(0x000000cf06200000,0x000000cf06300000)]
  0x000002cd17983680 JavaThread "Unconstrained build operations Thread 7" [_thread_blocked, id=9348, stack(0x000000cf06300000,0x000000cf06400000)]
  0x000002cd17982340 JavaThread "Unconstrained build operations Thread 8" [_thread_blocked, id=17636, stack(0x000000cf06400000,0x000000cf06500000)]
  0x000002cd17982ce0 JavaThread "Unconstrained build operations Thread 9" [_thread_blocked, id=12412, stack(0x000000cf06500000,0x000000cf06600000)]
  0x000002cd179831b0 JavaThread "Unconstrained build operations Thread 10" [_thread_blocked, id=17708, stack(0x000000cf06600000,0x000000cf06700000)]
  0x000002cd177091d0 JavaThread "Unconstrained build operations Thread 11" [_thread_blocked, id=15448, stack(0x000000cf06700000,0x000000cf06800000)]
  0x000002cd1770bd20 JavaThread "Unconstrained build operations Thread 12" [_thread_blocked, id=6780, stack(0x000000cf06800000,0x000000cf06900000)]
  0x000002cd196bab20 JavaThread "Unconstrained build operations Thread 13" [_thread_blocked, id=16076, stack(0x000000cf06900000,0x000000cf06a00000)]
  0x000002cd196b9cb0 JavaThread "Unconstrained build operations Thread 14" [_thread_blocked, id=3708, stack(0x000000cf06a00000,0x000000cf06b00000)]
  0x000002cd196b9310 JavaThread "Unconstrained build operations Thread 15" [_thread_blocked, id=3916, stack(0x000000cf06b00000,0x000000cf06c00000)]
  0x000002cd196b97e0 JavaThread "Unconstrained build operations Thread 16" [_thread_blocked, id=15436, stack(0x000000cf06c00000,0x000000cf06d00000)]
  0x000002cd196ba180 JavaThread "Unconstrained build operations Thread 17" [_thread_blocked, id=15492, stack(0x000000cf06d00000,0x000000cf06e00000)]
  0x000002cd196ba650 JavaThread "Unconstrained build operations Thread 18" [_thread_blocked, id=15484, stack(0x000000cf06e00000,0x000000cf06f00000)]
  0x000002cd1797ec90 JavaThread "Unconstrained build operations Thread 19" [_thread_blocked, id=4124, stack(0x000000cf06f00000,0x000000cf07000000)]
  0x000002cd1797cae0 JavaThread "Unconstrained build operations Thread 20" [_thread_blocked, id=15496, stack(0x000000cf07000000,0x000000cf07100000)]
  0x000002cd1797cfb0 JavaThread "Unconstrained build operations Thread 21" [_thread_blocked, id=3836, stack(0x000000cf07100000,0x000000cf07200000)]
  0x000002cd1797ffd0 JavaThread "Unconstrained build operations Thread 22" [_thread_blocked, id=8216, stack(0x000000cf07200000,0x000000cf07300000)]
  0x000002cd1797d480 JavaThread "Unconstrained build operations Thread 23" [_thread_blocked, id=17360, stack(0x000000cf07300000,0x000000cf07400000)]
  0x000002cd1797c610 JavaThread "Unconstrained build operations Thread 24" [_thread_blocked, id=15340, stack(0x000000cf07400000,0x000000cf07500000)]
  0x000002cd177096a0 JavaThread "Unconstrained build operations Thread 25" [_thread_blocked, id=15292, stack(0x000000cf07500000,0x000000cf07600000)]
  0x000002cd1770c1f0 JavaThread "Unconstrained build operations Thread 26" [_thread_blocked, id=6992, stack(0x000000cf07600000,0x000000cf07700000)]
  0x000002cd1770b850 JavaThread "Unconstrained build operations Thread 27" [_thread_blocked, id=15468, stack(0x000000cf07700000,0x000000cf07800000)]
  0x000002cd197d5d00 JavaThread "Unconstrained build operations Thread 28" [_thread_blocked, id=15488, stack(0x000000cf07800000,0x000000cf07900000)]
  0x000002cd197d61d0 JavaThread "Unconstrained build operations Thread 29" [_thread_blocked, id=18416, stack(0x000000cf07900000,0x000000cf07a00000)]
  0x000002cd197d7510 JavaThread "Unconstrained build operations Thread 30" [_thread_blocked, id=15500, stack(0x000000cf07a00000,0x000000cf07b00000)]
  0x000002cd12a05e70 JavaThread "Unconstrained build operations Thread 31" [_thread_blocked, id=9228, stack(0x000000cf07b00000,0x000000cf07c00000)]
  0x000002cd12a06ce0 JavaThread "Unconstrained build operations Thread 32" [_thread_blocked, id=7248, stack(0x000000cf07c00000,0x000000cf07d00000)]
  0x000002cd17709b70 JavaThread "Unconstrained build operations Thread 33" [_thread_blocked, id=13836, stack(0x000000cf07d00000,0x000000cf07e00000)]
  0x000002cd1770a040 JavaThread "Unconstrained build operations Thread 34" [_thread_blocked, id=1588, stack(0x000000cf07e00000,0x000000cf07f00000)]
  0x000002cd1770c6c0 JavaThread "Unconstrained build operations Thread 35" [_thread_blocked, id=10740, stack(0x000000cf07f00000,0x000000cf08000000)]
  0x000002cd1770a9e0 JavaThread "Unconstrained build operations Thread 36" [_thread_blocked, id=17928, stack(0x000000cf08000000,0x000000cf08100000)]
  0x000002cd1770cb90 JavaThread "Unconstrained build operations Thread 37" [_thread_blocked, id=3384, stack(0x000000cf08100000,0x000000cf08200000)]
  0x000002cd1770aeb0 JavaThread "Unconstrained build operations Thread 38" [_thread_blocked, id=13720, stack(0x000000cf08200000,0x000000cf08300000)]
  0x000002cd1770a510 JavaThread "Unconstrained build operations Thread 39" [_thread_blocked, id=9972, stack(0x000000cf08300000,0x000000cf08400000)]
  0x000002cd1770b380 JavaThread "Unconstrained build operations Thread 40" [_thread_blocked, id=14836, stack(0x000000cf08400000,0x000000cf08500000)]
  0x000002cd7f1f2610 JavaThread "Unconstrained build operations Thread 41" [_thread_blocked, id=14868, stack(0x000000cf08500000,0x000000cf08600000)]
  0x000002cd0f258280 JavaThread "Unconstrained build operations Thread 42" [_thread_blocked, id=14668, stack(0x000000cf08600000,0x000000cf08700000)]
  0x000002cd0f254d90 JavaThread "Unconstrained build operations Thread 43" [_thread_blocked, id=14700, stack(0x000000cf08700000,0x000000cf08800000)]
  0x000002cd0f258750 JavaThread "Unconstrained build operations Thread 44" [_thread_blocked, id=4020, stack(0x000000cf08800000,0x000000cf08900000)]
  0x000002cd0f256f40 JavaThread "Unconstrained build operations Thread 45" [_thread_blocked, id=3628, stack(0x000000cf08900000,0x000000cf08a00000)]
  0x000002cd0f256a70 JavaThread "Unconstrained build operations Thread 46" [_thread_blocked, id=7456, stack(0x000000cf08a00000,0x000000cf08b00000)]
  0x000002cd0f257410 JavaThread "Unconstrained build operations Thread 47" [_thread_blocked, id=10672, stack(0x000000cf08b00000,0x000000cf08c00000)]
  0x000002cd0f2578e0 JavaThread "Unconstrained build operations Thread 48" [_thread_blocked, id=18284, stack(0x000000cf08c00000,0x000000cf08d00000)]
  0x000002cd7f1f0930 JavaThread "Unconstrained build operations Thread 49" [_thread_blocked, id=1916, stack(0x000000cf08d00000,0x000000cf08e00000)]
  0x000002cd7f1f3480 JavaThread "Unconstrained build operations Thread 50" [_thread_blocked, id=8920, stack(0x000000cf08e00000,0x000000cf08f00000)]
  0x000002cd7f1f0460 JavaThread "Unconstrained build operations Thread 51" [_thread_blocked, id=12132, stack(0x000000cf08f00000,0x000000cf09000000)]
  0x000002cd7f1f0e00 JavaThread "Unconstrained build operations Thread 52" [_thread_blocked, id=3044, stack(0x000000cf09000000,0x000000cf09100000)]
  0x000002cd0f257db0 JavaThread "Unconstrained build operations Thread 53" [_thread_blocked, id=12520, stack(0x000000cf09100000,0x000000cf09200000)]
  0x000002cd0f258c20 JavaThread "Unconstrained build operations Thread 54" [_thread_blocked, id=15924, stack(0x000000cf09200000,0x000000cf09300000)]
  0x000002cd7f1f12d0 JavaThread "Unconstrained build operations Thread 55" [_thread_blocked, id=6668, stack(0x000000cf09300000,0x000000cf09400000)]
  0x000002cd7f1f17a0 JavaThread "Unconstrained build operations Thread 56" [_thread_blocked, id=16792, stack(0x000000cf09400000,0x000000cf09500000)]
  0x000002cd7f1f3e20 JavaThread "Unconstrained build operations Thread 57" [_thread_blocked, id=12404, stack(0x000000cf09500000,0x000000cf09600000)]
  0x000002cd7f1f2ae0 JavaThread "Unconstrained build operations Thread 58" [_thread_blocked, id=17956, stack(0x000000cf09600000,0x000000cf09700000)]
  0x000002cd7f1f2fb0 JavaThread "Unconstrained build operations Thread 59" [_thread_blocked, id=16200, stack(0x000000cf09700000,0x000000cf09800000)]
  0x000002cd7f1f1c70 JavaThread "Unconstrained build operations Thread 60" [_thread_blocked, id=3928, stack(0x000000cf09800000,0x000000cf09900000)]
  0x000002cd7f1f2140 JavaThread "Unconstrained build operations Thread 61" [_thread_blocked, id=15172, stack(0x000000cf09900000,0x000000cf09a00000)]
  0x000002cd7f1f3950 JavaThread "Unconstrained build operations Thread 62" [_thread_blocked, id=16236, stack(0x000000cf09a00000,0x000000cf09b00000)]
  0x000002cd14424e30 JavaThread "Unconstrained build operations Thread 63" [_thread_blocked, id=7808, stack(0x000000cf09b00000,0x000000cf09c00000)]
  0x000002cd14424490 JavaThread "Unconstrained build operations Thread 64" [_thread_blocked, id=17976, stack(0x000000cf09c00000,0x000000cf09d00000)]
  0x000002cd144257d0 JavaThread "Unconstrained build operations Thread 65" [_thread_blocked, id=16040, stack(0x000000cf09d00000,0x000000cf09e00000)]
  0x000002cd14424960 JavaThread "Unconstrained build operations Thread 66" [_thread_blocked, id=6596, stack(0x000000cf09e00000,0x000000cf09f00000)]
  0x000002cd14426170 JavaThread "Unconstrained build operations Thread 67" [_thread_blocked, id=4036, stack(0x000000cf09f00000,0x000000cf0a000000)]
  0x000002cd14426b10 JavaThread "Unconstrained build operations Thread 68" [_thread_blocked, id=6500, stack(0x000000cf0a000000,0x000000cf0a100000)]
  0x000002cd12bcaed0 JavaThread "Unconstrained build operations Thread 69" [_thread_blocked, id=6660, stack(0x000000cf0a100000,0x000000cf0a200000)]
  0x000002cd12bcc210 JavaThread "Unconstrained build operations Thread 70" [_thread_blocked, id=17628, stack(0x000000cf0a200000,0x000000cf0a300000)]
  0x000002cd12bcb3a0 JavaThread "Unconstrained build operations Thread 71" [_thread_blocked, id=6536, stack(0x000000cf0a300000,0x000000cf0a400000)]
  0x000002cd19c3d9b0 JavaThread "Unconstrained build operations Thread 72" [_thread_blocked, id=14288, stack(0x000000cf0a400000,0x000000cf0a500000)]
  0x000002cd19c3cb40 JavaThread "Unconstrained build operations Thread 73" [_thread_blocked, id=5972, stack(0x000000cf0a500000,0x000000cf0a600000)]
  0x000002cd1797de20 JavaThread "Unconstrained build operations Thread 74" [_thread_blocked, id=1932, stack(0x000000cf0a600000,0x000000cf0a700000)]
  0x000002cd14425300 JavaThread "Unconstrained build operations Thread 75" [_thread_blocked, id=16132, stack(0x000000cf0a700000,0x000000cf0a800000)]
  0x000002cd14426fe0 JavaThread "Unconstrained build operations Thread 76" [_thread_blocked, id=11292, stack(0x000000cf0a800000,0x000000cf0a900000)]
  0x000002cd14427e50 JavaThread "Unconstrained build operations Thread 77" [_thread_blocked, id=6908, stack(0x000000cf0a900000,0x000000cf0aa00000)]
  0x000002cd12535bd0 JavaThread "Unconstrained build operations Thread 78" [_thread_blocked, id=10160, stack(0x000000cf0aa00000,0x000000cf0ab00000)]
  0x000002cd12536a40 JavaThread "Unconstrained build operations Thread 79" [_thread_blocked, id=3812, stack(0x000000cf0ab00000,0x000000cf0ac00000)]
  0x000002cd12536570 JavaThread "Unconstrained build operations Thread 80" [_thread_blocked, id=5100, stack(0x000000cf0ac00000,0x000000cf0ad00000)]
  0x000002cd14425ca0 JavaThread "build event listener" [_thread_blocked, id=6324, stack(0x000000cf0b000000,0x000000cf0b100000)]
  0x000002cd1797fb00 JavaThread "pool-6-thread-1" [_thread_blocked, id=7908, stack(0x000000cf0b300000,0x000000cf0b400000)]
  0x000002cd1797d950 JavaThread "build event listener" [_thread_blocked, id=15288, stack(0x000000cf0b500000,0x000000cf0b600000)]
  0x000002cd1797e2f0 JavaThread "included builds" [_thread_blocked, id=14440, stack(0x000000cf0b600000,0x000000cf0b700000)]
  0x000002cd17b8a140 JavaThread "Execution worker" [_thread_blocked, id=18268, stack(0x000000cf0b700000,0x000000cf0b800000)]
  0x000002cd17b8aae0 JavaThread "Execution worker Thread 2" [_thread_blocked, id=14644, stack(0x000000cf0b800000,0x000000cf0b900000)]
  0x000002cd17b8afb0 JavaThread "Execution worker Thread 3" [_thread_blocked, id=2928, stack(0x000000cf0b900000,0x000000cf0ba00000)]
  0x000002cd17816b20 JavaThread "Execution worker Thread 4" [_thread_blocked, id=17804, stack(0x000000cf0ba00000,0x000000cf0bb00000)]
  0x000002cd17815cb0 JavaThread "Execution worker Thread 5" [_thread_blocked, id=11584, stack(0x000000cf0bb00000,0x000000cf0bc00000)]
  0x000002cd17813b00 JavaThread "Execution worker Thread 6" [_thread_blocked, id=6580, stack(0x000000cf0bc00000,0x000000cf0bd00000)]
  0x000002cd17814e40 JavaThread "Execution worker Thread 7" [_thread_blocked, id=15176, stack(0x000000cf0bd00000,0x000000cf0be00000)]
  0x000002cd1b1fb260 JavaThread "Cache worker for execution history cache (C:\Users\bssus\AndroidStudioProjects\SignupLogin\.gradle\8.0\executionHistory)" [_thread_blocked, id=14172, stack(0x000000cf0be00000,0x000000cf0bf00000)]
  0x000002cd0f25b2a0 JavaThread "Cache worker for Java compile cache (C:\Users\bssus\.gradle\caches\8.0\javaCompile)" [_thread_blocked, id=15068, stack(0x000000cf0bf00000,0x000000cf0c000000)]
  0x000002cd0f9e3420 JavaThread "C2 CompilerThread2" daemon [_thread_in_native, id=7200, stack(0x000000cf04c00000,0x000000cf04d00000)]
  0x000002cd14426640 JavaThread "Build operations" [_thread_blocked, id=15792, stack(0x000000cf0c000000,0x000000cf0c100000)]
  0x000002cd144274b0 JavaThread "Build operations Thread 2" [_thread_blocked, id=11988, stack(0x000000cf0c100000,0x000000cf0c200000)]
  0x000002cd14427980 JavaThread "Build operations Thread 3" [_thread_blocked, id=2368, stack(0x000000cf0c200000,0x000000cf0c300000)]
  0x000002cd7ebd2f60 JavaThread "Build operations Thread 4" [_thread_blocked, id=10904, stack(0x000000cf0c300000,0x000000cf0c400000)]
  0x000002cd7ebd2a90 JavaThread "Build operations Thread 5" [_thread_blocked, id=12956, stack(0x000000cf0c400000,0x000000cf0c500000)]
  0x000002cd7ebd08e0 JavaThread "Build operations Thread 6" [_thread_blocked, id=10752, stack(0x000000cf0c500000,0x000000cf0c600000)]
  0x000002cd7ebd3430 JavaThread "Build operations Thread 7" [_thread_blocked, id=14276, stack(0x000000cf0c600000,0x000000cf0c700000)]
  0x000002cd7ebcff40 JavaThread "Build operations Thread 8" [_thread_blocked, id=5664, stack(0x000000cf0c700000,0x000000cf0c800000)]

Other Threads:
=>0x000002cd7de13160 VMThread "VM Thread" [stack: 0x000000cf02900000,0x000000cf02a00000] [id=9976]
  0x000002cd73064430 WatcherThread [stack: 0x000000cf03500000,0x000000cf03600000] [id=1596]
  0x000002cd73003270 GCTaskThread "GC Thread#0" [stack: 0x000000cf02400000,0x000000cf02500000] [id=4668]
  0x000002cd0f3de050 GCTaskThread "GC Thread#1" [stack: 0x000000cf03800000,0x000000cf03900000] [id=15808]
  0x000002cd0f3de300 GCTaskThread "GC Thread#2" [stack: 0x000000cf03900000,0x000000cf03a00000] [id=6360]
  0x000002cd7ec0d910 GCTaskThread "GC Thread#3" [stack: 0x000000cf03a00000,0x000000cf03b00000] [id=1420]
  0x000002cd0f84f3e0 GCTaskThread "GC Thread#4" [stack: 0x000000cf03700000,0x000000cf03800000] [id=8052]
  0x000002cd10c55990 GCTaskThread "GC Thread#5" [stack: 0x000000cf03b00000,0x000000cf03c00000] [id=6896]
  0x000002cd0fa71890 GCTaskThread "GC Thread#6" [stack: 0x000000cf04600000,0x000000cf04700000] [id=10028]
  0x000002cd0fa71b40 GCTaskThread "GC Thread#7" [stack: 0x000000cf04700000,0x000000cf04800000] [id=7996]
  0x000002cd730141b0 ConcurrentGCThread "G1 Main Marker" [stack: 0x000000cf02500000,0x000000cf02600000] [id=6544]
  0x000002cd73014d20 ConcurrentGCThread "G1 Conc#0" [stack: 0x000000cf02600000,0x000000cf02700000] [id=4488]
  0x000002cd105771b0 ConcurrentGCThread "G1 Conc#1" [stack: 0x000000cf04800000,0x000000cf04900000] [id=2864]
  0x000002cd7dc79570 ConcurrentGCThread "G1 Refine#0" [stack: 0x000000cf02700000,0x000000cf02800000] [id=10272]
  0x000002cd120a6d90 ConcurrentGCThread "G1 Refine#1" [stack: 0x000000cf05700000,0x000000cf05800000] [id=11860]
  0x000002cd7dc7ac50 ConcurrentGCThread "G1 Service" [stack: 0x000000cf02800000,0x000000cf02900000] [id=12620]

Threads with active compile tasks:
C2 CompilerThread0    29249 15144       4       com.android.tools.r8.internal.Y9::a (4479 bytes)
C1 CompilerThread0    29249 15260       3       com.android.tools.r8.internal.zH::<init> (25 bytes)
C2 CompilerThread1    29249 15145       4       com.android.tools.r8.graph.W3::c (280 bytes)
C2 CompilerThread2    29249 15209       4       com.android.tools.r8.utils.t0::e (297 bytes)

VM state: at safepoint (normal execution)

VM Mutex/Monitor currently owned by a thread:  ([mutex/lock_event])
[0x000002cd72fa35a0] Threads_lock - owner thread: 0x000002cd7de13160
[0x000002cd72fa3630] Heap_lock - owner thread: 0x000002cd7f1f2610

Heap address: 0x0000000080000000, size: 2048 MB, Compressed Oops mode: 32-bit

CDS archive(s) not mapped
Compressed class space mapped at: 0x0000000100000000-0x0000000140000000, reserved size: 1073741824
Narrow klass base: 0x0000000000000000, Narrow klass shift: 3, Narrow klass range: 0x140000000

GC Precious Log:
 CPUs: 8 total, 8 available
 Memory: 8029M
 Large Page Support: Disabled
 NUMA Support: Disabled
 Compressed Oops: Enabled (32-bit)
 Heap Region Size: 1M
 Heap Min Capacity: 8M
 Heap Initial Capacity: 126M
 Heap Max Capacity: 2G
 Pre-touch: Disabled
 Parallel Workers: 8
 Concurrent Workers: 2
 Concurrent Refinement Workers: 8
 Periodic GC: Disabled

Heap:
 garbage-first heap   total 203776K, used 120967K [0x0000000080000000, 0x0000000100000000)
  region size 1024K, 7 young (7168K), 7 survivors (7168K)
 Metaspace       used 111895K, committed 112704K, reserved 1146880K
  class space    used 14981K, committed 15360K, reserved 1048576K

Heap Regions: E=young(eden), S=young(survivor), O=old, HS=humongous(starts), HC=humongous(continues), CS=collection set, F=free, OA=open archive, CA=closed archive, TAMS=top-at-mark-start (previous, next)
|   0|0x0000000080000000, 0x0000000080100000, 0x0000000080100000|100%|HS|  |TAMS 0x0000000080100000, 0x0000000080000000| Complete 
|   1|0x0000000080100000, 0x0000000080200000, 0x0000000080200000|100%|HC|  |TAMS 0x0000000080200000, 0x0000000080100000| Complete 
|   2|0x0000000080200000, 0x0000000080300000, 0x0000000080300000|100%|HC|  |TAMS 0x0000000080300000, 0x0000000080200000| Complete 
|   3|0x0000000080300000, 0x0000000080400000, 0x0000000080400000|100%|HC|  |TAMS 0x0000000080400000, 0x0000000080300000| Complete 
|   4|0x0000000080400000, 0x0000000080500000, 0x0000000080500000|100%| O|  |TAMS 0x0000000080500000, 0x0000000080400000| Untracked 
|   5|0x0000000080500000, 0x0000000080600000, 0x0000000080600000|100%| O|  |TAMS 0x0000000080600000, 0x0000000080500000| Untracked 
|   6|0x0000000080600000, 0x0000000080700000, 0x0000000080700000|100%| O|  |TAMS 0x0000000080700000, 0x0000000080600000| Untracked 
|   7|0x0000000080700000, 0x0000000080800000, 0x0000000080800000|100%| O|  |TAMS 0x0000000080800000, 0x0000000080700000| Untracked 
|   8|0x0000000080800000, 0x0000000080900000, 0x0000000080900000|100%| O|  |TAMS 0x0000000080900000, 0x0000000080800000| Untracked 
|   9|0x0000000080900000, 0x0000000080a00000, 0x0000000080a00000|100%| O|  |TAMS 0x0000000080a00000, 0x0000000080900000| Untracked 
|  10|0x0000000080a00000, 0x0000000080b00000, 0x0000000080b00000|100%| O|  |TAMS 0x0000000080b00000, 0x0000000080a00000| Untracked 
|  11|0x0000000080b00000, 0x0000000080c00000, 0x0000000080c00000|100%| O|  |TAMS 0x0000000080c00000, 0x0000000080b00000| Untracked 
|  12|0x0000000080c00000, 0x0000000080d00000, 0x0000000080d00000|100%| O|  |TAMS 0x0000000080d00000, 0x0000000080c00000| Untracked 
|  13|0x0000000080d00000, 0x0000000080e00000, 0x0000000080e00000|100%| O|  |TAMS 0x0000000080e00000, 0x0000000080d00000| Untracked 
|  14|0x0000000080e00000, 0x0000000080f00000, 0x0000000080f00000|100%| O|  |TAMS 0x0000000080f00000, 0x0000000080e00000| Untracked 
|  15|0x0000000080f00000, 0x0000000081000000, 0x0000000081000000|100%| O|  |TAMS 0x0000000081000000, 0x0000000080f00000| Untracked 
|  16|0x0000000081000000, 0x0000000081100000, 0x0000000081100000|100%| O|  |TAMS 0x0000000081100000, 0x0000000081000000| Untracked 
|  17|0x0000000081100000, 0x0000000081200000, 0x0000000081200000|100%| O|  |TAMS 0x0000000081200000, 0x0000000081100000| Untracked 
|  18|0x0000000081200000, 0x0000000081300000, 0x0000000081300000|100%| O|  |TAMS 0x0000000081300000, 0x0000000081200000| Untracked 
|  19|0x0000000081300000, 0x0000000081400000, 0x0000000081400000|100%| O|  |TAMS 0x0000000081400000, 0x0000000081300000| Untracked 
|  20|0x0000000081400000, 0x0000000081500000, 0x0000000081500000|100%| O|  |TAMS 0x0000000081500000, 0x0000000081400000| Untracked 
|  21|0x0000000081500000, 0x0000000081600000, 0x0000000081600000|100%| O|  |TAMS 0x0000000081600000, 0x0000000081500000| Untracked 
|  22|0x0000000081600000, 0x0000000081700000, 0x0000000081700000|100%| O|  |TAMS 0x0000000081700000, 0x0000000081600000| Untracked 
|  23|0x0000000081700000, 0x0000000081800000, 0x0000000081800000|100%|HS|  |TAMS 0x0000000081800000, 0x0000000081700000| Complete 
|  24|0x0000000081800000, 0x0000000081900000, 0x0000000081900000|100%| O|  |TAMS 0x0000000081900000, 0x0000000081800000| Untracked 
|  25|0x0000000081900000, 0x0000000081a00000, 0x0000000081a00000|100%| O|  |TAMS 0x0000000081a00000, 0x0000000081900000| Untracked 
|  26|0x0000000081a00000, 0x0000000081b00000, 0x0000000081b00000|100%| O|  |TAMS 0x0000000081b00000, 0x0000000081a00000| Untracked 
|  27|0x0000000081b00000, 0x0000000081c00000, 0x0000000081c00000|100%| O|  |TAMS 0x0000000081c00000, 0x0000000081b00000| Untracked 
|  28|0x0000000081c00000, 0x0000000081d00000, 0x0000000081d00000|100%| O|  |TAMS 0x0000000081d00000, 0x0000000081c00000| Untracked 
|  29|0x0000000081d00000, 0x0000000081e00000, 0x0000000081e00000|100%| O|  |TAMS 0x0000000081e00000, 0x0000000081d00000| Untracked 
|  30|0x0000000081e00000, 0x0000000081f00000, 0x0000000081f00000|100%| O|  |TAMS 0x0000000081f00000, 0x0000000081e00000| Untracked 
|  31|0x0000000081f00000, 0x0000000082000000, 0x0000000082000000|100%| O|  |TAMS 0x0000000082000000, 0x0000000081f00000| Untracked 
|  32|0x0000000082000000, 0x0000000082100000, 0x0000000082100000|100%| O|  |TAMS 0x0000000082100000, 0x0000000082000000| Untracked 
|  33|0x0000000082100000, 0x0000000082200000, 0x0000000082200000|100%|HS|  |TAMS 0x0000000082200000, 0x0000000082100000| Complete 
|  34|0x0000000082200000, 0x0000000082300000, 0x0000000082300000|100%| O|  |TAMS 0x0000000082300000, 0x0000000082200000| Untracked 
|  35|0x0000000082300000, 0x0000000082400000, 0x0000000082400000|100%| O|  |TAMS 0x0000000082400000, 0x0000000082300000| Untracked 
|  36|0x0000000082400000, 0x0000000082500000, 0x0000000082500000|100%| O|  |TAMS 0x0000000082500000, 0x0000000082400000| Untracked 
|  37|0x0000000082500000, 0x0000000082600000, 0x0000000082600000|100%| O|  |TAMS 0x0000000082600000, 0x0000000082500000| Untracked 
|  38|0x0000000082600000, 0x0000000082700000, 0x0000000082700000|100%| O|  |TAMS 0x0000000082700000, 0x0000000082600000| Untracked 
|  39|0x0000000082700000, 0x0000000082800000, 0x0000000082800000|100%| O|  |TAMS 0x0000000082700000, 0x0000000082700000| Untracked 
|  40|0x0000000082800000, 0x0000000082900000, 0x0000000082900000|100%| O|  |TAMS 0x0000000082900000, 0x0000000082800000| Untracked 
|  41|0x0000000082900000, 0x0000000082a00000, 0x0000000082a00000|100%| O|  |TAMS 0x0000000082a00000, 0x0000000082900000| Untracked 
|  42|0x0000000082a00000, 0x0000000082b00000, 0x0000000082b00000|100%| O|  |TAMS 0x0000000082b00000, 0x0000000082a00000| Untracked 
|  43|0x0000000082b00000, 0x0000000082c00000, 0x0000000082c00000|100%| O|  |TAMS 0x0000000082b00000, 0x0000000082b00000| Untracked 
|  44|0x0000000082c00000, 0x0000000082d00000, 0x0000000082d00000|100%| O|  |TAMS 0x0000000082d00000, 0x0000000082c00000| Untracked 
|  45|0x0000000082d00000, 0x0000000082e00000, 0x0000000082e00000|100%| O|  |TAMS 0x0000000082e00000, 0x0000000082d00000| Untracked 
|  46|0x0000000082e00000, 0x0000000082f00000, 0x0000000082f00000|100%| O|  |TAMS 0x0000000082f00000, 0x0000000082e00000| Untracked 
|  47|0x0000000082f00000, 0x0000000083000000, 0x0000000083000000|100%| O|  |TAMS 0x0000000083000000, 0x0000000082f00000| Untracked 
|  48|0x0000000083000000, 0x0000000083100000, 0x0000000083100000|100%| O|  |TAMS 0x0000000083100000, 0x0000000083000000| Untracked 
|  49|0x0000000083100000, 0x0000000083200000, 0x0000000083200000|100%| O|  |TAMS 0x0000000083200000, 0x0000000083100000| Untracked 
|  50|0x0000000083200000, 0x0000000083300000, 0x0000000083300000|100%| O|  |TAMS 0x0000000083300000, 0x0000000083200000| Untracked 
|  51|0x0000000083300000, 0x0000000083400000, 0x0000000083400000|100%| O|  |TAMS 0x0000000083400000, 0x0000000083300000| Untracked 
|  52|0x0000000083400000, 0x0000000083500000, 0x0000000083500000|100%| O|  |TAMS 0x0000000083500000, 0x0000000083400000| Untracked 
|  53|0x0000000083500000, 0x0000000083600000, 0x0000000083600000|100%| O|  |TAMS 0x0000000083600000, 0x0000000083500000| Untracked 
|  54|0x0000000083600000, 0x0000000083700000, 0x0000000083700000|100%| O|  |TAMS 0x0000000083700000, 0x0000000083600000| Untracked 
|  55|0x0000000083700000, 0x0000000083800000, 0x0000000083800000|100%| O|  |TAMS 0x0000000083800000, 0x0000000083700000| Untracked 
|  56|0x0000000083800000, 0x0000000083900000, 0x0000000083900000|100%| O|  |TAMS 0x0000000083800000, 0x0000000083800000| Untracked 
|  57|0x0000000083900000, 0x0000000083a00000, 0x0000000083a00000|100%| O|  |TAMS 0x0000000083a00000, 0x0000000083900000| Untracked 
|  58|0x0000000083a00000, 0x0000000083b00000, 0x0000000083b00000|100%| O|  |TAMS 0x0000000083b00000, 0x0000000083a00000| Untracked 
|  59|0x0000000083b00000, 0x0000000083c00000, 0x0000000083c00000|100%| O|  |TAMS 0x0000000083c00000, 0x0000000083b00000| Untracked 
|  60|0x0000000083c00000, 0x0000000083d00000, 0x0000000083d00000|100%| O|  |TAMS 0x0000000083d00000, 0x0000000083c00000| Untracked 
|  61|0x0000000083d00000, 0x0000000083e00000, 0x0000000083e00000|100%| O|  |TAMS 0x0000000083e00000, 0x0000000083d00000| Untracked 
|  62|0x0000000083e00000, 0x0000000083f00000, 0x0000000083f00000|100%| O|  |TAMS 0x0000000083f00000, 0x0000000083e00000| Untracked 
|  63|0x0000000083f00000, 0x0000000084000000, 0x0000000084000000|100%| O|  |TAMS 0x0000000084000000, 0x0000000083f00000| Untracked 
|  64|0x0000000084000000, 0x0000000084100000, 0x0000000084100000|100%| O|  |TAMS 0x0000000084100000, 0x0000000084000000| Untracked 
|  65|0x0000000084100000, 0x0000000084200000, 0x0000000084200000|100%| O|  |TAMS 0x0000000084200000, 0x0000000084100000| Untracked 
|  66|0x0000000084200000, 0x0000000084300000, 0x0000000084300000|100%| O|  |TAMS 0x0000000084300000, 0x0000000084200000| Untracked 
|  67|0x0000000084300000, 0x0000000084400000, 0x0000000084400000|100%| O|  |TAMS 0x0000000084400000, 0x0000000084300000| Untracked 
|  68|0x0000000084400000, 0x0000000084500000, 0x0000000084500000|100%| O|  |TAMS 0x0000000084500000, 0x0000000084400000| Untracked 
|  69|0x0000000084500000, 0x0000000084600000, 0x0000000084600000|100%| O|  |TAMS 0x0000000084600000, 0x0000000084500000| Untracked 
|  70|0x0000000084600000, 0x0000000084700000, 0x0000000084700000|100%| O|  |TAMS 0x0000000084700000, 0x0000000084600000| Untracked 
|  71|0x0000000084700000, 0x0000000084800000, 0x0000000084800000|100%| O|  |TAMS 0x0000000084800000, 0x0000000084700000| Untracked 
|  72|0x0000000084800000, 0x0000000084900000, 0x0000000084900000|100%| O|  |TAMS 0x0000000084900000, 0x0000000084800000| Untracked 
|  73|0x0000000084900000, 0x0000000084a00000, 0x0000000084a00000|100%| O|  |TAMS 0x0000000084a00000, 0x0000000084900000| Untracked 
|  74|0x0000000084a00000, 0x0000000084a21e00, 0x0000000084b00000| 13%| O|  |TAMS 0x0000000084a00000, 0x0000000084a00000| Untracked 
|  75|0x0000000084b00000, 0x0000000084c00000, 0x0000000084c00000|100%| O|  |TAMS 0x0000000084c00000, 0x0000000084b00000| Untracked 
|  76|0x0000000084c00000, 0x0000000084d00000, 0x0000000084d00000|100%| O|  |TAMS 0x0000000084d00000, 0x0000000084c00000| Untracked 
|  77|0x0000000084d00000, 0x0000000084e00000, 0x0000000084e00000|100%| O|  |TAMS 0x0000000084e00000, 0x0000000084d00000| Untracked 
|  78|0x0000000084e00000, 0x0000000084f00000, 0x0000000084f00000|100%| O|  |TAMS 0x0000000084f00000, 0x0000000084e00000| Untracked 
|  79|0x0000000084f00000, 0x0000000085000000, 0x0000000085000000|100%| O|  |TAMS 0x0000000084f00000, 0x0000000084f00000| Untracked 
|  80|0x0000000085000000, 0x0000000085100000, 0x0000000085100000|100%| O|  |TAMS 0x0000000085100000, 0x0000000085000000| Untracked 
|  81|0x0000000085100000, 0x0000000085200000, 0x0000000085200000|100%| O|  |TAMS 0x0000000085200000, 0x0000000085100000| Untracked 
|  82|0x0000000085200000, 0x0000000085300000, 0x0000000085300000|100%| O|  |TAMS 0x0000000085300000, 0x0000000085200000| Untracked 
|  83|0x0000000085300000, 0x0000000085400000, 0x0000000085400000|100%| O|  |TAMS 0x0000000085400000, 0x0000000085300000| Untracked 
|  84|0x0000000085400000, 0x0000000085500000, 0x0000000085500000|100%| O|  |TAMS 0x0000000085500000, 0x0000000085400000| Untracked 
|  85|0x0000000085500000, 0x0000000085600000, 0x0000000085600000|100%| O|  |TAMS 0x0000000085600000, 0x0000000085500000| Untracked 
|  86|0x0000000085600000, 0x0000000085700000, 0x0000000085700000|100%| O|  |TAMS 0x0000000085700000, 0x0000000085600000| Untracked 
|  87|0x0000000085700000, 0x0000000085800000, 0x0000000085800000|100%| O|  |TAMS 0x0000000085800000, 0x0000000085700000| Untracked 
|  88|0x0000000085800000, 0x0000000085900000, 0x0000000085900000|100%| O|  |TAMS 0x0000000085900000, 0x0000000085800000| Untracked 
|  89|0x0000000085900000, 0x0000000085a00000, 0x0000000085a00000|100%| O|  |TAMS 0x0000000085a00000, 0x0000000085900000| Untracked 
|  90|0x0000000085a00000, 0x0000000085b00000, 0x0000000085b00000|100%| O|  |TAMS 0x0000000085b00000, 0x0000000085a00000| Untracked 
|  91|0x0000000085b00000, 0x0000000085b00000, 0x0000000085c00000|  0%| F|  |TAMS 0x0000000085b00000, 0x0000000085b00000| Untracked 
|  92|0x0000000085c00000, 0x0000000085d00000, 0x0000000085d00000|100%| O|  |TAMS 0x0000000085d00000, 0x0000000085c00000| Untracked 
|  93|0x0000000085d00000, 0x0000000085e00000, 0x0000000085e00000|100%| O|  |TAMS 0x0000000085e00000, 0x0000000085d00000| Untracked 
|  94|0x0000000085e00000, 0x0000000085e00000, 0x0000000085f00000|  0%| F|  |TAMS 0x0000000085e00000, 0x0000000085e00000| Untracked 
|  95|0x0000000085f00000, 0x0000000086000000, 0x0000000086000000|100%| O|  |TAMS 0x0000000086000000, 0x0000000085f00000| Untracked 
|  96|0x0000000086000000, 0x0000000086100000, 0x0000000086100000|100%| O|  |TAMS 0x0000000086100000, 0x0000000086000000| Untracked 
|  97|0x0000000086100000, 0x0000000086200000, 0x0000000086200000|100%| O|  |TAMS 0x0000000086200000, 0x0000000086100000| Untracked 
|  98|0x0000000086200000, 0x0000000086300000, 0x0000000086300000|100%| O|  |TAMS 0x0000000086300000, 0x0000000086200000| Untracked 
|  99|0x0000000086300000, 0x0000000086400000, 0x0000000086400000|100%| O|  |TAMS 0x0000000086400000, 0x0000000086300000| Untracked 
| 100|0x0000000086400000, 0x0000000086500000, 0x0000000086500000|100%| O|  |TAMS 0x0000000086500000, 0x0000000086400000| Untracked 
| 101|0x0000000086500000, 0x0000000086500000, 0x0000000086600000|  0%| F|  |TAMS 0x0000000086500000, 0x0000000086500000| Untracked 
| 102|0x0000000086600000, 0x0000000086700000, 0x0000000086700000|100%| O|  |TAMS 0x0000000086700000, 0x0000000086600000| Untracked 
| 103|0x0000000086700000, 0x0000000086800000, 0x0000000086800000|100%| O|  |TAMS 0x0000000086700000, 0x0000000086700000| Untracked 
| 104|0x0000000086800000, 0x0000000086900000, 0x0000000086900000|100%| O|  |TAMS 0x0000000086800000, 0x0000000086800000| Untracked 
| 105|0x0000000086900000, 0x0000000086a00000, 0x0000000086a00000|100%| O|  |TAMS 0x0000000086a00000, 0x0000000086900000| Untracked 
| 106|0x0000000086a00000, 0x0000000086b00000, 0x0000000086b00000|100%| O|  |TAMS 0x0000000086b00000, 0x0000000086a00000| Untracked 
| 107|0x0000000086b00000, 0x0000000086c00000, 0x0000000086c00000|100%| O|  |TAMS 0x0000000086c00000, 0x0000000086b00000| Untracked 
| 108|0x0000000086c00000, 0x0000000086d00000, 0x0000000086d00000|100%| O|  |TAMS 0x0000000086d00000, 0x0000000086c00000| Untracked 
| 109|0x0000000086d00000, 0x0000000086e00000, 0x0000000086e00000|100%| O|  |TAMS 0x0000000086e00000, 0x0000000086d00000| Untracked 
| 110|0x0000000086e00000, 0x0000000086f00000, 0x0000000086f00000|100%| O|  |TAMS 0x0000000086ee9800, 0x0000000086e00000| Untracked 
| 111|0x0000000086f00000, 0x0000000087000000, 0x0000000087000000|100%| O|  |TAMS 0x0000000086f00000, 0x0000000086f00000| Untracked 
| 112|0x0000000087000000, 0x0000000087100000, 0x0000000087100000|100%| O|  |TAMS 0x0000000087000000, 0x0000000087000000| Untracked 
| 113|0x0000000087100000, 0x0000000087200000, 0x0000000087200000|100%| O|  |TAMS 0x0000000087100000, 0x0000000087100000| Untracked 
| 114|0x0000000087200000, 0x0000000087300000, 0x0000000087300000|100%| O|  |TAMS 0x0000000087200000, 0x0000000087200000| Untracked 
| 115|0x0000000087300000, 0x0000000087300000, 0x0000000087400000|  0%| F|  |TAMS 0x0000000087300000, 0x0000000087300000| Untracked 
| 116|0x0000000087400000, 0x0000000087400000, 0x0000000087500000|  0%| F|  |TAMS 0x0000000087400000, 0x0000000087400000| Untracked 
| 117|0x0000000087500000, 0x0000000087500000, 0x0000000087600000|  0%| F|  |TAMS 0x0000000087500000, 0x0000000087500000| Untracked 
| 118|0x0000000087600000, 0x0000000087600000, 0x0000000087700000|  0%| F|  |TAMS 0x0000000087600000, 0x0000000087600000| Untracked 
| 119|0x0000000087700000, 0x0000000087700000, 0x0000000087800000|  0%| F|  |TAMS 0x0000000087700000, 0x0000000087700000| Untracked 
| 120|0x0000000087800000, 0x0000000087800000, 0x0000000087900000|  0%| F|  |TAMS 0x0000000087800000, 0x0000000087800000| Untracked 
| 121|0x0000000087900000, 0x0000000087900000, 0x0000000087a00000|  0%| F|  |TAMS 0x0000000087900000, 0x0000000087900000| Untracked 
| 122|0x0000000087a00000, 0x0000000087a00000, 0x0000000087b00000|  0%| F|  |TAMS 0x0000000087a00000, 0x0000000087a00000| Untracked 
| 123|0x0000000087b00000, 0x0000000087b00000, 0x0000000087c00000|  0%| F|  |TAMS 0x0000000087b00000, 0x0000000087b00000| Untracked 
| 124|0x0000000087c00000, 0x0000000087c00000, 0x0000000087d00000|  0%| F|  |TAMS 0x0000000087c00000, 0x0000000087c00000| Untracked 
| 125|0x0000000087d00000, 0x0000000087d00000, 0x0000000087e00000|  0%| F|  |TAMS 0x0000000087d00000, 0x0000000087d00000| Untracked 
| 126|0x0000000087e00000, 0x0000000087e00000, 0x0000000087f00000|  0%| F|  |TAMS 0x0000000087e00000, 0x0000000087e00000| Untracked 
| 127|0x0000000087f00000, 0x0000000087f00000, 0x0000000088000000|  0%| F|  |TAMS 0x0000000087f00000, 0x0000000087f00000| Untracked 
| 128|0x0000000088000000, 0x0000000088000000, 0x0000000088100000|  0%| F|  |TAMS 0x0000000088000000, 0x0000000088000000| Untracked 
| 129|0x0000000088100000, 0x0000000088100000, 0x0000000088200000|  0%| F|  |TAMS 0x0000000088100000, 0x0000000088100000| Untracked 
| 130|0x0000000088200000, 0x0000000088200000, 0x0000000088300000|  0%| F|  |TAMS 0x0000000088200000, 0x0000000088200000| Untracked 
| 131|0x0000000088300000, 0x0000000088300000, 0x0000000088400000|  0%| F|  |TAMS 0x0000000088300000, 0x0000000088300000| Untracked 
| 132|0x0000000088400000, 0x0000000088400000, 0x0000000088500000|  0%| F|  |TAMS 0x0000000088400000, 0x0000000088400000| Untracked 
| 133|0x0000000088500000, 0x0000000088500000, 0x0000000088600000|  0%| F|  |TAMS 0x0000000088500000, 0x0000000088500000| Untracked 
| 134|0x0000000088600000, 0x0000000088600000, 0x0000000088700000|  0%| F|  |TAMS 0x0000000088600000, 0x0000000088600000| Untracked 
| 135|0x0000000088700000, 0x0000000088700000, 0x0000000088800000|  0%| F|  |TAMS 0x0000000088700000, 0x0000000088700000| Untracked 
| 136|0x0000000088800000, 0x0000000088800000, 0x0000000088900000|  0%| F|  |TAMS 0x0000000088800000, 0x0000000088800000| Untracked 
| 137|0x0000000088900000, 0x0000000088a00000, 0x0000000088a00000|100%| S|CS|TAMS 0x0000000088900000, 0x0000000088900000| Complete 
| 138|0x0000000088a00000, 0x0000000088b00000, 0x0000000088b00000|100%| S|CS|TAMS 0x0000000088a00000, 0x0000000088a00000| Complete 
| 139|0x0000000088b00000, 0x0000000088c00000, 0x0000000088c00000|100%| S|CS|TAMS 0x0000000088b00000, 0x0000000088b00000| Complete 
| 140|0x0000000088c00000, 0x0000000088d00000, 0x0000000088d00000|100%| S|CS|TAMS 0x0000000088c00000, 0x0000000088c00000| Complete 
| 141|0x0000000088d00000, 0x0000000088e00000, 0x0000000088e00000|100%| S|CS|TAMS 0x0000000088d00000, 0x0000000088d00000| Complete 
| 142|0x0000000088e00000, 0x0000000088f00000, 0x0000000088f00000|100%| S|CS|TAMS 0x0000000088e00000, 0x0000000088e00000| Complete 
| 143|0x0000000088f00000, 0x0000000089000000, 0x0000000089000000|100%| S|CS|TAMS 0x0000000088f00000, 0x0000000088f00000| Complete 
| 144|0x0000000089000000, 0x0000000089000000, 0x0000000089100000|  0%| F|  |TAMS 0x0000000089000000, 0x0000000089000000| Untracked 
| 145|0x0000000089100000, 0x0000000089100000, 0x0000000089200000|  0%| F|  |TAMS 0x0000000089100000, 0x0000000089100000| Untracked 
| 146|0x0000000089200000, 0x0000000089200000, 0x0000000089300000|  0%| F|  |TAMS 0x0000000089200000, 0x0000000089200000| Untracked 
| 147|0x0000000089300000, 0x0000000089300000, 0x0000000089400000|  0%| F|  |TAMS 0x0000000089300000, 0x0000000089300000| Untracked 
| 148|0x0000000089400000, 0x0000000089400000, 0x0000000089500000|  0%| F|  |TAMS 0x0000000089400000, 0x0000000089400000| Untracked 
| 149|0x0000000089500000, 0x0000000089500000, 0x0000000089600000|  0%| F|  |TAMS 0x0000000089500000, 0x0000000089500000| Untracked 
| 150|0x0000000089600000, 0x0000000089600000, 0x0000000089700000|  0%| F|  |TAMS 0x0000000089600000, 0x0000000089600000| Untracked 
| 151|0x0000000089700000, 0x0000000089700000, 0x0000000089800000|  0%| F|  |TAMS 0x0000000089700000, 0x0000000089700000| Untracked 
| 152|0x0000000089800000, 0x0000000089800000, 0x0000000089900000|  0%| F|  |TAMS 0x0000000089800000, 0x0000000089800000| Untracked 
| 153|0x0000000089900000, 0x0000000089900000, 0x0000000089a00000|  0%| F|  |TAMS 0x0000000089900000, 0x0000000089900000| Untracked 
| 154|0x0000000089a00000, 0x0000000089a00000, 0x0000000089b00000|  0%| F|  |TAMS 0x0000000089a00000, 0x0000000089a00000| Untracked 
| 155|0x0000000089b00000, 0x0000000089b00000, 0x0000000089c00000|  0%| F|  |TAMS 0x0000000089b00000, 0x0000000089b00000| Untracked 
| 156|0x0000000089c00000, 0x0000000089c00000, 0x0000000089d00000|  0%| F|  |TAMS 0x0000000089c00000, 0x0000000089c00000| Untracked 
| 157|0x0000000089d00000, 0x0000000089d00000, 0x0000000089e00000|  0%| F|  |TAMS 0x0000000089d00000, 0x0000000089d00000| Untracked 
| 158|0x0000000089e00000, 0x0000000089e00000, 0x0000000089f00000|  0%| F|  |TAMS 0x0000000089e00000, 0x0000000089e00000| Untracked 
| 159|0x0000000089f00000, 0x0000000089f00000, 0x000000008a000000|  0%| F|  |TAMS 0x0000000089f00000, 0x0000000089f00000| Untracked 
| 160|0x000000008a000000, 0x000000008a000000, 0x000000008a100000|  0%| F|  |TAMS 0x000000008a000000, 0x000000008a000000| Untracked 
| 161|0x000000008a100000, 0x000000008a100000, 0x000000008a200000|  0%| F|  |TAMS 0x000000008a100000, 0x000000008a100000| Untracked 
| 162|0x000000008a200000, 0x000000008a200000, 0x000000008a300000|  0%| F|  |TAMS 0x000000008a200000, 0x000000008a200000| Untracked 
| 163|0x000000008a300000, 0x000000008a300000, 0x000000008a400000|  0%| F|  |TAMS 0x000000008a300000, 0x000000008a300000| Untracked 
| 164|0x000000008a400000, 0x000000008a400000, 0x000000008a500000|  0%| F|  |TAMS 0x000000008a400000, 0x000000008a400000| Untracked 
| 165|0x000000008a500000, 0x000000008a500000, 0x000000008a600000|  0%| F|  |TAMS 0x000000008a500000, 0x000000008a500000| Untracked 
| 166|0x000000008a600000, 0x000000008a600000, 0x000000008a700000|  0%| F|  |TAMS 0x000000008a600000, 0x000000008a600000| Untracked 
| 167|0x000000008a700000, 0x000000008a700000, 0x000000008a800000|  0%| F|  |TAMS 0x000000008a700000, 0x000000008a700000| Untracked 
| 168|0x000000008a800000, 0x000000008a800000, 0x000000008a900000|  0%| F|  |TAMS 0x000000008a800000, 0x000000008a800000| Untracked 
| 169|0x000000008a900000, 0x000000008a900000, 0x000000008aa00000|  0%| F|  |TAMS 0x000000008a900000, 0x000000008a900000| Untracked 
| 170|0x000000008aa00000, 0x000000008aa00000, 0x000000008ab00000|  0%| F|  |TAMS 0x000000008aa00000, 0x000000008aa00000| Untracked 
| 171|0x000000008ab00000, 0x000000008ab00000, 0x000000008ac00000|  0%| F|  |TAMS 0x000000008ab00000, 0x000000008ab00000| Untracked 
| 172|0x000000008ac00000, 0x000000008ac00000, 0x000000008ad00000|  0%| F|  |TAMS 0x000000008ac00000, 0x000000008ac00000| Untracked 
| 173|0x000000008ad00000, 0x000000008ad00000, 0x000000008ae00000|  0%| F|  |TAMS 0x000000008ad00000, 0x000000008ad00000| Untracked 
| 174|0x000000008ae00000, 0x000000008ae00000, 0x000000008af00000|  0%| F|  |TAMS 0x000000008ae00000, 0x000000008ae00000| Untracked 
| 175|0x000000008af00000, 0x000000008af00000, 0x000000008b000000|  0%| F|  |TAMS 0x000000008af00000, 0x000000008af00000| Untracked 
| 176|0x000000008b000000, 0x000000008b000000, 0x000000008b100000|  0%| F|  |TAMS 0x000000008b000000, 0x000000008b000000| Untracked 
| 177|0x000000008b100000, 0x000000008b100000, 0x000000008b200000|  0%| F|  |TAMS 0x000000008b100000, 0x000000008b100000| Untracked 
| 178|0x000000008b200000, 0x000000008b200000, 0x000000008b300000|  0%| F|  |TAMS 0x000000008b200000, 0x000000008b200000| Untracked 
| 179|0x000000008b300000, 0x000000008b300000, 0x000000008b400000|  0%| F|  |TAMS 0x000000008b300000, 0x000000008b300000| Untracked 
| 180|0x000000008b400000, 0x000000008b400000, 0x000000008b500000|  0%| F|  |TAMS 0x000000008b400000, 0x000000008b400000| Untracked 
| 181|0x000000008b500000, 0x000000008b500000, 0x000000008b600000|  0%| F|  |TAMS 0x000000008b500000, 0x000000008b500000| Untracked 
| 182|0x000000008b600000, 0x000000008b600000, 0x000000008b700000|  0%| F|  |TAMS 0x000000008b600000, 0x000000008b600000| Untracked 
| 183|0x000000008b700000, 0x000000008b700000, 0x000000008b800000|  0%| F|  |TAMS 0x000000008b700000, 0x000000008b700000| Untracked 
| 184|0x000000008b800000, 0x000000008b800000, 0x000000008b900000|  0%| F|  |TAMS 0x000000008b800000, 0x000000008b800000| Untracked 
| 185|0x000000008b900000, 0x000000008b900000, 0x000000008ba00000|  0%| F|  |TAMS 0x000000008b900000, 0x000000008b900000| Untracked 
| 186|0x000000008ba00000, 0x000000008ba00000, 0x000000008bb00000|  0%| F|  |TAMS 0x000000008ba00000, 0x000000008ba00000| Untracked 
| 187|0x000000008bb00000, 0x000000008bb00000, 0x000000008bc00000|  0%| F|  |TAMS 0x000000008bb00000, 0x000000008bb00000| Untracked 
| 188|0x000000008bc00000, 0x000000008bc00000, 0x000000008bd00000|  0%| F|  |TAMS 0x000000008bc00000, 0x000000008bc00000| Untracked 
| 189|0x000000008bd00000, 0x000000008bd00000, 0x000000008be00000|  0%| F|  |TAMS 0x000000008bd00000, 0x000000008bd00000| Untracked 
| 190|0x000000008be00000, 0x000000008be00000, 0x000000008bf00000|  0%| F|  |TAMS 0x000000008be00000, 0x000000008be00000| Untracked 
| 191|0x000000008bf00000, 0x000000008bf00000, 0x000000008c000000|  0%| F|  |TAMS 0x000000008bf00000, 0x000000008bf00000| Untracked 
| 192|0x000000008c000000, 0x000000008c000000, 0x000000008c100000|  0%| F|  |TAMS 0x000000008c000000, 0x000000008c000000| Untracked 
| 193|0x000000008c100000, 0x000000008c100000, 0x000000008c200000|  0%| F|  |TAMS 0x000000008c100000, 0x000000008c100000| Untracked 
| 194|0x000000008c200000, 0x000000008c200000, 0x000000008c300000|  0%| F|  |TAMS 0x000000008c200000, 0x000000008c200000| Untracked 
| 195|0x000000008c300000, 0x000000008c300000, 0x000000008c400000|  0%| F|  |TAMS 0x000000008c300000, 0x000000008c300000| Untracked 
| 196|0x000000008c400000, 0x000000008c400000, 0x000000008c500000|  0%| F|  |TAMS 0x000000008c400000, 0x000000008c400000| Untracked 
| 197|0x000000008c500000, 0x000000008c500000, 0x000000008c600000|  0%| F|  |TAMS 0x000000008c500000, 0x000000008c500000| Untracked 
| 198|0x000000008c600000, 0x000000008c600000, 0x000000008c700000|  0%| F|  |TAMS 0x000000008c600000, 0x000000008c600000| Untracked 

Card table byte_map: [0x000002cd76ba0000,0x000002cd76fa0000] _byte_map_base: 0x000002cd767a0000

Marking Bits (Prev, Next): (CMBitMap*) 0x000002cd730038c0, (CMBitMap*) 0x000002cd73003880
 Prev Bits: [0x000002cd793a0000, 0x000002cd7b3a0000)
 Next Bits: [0x000002cd773a0000, 0x000002cd793a0000)

Polling page: 0x000002cd70f10000

Metaspace:

Usage:
  Non-class:     94.64 MB used.
      Class:     14.63 MB used.
       Both:    109.27 MB used.

Virtual space:
  Non-class space:       96.00 MB reserved,      95.06 MB (>99%) committed,  12 nodes.
      Class space:        1.00 GB reserved,      15.00 MB (  1%) committed,  1 nodes.
             Both:        1.09 GB reserved,     110.06 MB ( 10%) committed. 

Chunk freelists:
   Non-Class:  480.00 KB
       Class:  976.00 KB
        Both:  1.42 MB

MaxMetaspaceSize: unlimited
CompressedClassSpaceSize: 1.00 GB
Initial GC threshold: 21.00 MB
Current GC threshold: 170.62 MB
CDS: off
MetaspaceReclaimPolicy: balanced
 - commit_granule_bytes: 65536.
 - commit_granule_words: 8192.
 - virtual_space_node_default_size: 1048576.
 - enlarge_chunks_in_place: 1.
 - new_chunks_are_fully_committed: 0.
 - uncommit_free_chunks: 1.
 - use_allocation_guard: 0.
 - handle_deallocations: 1.


Internal statistics:

num_allocs_failed_limit: 6.
num_arena_births: 1102.
num_arena_deaths: 14.
num_vsnodes_births: 13.
num_vsnodes_deaths: 0.
num_space_committed: 1761.
num_space_uncommitted: 0.
num_chunks_returned_to_freelist: 25.
num_chunks_taken_from_freelist: 5285.
num_chunk_merges: 14.
num_chunk_splits: 3528.
num_chunks_enlarged: 2366.
num_purges: 2.
num_inconsistent_stats: 0.

CodeHeap 'non-profiled nmethods': size=120000Kb used=7028Kb max_used=7841Kb free=112971Kb
 bounds [0x000002cd07ad0000, 0x000002cd08290000, 0x000002cd0f000000]
CodeHeap 'profiled nmethods': size=120000Kb used=24241Kb max_used=24699Kb free=95758Kb
 bounds [0x000002cd00000000, 0x000002cd01860000, 0x000002cd07530000]
CodeHeap 'non-nmethods': size=5760Kb used=2393Kb max_used=2482Kb free=3366Kb
 bounds [0x000002cd07530000, 0x000002cd077b0000, 0x000002cd07ad0000]
 total_blobs=13667 nmethods=12737 adapters=842
 compilation: enabled
              stopped_count=0, restarted_count=0
 full_count=0

Compilation events (20 events):
Event: 29.197 Thread 0x000002cd7e858400 nmethod 15246 0x000002cd011f7f10 code [0x000002cd011f80e0, 0x000002cd011f85b8]
Event: 29.197 Thread 0x000002cd7e858400 15247       3       com.android.tools.r8.graph.h4$$Lambda$2062/0x0000000100ee1ee0::apply (8 bytes)
Event: 29.198 Thread 0x000002cd7e858400 nmethod 15247 0x000002cd0096aa90 code [0x000002cd0096ac40, 0x000002cd0096aff8]
Event: 29.198 Thread 0x000002cd7e858400 15251       3       com.android.tools.r8.internal.h7::<init> (10 bytes)
Event: 29.198 Thread 0x000002cd7e858400 nmethod 15251 0x000002cd00b7e610 code [0x000002cd00b7e7c0, 0x000002cd00b7e9b8]
Event: 29.198 Thread 0x000002cd7e858400 15250       3       com.android.tools.r8.graph.h4::c (8 bytes)
Event: 29.198 Thread 0x000002cd7e858400 nmethod 15250 0x000002cd00c11410 code [0x000002cd00c115c0, 0x000002cd00c11818]
Event: 29.198 Thread 0x000002cd7e858400 15243       3       com.android.tools.r8.graph.h4::d (187 bytes)
Event: 29.200 Thread 0x000002cd7e858400 nmethod 15243 0x000002cd015cfe10 code [0x000002cd015d0160, 0x000002cd015d1c08]
Event: 29.200 Thread 0x000002cd7e858400 15249       3       com.android.tools.r8.graph.v::I0 (8 bytes)
Event: 29.201 Thread 0x000002cd7e858400 nmethod 15249 0x000002cd00c11010 code [0x000002cd00c111a0, 0x000002cd00c112e8]
Event: 29.201 Thread 0x000002cd7e858400 15252       3       com.android.tools.r8.graph.h4::a (17 bytes)
Event: 29.201 Thread 0x000002cd7e858400 nmethod 15252 0x000002cd01019510 code [0x000002cd01019740, 0x000002cd0101a2b8]
Event: 29.201 Thread 0x000002cd7e858400 15262       3       com.android.tools.r8.internal.iB::b (35 bytes)
Event: 29.202 Thread 0x000002cd7e858400 nmethod 15262 0x000002cd00ceab90 code [0x000002cd00cead60, 0x000002cd00ceb078]
Event: 29.202 Thread 0x000002cd7e858400 15256       3       com.android.tools.r8.graph.h4::a (956 bytes)
Event: 29.215 Thread 0x000002cd7e858400 nmethod 15256 0x000002cd01845f10 code [0x000002cd01846d40, 0x000002cd018528c8]
Event: 29.215 Thread 0x000002cd7e858400 15257       3       com.android.tools.r8.internal.rx::a (63 bytes)
Event: 29.215 Thread 0x000002cd7e858400 nmethod 15257 0x000002cd010e8390 code [0x000002cd010e8560, 0x000002cd010e8aa8]
Event: 29.215 Thread 0x000002cd7e858400 15260       3       com.android.tools.r8.internal.zH::<init> (25 bytes)

GC Heap History (20 events):
Event: 12.302 GC heap after
{Heap after GC invocations=43 (full 0):
 garbage-first heap   total 202752K, used 88865K [0x0000000080000000, 0x0000000100000000)
  region size 1024K, 2 young (2048K), 2 survivors (2048K)
 Metaspace       used 88572K, committed 89280K, reserved 1130496K
  class space    used 12042K, committed 12352K, reserved 1048576K
}
Event: 12.798 GC heap before
{Heap before GC invocations=43 (full 0):
 garbage-first heap   total 202752K, used 158497K [0x0000000080000000, 0x0000000100000000)
  region size 1024K, 71 young (72704K), 2 survivors (2048K)
 Metaspace       used 89122K, committed 89792K, reserved 1130496K
  class space    used 12079K, committed 12416K, reserved 1048576K
}
Event: 12.805 GC heap after
{Heap after GC invocations=44 (full 0):
 garbage-first heap   total 202752K, used 92219K [0x0000000080000000, 0x0000000100000000)
  region size 1024K, 5 young (5120K), 5 survivors (5120K)
 Metaspace       used 89122K, committed 89792K, reserved 1130496K
  class space    used 12079K, committed 12416K, reserved 1048576K
}
Event: 25.125 GC heap before
{Heap before GC invocations=44 (full 0):
 garbage-first heap   total 202752K, used 160827K [0x0000000080000000, 0x0000000100000000)
  region size 1024K, 73 young (74752K), 5 survivors (5120K)
 Metaspace       used 93611K, committed 94336K, reserved 1130496K
  class space    used 12455K, committed 12800K, reserved 1048576K
}
Event: 25.134 GC heap after
{Heap after GC invocations=45 (full 0):
 garbage-first heap   total 202752K, used 98183K [0x0000000080000000, 0x0000000100000000)
  region size 1024K, 10 young (10240K), 10 survivors (10240K)
 Metaspace       used 93611K, committed 94336K, reserved 1130496K
  class space    used 12455K, committed 12800K, reserved 1048576K
}
Event: 26.100 GC heap before
{Heap before GC invocations=45 (full 0):
 garbage-first heap   total 202752K, used 162695K [0x0000000080000000, 0x0000000100000000)
  region size 1024K, 74 young (75776K), 10 survivors (10240K)
 Metaspace       used 94558K, committed 95296K, reserved 1138688K
  class space    used 12529K, committed 12864K, reserved 1048576K
}
Event: 26.116 GC heap after
{Heap after GC invocations=46 (full 0):
 garbage-first heap   total 202752K, used 104290K [0x0000000080000000, 0x0000000100000000)
  region size 1024K, 7 young (7168K), 7 survivors (7168K)
 Metaspace       used 94558K, committed 95296K, reserved 1138688K
  class space    used 12529K, committed 12864K, reserved 1048576K
}
Event: 26.904 GC heap before
{Heap before GC invocations=46 (full 0):
 garbage-first heap   total 202752K, used 155490K [0x0000000080000000, 0x0000000100000000)
  region size 1024K, 59 young (60416K), 7 survivors (7168K)
 Metaspace       used 101371K, committed 102016K, reserved 1138688K
  class space    used 13410K, committed 13696K, reserved 1048576K
}
Event: 26.911 GC heap after
{Heap after GC invocations=47 (full 0):
 garbage-first heap   total 202752K, used 108031K [0x0000000080000000, 0x0000000100000000)
  region size 1024K, 4 young (4096K), 4 survivors (4096K)
 Metaspace       used 101371K, committed 102016K, reserved 1138688K
  class space    used 13410K, committed 13696K, reserved 1048576K
}
Event: 27.756 GC heap before
{Heap before GC invocations=48 (full 0):
 garbage-first heap   total 203776K, used 167423K [0x0000000080000000, 0x0000000100000000)
  region size 1024K, 61 young (62464K), 4 survivors (4096K)
 Metaspace       used 103833K, committed 104512K, reserved 1146880K
  class space    used 13728K, committed 14016K, reserved 1048576K
}
Event: 27.762 GC heap after
{Heap after GC invocations=49 (full 0):
 garbage-first heap   total 203776K, used 112640K [0x0000000080000000, 0x0000000100000000)
  region size 1024K, 6 young (6144K), 6 survivors (6144K)
 Metaspace       used 103833K, committed 104512K, reserved 1146880K
  class space    used 13728K, committed 14016K, reserved 1048576K
}
Event: 27.779 GC heap before
{Heap before GC invocations=49 (full 0):
 garbage-first heap   total 203776K, used 114688K [0x0000000080000000, 0x0000000100000000)
  region size 1024K, 9 young (9216K), 6 survivors (6144K)
 Metaspace       used 103844K, committed 104576K, reserved 1146880K
  class space    used 13728K, committed 14016K, reserved 1048576K
}
Event: 27.792 GC heap after
{Heap after GC invocations=50 (full 0):
 garbage-first heap   total 203776K, used 108340K [0x0000000080000000, 0x0000000100000000)
  region size 1024K, 1 young (1024K), 1 survivors (1024K)
 Metaspace       used 103844K, committed 104576K, reserved 1146880K
  class space    used 13728K, committed 14016K, reserved 1048576K
}
Event: 28.116 GC heap before
{Heap before GC invocations=50 (full 0):
 garbage-first heap   total 203776K, used 167732K [0x0000000080000000, 0x0000000100000000)
  region size 1024K, 60 young (61440K), 1 survivors (1024K)
 Metaspace       used 103879K, committed 104576K, reserved 1146880K
  class space    used 13728K, committed 14016K, reserved 1048576K
}
Event: 28.118 GC heap after
{Heap after GC invocations=51 (full 0):
 garbage-first heap   total 203776K, used 108611K [0x0000000080000000, 0x0000000100000000)
  region size 1024K, 2 young (2048K), 2 survivors (2048K)
 Metaspace       used 103879K, committed 104576K, reserved 1146880K
  class space    used 13728K, committed 14016K, reserved 1048576K
}
Event: 28.816 GC heap before
{Heap before GC invocations=52 (full 0):
 garbage-first heap   total 203776K, used 169027K [0x0000000080000000, 0x0000000100000000)
  region size 1024K, 62 young (63488K), 2 survivors (2048K)
 Metaspace       used 106885K, committed 107712K, reserved 1146880K
  class space    used 14197K, committed 14592K, reserved 1048576K
}
Event: 28.822 GC heap after
{Heap after GC invocations=53 (full 0):
 garbage-first heap   total 203776K, used 115308K [0x0000000080000000, 0x0000000100000000)
  region size 1024K, 8 young (8192K), 8 survivors (8192K)
 Metaspace       used 106885K, committed 107712K, reserved 1146880K
  class space    used 14197K, committed 14592K, reserved 1048576K
}
Event: 28.835 GC heap before
{Heap before GC invocations=53 (full 0):
 garbage-first heap   total 203776K, used 116332K [0x0000000080000000, 0x0000000100000000)
  region size 1024K, 9 young (9216K), 8 survivors (8192K)
 Metaspace       used 107058K, committed 107840K, reserved 1146880K
  class space    used 14225K, committed 14592K, reserved 1048576K
}
Event: 28.843 GC heap after
{Heap after GC invocations=54 (full 0):
 garbage-first heap   total 203776K, used 113759K [0x0000000080000000, 0x0000000100000000)
  region size 1024K, 1 young (1024K), 1 survivors (1024K)
 Metaspace       used 107058K, committed 107840K, reserved 1146880K
  class space    used 14225K, committed 14592K, reserved 1048576K
}
Event: 29.216 GC heap before
{Heap before GC invocations=54 (full 0):
 garbage-first heap   total 203776K, used 168031K [0x0000000080000000, 0x0000000100000000)
  region size 1024K, 55 young (56320K), 1 survivors (1024K)
 Metaspace       used 111895K, committed 112704K, reserved 1146880K
  class space    used 14981K, committed 15360K, reserved 1048576K
}

Dll operation events (2 events):
Event: 0.007 Loaded shared library C:\Program Files\Android\Android Studio\jbr\bin\java.dll
Event: 0.384 Loaded shared library C:\Program Files\Android\Android Studio\jbr\bin\verify.dll

Deoptimization events (20 events):
Event: 28.787 Thread 0x000002cd17b8aae0 DEOPT PACKING pc=0x000002cd080a12d4 sp=0x000000cf0b8f73b0
Event: 28.787 Thread 0x000002cd17b8aae0 DEOPT UNPACKING pc=0x000002cd075869a3 sp=0x000000cf0b8f7358 mode 2
Event: 29.112 Thread 0x000002cd7f1f0460 Uncommon trap: trap_request=0xffffff45 fr.pc=0x000002cd07b1b084 relative=0x00000000000018c4
Event: 29.112 Thread 0x000002cd7f1f0460 Uncommon trap: reason=unstable_if action=reinterpret pc=0x000002cd07b1b084 method=com.android.tools.r8.utils.t0.e(Ljava/lang/String;)[Ljava/lang/String; @ 27 c2
Event: 29.112 Thread 0x000002cd7f1f0460 DEOPT PACKING pc=0x000002cd07b1b084 sp=0x000000cf08ff9bd0
Event: 29.112 Thread 0x000002cd7f1f0460 DEOPT UNPACKING pc=0x000002cd075869a3 sp=0x000000cf08ff9bb0 mode 2
Event: 29.121 Thread 0x000002cd7f1f0460 Uncommon trap: trap_request=0xffffff45 fr.pc=0x000002cd07d1366c relative=0x00000000000007ac
Event: 29.121 Thread 0x000002cd7f1f0460 Uncommon trap: reason=unstable_if action=reinterpret pc=0x000002cd07d1366c method=com.android.tools.r8.graph.k3.f()V @ 143 c2
Event: 29.121 Thread 0x000002cd7f1f0460 DEOPT PACKING pc=0x000002cd07d1366c sp=0x000000cf08ff9910
Event: 29.121 Thread 0x000002cd7f1f0460 DEOPT UNPACKING pc=0x000002cd075869a3 sp=0x000000cf08ff9900 mode 2
Event: 29.124 Thread 0x000002cd7f1f0460 DEOPT PACKING pc=0x000002cd01830af4 sp=0x000000cf08ffa170
Event: 29.124 Thread 0x000002cd7f1f0460 DEOPT UNPACKING pc=0x000002cd07587143 sp=0x000000cf08ff9aa8 mode 0
Event: 29.137 Thread 0x000002cd1797de20 Uncommon trap: trap_request=0xffffff45 fr.pc=0x000002cd07bf914c relative=0x0000000000000bec
Event: 29.137 Thread 0x000002cd1797de20 Uncommon trap: reason=unstable_if action=reinterpret pc=0x000002cd07bf914c method=java.util.WeakHashMap.remove(Ljava/lang/Object;)Ljava/lang/Object; @ 92 c2
Event: 29.137 Thread 0x000002cd1797de20 DEOPT PACKING pc=0x000002cd07bf914c sp=0x000000cf0a6f6260
Event: 29.137 Thread 0x000002cd1797de20 DEOPT UNPACKING pc=0x000002cd075869a3 sp=0x000000cf0a6f6210 mode 2
Event: 29.148 Thread 0x000002cd7f1f0460 DEOPT PACKING pc=0x000002cd00515a43 sp=0x000000cf08ffa5b0
Event: 29.148 Thread 0x000002cd7f1f0460 DEOPT UNPACKING pc=0x000002cd07587143 sp=0x000000cf08ff9a90 mode 0
Event: 29.164 Thread 0x000002cd7f1f0460 DEOPT PACKING pc=0x000002cd00515a43 sp=0x000000cf08ffa6b0
Event: 29.164 Thread 0x000002cd7f1f0460 DEOPT UNPACKING pc=0x000002cd07587143 sp=0x000000cf08ff9b90 mode 0

Classes unloaded (7 events):
Event: 27.053 Thread 0x000002cd7de13160 Unloading class 0x0000000100c09c00 'java/lang/invoke/LambdaForm$DMH+0x0000000100c09c00'
Event: 27.053 Thread 0x000002cd7de13160 Unloading class 0x0000000100c09800 'java/lang/invoke/LambdaForm$DMH+0x0000000100c09800'
Event: 27.053 Thread 0x000002cd7de13160 Unloading class 0x0000000100c09400 'java/lang/invoke/LambdaForm$DMH+0x0000000100c09400'
Event: 27.053 Thread 0x000002cd7de13160 Unloading class 0x0000000100c09000 'java/lang/invoke/LambdaForm$DMH+0x0000000100c09000'
Event: 27.053 Thread 0x000002cd7de13160 Unloading class 0x0000000100c08c00 'java/lang/invoke/LambdaForm$DMH+0x0000000100c08c00'
Event: 27.053 Thread 0x000002cd7de13160 Unloading class 0x0000000100c08800 'java/lang/invoke/LambdaForm$DMH+0x0000000100c08800'
Event: 27.053 Thread 0x000002cd7de13160 Unloading class 0x0000000100c08000 'java/lang/invoke/LambdaForm$DMH+0x0000000100c08000'

Classes redefined (0 events):
No events

Internal exceptions (20 events):
Event: 28.637 Thread 0x000002cd7f1f0460 Exception <a 'sun/nio/fs/WindowsException'{0x0000000089569e10}> (0x0000000089569e10) 
thrown [s\src\hotspot\share\prims\jni.cpp, line 517]
Event: 28.849 Thread 0x000002cd179831b0 Exception <a 'java/lang/NoSuchMethodError'{0x000000008c6bfd00}: 'java.lang.Object java.lang.invoke.DirectMethodHandle$Holder.invokeStaticInit(java.lang.Object, java.lang.Object, java.lang.Object, java.lang.Object, java.lang.Object, java.lang.Object, java.lang.Object, java.lang.Object, java.lang.Object, java.lang.Object, java.lang.Object, java.lang.Object, java.lang.Object, java.lang.Object, java.lang.Object, java.lang.Object, java.lang.Object, java.lang.Object, java.lang.Object, int, java.lang.Object, java
Event: 28.883 Thread 0x000002cd179831b0 Exception <a 'java/lang/IncompatibleClassChangeError'{0x000000008c409850}: Found class java.lang.Object, but interface was expected> (0x000000008c409850) 
thrown [s\src\hotspot\share\interpreter\linkResolver.cpp, line 838]
Event: 28.883 Thread 0x000002cd1797de20 Exception <a 'java/lang/IncompatibleClassChangeError'{0x000000008c328508}: Found class java.lang.Object, but interface was expected> (0x000000008c328508) 
thrown [s\src\hotspot\share\interpreter\linkResolver.cpp, line 838]
Event: 28.883 Thread 0x000002cd17b8aae0 Exception <a 'java/lang/IncompatibleClassChangeError'{0x000000008c466e38}: Found class java.lang.Object, but interface was expected> (0x000000008c466e38) 
thrown [s\src\hotspot\share\interpreter\linkResolver.cpp, line 838]
Event: 28.883 Thread 0x000002cd17983b50 Exception <a 'java/lang/IncompatibleClassChangeError'{0x000000008c4eb2c0}: Found class java.lang.Object, but interface was expected> (0x000000008c4eb2c0) 
thrown [s\src\hotspot\share\interpreter\linkResolver.cpp, line 838]
Event: 28.883 Thread 0x000002cd7f1f0460 Exception <a 'java/lang/IncompatibleClassChangeError'{0x000000008c313850}: Found class java.lang.Object, but interface was expected> (0x000000008c313850) 
thrown [s\src\hotspot\share\interpreter\linkResolver.cpp, line 838]
Event: 28.898 Thread 0x000002cd196b9310 Exception <a 'java/lang/NoSuchMethodError'{0x000000008c1033c8}: 'java.lang.Object java.lang.invoke.DirectMethodHandle$Holder.newInvokeSpecial(java.lang.Object, java.lang.Object, int, java.lang.Object, java.lang.Object)'> (0x000000008c1033c8) 
thrown [s\src\hotspot\share\interpreter\linkResolver.cpp, line 771]
Event: 28.922 Thread 0x000002cd196b9310 Exception <a 'java/lang/NoSuchMethodError'{0x000000008c1e56a8}: 'java.lang.Object java.lang.invoke.DirectMethodHandle$Holder.newInvokeSpecial(java.lang.Object, long)'> (0x000000008c1e56a8) 
thrown [s\src\hotspot\share\interpreter\linkResolver.cpp, line 771]
Event: 29.112 Thread 0x000002cd7f1f2610 Exception <a 'java/lang/NoSuchMethodError'{0x000000008a6bed78}: 'void java.lang.invoke.DirectMethodHandle$Holder.invokeStatic(java.lang.Object, java.lang.Object, java.lang.Object, int)'> (0x000000008a6bed78) 
thrown [s\src\hotspot\share\interpreter\linkResolver.cpp, line 771]
Event: 29.112 Thread 0x000002cd196b9310 Exception <a 'java/lang/NoSuchMethodError'{0x000000008a2a3228}: 'void java.lang.invoke.DirectMethodHandle$Holder.invokeStatic(java.lang.Object, java.lang.Object, java.lang.Object, int)'> (0x000000008a2a3228) 
thrown [s\src\hotspot\share\interpreter\linkResolver.cpp, line 771]
Event: 29.112 Thread 0x000002cd1797de20 Exception <a 'java/lang/NoSuchMethodError'{0x000000008a2eb508}: 'void java.lang.invoke.DirectMethodHandle$Holder.invokeStatic(java.lang.Object, java.lang.Object, java.lang.Object, int)'> (0x000000008a2eb508) 
thrown [s\src\hotspot\share\interpreter\linkResolver.cpp, line 771]
Event: 29.112 Thread 0x000002cd7f1f2ae0 Exception <a 'java/lang/NoSuchMethodError'{0x000000008a4b7098}: 'void java.lang.invoke.DirectMethodHandle$Holder.invokeStatic(java.lang.Object, java.lang.Object, java.lang.Object, int)'> (0x000000008a4b7098) 
thrown [s\src\hotspot\share\interpreter\linkResolver.cpp, line 771]
Event: 29.112 Thread 0x000002cd17983b50 Exception <a 'java/lang/NoSuchMethodError'{0x000000008a2982f8}: 'void java.lang.invoke.DirectMethodHandle$Holder.invokeStatic(java.lang.Object, java.lang.Object, java.lang.Object, int)'> (0x000000008a2982f8) 
thrown [s\src\hotspot\share\interpreter\linkResolver.cpp, line 771]
Event: 29.112 Thread 0x000002cd17b8aae0 Exception <a 'java/lang/NoSuchMethodError'{0x000000008a2d7c50}: 'void java.lang.invoke.DirectMethodHandle$Holder.invokeStatic(java.lang.Object, java.lang.Object, java.lang.Object, int)'> (0x000000008a2d7c50) 
thrown [s\src\hotspot\share\interpreter\linkResolver.cpp, line 771]
Event: 29.112 Thread 0x000002cd179831b0 Exception <a 'java/lang/NoSuchMethodError'{0x000000008a2bfde8}: 'void java.lang.invoke.DirectMethodHandle$Holder.invokeStatic(java.lang.Object, java.lang.Object, java.lang.Object, int)'> (0x000000008a2bfde8) 
thrown [s\src\hotspot\share\interpreter\linkResolver.cpp, line 771]
Event: 29.113 Thread 0x000002cd1797de20 Exception <a 'java/lang/IncompatibleClassChangeError'{0x000000008a146028}: Found class java.lang.Object, but interface was expected> (0x000000008a146028) 
thrown [s\src\hotspot\share\interpreter\linkResolver.cpp, line 838]
Event: 29.113 Thread 0x000002cd17b8aae0 Exception <a 'java/lang/IncompatibleClassChangeError'{0x000000008a2df738}: Found class java.lang.Object, but interface was expected> (0x000000008a2df738) 
thrown [s\src\hotspot\share\interpreter\linkResolver.cpp, line 838]
Event: 29.113 Thread 0x000002cd7f1f2ae0 Exception <a 'java/lang/IncompatibleClassChangeError'{0x000000008a4be388}: Found class java.lang.Object, but interface was expected> (0x000000008a4be388) 
thrown [s\src\hotspot\share\interpreter\linkResolver.cpp, line 838]
Event: 29.113 Thread 0x000002cd179831b0 Exception <a 'java/lang/IncompatibleClassChangeError'{0x000000008a2c7118}: Found class java.lang.Object, but interface was expected> (0x000000008a2c7118) 
thrown [s\src\hotspot\share\interpreter\linkResolver.cpp, line 838]

VM Operations (20 events):
Event: 28.747 Executing VM operation: HandshakeAllThreads done
Event: 28.815 Executing VM operation: G1CollectForAllocation
Event: 28.823 Executing VM operation: G1CollectForAllocation done
Event: 28.835 Executing VM operation: G1CollectForAllocation
Event: 28.843 Executing VM operation: G1CollectForAllocation done
Event: 28.859 Executing VM operation: HandshakeAllThreads
Event: 28.859 Executing VM operation: HandshakeAllThreads done
Event: 28.907 Executing VM operation: HandshakeAllThreads
Event: 28.907 Executing VM operation: HandshakeAllThreads done
Event: 29.124 Executing VM operation: HandshakeAllThreads
Event: 29.124 Executing VM operation: HandshakeAllThreads done
Event: 29.150 Executing VM operation: HandshakeAllThreads
Event: 29.150 Executing VM operation: HandshakeAllThreads done
Event: 29.170 Executing VM operation: HandshakeAllThreads
Event: 29.171 Executing VM operation: HandshakeAllThreads done
Event: 29.173 Executing VM operation: HandshakeAllThreads
Event: 29.173 Executing VM operation: HandshakeAllThreads done
Event: 29.175 Executing VM operation: HandshakeAllThreads
Event: 29.176 Executing VM operation: HandshakeAllThreads done
Event: 29.215 Executing VM operation: G1CollectForAllocation

Events (20 events):
Event: 28.770 Thread 0x000002cd7e85aa50 flushing nmethod 0x000002cd016a2490
Event: 28.770 Thread 0x000002cd7e85aa50 flushing nmethod 0x000002cd016ae990
Event: 28.770 Thread 0x000002cd7e85aa50 flushing nmethod 0x000002cd016b8e10
Event: 28.770 Thread 0x000002cd7e85aa50 flushing nmethod 0x000002cd016ef290
Event: 28.770 Thread 0x000002cd7e85aa50 flushing nmethod 0x000002cd016f7510
Event: 28.770 Thread 0x000002cd7e85aa50 flushing nmethod 0x000002cd016fdf10
Event: 28.770 Thread 0x000002cd7e85aa50 flushing nmethod 0x000002cd016fe910
Event: 28.770 Thread 0x000002cd7e85aa50 flushing nmethod 0x000002cd01700e90
Event: 28.770 Thread 0x000002cd7e85aa50 flushing nmethod 0x000002cd01701710
Event: 28.770 Thread 0x000002cd7e85aa50 flushing nmethod 0x000002cd01702610
Event: 28.770 Thread 0x000002cd7e85aa50 flushing nmethod 0x000002cd01702f90
Event: 28.770 Thread 0x000002cd7e85aa50 flushing nmethod 0x000002cd01703f10
Event: 28.770 Thread 0x000002cd7e85aa50 flushing nmethod 0x000002cd01709d10
Event: 28.770 Thread 0x000002cd7e85aa50 flushing nmethod 0x000002cd0170a090
Event: 28.770 Thread 0x000002cd7e85aa50 flushing nmethod 0x000002cd0171d210
Event: 28.770 Thread 0x000002cd7e85aa50 flushing nmethod 0x000002cd01736690
Event: 28.771 Thread 0x000002cd7e85aa50 flushing nmethod 0x000002cd017d5710
Event: 28.771 Thread 0x000002cd7e85aa50 flushing nmethod 0x000002cd017d8f90
Event: 28.880 loading class java/lang/reflect/GenericSignatureFormatError
Event: 28.880 loading class java/lang/reflect/GenericSignatureFormatError done


Dynamic libraries:
0x00007ff601680000 - 0x00007ff60168a000 	C:\Program Files\Android\Android Studio\jbr\bin\java.exe
0x00007ffcbb330000 - 0x00007ffcbb544000 	C:\WINDOWS\SYSTEM32\ntdll.dll
0x00007ffcb9a30000 - 0x00007ffcb9af2000 	C:\WINDOWS\System32\KERNEL32.DLL
0x00007ffcb8a00000 - 0x00007ffcb8da3000 	C:\WINDOWS\System32\KERNELBASE.dll
0x00007ffcb8db0000 - 0x00007ffcb8ec1000 	C:\WINDOWS\System32\ucrtbase.dll
0x00007ffca0730000 - 0x00007ffca0747000 	C:\Program Files\Android\Android Studio\jbr\bin\jli.dll
0x00007ffca0710000 - 0x00007ffca072b000 	C:\Program Files\Android\Android Studio\jbr\bin\VCRUNTIME140.dll
0x00007ffcb9e90000 - 0x00007ffcba03b000 	C:\WINDOWS\System32\USER32.dll
0x00007ffcb8750000 - 0x00007ffcb8776000 	C:\WINDOWS\System32\win32u.dll
0x00007ffc9f6e0000 - 0x00007ffc9f96e000 	C:\WINDOWS\WinSxS\amd64_microsoft.windows.common-controls_6595b64144ccf1df_6.0.22621.1635_none_270f70857386168e\COMCTL32.dll
0x00007ffcb9830000 - 0x00007ffcb9859000 	C:\WINDOWS\System32\GDI32.dll
0x00007ffcb9980000 - 0x00007ffcb9a27000 	C:\WINDOWS\System32\msvcrt.dll
0x00007ffcb8ed0000 - 0x00007ffcb8fe8000 	C:\WINDOWS\System32\gdi32full.dll
0x00007ffcb8780000 - 0x00007ffcb881a000 	C:\WINDOWS\System32\msvcp_win.dll
0x00007ffcb9bb0000 - 0x00007ffcb9be1000 	C:\WINDOWS\System32\IMM32.DLL
0x00007ffca0700000 - 0x00007ffca070c000 	C:\Program Files\Android\Android Studio\jbr\bin\vcruntime140_1.dll
0x00007ffca0670000 - 0x00007ffca06fd000 	C:\Program Files\Android\Android Studio\jbr\bin\msvcp140.dll
0x00007ffc55650000 - 0x00007ffc562bd000 	C:\Program Files\Android\Android Studio\jbr\bin\server\jvm.dll
0x00007ffcb9de0000 - 0x00007ffcb9e8e000 	C:\WINDOWS\System32\ADVAPI32.dll
0x00007ffcbb1e0000 - 0x00007ffcbb284000 	C:\WINDOWS\System32\sechost.dll
0x00007ffcba200000 - 0x00007ffcba317000 	C:\WINDOWS\System32\RPCRT4.dll
0x00007ffcb2c30000 - 0x00007ffcb2c39000 	C:\WINDOWS\SYSTEM32\WSOCK32.dll
0x00007ffcb0150000 - 0x00007ffcb0184000 	C:\WINDOWS\SYSTEM32\WINMM.dll
0x00007ffca8f50000 - 0x00007ffca8f5a000 	C:\WINDOWS\SYSTEM32\VERSION.dll
0x00007ffcb9cf0000 - 0x00007ffcb9d61000 	C:\WINDOWS\System32\WS2_32.dll
0x00007ffcb7890000 - 0x00007ffcb78a8000 	C:\WINDOWS\SYSTEM32\kernel.appcore.dll
0x00007ffc9e9d0000 - 0x00007ffc9e9da000 	C:\Program Files\Android\Android Studio\jbr\bin\jimage.dll
0x00007ffcb5ad0000 - 0x00007ffcb5cfe000 	C:\WINDOWS\SYSTEM32\DBGHELP.DLL
0x00007ffcba510000 - 0x00007ffcba899000 	C:\WINDOWS\System32\combase.dll
0x00007ffcba900000 - 0x00007ffcba9d7000 	C:\WINDOWS\System32\OLEAUT32.dll
0x00007ffc96e10000 - 0x00007ffc96e42000 	C:\WINDOWS\SYSTEM32\dbgcore.DLL
0x00007ffcb8ff0000 - 0x00007ffcb906b000 	C:\WINDOWS\System32\bcryptPrimitives.dll
0x00007ffc99050000 - 0x00007ffc99075000 	C:\Program Files\Android\Android Studio\jbr\bin\java.dll
0x00007ffc9e9b0000 - 0x00007ffc9e9c8000 	C:\Program Files\Android\Android Studio\jbr\bin\zip.dll
0x00007ffcba9e0000 - 0x00007ffcbb1da000 	C:\WINDOWS\System32\SHELL32.dll
0x00007ffcb6760000 - 0x00007ffcb702e000 	C:\WINDOWS\SYSTEM32\windows.storage.dll
0x00007ffcb6620000 - 0x00007ffcb675e000 	C:\WINDOWS\SYSTEM32\wintypes.dll
0x00007ffcba320000 - 0x00007ffcba411000 	C:\WINDOWS\System32\SHCORE.dll
0x00007ffcba4b0000 - 0x00007ffcba50e000 	C:\WINDOWS\System32\shlwapi.dll
0x00007ffcb8680000 - 0x00007ffcb86a1000 	C:\WINDOWS\SYSTEM32\profapi.dll
0x00007ffc9b430000 - 0x00007ffc9b449000 	C:\Program Files\Android\Android Studio\jbr\bin\net.dll
0x00007ffcb0dc0000 - 0x00007ffcb0ef7000 	C:\WINDOWS\SYSTEM32\WINHTTP.dll
0x00007ffcb7d00000 - 0x00007ffcb7d69000 	C:\WINDOWS\system32\mswsock.dll
0x00007ffc99030000 - 0x00007ffc99046000 	C:\Program Files\Android\Android Studio\jbr\bin\nio.dll
0x00007ffc99010000 - 0x00007ffc99020000 	C:\Program Files\Android\Android Studio\jbr\bin\verify.dll
0x00007ffca0750000 - 0x00007ffca0777000 	C:\Users\bssus\.gradle\native\68d5fa5c4cc2d200863cafc0d521ce42e7d3e7ee720ec0a83991735586a16f82\windows-amd64\native-platform.dll
0x00007ffc55500000 - 0x00007ffc55644000 	C:\Users\bssus\.gradle\native\e376f236ea51e6404a007f0833ffe2c6e607c4080706a723a18a27aeea778392\windows-amd64\native-platform-file-events.dll
0x00007ffc9ae10000 - 0x00007ffc9ae19000 	C:\Program Files\Android\Android Studio\jbr\bin\management.dll
0x00007ffc99020000 - 0x00007ffc9902b000 	C:\Program Files\Android\Android Studio\jbr\bin\management_ext.dll
0x00007ffcba420000 - 0x00007ffcba428000 	C:\WINDOWS\System32\PSAPI.DLL
0x00007ffcb7f70000 - 0x00007ffcb7f8b000 	C:\WINDOWS\SYSTEM32\CRYPTSP.dll
0x00007ffcb7800000 - 0x00007ffcb7835000 	C:\WINDOWS\system32\rsaenh.dll
0x00007ffcb7e00000 - 0x00007ffcb7e28000 	C:\WINDOWS\SYSTEM32\USERENV.dll
0x00007ffcb8100000 - 0x00007ffcb8128000 	C:\WINDOWS\SYSTEM32\bcrypt.dll
0x00007ffcb7f60000 - 0x00007ffcb7f6c000 	C:\WINDOWS\SYSTEM32\CRYPTBASE.dll
0x00007ffcb7300000 - 0x00007ffcb732d000 	C:\WINDOWS\SYSTEM32\IPHLPAPI.DLL
0x00007ffcba050000 - 0x00007ffcba059000 	C:\WINDOWS\System32\NSI.dll
0x00007ffcb0ba0000 - 0x00007ffcb0bb9000 	C:\WINDOWS\SYSTEM32\dhcpcsvc6.DLL
0x00007ffcb0ae0000 - 0x00007ffcb0aff000 	C:\WINDOWS\SYSTEM32\dhcpcsvc.DLL
0x00007ffcb7370000 - 0x00007ffcb7463000 	C:\WINDOWS\SYSTEM32\DNSAPI.dll
0x00007ffc84130000 - 0x00007ffc84138000 	C:\WINDOWS\system32\wshunix.dll

dbghelp: loaded successfully - version: 4.0.5 - missing functions: none
symbol engine: initialized successfully - sym options: 0x614 - pdb path: .;C:\Program Files\Android\Android Studio\jbr\bin;C:\WINDOWS\SYSTEM32;C:\WINDOWS\WinSxS\amd64_microsoft.windows.common-controls_6595b64144ccf1df_6.0.22621.1635_none_270f70857386168e;C:\Program Files\Android\Android Studio\jbr\bin\server;C:\Users\bssus\.gradle\native\68d5fa5c4cc2d200863cafc0d521ce42e7d3e7ee720ec0a83991735586a16f82\windows-amd64;C:\Users\bssus\.gradle\native\e376f236ea51e6404a007f0833ffe2c6e607c4080706a723a18a27aeea778392\windows-amd64

VM Arguments:
jvm_args: --add-opens=java.base/java.util=ALL-UNNAMED --add-opens=java.base/java.lang=ALL-UNNAMED --add-opens=java.base/java.lang.invoke=ALL-UNNAMED --add-opens=java.prefs/java.util.prefs=ALL-UNNAMED --add-opens=java.base/java.nio.charset=ALL-UNNAMED --add-opens=java.base/java.net=ALL-UNNAMED --add-opens=java.base/java.util.concurrent.atomic=ALL-UNNAMED -Xmx2048m -Dfile.encoding=UTF-8 -Duser.country=IN -Duser.language=en -Duser.variant 
java_command: org.gradle.launcher.daemon.bootstrap.GradleDaemon 8.0
java_class_path (initial): C:\Users\bssus\.gradle\wrapper\dists\gradle-8.0-bin\ca5e32bp14vu59qr306oxotwh\gradle-8.0\lib\gradle-launcher-8.0.jar
Launcher Type: SUN_STANDARD

[Global flags]
     intx CICompilerCount                          = 4                                         {product} {ergonomic}
     uint ConcGCThreads                            = 2                                         {product} {ergonomic}
     uint G1ConcRefinementThreads                  = 8                                         {product} {ergonomic}
   size_t G1HeapRegionSize                         = 1048576                                   {product} {ergonomic}
    uintx GCDrainStackTargetSize                   = 64                                        {product} {ergonomic}
   size_t InitialHeapSize                          = 132120576                                 {product} {ergonomic}
   size_t MarkStackSize                            = 4194304                                   {product} {ergonomic}
   size_t MaxHeapSize                              = 2147483648                                {product} {command line}
   size_t MaxNewSize                               = 1287651328                                {product} {ergonomic}
   size_t MinHeapDeltaBytes                        = 1048576                                   {product} {ergonomic}
   size_t MinHeapSize                              = 8388608                                   {product} {ergonomic}
    uintx NonNMethodCodeHeapSize                   = 5839372                                {pd product} {ergonomic}
    uintx NonProfiledCodeHeapSize                  = 122909434                              {pd product} {ergonomic}
    uintx ProfiledCodeHeapSize                     = 122909434                              {pd product} {ergonomic}
    uintx ReservedCodeCacheSize                    = 251658240                              {pd product} {ergonomic}
     bool SegmentedCodeCache                       = true                                      {product} {ergonomic}
   size_t SoftMaxHeapSize                          = 2147483648                             {manageable} {ergonomic}
     bool UseCompressedClassPointers               = true                           {product lp64_product} {ergonomic}
     bool UseCompressedOops                        = true                           {product lp64_product} {ergonomic}
     bool UseG1GC                                  = true                                      {product} {ergonomic}
     bool UseLargePagesIndividualAllocation        = false                                  {pd product} {ergonomic}

Logging:
Log output configuration:
 #0: stdout all=warning uptime,level,tags
 #1: stderr all=off uptime,level,tags

Environment Variables:
PATH=C:\Windows\system32;C:\Windows;C:\Windows\System32\Wbem;C:\Windows\System32\WindowsPowerShell\v1.0\;C:\Windows\System32\OpenSSH\;C:\Program Files (x86)\NVIDIA Corporation\PhysX\Common;C:\Program Files\NVIDIA Corporation\NVIDIA NvDLISR;C:\WINDOWS\system32;C:\WINDOWS;C:\WINDOWS\System32\Wbem;C:\WINDOWS\System32\WindowsPowerShell\v1.0\;C:\WINDOWS\System32\OpenSSH\;C:\MinGW\bin;C:\Users\bssus\AppData\Local\Microsoft\WindowsApps;;C:\Users\bssus\AppData\Local\Programs\Microsoft VS Code\bin
USERNAME=bssus
OS=Windows_NT
PROCESSOR_IDENTIFIER=Intel64 Family 6 Model 165 Stepping 2, GenuineIntel
TMP=C:\Users\bssus\AppData\Local\Temp
TEMP=C:\Users\bssus\AppData\Local\Temp



---------------  S Y S T E M  ---------------

OS:
 Windows 11 , 64 bit Build 22621 (10.0.22621.1635)
OS uptime: 0 days 0:07 hours

CPU: total 8 (initial active 8) (4 cores per cpu, 2 threads per core) family 6 model 165 stepping 2 microcode 0xe0, cx8, cmov, fxsr, ht, mmx, 3dnowpref, sse, sse2, sse3, ssse3, sse4.1, sse4.2, popcnt, lzcnt, tsc, tscinvbit, avx, avx2, aes, erms, clmul, bmi1, bmi2, adx, fma, vzeroupper, clflush, clflushopt

Memory: 4k page, system-wide physical 8029M (2115M free)
TotalPageFile size 8029M (AvailPageFile size 341M)
current process WorkingSet (physical memory assigned to process): 516M, peak: 517M
current process commit charge ("private bytes"): 553M, peak: 951M

vm_info: OpenJDK 64-Bit Server VM (17.0.6+0-b2043.56-9586694) for windows-amd64 JRE (17.0.6+0-b2043.56-9586694), built on Feb  9 2023 20:06:20 by "androidbuild" with MS VC++ 16.10 / 16.11 (VS2019)

END.
