#
# There is insufficient memory for the Java Runtime Environment to continue.
# Native memory allocation (malloc) failed to allocate 1591936 bytes for Chunk::new
# Possible reasons:
#   The system is out of physical RAM or swap space
#   The process is running with CompressedOops enabled, and the Java Heap may be blocking the growth of the native heap
# Possible solutions:
#   Reduce memory load on the system
#   Increase physical memory or swap space
#   Check if swap backing store is full
#   Decrease Java heap size (-Xmx/-Xms)
#   Decrease number of Java threads
#   Decrease Java thread stack sizes (-Xss)
#   Set larger code cache with -XX:ReservedCodeCacheSize=
#   JVM is running with Unscaled Compressed Oops mode in which the Java heap is
#     placed in the first 4GB address space. The Java Heap base address is the
#     maximum limit for the native heap growth. Please use -XX:HeapBaseMinAddress
#     to set the Java Heap base and to place the Java Heap above 4GB virtual address.
# This output file may be truncated or incomplete.
#
#  Out of Memory Error (arena.cpp:189), pid=8444, tid=8324
#
# JRE version: OpenJDK Runtime Environment (17.0.6) (build 17.0.6+0-b2043.56-9586694)
# Java VM: OpenJDK 64-Bit Server VM (17.0.6+0-b2043.56-9586694, mixed mode, tiered, compressed oops, compressed class ptrs, g1 gc, windows-amd64)
# No core dump will be written. Minidumps are not enabled by default on client versions of Windows
#

---------------  S U M M A R Y ------------

Command Line: --add-opens=java.base/java.util=ALL-UNNAMED --add-opens=java.base/java.lang=ALL-UNNAMED --add-opens=java.base/java.lang.invoke=ALL-UNNAMED --add-opens=java.prefs/java.util.prefs=ALL-UNNAMED --add-opens=java.base/java.nio.charset=ALL-UNNAMED --add-opens=java.base/java.net=ALL-UNNAMED --add-opens=java.base/java.util.concurrent.atomic=ALL-UNNAMED -Xmx2048m -Dfile.encoding=UTF-8 -Duser.country=IN -Duser.language=en -Duser.variant org.gradle.launcher.daemon.bootstrap.GradleDaemon 8.0

Host: Intel(R) Core(TM) i5-10200H CPU @ 2.40GHz, 8 cores, 7G,  Windows 11 , 64 bit Build 22621 (10.0.22621.1635)
Time: Mon May 22 21:30:18 2023 India Standard Time elapsed time: 53.933628 seconds (0d 0h 0m 53s)

---------------  T H R E A D  ---------------

Current thread (0x00000155b8c3ae10):  JavaThread "C2 CompilerThread0" daemon [_thread_in_native, id=8324, stack(0x000000425cf00000,0x000000425d000000)]


Current CompileTask:
C2:  53933 16282       4       org.gradle.internal.file.FileHierarchySet$Node::plus (337 bytes)

Stack: [0x000000425cf00000,0x000000425d000000]
Native frames: (J=compiled Java code, j=interpreted, Vv=VM code, C=native code)
V  [jvm.dll+0x683b4a]
V  [jvm.dll+0x842654]
V  [jvm.dll+0x843dfe]
V  [jvm.dll+0x844463]
V  [jvm.dll+0x249b75]
V  [jvm.dll+0xabcac]
V  [jvm.dll+0xac27c]
V  [jvm.dll+0x368857]
V  [jvm.dll+0x332f31]
V  [jvm.dll+0x3323da]
V  [jvm.dll+0x21c201]
V  [jvm.dll+0x21b621]
V  [jvm.dll+0x1a4fdd]
V  [jvm.dll+0x22b098]
V  [jvm.dll+0x229159]
V  [jvm.dll+0x7f809c]
V  [jvm.dll+0x7f25fa]
V  [jvm.dll+0x682985]
C  [ucrtbase.dll+0x29363]
C  [KERNEL32.DLL+0x126ad]
C  [ntdll.dll+0x5a9f8]


---------------  P R O C E S S  ---------------

Threads class SMR info:
_java_thread_list=0x00000155be8160f0, length=159, elements={
0x000001559e549450, 0x00000155b83c30b0, 0x00000155b83c3a60, 0x00000155b8c2a3d0,
0x00000155b8c2ad80, 0x00000155b8c39780, 0x00000155b8c3a130, 0x00000155b8c3ae10,
0x00000155b8c3f5d0, 0x00000155b8c410f0, 0x00000155b8de6020, 0x00000155b8de64f0,
0x00000155bbc489d0, 0x00000155b9f73440, 0x00000155ba7adff0, 0x00000155b9ec76c0,
0x00000155bbd34f80, 0x00000155ba062920, 0x00000155ba062df0, 0x00000155ba061110,
0x00000155ba063790, 0x00000155ba0632c0, 0x00000155ba064ad0, 0x00000155bd01e4b0,
0x00000155bd01f7f0, 0x00000155bd01dfe0, 0x00000155bd01cca0, 0x00000155bd01d170,
0x00000155bd01ee50, 0x00000155bf3a36f0, 0x00000155bf3a3220, 0x00000155bf3a3bc0,
0x00000155bf3a2d50, 0x00000155c02cfaf0, 0x00000155c02d0490, 0x00000155bbd723e0,
0x00000155b91fba00, 0x00000155c4c6fb10, 0x00000155c02cf620, 0x00000155c4c6ffe0,
0x00000155c30befc0, 0x00000155c4c6e7d0, 0x00000155b9eb71f0, 0x00000155b9eb76c0,
0x00000155b9eb7b90, 0x00000155b9eb8060, 0x00000155b9eb8530, 0x00000155bf429aa0,
0x00000155bf429fb0, 0x00000155c00a4870, 0x00000155c00a43a0, 0x00000155c00a3530,
0x00000155c00a3060, 0x00000155c00a3a00, 0x00000155b9eb6d20, 0x00000155bcc9a530,
0x00000155bcc9d550, 0x00000155bcc9a060, 0x00000155bcc9b3a0, 0x00000155bcc9c210,
0x00000155bcc9cbb0, 0x00000155bcc9aed0, 0x00000155bcc9bd40, 0x00000155bcc9b870,
0x00000155bcc9d080, 0x00000155bcc9da20, 0x00000155bcc9aa00, 0x00000155bcc9c6e0,
0x00000155b8ca59d0, 0x00000155b8ca5500, 0x00000155b8ca5030, 0x00000155b8ca5ea0,
0x00000155b8ca6370, 0x00000155b8ca4b60, 0x00000155bcd70210, 0x00000155bcd6f870,
0x00000155bcd6e060, 0x00000155bcd6eed0, 0x00000155bcd6fd40, 0x00000155bcd6f3a0,
0x00000155bcd706e0, 0x00000155bcd70bb0, 0x00000155b9992d40, 0x00000155b9994550,
0x00000155b99901f0, 0x00000155b9995890, 0x00000155b9996230, 0x00000155b99936e0,
0x00000155b9995d60, 0x00000155b9997570, 0x00000155b9996700, 0x00000155b99953c0,
0x00000155b9996bd0, 0x00000155b99970a0, 0x00000155b99923a0, 0x00000155b9993210,
0x00000155b9994a20, 0x00000155b9994ef0, 0x00000155b9992870, 0x00000155b9991ed0,
0x00000155b9993bb0, 0x00000155b9997a40, 0x00000155b99906c0, 0x00000155b9990b90,
0x00000155b9994080, 0x00000155b9991a00, 0x00000155b9991060, 0x00000155ba064600,
0x00000155ba063c60, 0x00000155ba0615e0, 0x00000155ba061ab0, 0x00000155ba061f80,
0x00000155ba064130, 0x00000155ba062450, 0x00000155c02d17d0, 0x00000155c02d2170,
0x00000155c02cf150, 0x00000155c02d0e30, 0x00000155c02d1300, 0x00000155c02ce7b0,
0x00000155bf3a4560, 0x00000155bf3a1070, 0x00000155bf3a1a10, 0x00000155bf3a1ee0,
0x00000155bf3a2880, 0x00000155bd01d640, 0x00000155c00a3ed0, 0x00000155c03bc4b0,
0x00000155c03baca0, 0x00000155c03b9960, 0x00000155c03bc980, 0x00000155c03bbfe0,
0x00000155c03bb640, 0x00000155c03bbb10, 0x00000155c03b8fc0, 0x00000155bcd71080,
0x00000155b9f30870, 0x00000155b9f2f060, 0x00000155b9f2f530, 0x00000155bcd71a20,
0x00000155bcd6e530, 0x00000155bcd6ea00, 0x00000155c578a160, 0x00000155c578b4a0,
0x00000155c578a630, 0x00000155c578afd0, 0x00000155c4c6f170, 0x00000155bd0afc70,
0x00000155c03b9490, 0x00000155bd01f320, 0x00000155b9f2fa00, 0x00000155b91fc870,
0x00000155c578b970, 0x00000155c578ab00, 0x00000155c31d8840, 0x00000155c31d7500,
0x00000155c578d180, 0x00000155c578c7e0, 0x00000155b9f2fed0
}

Java Threads: ( => current thread )
  0x000001559e549450 JavaThread "main" [_thread_blocked, id=684, stack(0x000000425c200000,0x000000425c300000)]
  0x00000155b83c30b0 JavaThread "Reference Handler" daemon [_thread_blocked, id=2428, stack(0x000000425c900000,0x000000425ca00000)]
  0x00000155b83c3a60 JavaThread "Finalizer" daemon [_thread_blocked, id=18268, stack(0x000000425ca00000,0x000000425cb00000)]
  0x00000155b8c2a3d0 JavaThread "Signal Dispatcher" daemon [_thread_blocked, id=4968, stack(0x000000425cb00000,0x000000425cc00000)]
  0x00000155b8c2ad80 JavaThread "Attach Listener" daemon [_thread_blocked, id=18396, stack(0x000000425cc00000,0x000000425cd00000)]
  0x00000155b8c39780 JavaThread "Service Thread" daemon [_thread_blocked, id=17540, stack(0x000000425cd00000,0x000000425ce00000)]
  0x00000155b8c3a130 JavaThread "Monitor Deflation Thread" daemon [_thread_blocked, id=18400, stack(0x000000425ce00000,0x000000425cf00000)]
=>0x00000155b8c3ae10 JavaThread "C2 CompilerThread0" daemon [_thread_in_native, id=8324, stack(0x000000425cf00000,0x000000425d000000)]
  0x00000155b8c3f5d0 JavaThread "C1 CompilerThread0" daemon [_thread_blocked, id=1980, stack(0x000000425d000000,0x000000425d100000)]
  0x00000155b8c410f0 JavaThread "Sweeper thread" daemon [_thread_blocked, id=7604, stack(0x000000425d100000,0x000000425d200000)]
  0x00000155b8de6020 JavaThread "Common-Cleaner" daemon [_thread_blocked, id=7240, stack(0x000000425d200000,0x000000425d300000)]
  0x00000155b8de64f0 JavaThread "Notification Thread" daemon [_thread_blocked, id=6648, stack(0x000000425d300000,0x000000425d400000)]
  0x00000155bbc489d0 JavaThread "Daemon health stats" [_thread_blocked, id=10392, stack(0x000000425db00000,0x000000425dc00000)]
  0x00000155b9f73440 JavaThread "Incoming local TCP Connector on port 49803" [_thread_in_native, id=17268, stack(0x000000425dc00000,0x000000425dd00000)]
  0x00000155ba7adff0 JavaThread "Daemon periodic checks" [_thread_blocked, id=15916, stack(0x000000425dd00000,0x000000425de00000)]
  0x00000155b9ec76c0 JavaThread "Daemon" [_thread_blocked, id=15028, stack(0x000000425de00000,0x000000425df00000)]
  0x00000155bbd34f80 JavaThread "Daemon worker" [_thread_blocked, id=17368, stack(0x000000425e100000,0x000000425e200000)]
  0x00000155ba062920 JavaThread "Cache worker for journal cache (C:\Users\bssus\.gradle\caches\journal-1)" [_thread_blocked, id=14532, stack(0x000000425e900000,0x000000425ea00000)]
  0x00000155ba062df0 JavaThread "File lock request listener" [_thread_in_native, id=12140, stack(0x000000425ea00000,0x000000425eb00000)]
  0x00000155ba061110 JavaThread "Cache worker for file hash cache (C:\Users\bssus\.gradle\caches\8.0\fileHashes)" [_thread_blocked, id=2136, stack(0x000000425eb00000,0x000000425ec00000)]
  0x00000155ba063790 JavaThread "File watcher server" daemon [_thread_in_native, id=9812, stack(0x000000425ec00000,0x000000425ed00000)]
  0x00000155ba0632c0 JavaThread "File watcher consumer" daemon [_thread_blocked, id=9008, stack(0x000000425ed00000,0x000000425ee00000)]
  0x00000155ba064ad0 JavaThread "Cache worker for file content cache (C:\Users\bssus\.gradle\caches\8.0\fileContent)" [_thread_blocked, id=4712, stack(0x000000425f000000,0x000000425f100000)]
  0x00000155bd01e4b0 JavaThread "Cache worker for execution history cache (C:\Users\bssus\.gradle\caches\8.0\executionHistory)" [_thread_blocked, id=3668, stack(0x000000425d500000,0x000000425d600000)]
  0x00000155bd01f7f0 JavaThread "jar transforms" [_thread_blocked, id=9840, stack(0x000000425d600000,0x000000425d700000)]
  0x00000155bd01dfe0 JavaThread "jar transforms Thread 2" [_thread_blocked, id=15932, stack(0x000000425f300000,0x000000425f400000)]
  0x00000155bd01cca0 JavaThread "jar transforms Thread 3" [_thread_blocked, id=17584, stack(0x000000425f700000,0x000000425f800000)]
  0x00000155bd01d170 JavaThread "jar transforms Thread 4" [_thread_blocked, id=2068, stack(0x000000425f800000,0x000000425f900000)]
  0x00000155bd01ee50 JavaThread "jar transforms Thread 5" [_thread_blocked, id=8348, stack(0x000000425fa00000,0x000000425fb00000)]
  0x00000155bf3a36f0 JavaThread "jar transforms Thread 6" [_thread_blocked, id=6592, stack(0x0000004264d00000,0x0000004264e00000)]
  0x00000155bf3a3220 JavaThread "jar transforms Thread 7" [_thread_blocked, id=16564, stack(0x0000004264e00000,0x0000004264f00000)]
  0x00000155bf3a3bc0 JavaThread "jar transforms Thread 8" [_thread_blocked, id=16524, stack(0x0000004264f00000,0x0000004265000000)]
  0x00000155bf3a2d50 JavaThread "Memory manager" [_thread_blocked, id=16520, stack(0x0000004265100000,0x0000004265200000)]
  0x00000155c02cfaf0 JavaThread "pool-3-thread-1" [_thread_blocked, id=8916, stack(0x0000004265200000,0x0000004265300000)]
  0x00000155c02d0490 JavaThread "included builds" [_thread_blocked, id=7876, stack(0x0000004265400000,0x0000004265500000)]
  0x00000155bbd723e0 JavaThread "ForkJoinPool.commonPool-worker-1" daemon [_thread_blocked, id=13140, stack(0x0000004266400000,0x0000004266500000)]
  0x00000155b91fba00 JavaThread "ForkJoinPool.commonPool-worker-2" daemon [_thread_blocked, id=13144, stack(0x0000004266500000,0x0000004266600000)]
  0x00000155c4c6fb10 JavaThread "ForkJoinPool.commonPool-worker-3" daemon [_thread_blocked, id=14172, stack(0x0000004266600000,0x0000004266700000)]
  0x00000155c02cf620 JavaThread "ForkJoinPool.commonPool-worker-4" daemon [_thread_blocked, id=14176, stack(0x0000004266700000,0x0000004266800000)]
  0x00000155c4c6ffe0 JavaThread "ForkJoinPool.commonPool-worker-5" daemon [_thread_blocked, id=5132, stack(0x0000004266800000,0x0000004266900000)]
  0x00000155c30befc0 JavaThread "ForkJoinPool.commonPool-worker-6" daemon [_thread_blocked, id=17804, stack(0x0000004266900000,0x0000004266a00000)]
  0x00000155c4c6e7d0 JavaThread "ForkJoinPool.commonPool-worker-7" daemon [_thread_blocked, id=8864, stack(0x0000004266a00000,0x0000004266b00000)]
  0x00000155b9eb71f0 JavaThread "Handler for socket connection from /127.0.0.1:49803 to /127.0.0.1:49806" [_thread_in_native, id=10368, stack(0x000000425e200000,0x000000425e300000)]
  0x00000155b9eb76c0 JavaThread "Cancel handler" [_thread_blocked, id=10496, stack(0x000000425e300000,0x000000425e400000)]
  0x00000155b9eb7b90 JavaThread "Asynchronous log dispatcher for DefaultDaemonConnection: socket connection from /127.0.0.1:49803 to /127.0.0.1:49806" [_thread_blocked, id=5224, stack(0x000000425e400000,0x000000425e500000)]
  0x00000155b9eb8060 JavaThread "Stdin handler" [_thread_blocked, id=8552, stack(0x000000425ee00000,0x000000425ef00000)]
  0x00000155b9eb8530 JavaThread "Daemon client event forwarder" [_thread_blocked, id=1256, stack(0x000000425ef00000,0x000000425f000000)]
  0x00000155bf429aa0 JavaThread "C2 CompilerThread1" daemon [_thread_in_native, id=3764, stack(0x000000425f100000,0x000000425f200000)]
  0x00000155bf429fb0 JavaThread "C2 CompilerThread2" daemon [_thread_in_native, id=9328, stack(0x000000425f200000,0x000000425f300000)]
  0x00000155c00a4870 JavaThread "Cache worker for checksums cache (C:\Users\bssus\AndroidStudioProjects\SignupLogin\.gradle\8.0\checksums)" [_thread_blocked, id=13104, stack(0x000000425f400000,0x000000425f500000)]
  0x00000155c00a43a0 JavaThread "Cache worker for cache directory md-rule (C:\Users\bssus\.gradle\caches\8.0\md-rule)" [_thread_blocked, id=16956, stack(0x000000425f500000,0x000000425f600000)]
  0x00000155c00a3530 JavaThread "Cache worker for file hash cache (C:\Users\bssus\AndroidStudioProjects\SignupLogin\.gradle\8.0\fileHashes)" [_thread_blocked, id=17552, stack(0x000000425f900000,0x000000425fa00000)]
  0x00000155c00a3060 JavaThread "Cache worker for cache directory md-supplier (C:\Users\bssus\.gradle\caches\8.0\md-supplier)" [_thread_blocked, id=11236, stack(0x000000425fb00000,0x000000425fc00000)]
  0x00000155c00a3a00 JavaThread "Cache worker for dependencies-accessors (C:\Users\bssus\AndroidStudioProjects\SignupLogin\.gradle\8.0\dependencies-accessors)" [_thread_blocked, id=12796, stack(0x000000425fd00000,0x000000425fe00000)]
  0x00000155b9eb6d20 JavaThread "Cache worker for Build Output Cleanup Cache (C:\Users\bssus\AndroidStudioProjects\SignupLogin\.gradle\buildOutputCleanup)" [_thread_blocked, id=13224, stack(0x000000425fe00000,0x000000425ff00000)]
  0x00000155bcc9a530 JavaThread "Unconstrained build operations" [_thread_blocked, id=8448, stack(0x000000425ff00000,0x0000004260000000)]
  0x00000155bcc9d550 JavaThread "Unconstrained build operations Thread 2" [_thread_blocked, id=12256, stack(0x0000004260000000,0x0000004260100000)]
  0x00000155bcc9a060 JavaThread "Unconstrained build operations Thread 3" [_thread_blocked, id=9272, stack(0x0000004260100000,0x0000004260200000)]
  0x00000155bcc9b3a0 JavaThread "Unconstrained build operations Thread 4" [_thread_blocked, id=18104, stack(0x0000004260200000,0x0000004260300000)]
  0x00000155bcc9c210 JavaThread "Unconstrained build operations Thread 5" [_thread_blocked, id=12904, stack(0x0000004260300000,0x0000004260400000)]
  0x00000155bcc9cbb0 JavaThread "Unconstrained build operations Thread 6" [_thread_blocked, id=18092, stack(0x0000004260400000,0x0000004260500000)]
  0x00000155bcc9aed0 JavaThread "Unconstrained build operations Thread 7" [_thread_blocked, id=10452, stack(0x0000004260500000,0x0000004260600000)]
  0x00000155bcc9bd40 JavaThread "Unconstrained build operations Thread 8" [_thread_blocked, id=11608, stack(0x0000004260600000,0x0000004260700000)]
  0x00000155bcc9b870 JavaThread "Unconstrained build operations Thread 9" [_thread_blocked, id=8412, stack(0x0000004260700000,0x0000004260800000)]
  0x00000155bcc9d080 JavaThread "Unconstrained build operations Thread 10" [_thread_blocked, id=5144, stack(0x0000004260800000,0x0000004260900000)]
  0x00000155bcc9da20 JavaThread "Unconstrained build operations Thread 11" [_thread_blocked, id=17144, stack(0x0000004260900000,0x0000004260a00000)]
  0x00000155bcc9aa00 JavaThread "Unconstrained build operations Thread 12" [_thread_blocked, id=14220, stack(0x0000004260a00000,0x0000004260b00000)]
  0x00000155bcc9c6e0 JavaThread "Unconstrained build operations Thread 13" [_thread_blocked, id=14200, stack(0x0000004260b00000,0x0000004260c00000)]
  0x00000155b8ca59d0 JavaThread "Unconstrained build operations Thread 14" [_thread_blocked, id=14180, stack(0x0000004260c00000,0x0000004260d00000)]
  0x00000155b8ca5500 JavaThread "Unconstrained build operations Thread 15" [_thread_blocked, id=16496, stack(0x0000004260d00000,0x0000004260e00000)]
  0x00000155b8ca5030 JavaThread "Unconstrained build operations Thread 16" [_thread_blocked, id=13924, stack(0x0000004260e00000,0x0000004260f00000)]
  0x00000155b8ca5ea0 JavaThread "Unconstrained build operations Thread 17" [_thread_blocked, id=14696, stack(0x0000004260f00000,0x0000004261000000)]
  0x00000155b8ca6370 JavaThread "Unconstrained build operations Thread 18" [_thread_blocked, id=14088, stack(0x0000004261000000,0x0000004261100000)]
  0x00000155b8ca4b60 JavaThread "Unconstrained build operations Thread 19" [_thread_blocked, id=17772, stack(0x0000004261100000,0x0000004261200000)]
  0x00000155bcd70210 JavaThread "Unconstrained build operations Thread 20" [_thread_blocked, id=14684, stack(0x0000004261200000,0x0000004261300000)]
  0x00000155bcd6f870 JavaThread "Unconstrained build operations Thread 21" [_thread_blocked, id=14064, stack(0x0000004261300000,0x0000004261400000)]
  0x00000155bcd6e060 JavaThread "Unconstrained build operations Thread 22" [_thread_blocked, id=17384, stack(0x0000004261400000,0x0000004261500000)]
  0x00000155bcd6eed0 JavaThread "Unconstrained build operations Thread 23" [_thread_blocked, id=17016, stack(0x0000004261500000,0x0000004261600000)]
  0x00000155bcd6fd40 JavaThread "Unconstrained build operations Thread 24" [_thread_blocked, id=15300, stack(0x0000004261600000,0x0000004261700000)]
  0x00000155bcd6f3a0 JavaThread "Unconstrained build operations Thread 25" [_thread_blocked, id=14204, stack(0x0000004261700000,0x0000004261800000)]
  0x00000155bcd706e0 JavaThread "Unconstrained build operations Thread 26" [_thread_blocked, id=1204, stack(0x0000004261800000,0x0000004261900000)]
  0x00000155bcd70bb0 JavaThread "Unconstrained build operations Thread 27" [_thread_blocked, id=14216, stack(0x0000004261900000,0x0000004261a00000)]
  0x00000155b9992d40 JavaThread "Unconstrained build operations Thread 28" [_thread_blocked, id=14084, stack(0x0000004261a00000,0x0000004261b00000)]
  0x00000155b9994550 JavaThread "Unconstrained build operations Thread 29" [_thread_blocked, id=13928, stack(0x0000004261b00000,0x0000004261c00000)]
  0x00000155b99901f0 JavaThread "Unconstrained build operations Thread 30" [_thread_blocked, id=16476, stack(0x0000004261c00000,0x0000004261d00000)]
  0x00000155b9995890 JavaThread "Unconstrained build operations Thread 31" [_thread_blocked, id=14688, stack(0x0000004261d00000,0x0000004261e00000)]
  0x00000155b9996230 JavaThread "Unconstrained build operations Thread 32" [_thread_blocked, id=14112, stack(0x0000004261e00000,0x0000004261f00000)]
  0x00000155b99936e0 JavaThread "Unconstrained build operations Thread 33" [_thread_blocked, id=14208, stack(0x0000004261f00000,0x0000004262000000)]
  0x00000155b9995d60 JavaThread "Unconstrained build operations Thread 34" [_thread_blocked, id=14224, stack(0x0000004262000000,0x0000004262100000)]
  0x00000155b9997570 JavaThread "Unconstrained build operations Thread 35" [_thread_blocked, id=17236, stack(0x0000004262100000,0x0000004262200000)]
  0x00000155b9996700 JavaThread "Unconstrained build operations Thread 36" [_thread_blocked, id=12780, stack(0x0000004262200000,0x0000004262300000)]
  0x00000155b99953c0 JavaThread "Unconstrained build operations Thread 37" [_thread_blocked, id=14080, stack(0x0000004262300000,0x0000004262400000)]
  0x00000155b9996bd0 JavaThread "Unconstrained build operations Thread 38" [_thread_blocked, id=13932, stack(0x0000004262400000,0x0000004262500000)]
  0x00000155b99970a0 JavaThread "Unconstrained build operations Thread 39" [_thread_blocked, id=16112, stack(0x0000004262500000,0x0000004262600000)]
  0x00000155b99923a0 JavaThread "Unconstrained build operations Thread 40" [_thread_blocked, id=13884, stack(0x0000004262600000,0x0000004262700000)]
  0x00000155b9993210 JavaThread "Unconstrained build operations Thread 41" [_thread_blocked, id=17628, stack(0x0000004262700000,0x0000004262800000)]
  0x00000155b9994a20 JavaThread "Unconstrained build operations Thread 42" [_thread_blocked, id=17652, stack(0x0000004262800000,0x0000004262900000)]
  0x00000155b9994ef0 JavaThread "Unconstrained build operations Thread 43" [_thread_blocked, id=13948, stack(0x0000004262900000,0x0000004262a00000)]
  0x00000155b9992870 JavaThread "Unconstrained build operations Thread 44" [_thread_blocked, id=14788, stack(0x0000004262a00000,0x0000004262b00000)]
  0x00000155b9991ed0 JavaThread "Unconstrained build operations Thread 45" [_thread_blocked, id=15068, stack(0x0000004262b00000,0x0000004262c00000)]
  0x00000155b9993bb0 JavaThread "Unconstrained build operations Thread 46" [_thread_blocked, id=14792, stack(0x0000004262c00000,0x0000004262d00000)]
  0x00000155b9997a40 JavaThread "Unconstrained build operations Thread 47" [_thread_blocked, id=14644, stack(0x0000004262d00000,0x0000004262e00000)]
  0x00000155b99906c0 JavaThread "Unconstrained build operations Thread 48" [_thread_blocked, id=15448, stack(0x0000004262e00000,0x0000004262f00000)]
  0x00000155b9990b90 JavaThread "Unconstrained build operations Thread 49" [_thread_blocked, id=15544, stack(0x0000004262f00000,0x0000004263000000)]
  0x00000155b9994080 JavaThread "Unconstrained build operations Thread 50" [_thread_blocked, id=8072, stack(0x0000004263000000,0x0000004263100000)]
  0x00000155b9991a00 JavaThread "Unconstrained build operations Thread 51" [_thread_blocked, id=13708, stack(0x0000004263100000,0x0000004263200000)]
  0x00000155b9991060 JavaThread "Unconstrained build operations Thread 52" [_thread_blocked, id=15304, stack(0x0000004263200000,0x0000004263300000)]
  0x00000155ba064600 JavaThread "Unconstrained build operations Thread 53" [_thread_blocked, id=15168, stack(0x0000004263300000,0x0000004263400000)]
  0x00000155ba063c60 JavaThread "Unconstrained build operations Thread 54" [_thread_blocked, id=15172, stack(0x0000004263400000,0x0000004263500000)]
  0x00000155ba0615e0 JavaThread "Unconstrained build operations Thread 55" [_thread_blocked, id=15192, stack(0x0000004263500000,0x0000004263600000)]
  0x00000155ba061ab0 JavaThread "Unconstrained build operations Thread 56" [_thread_blocked, id=17836, stack(0x0000004263600000,0x0000004263700000)]
  0x00000155ba061f80 JavaThread "Unconstrained build operations Thread 57" [_thread_blocked, id=5288, stack(0x0000004263700000,0x0000004263800000)]
  0x00000155ba064130 JavaThread "Unconstrained build operations Thread 58" [_thread_blocked, id=9500, stack(0x0000004263800000,0x0000004263900000)]
  0x00000155ba062450 JavaThread "Unconstrained build operations Thread 59" [_thread_blocked, id=6016, stack(0x0000004263900000,0x0000004263a00000)]
  0x00000155c02d17d0 JavaThread "Unconstrained build operations Thread 60" [_thread_blocked, id=9920, stack(0x0000004263a00000,0x0000004263b00000)]
  0x00000155c02d2170 JavaThread "Unconstrained build operations Thread 61" [_thread_blocked, id=5528, stack(0x0000004263b00000,0x0000004263c00000)]
  0x00000155c02cf150 JavaThread "Unconstrained build operations Thread 62" [_thread_blocked, id=4736, stack(0x0000004263c00000,0x0000004263d00000)]
  0x00000155c02d0e30 JavaThread "Unconstrained build operations Thread 63" [_thread_blocked, id=17968, stack(0x0000004263d00000,0x0000004263e00000)]
  0x00000155c02d1300 JavaThread "Unconstrained build operations Thread 64" [_thread_blocked, id=10016, stack(0x0000004263e00000,0x0000004263f00000)]
  0x00000155c02ce7b0 JavaThread "Unconstrained build operations Thread 65" [_thread_blocked, id=8228, stack(0x0000004263f00000,0x0000004264000000)]
  0x00000155bf3a4560 JavaThread "Unconstrained build operations Thread 66" [_thread_blocked, id=14500, stack(0x0000004264000000,0x0000004264100000)]
  0x00000155bf3a1070 JavaThread "Unconstrained build operations Thread 67" [_thread_blocked, id=10036, stack(0x0000004264100000,0x0000004264200000)]
  0x00000155bf3a1a10 JavaThread "Unconstrained build operations Thread 68" [_thread_blocked, id=1140, stack(0x0000004264200000,0x0000004264300000)]
  0x00000155bf3a1ee0 JavaThread "Unconstrained build operations Thread 69" [_thread_blocked, id=5700, stack(0x0000004264300000,0x0000004264400000)]
  0x00000155bf3a2880 JavaThread "Unconstrained build operations Thread 70" [_thread_blocked, id=15960, stack(0x0000004264400000,0x0000004264500000)]
  0x00000155bd01d640 JavaThread "Unconstrained build operations Thread 71" [_thread_blocked, id=14400, stack(0x0000004264500000,0x0000004264600000)]
  0x00000155c00a3ed0 JavaThread "Unconstrained build operations Thread 72" [_thread_blocked, id=15396, stack(0x0000004264600000,0x0000004264700000)]
  0x00000155c03bc4b0 JavaThread "Unconstrained build operations Thread 73" [_thread_blocked, id=17932, stack(0x0000004264700000,0x0000004264800000)]
  0x00000155c03baca0 JavaThread "Unconstrained build operations Thread 74" [_thread_blocked, id=17956, stack(0x0000004264800000,0x0000004264900000)]
  0x00000155c03b9960 JavaThread "Unconstrained build operations Thread 75" [_thread_blocked, id=9244, stack(0x0000004264900000,0x0000004264a00000)]
  0x00000155c03bc980 JavaThread "Unconstrained build operations Thread 76" [_thread_blocked, id=968, stack(0x0000004264a00000,0x0000004264b00000)]
  0x00000155c03bbfe0 JavaThread "Unconstrained build operations Thread 77" [_thread_blocked, id=9476, stack(0x0000004264b00000,0x0000004264c00000)]
  0x00000155c03bb640 JavaThread "Unconstrained build operations Thread 78" [_thread_blocked, id=17040, stack(0x0000004264c00000,0x0000004264d00000)]
  0x00000155c03bbb10 JavaThread "Unconstrained build operations Thread 79" [_thread_blocked, id=17412, stack(0x0000004265000000,0x0000004265100000)]
  0x00000155c03b8fc0 JavaThread "Unconstrained build operations Thread 80" [_thread_blocked, id=10320, stack(0x0000004265300000,0x0000004265400000)]
  0x00000155bcd71080 JavaThread "build event listener" [_thread_blocked, id=4892, stack(0x0000004265500000,0x0000004265600000)]
  0x00000155b9f30870 JavaThread "pool-8-thread-1" [_thread_blocked, id=17260, stack(0x0000004265600000,0x0000004265700000)]
  0x00000155b9f2f060 JavaThread "build event listener" [_thread_blocked, id=12456, stack(0x0000004265700000,0x0000004265800000)]
  0x00000155b9f2f530 JavaThread "included builds" [_thread_in_vm, id=17436, stack(0x0000004265800000,0x0000004265900000)]
  0x00000155bcd71a20 JavaThread "Execution worker" [_thread_blocked, id=14756, stack(0x0000004265900000,0x0000004265a00000)]
  0x00000155bcd6e530 JavaThread "Execution worker Thread 2" [_thread_blocked, id=2060, stack(0x0000004265a00000,0x0000004265b00000)]
  0x00000155bcd6ea00 JavaThread "Execution worker Thread 3" [_thread_blocked, id=8900, stack(0x0000004265b00000,0x0000004265c00000)]
  0x00000155c578a160 JavaThread "Execution worker Thread 4" [_thread_blocked, id=18408, stack(0x0000004265c00000,0x0000004265d00000)]
  0x00000155c578b4a0 JavaThread "Execution worker Thread 5" [_thread_blocked, id=1576, stack(0x0000004265d00000,0x0000004265e00000)]
  0x00000155c578a630 JavaThread "Execution worker Thread 6" [_thread_blocked, id=1716, stack(0x0000004265e00000,0x0000004265f00000)]
  0x00000155c578afd0 JavaThread "Execution worker Thread 7" [_thread_blocked, id=2904, stack(0x0000004265f00000,0x0000004266000000)]
  0x00000155c4c6f170 JavaThread "Cache worker for execution history cache (C:\Users\bssus\AndroidStudioProjects\SignupLogin\.gradle\8.0\executionHistory)" [_thread_blocked, id=15176, stack(0x0000004266000000,0x0000004266100000)]
  0x00000155bd0afc70 JavaThread "WorkerExecutor Queue" [_thread_blocked, id=2852, stack(0x0000004266100000,0x0000004266200000)]
  0x00000155c03b9490 JavaThread "WorkerExecutor Queue Thread 2" [_thread_blocked, id=14904, stack(0x0000004266200000,0x0000004266300000)]
  0x00000155bd01f320 JavaThread "WorkerExecutor Queue Thread 3" [_thread_blocked, id=5156, stack(0x0000004266300000,0x0000004266400000)]
  0x00000155b9f2fa00 JavaThread "WorkerExecutor Queue Thread 4" [_thread_blocked, id=2888, stack(0x0000004266b00000,0x0000004266c00000)]
  0x00000155b91fc870 JavaThread "pool-9-thread-1" [_thread_blocked, id=3816, stack(0x0000004266c00000,0x0000004266d00000)]
  0x00000155c578b970 JavaThread "stderr" [_thread_in_native, id=16088, stack(0x0000004266d00000,0x0000004266e00000)]
  0x00000155c578ab00 JavaThread "stdout" [_thread_in_native, id=11660, stack(0x0000004266e00000,0x0000004266f00000)]
  0x00000155c31d8840 JavaThread "WorkerExecutor Queue Thread 5" [_thread_blocked, id=14616, stack(0x0000004266f00000,0x0000004267000000)]
  0x00000155c31d7500 JavaThread "WorkerExecutor Queue Thread 6" [_thread_blocked, id=16472, stack(0x0000004267000000,0x0000004267100000)]
  0x00000155c578d180 JavaThread "WorkerExecutor Queue Thread 7" [_thread_blocked, id=18064, stack(0x0000004267100000,0x0000004267200000)]
  0x00000155c578c7e0 JavaThread "WorkerExecutor Queue Thread 8" [_thread_blocked, id=964, stack(0x0000004267200000,0x0000004267300000)]
  0x00000155b9f2fed0 JavaThread "WorkerExecutor Queue Thread 9" [_thread_blocked, id=15692, stack(0x0000004267300000,0x0000004267400000)]

Other Threads:
  0x00000155b83bb6d0 VMThread "VM Thread" [stack: 0x000000425c800000,0x000000425c900000] [id=10208]
  0x00000155b8dd1010 WatcherThread [stack: 0x000000425d400000,0x000000425d500000] [id=12000]
  0x000001559e5a4180 GCTaskThread "GC Thread#0" [stack: 0x000000425c300000,0x000000425c400000] [id=8]
  0x00000155b9df5990 GCTaskThread "GC Thread#1" [stack: 0x000000425d700000,0x000000425d800000] [id=18420]
  0x00000155b9df5c40 GCTaskThread "GC Thread#2" [stack: 0x000000425d800000,0x000000425d900000] [id=15036]
  0x00000155b92ad650 GCTaskThread "GC Thread#3" [stack: 0x000000425d900000,0x000000425da00000] [id=17520]
  0x00000155b9d1b690 GCTaskThread "GC Thread#4" [stack: 0x000000425da00000,0x000000425db00000] [id=15988]
  0x00000155ba60c0b0 GCTaskThread "GC Thread#5" [stack: 0x000000425e500000,0x000000425e600000] [id=3772]
  0x00000155bb82dee0 GCTaskThread "GC Thread#6" [stack: 0x000000425e600000,0x000000425e700000] [id=9908]
  0x00000155bb82e190 GCTaskThread "GC Thread#7" [stack: 0x000000425e700000,0x000000425e800000] [id=10012]
  0x000001559e5b5120 ConcurrentGCThread "G1 Main Marker" [stack: 0x000000425c400000,0x000000425c500000] [id=1884]
  0x000001559e5b68e0 ConcurrentGCThread "G1 Conc#0" [stack: 0x000000425c500000,0x000000425c600000] [id=18412]
  0x00000155bb58b680 ConcurrentGCThread "G1 Conc#1" [stack: 0x000000425e800000,0x000000425e900000] [id=2724]
  0x00000155b82024c0 ConcurrentGCThread "G1 Refine#0" [stack: 0x000000425c600000,0x000000425c700000] [id=12652]
  0x00000155bbe08eb0 ConcurrentGCThread "G1 Refine#1" [stack: 0x000000425f600000,0x000000425f700000] [id=15532]
  0x00000155b8202c80 ConcurrentGCThread "G1 Service" [stack: 0x000000425c700000,0x000000425c800000] [id=9548]

Threads with active compile tasks:
C2 CompilerThread0    53965 16282       4       org.gradle.internal.file.FileHierarchySet$Node::plus (337 bytes)
C1 CompilerThread0    53965 16400       3       org.objectweb.asm.ClassReader::readMethod (1066 bytes)
C2 CompilerThread1    53965 16385       4       org.objectweb.asm.FieldWriter::putFieldInfo (269 bytes)
C2 CompilerThread2    53965 16378       4       java.util.TreeSet::iterator (15 bytes)

VM state: not at safepoint (normal execution)

VM Mutex/Monitor currently owned by a thread: None

Heap address: 0x0000000080000000, size: 2048 MB, Compressed Oops mode: 32-bit

CDS archive(s) not mapped
Compressed class space mapped at: 0x0000000100000000-0x0000000140000000, reserved size: 1073741824
Narrow klass base: 0x0000000000000000, Narrow klass shift: 3, Narrow klass range: 0x140000000

GC Precious Log:
 CPUs: 8 total, 8 available
 Memory: 8029M
 Large Page Support: Disabled
 NUMA Support: Disabled
 Compressed Oops: Enabled (32-bit)
 Heap Region Size: 1M
 Heap Min Capacity: 8M
 Heap Initial Capacity: 126M
 Heap Max Capacity: 2G
 Pre-touch: Disabled
 Parallel Workers: 8
 Concurrent Workers: 2
 Concurrent Refinement Workers: 8
 Periodic GC: Disabled

Heap:
 garbage-first heap   total 260096K, used 212302K [0x0000000080000000, 0x0000000100000000)
  region size 1024K, 96 young (98304K), 3 survivors (3072K)
 Metaspace       used 114024K, committed 114816K, reserved 1155072K
  class space    used 15070K, committed 15424K, reserved 1048576K

Heap Regions: E=young(eden), S=young(survivor), O=old, HS=humongous(starts), HC=humongous(continues), CS=collection set, F=free, OA=open archive, CA=closed archive, TAMS=top-at-mark-start (previous, next)
|   0|0x0000000080000000, 0x0000000080100000, 0x0000000080100000|100%|HS|  |TAMS 0x0000000080100000, 0x0000000080100000| Complete 
|   1|0x0000000080100000, 0x0000000080200000, 0x0000000080200000|100%|HC|  |TAMS 0x0000000080200000, 0x0000000080200000| Complete 
|   2|0x0000000080200000, 0x0000000080300000, 0x0000000080300000|100%|HC|  |TAMS 0x0000000080300000, 0x0000000080300000| Complete 
|   3|0x0000000080300000, 0x0000000080400000, 0x0000000080400000|100%|HC|  |TAMS 0x0000000080400000, 0x0000000080400000| Complete 
|   4|0x0000000080400000, 0x0000000080500000, 0x0000000080500000|100%| O|  |TAMS 0x0000000080500000, 0x0000000080500000| Untracked 
|   5|0x0000000080500000, 0x0000000080600000, 0x0000000080600000|100%| O|  |TAMS 0x0000000080600000, 0x0000000080600000| Untracked 
|   6|0x0000000080600000, 0x0000000080700000, 0x0000000080700000|100%| O|  |TAMS 0x0000000080700000, 0x0000000080700000| Untracked 
|   7|0x0000000080700000, 0x0000000080800000, 0x0000000080800000|100%| O|  |TAMS 0x0000000080800000, 0x0000000080800000| Untracked 
|   8|0x0000000080800000, 0x0000000080900000, 0x0000000080900000|100%| O|  |TAMS 0x0000000080900000, 0x0000000080900000| Untracked 
|   9|0x0000000080900000, 0x0000000080a00000, 0x0000000080a00000|100%| O|  |TAMS 0x0000000080a00000, 0x0000000080a00000| Untracked 
|  10|0x0000000080a00000, 0x0000000080b00000, 0x0000000080b00000|100%| O|  |TAMS 0x0000000080b00000, 0x0000000080b00000| Untracked 
|  11|0x0000000080b00000, 0x0000000080c00000, 0x0000000080c00000|100%| O|  |TAMS 0x0000000080c00000, 0x0000000080c00000| Untracked 
|  12|0x0000000080c00000, 0x0000000080d00000, 0x0000000080d00000|100%| O|  |TAMS 0x0000000080d00000, 0x0000000080d00000| Untracked 
|  13|0x0000000080d00000, 0x0000000080e00000, 0x0000000080e00000|100%| O|  |TAMS 0x0000000080e00000, 0x0000000080e00000| Untracked 
|  14|0x0000000080e00000, 0x0000000080f00000, 0x0000000080f00000|100%| O|  |TAMS 0x0000000080f00000, 0x0000000080f00000| Untracked 
|  15|0x0000000080f00000, 0x0000000081000000, 0x0000000081000000|100%| O|  |TAMS 0x0000000081000000, 0x0000000081000000| Untracked 
|  16|0x0000000081000000, 0x0000000081100000, 0x0000000081100000|100%| O|  |TAMS 0x0000000081100000, 0x0000000081100000| Untracked 
|  17|0x0000000081100000, 0x0000000081200000, 0x0000000081200000|100%| O|  |TAMS 0x0000000081200000, 0x0000000081200000| Untracked 
|  18|0x0000000081200000, 0x0000000081300000, 0x0000000081300000|100%| O|  |TAMS 0x0000000081300000, 0x0000000081300000| Untracked 
|  19|0x0000000081300000, 0x0000000081400000, 0x0000000081400000|100%| O|  |TAMS 0x0000000081400000, 0x0000000081400000| Untracked 
|  20|0x0000000081400000, 0x0000000081500000, 0x0000000081500000|100%| O|  |TAMS 0x0000000081500000, 0x0000000081500000| Untracked 
|  21|0x0000000081500000, 0x0000000081600000, 0x0000000081600000|100%| O|  |TAMS 0x0000000081600000, 0x0000000081600000| Untracked 
|  22|0x0000000081600000, 0x0000000081700000, 0x0000000081700000|100%| O|  |TAMS 0x0000000081700000, 0x0000000081700000| Untracked 
|  23|0x0000000081700000, 0x0000000081800000, 0x0000000081800000|100%| O|  |TAMS 0x0000000081700000, 0x0000000081800000| Untracked 
|  24|0x0000000081800000, 0x0000000081900000, 0x0000000081900000|100%| O|  |TAMS 0x0000000081900000, 0x0000000081900000| Untracked 
|  25|0x0000000081900000, 0x0000000081a00000, 0x0000000081a00000|100%| O|  |TAMS 0x0000000081a00000, 0x0000000081a00000| Untracked 
|  26|0x0000000081a00000, 0x0000000081b00000, 0x0000000081b00000|100%| O|  |TAMS 0x0000000081b00000, 0x0000000081b00000| Untracked 
|  27|0x0000000081b00000, 0x0000000081c00000, 0x0000000081c00000|100%| O|  |TAMS 0x0000000081c00000, 0x0000000081c00000| Untracked 
|  28|0x0000000081c00000, 0x0000000081d00000, 0x0000000081d00000|100%| O|  |TAMS 0x0000000081d00000, 0x0000000081d00000| Untracked 
|  29|0x0000000081d00000, 0x0000000081e00000, 0x0000000081e00000|100%| O|  |TAMS 0x0000000081e00000, 0x0000000081e00000| Untracked 
|  30|0x0000000081e00000, 0x0000000081f00000, 0x0000000081f00000|100%| O|  |TAMS 0x0000000081f00000, 0x0000000081f00000| Untracked 
|  31|0x0000000081f00000, 0x0000000082000000, 0x0000000082000000|100%| O|  |TAMS 0x0000000082000000, 0x0000000082000000| Untracked 
|  32|0x0000000082000000, 0x0000000082100000, 0x0000000082100000|100%| O|  |TAMS 0x0000000082100000, 0x0000000082100000| Untracked 
|  33|0x0000000082100000, 0x0000000082200000, 0x0000000082200000|100%| O|  |TAMS 0x0000000082200000, 0x0000000082200000| Untracked 
|  34|0x0000000082200000, 0x0000000082300000, 0x0000000082300000|100%| O|  |TAMS 0x0000000082300000, 0x0000000082300000| Untracked 
|  35|0x0000000082300000, 0x0000000082400000, 0x0000000082400000|100%|HS|  |TAMS 0x0000000082400000, 0x0000000082400000| Complete 
|  36|0x0000000082400000, 0x0000000082500000, 0x0000000082500000|100%| O|  |TAMS 0x0000000082500000, 0x0000000082500000| Untracked 
|  37|0x0000000082500000, 0x0000000082600000, 0x0000000082600000|100%| O|  |TAMS 0x0000000082600000, 0x0000000082600000| Untracked 
|  38|0x0000000082600000, 0x0000000082700000, 0x0000000082700000|100%| O|  |TAMS 0x0000000082700000, 0x0000000082700000| Untracked 
|  39|0x0000000082700000, 0x0000000082800000, 0x0000000082800000|100%| O|  |TAMS 0x0000000082800000, 0x0000000082800000| Untracked 
|  40|0x0000000082800000, 0x0000000082900000, 0x0000000082900000|100%|HS|  |TAMS 0x0000000082900000, 0x0000000082900000| Complete 
|  41|0x0000000082900000, 0x0000000082a00000, 0x0000000082a00000|100%| O|  |TAMS 0x0000000082a00000, 0x0000000082a00000| Untracked 
|  42|0x0000000082a00000, 0x0000000082b00000, 0x0000000082b00000|100%| O|  |TAMS 0x0000000082b00000, 0x0000000082b00000| Untracked 
|  43|0x0000000082b00000, 0x0000000082c00000, 0x0000000082c00000|100%| O|  |TAMS 0x0000000082b00000, 0x0000000082c00000| Untracked 
|  44|0x0000000082c00000, 0x0000000082d00000, 0x0000000082d00000|100%| O|  |TAMS 0x0000000082d00000, 0x0000000082d00000| Untracked 
|  45|0x0000000082d00000, 0x0000000082e00000, 0x0000000082e00000|100%| O|  |TAMS 0x0000000082e00000, 0x0000000082e00000| Untracked 
|  46|0x0000000082e00000, 0x0000000082f00000, 0x0000000082f00000|100%| O|  |TAMS 0x0000000082f00000, 0x0000000082f00000| Untracked 
|  47|0x0000000082f00000, 0x0000000083000000, 0x0000000083000000|100%| O|  |TAMS 0x0000000083000000, 0x0000000083000000| Untracked 
|  48|0x0000000083000000, 0x0000000083100000, 0x0000000083100000|100%| O|  |TAMS 0x0000000083100000, 0x0000000083100000| Untracked 
|  49|0x0000000083100000, 0x0000000083200000, 0x0000000083200000|100%| O|  |TAMS 0x0000000083200000, 0x0000000083200000| Untracked 
|  50|0x0000000083200000, 0x0000000083300000, 0x0000000083300000|100%| O|  |TAMS 0x0000000083300000, 0x0000000083300000| Untracked 
|  51|0x0000000083300000, 0x0000000083400000, 0x0000000083400000|100%| O|  |TAMS 0x0000000083400000, 0x0000000083400000| Untracked 
|  52|0x0000000083400000, 0x0000000083500000, 0x0000000083500000|100%| O|  |TAMS 0x0000000083500000, 0x0000000083500000| Untracked 
|  53|0x0000000083500000, 0x0000000083600000, 0x0000000083600000|100%| O|  |TAMS 0x000000008359bc00, 0x0000000083600000| Untracked 
|  54|0x0000000083600000, 0x0000000083700000, 0x0000000083700000|100%| O|  |TAMS 0x0000000083600000, 0x0000000083700000| Untracked 
|  55|0x0000000083700000, 0x0000000083800000, 0x0000000083800000|100%| O|  |TAMS 0x0000000083700000, 0x0000000083800000| Untracked 
|  56|0x0000000083800000, 0x0000000083900000, 0x0000000083900000|100%| O|  |TAMS 0x0000000083800000, 0x0000000083900000| Untracked 
|  57|0x0000000083900000, 0x0000000083a00000, 0x0000000083a00000|100%| O|  |TAMS 0x0000000083900000, 0x0000000083a00000| Untracked 
|  58|0x0000000083a00000, 0x0000000083b00000, 0x0000000083b00000|100%| O|  |TAMS 0x0000000083a00000, 0x0000000083b00000| Untracked 
|  59|0x0000000083b00000, 0x0000000083c00000, 0x0000000083c00000|100%| O|  |TAMS 0x0000000083b00000, 0x0000000083c00000| Untracked 
|  60|0x0000000083c00000, 0x0000000083d00000, 0x0000000083d00000|100%| O|  |TAMS 0x0000000083c00000, 0x0000000083d00000| Untracked 
|  61|0x0000000083d00000, 0x0000000083e00000, 0x0000000083e00000|100%| O|  |TAMS 0x0000000083d00000, 0x0000000083e00000| Untracked 
|  62|0x0000000083e00000, 0x0000000083f00000, 0x0000000083f00000|100%| O|  |TAMS 0x0000000083e00000, 0x0000000083f00000| Untracked 
|  63|0x0000000083f00000, 0x0000000084000000, 0x0000000084000000|100%| O|  |TAMS 0x0000000083f00000, 0x0000000084000000| Untracked 
|  64|0x0000000084000000, 0x0000000084100000, 0x0000000084100000|100%| O|  |TAMS 0x0000000084000000, 0x0000000084100000| Untracked 
|  65|0x0000000084100000, 0x0000000084200000, 0x0000000084200000|100%| O|  |TAMS 0x0000000084100000, 0x0000000084200000| Untracked 
|  66|0x0000000084200000, 0x0000000084300000, 0x0000000084300000|100%| O|  |TAMS 0x0000000084200000, 0x0000000084300000| Untracked 
|  67|0x0000000084300000, 0x0000000084400000, 0x0000000084400000|100%| O|  |TAMS 0x0000000084300000, 0x0000000084400000| Untracked 
|  68|0x0000000084400000, 0x0000000084500000, 0x0000000084500000|100%| O|  |TAMS 0x0000000084400000, 0x0000000084500000| Untracked 
|  69|0x0000000084500000, 0x0000000084600000, 0x0000000084600000|100%| O|  |TAMS 0x0000000084500000, 0x0000000084600000| Untracked 
|  70|0x0000000084600000, 0x0000000084700000, 0x0000000084700000|100%| O|  |TAMS 0x0000000084600000, 0x0000000084700000| Untracked 
|  71|0x0000000084700000, 0x0000000084800000, 0x0000000084800000|100%| O|  |TAMS 0x0000000084700000, 0x0000000084800000| Untracked 
|  72|0x0000000084800000, 0x0000000084900000, 0x0000000084900000|100%| O|  |TAMS 0x0000000084800000, 0x0000000084900000| Untracked 
|  73|0x0000000084900000, 0x0000000084a00000, 0x0000000084a00000|100%| O|  |TAMS 0x0000000084900000, 0x0000000084a00000| Untracked 
|  74|0x0000000084a00000, 0x0000000084b00000, 0x0000000084b00000|100%| O|  |TAMS 0x0000000084a00000, 0x0000000084b00000| Untracked 
|  75|0x0000000084b00000, 0x0000000084c00000, 0x0000000084c00000|100%| O|  |TAMS 0x0000000084b00000, 0x0000000084c00000| Untracked 
|  76|0x0000000084c00000, 0x0000000084d00000, 0x0000000084d00000|100%| O|  |TAMS 0x0000000084c00000, 0x0000000084d00000| Untracked 
|  77|0x0000000084d00000, 0x0000000084e00000, 0x0000000084e00000|100%| O|  |TAMS 0x0000000084d00000, 0x0000000084e00000| Untracked 
|  78|0x0000000084e00000, 0x0000000084f00000, 0x0000000084f00000|100%| O|  |TAMS 0x0000000084e00000, 0x0000000084f00000| Untracked 
|  79|0x0000000084f00000, 0x0000000085000000, 0x0000000085000000|100%| O|  |TAMS 0x0000000084f00000, 0x0000000085000000| Untracked 
|  80|0x0000000085000000, 0x0000000085100000, 0x0000000085100000|100%| O|  |TAMS 0x0000000085000000, 0x0000000085100000| Untracked 
|  81|0x0000000085100000, 0x0000000085200000, 0x0000000085200000|100%| O|  |TAMS 0x0000000085100000, 0x0000000085200000| Untracked 
|  82|0x0000000085200000, 0x0000000085300000, 0x0000000085300000|100%| O|  |TAMS 0x0000000085200000, 0x0000000085300000| Untracked 
|  83|0x0000000085300000, 0x0000000085400000, 0x0000000085400000|100%| O|  |TAMS 0x0000000085300000, 0x0000000085400000| Untracked 
|  84|0x0000000085400000, 0x0000000085500000, 0x0000000085500000|100%| O|  |TAMS 0x0000000085400000, 0x0000000085500000| Untracked 
|  85|0x0000000085500000, 0x0000000085600000, 0x0000000085600000|100%| O|  |TAMS 0x0000000085500000, 0x0000000085600000| Untracked 
|  86|0x0000000085600000, 0x0000000085700000, 0x0000000085700000|100%| O|  |TAMS 0x0000000085600000, 0x0000000085700000| Untracked 
|  87|0x0000000085700000, 0x0000000085800000, 0x0000000085800000|100%| O|  |TAMS 0x0000000085700000, 0x0000000085800000| Untracked 
|  88|0x0000000085800000, 0x0000000085900000, 0x0000000085900000|100%| O|  |TAMS 0x0000000085800000, 0x0000000085900000| Untracked 
|  89|0x0000000085900000, 0x0000000085a00000, 0x0000000085a00000|100%| O|  |TAMS 0x0000000085900000, 0x0000000085a00000| Untracked 
|  90|0x0000000085a00000, 0x0000000085b00000, 0x0000000085b00000|100%| O|  |TAMS 0x0000000085a00000, 0x0000000085b00000| Untracked 
|  91|0x0000000085b00000, 0x0000000085c00000, 0x0000000085c00000|100%| O|  |TAMS 0x0000000085b00000, 0x0000000085c00000| Untracked 
|  92|0x0000000085c00000, 0x0000000085d00000, 0x0000000085d00000|100%| O|  |TAMS 0x0000000085c00000, 0x0000000085d00000| Untracked 
|  93|0x0000000085d00000, 0x0000000085e00000, 0x0000000085e00000|100%| O|  |TAMS 0x0000000085d00000, 0x0000000085d15e00| Untracked 
|  94|0x0000000085e00000, 0x0000000085f00000, 0x0000000085f00000|100%| O|  |TAMS 0x0000000085e00000, 0x0000000085e00000| Untracked 
|  95|0x0000000085f00000, 0x0000000086000000, 0x0000000086000000|100%| O|  |TAMS 0x0000000085f00000, 0x0000000085f00000| Untracked 
|  96|0x0000000086000000, 0x0000000086100000, 0x0000000086100000|100%| O|  |TAMS 0x0000000086000000, 0x0000000086000000| Untracked 
|  97|0x0000000086100000, 0x0000000086200000, 0x0000000086200000|100%| O|  |TAMS 0x0000000086100000, 0x0000000086100000| Untracked 
|  98|0x0000000086200000, 0x0000000086300000, 0x0000000086300000|100%| O|  |TAMS 0x0000000086200000, 0x0000000086200000| Untracked 
|  99|0x0000000086300000, 0x0000000086400000, 0x0000000086400000|100%| O|  |TAMS 0x0000000086300000, 0x0000000086300000| Untracked 
| 100|0x0000000086400000, 0x0000000086500000, 0x0000000086500000|100%| O|  |TAMS 0x0000000086400000, 0x0000000086400000| Untracked 
| 101|0x0000000086500000, 0x0000000086500000, 0x0000000086600000|  0%| F|  |TAMS 0x0000000086500000, 0x0000000086500000| Untracked 
| 102|0x0000000086600000, 0x0000000086700000, 0x0000000086700000|100%| O|  |TAMS 0x0000000086600000, 0x0000000086600000| Untracked 
| 103|0x0000000086700000, 0x0000000086800000, 0x0000000086800000|100%| O|  |TAMS 0x0000000086700000, 0x0000000086700000| Untracked 
| 104|0x0000000086800000, 0x0000000086900000, 0x0000000086900000|100%| O|  |TAMS 0x0000000086800000, 0x0000000086800000| Untracked 
| 105|0x0000000086900000, 0x0000000086a00000, 0x0000000086a00000|100%| O|  |TAMS 0x0000000086900000, 0x0000000086900000| Untracked 
| 106|0x0000000086a00000, 0x0000000086b00000, 0x0000000086b00000|100%| O|  |TAMS 0x0000000086a00000, 0x0000000086a00000| Untracked 
| 107|0x0000000086b00000, 0x0000000086b8a000, 0x0000000086c00000| 53%| O|  |TAMS 0x0000000086b00000, 0x0000000086b00000| Untracked 
| 108|0x0000000086c00000, 0x0000000086d00000, 0x0000000086d00000|100%|HS|  |TAMS 0x0000000086c00000, 0x0000000086c00000| Complete 
| 109|0x0000000086d00000, 0x0000000086e00000, 0x0000000086e00000|100%|HC|  |TAMS 0x0000000086d00000, 0x0000000086d00000| Complete 
| 110|0x0000000086e00000, 0x0000000086e00000, 0x0000000086f00000|  0%| F|  |TAMS 0x0000000086e00000, 0x0000000086e00000| Untracked 
| 111|0x0000000086f00000, 0x0000000086f00000, 0x0000000087000000|  0%| F|  |TAMS 0x0000000086f00000, 0x0000000086f00000| Untracked 
| 112|0x0000000087000000, 0x0000000087000000, 0x0000000087100000|  0%| F|  |TAMS 0x0000000087000000, 0x0000000087000000| Untracked 
| 113|0x0000000087100000, 0x0000000087100000, 0x0000000087200000|  0%| F|  |TAMS 0x0000000087100000, 0x0000000087100000| Untracked 
| 114|0x0000000087200000, 0x0000000087200000, 0x0000000087300000|  0%| F|  |TAMS 0x0000000087200000, 0x0000000087200000| Untracked 
| 115|0x0000000087300000, 0x0000000087300000, 0x0000000087400000|  0%| F|  |TAMS 0x0000000087300000, 0x0000000087300000| Untracked 
| 116|0x0000000087400000, 0x0000000087400000, 0x0000000087500000|  0%| F|  |TAMS 0x0000000087400000, 0x0000000087400000| Untracked 
| 117|0x0000000087500000, 0x0000000087600000, 0x0000000087600000|100%| O|  |TAMS 0x0000000087500000, 0x0000000087500000| Untracked 
| 118|0x0000000087600000, 0x0000000087700000, 0x0000000087700000|100%| O|  |TAMS 0x0000000087600000, 0x0000000087600000| Untracked 
| 119|0x0000000087700000, 0x0000000087800000, 0x0000000087800000|100%| O|  |TAMS 0x0000000087700000, 0x0000000087700000| Untracked 
| 120|0x0000000087800000, 0x0000000087900000, 0x0000000087900000|100%| O|  |TAMS 0x0000000087800000, 0x0000000087800000| Untracked 
| 121|0x0000000087900000, 0x0000000087a00000, 0x0000000087a00000|100%| O|  |TAMS 0x0000000087900000, 0x0000000087900000| Untracked 
| 122|0x0000000087a00000, 0x0000000087a00000, 0x0000000087b00000|  0%| F|  |TAMS 0x0000000087a00000, 0x0000000087a00000| Untracked 
| 123|0x0000000087b00000, 0x0000000087b00000, 0x0000000087c00000|  0%| F|  |TAMS 0x0000000087b00000, 0x0000000087b00000| Untracked 
| 124|0x0000000087c00000, 0x0000000087c00000, 0x0000000087d00000|  0%| F|  |TAMS 0x0000000087c00000, 0x0000000087c00000| Untracked 
| 125|0x0000000087d00000, 0x0000000087d00000, 0x0000000087e00000|  0%| F|  |TAMS 0x0000000087d00000, 0x0000000087d00000| Untracked 
| 126|0x0000000087e00000, 0x0000000087e00000, 0x0000000087f00000|  0%| F|  |TAMS 0x0000000087e00000, 0x0000000087e00000| Untracked 
| 127|0x0000000087f00000, 0x0000000087f00000, 0x0000000088000000|  0%| F|  |TAMS 0x0000000087f00000, 0x0000000087f00000| Untracked 
| 128|0x0000000088000000, 0x0000000088000000, 0x0000000088100000|  0%| F|  |TAMS 0x0000000088000000, 0x0000000088000000| Untracked 
| 129|0x0000000088100000, 0x0000000088100000, 0x0000000088200000|  0%| F|  |TAMS 0x0000000088100000, 0x0000000088100000| Untracked 
| 130|0x0000000088200000, 0x0000000088200000, 0x0000000088300000|  0%| F|  |TAMS 0x0000000088200000, 0x0000000088200000| Untracked 
| 131|0x0000000088300000, 0x0000000088300000, 0x0000000088400000|  0%| F|  |TAMS 0x0000000088300000, 0x0000000088300000| Untracked 
| 132|0x0000000088400000, 0x0000000088400000, 0x0000000088500000|  0%| F|  |TAMS 0x0000000088400000, 0x0000000088400000| Untracked 
| 133|0x0000000088500000, 0x0000000088500000, 0x0000000088600000|  0%| F|  |TAMS 0x0000000088500000, 0x0000000088500000| Untracked 
| 134|0x0000000088600000, 0x0000000088600000, 0x0000000088700000|  0%| F|  |TAMS 0x0000000088600000, 0x0000000088600000| Untracked 
| 135|0x0000000088700000, 0x0000000088700000, 0x0000000088800000|  0%| F|  |TAMS 0x0000000088700000, 0x0000000088700000| Untracked 
| 136|0x0000000088800000, 0x0000000088800000, 0x0000000088900000|  0%| F|  |TAMS 0x0000000088800000, 0x0000000088800000| Untracked 
| 137|0x0000000088900000, 0x0000000088900000, 0x0000000088a00000|  0%| F|  |TAMS 0x0000000088900000, 0x0000000088900000| Untracked 
| 138|0x0000000088a00000, 0x0000000088a00000, 0x0000000088b00000|  0%| F|  |TAMS 0x0000000088a00000, 0x0000000088a00000| Untracked 
| 139|0x0000000088b00000, 0x0000000088b00000, 0x0000000088c00000|  0%| F|  |TAMS 0x0000000088b00000, 0x0000000088b00000| Untracked 
| 140|0x0000000088c00000, 0x0000000088c00000, 0x0000000088d00000|  0%| F|  |TAMS 0x0000000088c00000, 0x0000000088c00000| Untracked 
| 141|0x0000000088d00000, 0x0000000088d00000, 0x0000000088e00000|  0%| F|  |TAMS 0x0000000088d00000, 0x0000000088d00000| Untracked 
| 142|0x0000000088e00000, 0x0000000088e00000, 0x0000000088f00000|  0%| F|  |TAMS 0x0000000088e00000, 0x0000000088e00000| Untracked 
| 143|0x0000000088f00000, 0x0000000088f00000, 0x0000000089000000|  0%| F|  |TAMS 0x0000000088f00000, 0x0000000088f00000| Untracked 
| 144|0x0000000089000000, 0x0000000089000000, 0x0000000089100000|  0%| F|  |TAMS 0x0000000089000000, 0x0000000089000000| Untracked 
| 145|0x0000000089100000, 0x0000000089100000, 0x0000000089200000|  0%| F|  |TAMS 0x0000000089100000, 0x0000000089100000| Untracked 
| 146|0x0000000089200000, 0x00000000892c9a90, 0x0000000089300000| 78%| S|CS|TAMS 0x0000000089200000, 0x0000000089200000| Complete 
| 147|0x0000000089300000, 0x0000000089400000, 0x0000000089400000|100%| S|CS|TAMS 0x0000000089300000, 0x0000000089300000| Complete 
| 148|0x0000000089400000, 0x0000000089500000, 0x0000000089500000|100%| S|CS|TAMS 0x0000000089400000, 0x0000000089400000| Complete 
| 149|0x0000000089500000, 0x0000000089500000, 0x0000000089600000|  0%| F|  |TAMS 0x0000000089500000, 0x0000000089500000| Untracked 
| 150|0x0000000089600000, 0x0000000089600000, 0x0000000089700000|  0%| F|  |TAMS 0x0000000089600000, 0x0000000089600000| Untracked 
| 151|0x0000000089700000, 0x0000000089700000, 0x0000000089800000|  0%| F|  |TAMS 0x0000000089700000, 0x0000000089700000| Untracked 
| 152|0x0000000089800000, 0x0000000089800000, 0x0000000089900000|  0%| F|  |TAMS 0x0000000089800000, 0x0000000089800000| Untracked 
| 153|0x0000000089900000, 0x0000000089900000, 0x0000000089a00000|  0%| F|  |TAMS 0x0000000089900000, 0x0000000089900000| Untracked 
| 154|0x0000000089a00000, 0x0000000089a00000, 0x0000000089b00000|  0%| F|  |TAMS 0x0000000089a00000, 0x0000000089a00000| Untracked 
| 155|0x0000000089b00000, 0x0000000089b00000, 0x0000000089c00000|  0%| F|  |TAMS 0x0000000089b00000, 0x0000000089b00000| Untracked 
| 156|0x0000000089c00000, 0x0000000089c00000, 0x0000000089d00000|  0%| F|  |TAMS 0x0000000089c00000, 0x0000000089c00000| Untracked 
| 157|0x0000000089d00000, 0x0000000089d00000, 0x0000000089e00000|  0%| F|  |TAMS 0x0000000089d00000, 0x0000000089d00000| Untracked 
| 158|0x0000000089e00000, 0x0000000089e00000, 0x0000000089f00000|  0%| F|  |TAMS 0x0000000089e00000, 0x0000000089e00000| Untracked 
| 159|0x0000000089f00000, 0x0000000089f00000, 0x000000008a000000|  0%| F|  |TAMS 0x0000000089f00000, 0x0000000089f00000| Untracked 
| 160|0x000000008a000000, 0x000000008a000000, 0x000000008a100000|  0%| F|  |TAMS 0x000000008a000000, 0x000000008a000000| Untracked 
| 161|0x000000008a100000, 0x000000008a1f4c08, 0x000000008a200000| 95%| E|  |TAMS 0x000000008a100000, 0x000000008a100000| Complete 
| 162|0x000000008a200000, 0x000000008a300000, 0x000000008a300000|100%| E|CS|TAMS 0x000000008a200000, 0x000000008a200000| Complete 
| 163|0x000000008a300000, 0x000000008a400000, 0x000000008a400000|100%| E|CS|TAMS 0x000000008a300000, 0x000000008a300000| Complete 
| 164|0x000000008a400000, 0x000000008a500000, 0x000000008a500000|100%| E|CS|TAMS 0x000000008a400000, 0x000000008a400000| Complete 
| 165|0x000000008a500000, 0x000000008a600000, 0x000000008a600000|100%| E|CS|TAMS 0x000000008a500000, 0x000000008a500000| Complete 
| 166|0x000000008a600000, 0x000000008a700000, 0x000000008a700000|100%| E|CS|TAMS 0x000000008a600000, 0x000000008a600000| Complete 
| 167|0x000000008a700000, 0x000000008a800000, 0x000000008a800000|100%| E|  |TAMS 0x000000008a700000, 0x000000008a700000| Complete 
| 168|0x000000008a800000, 0x000000008a900000, 0x000000008a900000|100%| E|CS|TAMS 0x000000008a800000, 0x000000008a800000| Complete 
| 169|0x000000008a900000, 0x000000008aa00000, 0x000000008aa00000|100%| E|CS|TAMS 0x000000008a900000, 0x000000008a900000| Complete 
| 170|0x000000008aa00000, 0x000000008ab00000, 0x000000008ab00000|100%| E|CS|TAMS 0x000000008aa00000, 0x000000008aa00000| Complete 
| 171|0x000000008ab00000, 0x000000008ac00000, 0x000000008ac00000|100%| E|CS|TAMS 0x000000008ab00000, 0x000000008ab00000| Complete 
| 172|0x000000008ac00000, 0x000000008ad00000, 0x000000008ad00000|100%| E|CS|TAMS 0x000000008ac00000, 0x000000008ac00000| Complete 
| 173|0x000000008ad00000, 0x000000008ae00000, 0x000000008ae00000|100%| E|CS|TAMS 0x000000008ad00000, 0x000000008ad00000| Complete 
| 174|0x000000008ae00000, 0x000000008af00000, 0x000000008af00000|100%| E|CS|TAMS 0x000000008ae00000, 0x000000008ae00000| Complete 
| 175|0x000000008af00000, 0x000000008b000000, 0x000000008b000000|100%| E|CS|TAMS 0x000000008af00000, 0x000000008af00000| Complete 
| 176|0x000000008b000000, 0x000000008b100000, 0x000000008b100000|100%| E|CS|TAMS 0x000000008b000000, 0x000000008b000000| Complete 
| 177|0x000000008b100000, 0x000000008b200000, 0x000000008b200000|100%| E|CS|TAMS 0x000000008b100000, 0x000000008b100000| Complete 
| 178|0x000000008b200000, 0x000000008b300000, 0x000000008b300000|100%| E|CS|TAMS 0x000000008b200000, 0x000000008b200000| Complete 
| 179|0x000000008b300000, 0x000000008b400000, 0x000000008b400000|100%| E|CS|TAMS 0x000000008b300000, 0x000000008b300000| Complete 
| 180|0x000000008b400000, 0x000000008b500000, 0x000000008b500000|100%| E|CS|TAMS 0x000000008b400000, 0x000000008b400000| Complete 
| 181|0x000000008b500000, 0x000000008b600000, 0x000000008b600000|100%| E|CS|TAMS 0x000000008b500000, 0x000000008b500000| Complete 
| 182|0x000000008b600000, 0x000000008b700000, 0x000000008b700000|100%| E|CS|TAMS 0x000000008b600000, 0x000000008b600000| Complete 
| 183|0x000000008b700000, 0x000000008b800000, 0x000000008b800000|100%| E|CS|TAMS 0x000000008b700000, 0x000000008b700000| Complete 
| 184|0x000000008b800000, 0x000000008b900000, 0x000000008b900000|100%| E|CS|TAMS 0x000000008b800000, 0x000000008b800000| Complete 
| 185|0x000000008b900000, 0x000000008ba00000, 0x000000008ba00000|100%| E|CS|TAMS 0x000000008b900000, 0x000000008b900000| Complete 
| 186|0x000000008ba00000, 0x000000008bb00000, 0x000000008bb00000|100%| E|CS|TAMS 0x000000008ba00000, 0x000000008ba00000| Complete 
| 187|0x000000008bb00000, 0x000000008bc00000, 0x000000008bc00000|100%| E|CS|TAMS 0x000000008bb00000, 0x000000008bb00000| Complete 
| 188|0x000000008bc00000, 0x000000008bd00000, 0x000000008bd00000|100%| E|CS|TAMS 0x000000008bc00000, 0x000000008bc00000| Complete 
| 189|0x000000008bd00000, 0x000000008be00000, 0x000000008be00000|100%| E|CS|TAMS 0x000000008bd00000, 0x000000008bd00000| Complete 
| 190|0x000000008be00000, 0x000000008bf00000, 0x000000008bf00000|100%| E|CS|TAMS 0x000000008be00000, 0x000000008be00000| Complete 
| 191|0x000000008bf00000, 0x000000008c000000, 0x000000008c000000|100%| E|CS|TAMS 0x000000008bf00000, 0x000000008bf00000| Complete 
| 192|0x000000008c000000, 0x000000008c100000, 0x000000008c100000|100%| E|CS|TAMS 0x000000008c000000, 0x000000008c000000| Complete 
| 193|0x000000008c100000, 0x000000008c200000, 0x000000008c200000|100%| E|CS|TAMS 0x000000008c100000, 0x000000008c100000| Complete 
| 194|0x000000008c200000, 0x000000008c300000, 0x000000008c300000|100%| E|CS|TAMS 0x000000008c200000, 0x000000008c200000| Complete 
| 195|0x000000008c300000, 0x000000008c400000, 0x000000008c400000|100%| E|CS|TAMS 0x000000008c300000, 0x000000008c300000| Complete 
| 196|0x000000008c400000, 0x000000008c500000, 0x000000008c500000|100%| E|CS|TAMS 0x000000008c400000, 0x000000008c400000| Complete 
| 197|0x000000008c500000, 0x000000008c600000, 0x000000008c600000|100%| E|CS|TAMS 0x000000008c500000, 0x000000008c500000| Complete 
| 198|0x000000008c600000, 0x000000008c700000, 0x000000008c700000|100%| E|CS|TAMS 0x000000008c600000, 0x000000008c600000| Complete 
| 199|0x000000008c700000, 0x000000008c800000, 0x000000008c800000|100%| E|CS|TAMS 0x000000008c700000, 0x000000008c700000| Complete 
| 200|0x000000008c800000, 0x000000008c900000, 0x000000008c900000|100%| E|CS|TAMS 0x000000008c800000, 0x000000008c800000| Complete 
| 201|0x000000008c900000, 0x000000008ca00000, 0x000000008ca00000|100%| E|CS|TAMS 0x000000008c900000, 0x000000008c900000| Complete 
| 202|0x000000008ca00000, 0x000000008cb00000, 0x000000008cb00000|100%| E|CS|TAMS 0x000000008ca00000, 0x000000008ca00000| Complete 
| 203|0x000000008cb00000, 0x000000008cc00000, 0x000000008cc00000|100%| E|CS|TAMS 0x000000008cb00000, 0x000000008cb00000| Complete 
| 204|0x000000008cc00000, 0x000000008cd00000, 0x000000008cd00000|100%| E|CS|TAMS 0x000000008cc00000, 0x000000008cc00000| Complete 
| 205|0x000000008cd00000, 0x000000008ce00000, 0x000000008ce00000|100%| E|CS|TAMS 0x000000008cd00000, 0x000000008cd00000| Complete 
| 206|0x000000008ce00000, 0x000000008cf00000, 0x000000008cf00000|100%| E|CS|TAMS 0x000000008ce00000, 0x000000008ce00000| Complete 
| 207|0x000000008cf00000, 0x000000008d000000, 0x000000008d000000|100%| E|CS|TAMS 0x000000008cf00000, 0x000000008cf00000| Complete 
| 208|0x000000008d000000, 0x000000008d100000, 0x000000008d100000|100%| E|CS|TAMS 0x000000008d000000, 0x000000008d000000| Complete 
| 209|0x000000008d100000, 0x000000008d200000, 0x000000008d200000|100%| E|CS|TAMS 0x000000008d100000, 0x000000008d100000| Complete 
| 210|0x000000008d200000, 0x000000008d300000, 0x000000008d300000|100%| E|CS|TAMS 0x000000008d200000, 0x000000008d200000| Complete 
| 211|0x000000008d300000, 0x000000008d400000, 0x000000008d400000|100%| E|CS|TAMS 0x000000008d300000, 0x000000008d300000| Complete 
| 212|0x000000008d400000, 0x000000008d500000, 0x000000008d500000|100%| E|CS|TAMS 0x000000008d400000, 0x000000008d400000| Complete 
| 213|0x000000008d500000, 0x000000008d600000, 0x000000008d600000|100%| E|CS|TAMS 0x000000008d500000, 0x000000008d500000| Complete 
| 214|0x000000008d600000, 0x000000008d700000, 0x000000008d700000|100%| E|CS|TAMS 0x000000008d600000, 0x000000008d600000| Complete 
| 215|0x000000008d700000, 0x000000008d800000, 0x000000008d800000|100%| E|CS|TAMS 0x000000008d700000, 0x000000008d700000| Complete 
| 216|0x000000008d800000, 0x000000008d900000, 0x000000008d900000|100%| E|CS|TAMS 0x000000008d800000, 0x000000008d800000| Complete 
| 217|0x000000008d900000, 0x000000008da00000, 0x000000008da00000|100%| E|CS|TAMS 0x000000008d900000, 0x000000008d900000| Complete 
| 218|0x000000008da00000, 0x000000008db00000, 0x000000008db00000|100%| E|CS|TAMS 0x000000008da00000, 0x000000008da00000| Complete 
| 219|0x000000008db00000, 0x000000008dc00000, 0x000000008dc00000|100%| E|CS|TAMS 0x000000008db00000, 0x000000008db00000| Complete 
| 220|0x000000008dc00000, 0x000000008dd00000, 0x000000008dd00000|100%| E|CS|TAMS 0x000000008dc00000, 0x000000008dc00000| Complete 
| 221|0x000000008dd00000, 0x000000008de00000, 0x000000008de00000|100%| E|CS|TAMS 0x000000008dd00000, 0x000000008dd00000| Complete 
| 222|0x000000008de00000, 0x000000008df00000, 0x000000008df00000|100%| E|CS|TAMS 0x000000008de00000, 0x000000008de00000| Complete 
| 223|0x000000008df00000, 0x000000008e000000, 0x000000008e000000|100%| E|CS|TAMS 0x000000008df00000, 0x000000008df00000| Complete 
| 224|0x000000008e000000, 0x000000008e100000, 0x000000008e100000|100%| E|CS|TAMS 0x000000008e000000, 0x000000008e000000| Complete 
| 225|0x000000008e100000, 0x000000008e200000, 0x000000008e200000|100%| E|CS|TAMS 0x000000008e100000, 0x000000008e100000| Complete 
| 226|0x000000008e200000, 0x000000008e300000, 0x000000008e300000|100%| E|CS|TAMS 0x000000008e200000, 0x000000008e200000| Complete 
| 227|0x000000008e300000, 0x000000008e400000, 0x000000008e400000|100%| E|CS|TAMS 0x000000008e300000, 0x000000008e300000| Complete 
| 228|0x000000008e400000, 0x000000008e500000, 0x000000008e500000|100%| E|CS|TAMS 0x000000008e400000, 0x000000008e400000| Complete 
| 229|0x000000008e500000, 0x000000008e600000, 0x000000008e600000|100%| E|CS|TAMS 0x000000008e500000, 0x000000008e500000| Complete 
| 230|0x000000008e600000, 0x000000008e700000, 0x000000008e700000|100%| E|CS|TAMS 0x000000008e600000, 0x000000008e600000| Complete 
| 231|0x000000008e700000, 0x000000008e800000, 0x000000008e800000|100%| E|CS|TAMS 0x000000008e700000, 0x000000008e700000| Complete 
| 232|0x000000008e800000, 0x000000008e900000, 0x000000008e900000|100%| E|CS|TAMS 0x000000008e800000, 0x000000008e800000| Complete 
| 233|0x000000008e900000, 0x000000008e9ffff8, 0x000000008ea00000| 99%| E|CS|TAMS 0x000000008e900000, 0x000000008e900000| Complete 
| 234|0x000000008ea00000, 0x000000008eb00000, 0x000000008eb00000|100%| E|CS|TAMS 0x000000008ea00000, 0x000000008ea00000| Complete 
| 235|0x000000008eb00000, 0x000000008ec00000, 0x000000008ec00000|100%| E|CS|TAMS 0x000000008eb00000, 0x000000008eb00000| Complete 
| 236|0x000000008ec00000, 0x000000008ed00000, 0x000000008ed00000|100%| E|CS|TAMS 0x000000008ec00000, 0x000000008ec00000| Complete 
| 237|0x000000008ed00000, 0x000000008ee00000, 0x000000008ee00000|100%| E|CS|TAMS 0x000000008ed00000, 0x000000008ed00000| Complete 
| 238|0x000000008ee00000, 0x000000008ef00000, 0x000000008ef00000|100%| E|CS|TAMS 0x000000008ee00000, 0x000000008ee00000| Complete 
| 239|0x000000008ef00000, 0x000000008f000000, 0x000000008f000000|100%| E|CS|TAMS 0x000000008ef00000, 0x000000008ef00000| Complete 
| 240|0x000000008f000000, 0x000000008f100000, 0x000000008f100000|100%| E|CS|TAMS 0x000000008f000000, 0x000000008f000000| Complete 
| 241|0x000000008f100000, 0x000000008f200000, 0x000000008f200000|100%| E|CS|TAMS 0x000000008f100000, 0x000000008f100000| Complete 
| 242|0x000000008f200000, 0x000000008f300000, 0x000000008f300000|100%| E|CS|TAMS 0x000000008f200000, 0x000000008f200000| Complete 
| 243|0x000000008f300000, 0x000000008f400000, 0x000000008f400000|100%| E|CS|TAMS 0x000000008f300000, 0x000000008f300000| Complete 
| 244|0x000000008f400000, 0x000000008f500000, 0x000000008f500000|100%| E|CS|TAMS 0x000000008f400000, 0x000000008f400000| Complete 
| 245|0x000000008f500000, 0x000000008f600000, 0x000000008f600000|100%| E|CS|TAMS 0x000000008f500000, 0x000000008f500000| Complete 
| 246|0x000000008f600000, 0x000000008f700000, 0x000000008f700000|100%| E|CS|TAMS 0x000000008f600000, 0x000000008f600000| Complete 
| 247|0x000000008f700000, 0x000000008f800000, 0x000000008f800000|100%| E|CS|TAMS 0x000000008f700000, 0x000000008f700000| Complete 
| 248|0x000000008f800000, 0x000000008f900000, 0x000000008f900000|100%| E|CS|TAMS 0x000000008f800000, 0x000000008f800000| Complete 
| 249|0x000000008f900000, 0x000000008fa00000, 0x000000008fa00000|100%| E|CS|TAMS 0x000000008f900000, 0x000000008f900000| Complete 
| 250|0x000000008fa00000, 0x000000008fb00000, 0x000000008fb00000|100%| E|CS|TAMS 0x000000008fa00000, 0x000000008fa00000| Complete 
| 251|0x000000008fb00000, 0x000000008fc00000, 0x000000008fc00000|100%| E|CS|TAMS 0x000000008fb00000, 0x000000008fb00000| Complete 
| 252|0x000000008fc00000, 0x000000008fd00000, 0x000000008fd00000|100%| E|CS|TAMS 0x000000008fc00000, 0x000000008fc00000| Complete 
| 253|0x000000008fd00000, 0x000000008fe00000, 0x000000008fe00000|100%| E|CS|TAMS 0x000000008fd00000, 0x000000008fd00000| Complete 

Card table byte_map: [0x00000155b1140000,0x00000155b1540000] _byte_map_base: 0x00000155b0d40000

Marking Bits (Prev, Next): (CMBitMap*) 0x000001559e5a46d0, (CMBitMap*) 0x000001559e5a4690
 Prev Bits: [0x00000155b3940000, 0x00000155b5940000)
 Next Bits: [0x00000155b1940000, 0x00000155b3940000)

Polling page: 0x000001559c540000

Metaspace:

Usage:
  Non-class:     96.64 MB used.
      Class:     14.72 MB used.
       Both:    111.36 MB used.

Virtual space:
  Non-class space:      104.00 MB reserved,      97.06 MB ( 93%) committed,  13 nodes.
      Class space:        1.00 GB reserved,      15.06 MB (  1%) committed,  1 nodes.
             Both:        1.10 GB reserved,     112.12 MB ( 10%) committed. 

Chunk freelists:
   Non-Class:  2.72 MB
       Class:  784.00 KB
        Both:  3.48 MB

MaxMetaspaceSize: unlimited
CompressedClassSpaceSize: 1.00 GB
Initial GC threshold: 21.00 MB
Current GC threshold: 120.31 MB
CDS: off
MetaspaceReclaimPolicy: balanced
 - commit_granule_bytes: 65536.
 - commit_granule_words: 8192.
 - virtual_space_node_default_size: 1048576.
 - enlarge_chunks_in_place: 1.
 - new_chunks_are_fully_committed: 0.
 - uncommit_free_chunks: 1.
 - use_allocation_guard: 0.
 - handle_deallocations: 1.


Internal statistics:

num_allocs_failed_limit: 6.
num_arena_births: 1242.
num_arena_deaths: 0.
num_vsnodes_births: 14.
num_vsnodes_deaths: 0.
num_space_committed: 1794.
num_space_uncommitted: 0.
num_chunks_returned_to_freelist: 6.
num_chunks_taken_from_freelist: 5481.
num_chunk_merges: 6.
num_chunk_splits: 3554.
num_chunks_enlarged: 2302.
num_purges: 0.
num_inconsistent_stats: 0.

CodeHeap 'non-profiled nmethods': size=120000Kb used=8419Kb max_used=8419Kb free=111580Kb
 bounds [0x00000155a94e0000, 0x00000155a9d20000, 0x00000155b0a10000]
CodeHeap 'profiled nmethods': size=120000Kb used=27300Kb max_used=27300Kb free=92699Kb
 bounds [0x00000155a1a10000, 0x00000155a34c0000, 0x00000155a8f40000]
CodeHeap 'non-nmethods': size=5760Kb used=2445Kb max_used=2597Kb free=3314Kb
 bounds [0x00000155a8f40000, 0x00000155a91d0000, 0x00000155a94e0000]
 total_blobs=14798 nmethods=13811 adapters=899
 compilation: enabled
              stopped_count=0, restarted_count=0
 full_count=0

Compilation events (20 events):
Event: 53.915 Thread 0x00000155bf429fb0 nmethod 16311 0x00000155a9a8c490 code [0x00000155a9a8c660, 0x00000155a9a8cc28]
Event: 53.916 Thread 0x00000155bf429fb0 16313       4       com.google.common.collect.Ordering::natural (4 bytes)
Event: 53.916 Thread 0x00000155bf429fb0 nmethod 16313 0x00000155a9a8c190 code [0x00000155a9a8c300, 0x00000155a9a8c358]
Event: 53.916 Thread 0x00000155bf429fb0 16314       4       org.objectweb.asm.ClassReader::readInt (52 bytes)
Event: 53.917 Thread 0x00000155bf429fb0 nmethod 16314 0x00000155a9a8be10 code [0x00000155a9a8bf80, 0x00000155a9a8c078]
Event: 53.917 Thread 0x00000155bf429fb0 16331       4       org.objectweb.asm.ClassReader::readUtf (44 bytes)
Event: 53.929 Thread 0x00000155b8c3f5d0 nmethod 16309 0x00000155a3479e10 code [0x00000155a347b340, 0x00000155a348cd68]
Event: 53.929 Thread 0x00000155b8c3f5d0 16315       2       com.google.common.collect.ComparisonChain$InactiveComparisonChain::compare (2 bytes)
Event: 53.929 Thread 0x00000155b8c3f5d0 nmethod 16315 0x00000155a3494e10 code [0x00000155a3494fa0, 0x00000155a34950b8]
Event: 53.929 Thread 0x00000155b8c3f5d0 16338       3       org.objectweb.asm.ClassReader::readField (671 bytes)
Event: 53.931 Thread 0x00000155b8c3f5d0 nmethod 16338 0x00000155a3495190 code [0x00000155a3495700, 0x00000155a3497e28]
Event: 53.931 Thread 0x00000155b8c3f5d0 16317       2       com.google.common.collect.ComparisonChain$1::classify (24 bytes)
Event: 53.931 Thread 0x00000155b8c3f5d0 nmethod 16317 0x00000155a3499010 code [0x00000155a34991a0, 0x00000155a34992f8]
Event: 53.931 Thread 0x00000155b8c3f5d0 16319       2       com.google.common.collect.ComparisonChain$1::compare (12 bytes)
Event: 53.931 Thread 0x00000155b8c3f5d0 nmethod 16319 0x00000155a3499390 code [0x00000155a3499540, 0x00000155a34996c8]
Event: 53.931 Thread 0x00000155b8c3f5d0 16320       2       org.gradle.internal.normalization.java.impl.AccessibleMember::compare (17 bytes)
Event: 53.932 Thread 0x00000155b8c3f5d0 nmethod 16320 0x00000155a3499790 code [0x00000155a3499940, 0x00000155a3499af8]
Event: 53.932 Thread 0x00000155b8c3f5d0 16323       2       org.gradle.internal.normalization.java.impl.TypedMember::compare (41 bytes)
Event: 53.932 Thread 0x00000155b8c3f5d0 nmethod 16323 0x00000155a3499c90 code [0x00000155a3499e40, 0x00000155a3499fd8]
Event: 53.932 Thread 0x00000155b8c3f5d0 16324       2       org.gradle.internal.normalization.java.impl.AnnotatableMember::compare (41 bytes)

GC Heap History (20 events):
Event: 14.266 GC heap before
{Heap before GC invocations=32 (full 0):
 garbage-first heap   total 216064K, used 161499K [0x0000000080000000, 0x0000000100000000)
  region size 1024K, 102 young (104448K), 7 survivors (7168K)
 Metaspace       used 88896K, committed 89536K, reserved 1130496K
  class space    used 12047K, committed 12352K, reserved 1048576K
}
Event: 14.279 GC heap after
{Heap after GC invocations=33 (full 0):
 garbage-first heap   total 216064K, used 72223K [0x0000000080000000, 0x0000000100000000)
  region size 1024K, 13 young (13312K), 13 survivors (13312K)
 Metaspace       used 88896K, committed 89536K, reserved 1130496K
  class space    used 12047K, committed 12352K, reserved 1048576K
}
Event: 15.247 GC heap before
{Heap before GC invocations=33 (full 0):
 garbage-first heap   total 216064K, used 163359K [0x0000000080000000, 0x0000000100000000)
  region size 1024K, 103 young (105472K), 13 survivors (13312K)
 Metaspace       used 93084K, committed 93824K, reserved 1130496K
  class space    used 12667K, committed 12992K, reserved 1048576K
}
Event: 15.267 GC heap after
{Heap after GC invocations=34 (full 0):
 garbage-first heap   total 216064K, used 85290K [0x0000000080000000, 0x0000000100000000)
  region size 1024K, 13 young (13312K), 13 survivors (13312K)
 Metaspace       used 93084K, committed 93824K, reserved 1130496K
  class space    used 12667K, committed 12992K, reserved 1048576K
}
Event: 16.257 GC heap before
{Heap before GC invocations=34 (full 0):
 garbage-first heap   total 216064K, used 165162K [0x0000000080000000, 0x0000000100000000)
  region size 1024K, 92 young (94208K), 13 survivors (13312K)
 Metaspace       used 96033K, committed 96704K, reserved 1138688K
  class space    used 12991K, committed 13312K, reserved 1048576K
}
Event: 16.269 GC heap after
{Heap after GC invocations=35 (full 0):
 garbage-first heap   total 216064K, used 91136K [0x0000000080000000, 0x0000000100000000)
  region size 1024K, 6 young (6144K), 6 survivors (6144K)
 Metaspace       used 96033K, committed 96704K, reserved 1138688K
  class space    used 12991K, committed 13312K, reserved 1048576K
}
Event: 17.318 GC heap before
{Heap before GC invocations=35 (full 0):
 garbage-first heap   total 216064K, used 169984K [0x0000000080000000, 0x0000000100000000)
  region size 1024K, 84 young (86016K), 6 survivors (6144K)
 Metaspace       used 101511K, committed 102272K, reserved 1138688K
  class space    used 13742K, committed 14080K, reserved 1048576K
}
Event: 17.328 GC heap after
{Heap after GC invocations=36 (full 0):
 garbage-first heap   total 216064K, used 95900K [0x0000000080000000, 0x0000000100000000)
  region size 1024K, 11 young (11264K), 11 survivors (11264K)
 Metaspace       used 101511K, committed 102272K, reserved 1138688K
  class space    used 13742K, committed 14080K, reserved 1048576K
}
Event: 20.399 GC heap before
{Heap before GC invocations=36 (full 0):
 garbage-first heap   total 216064K, used 171676K [0x0000000080000000, 0x0000000100000000)
  region size 1024K, 86 young (88064K), 11 survivors (11264K)
 Metaspace       used 103255K, committed 104000K, reserved 1138688K
  class space    used 13948K, committed 14272K, reserved 1048576K
}
Event: 20.412 GC heap after
{Heap after GC invocations=37 (full 0):
 garbage-first heap   total 216064K, used 102487K [0x0000000080000000, 0x0000000100000000)
  region size 1024K, 7 young (7168K), 7 survivors (7168K)
 Metaspace       used 103255K, committed 104000K, reserved 1138688K
  class space    used 13948K, committed 14272K, reserved 1048576K
}
Event: 21.140 GC heap before
{Heap before GC invocations=37 (full 0):
 garbage-first heap   total 216064K, used 178263K [0x0000000080000000, 0x0000000100000000)
  region size 1024K, 60 young (61440K), 7 survivors (7168K)
 Metaspace       used 105316K, committed 106112K, reserved 1146880K
  class space    used 14215K, committed 14592K, reserved 1048576K
}
Event: 21.161 GC heap after
{Heap after GC invocations=38 (full 0):
 garbage-first heap   total 216064K, used 121082K [0x0000000080000000, 0x0000000100000000)
  region size 1024K, 4 young (4096K), 4 survivors (4096K)
 Metaspace       used 105316K, committed 106112K, reserved 1146880K
  class space    used 14215K, committed 14592K, reserved 1048576K
}
Event: 51.826 GC heap before
{Heap before GC invocations=38 (full 0):
 garbage-first heap   total 216064K, used 178426K [0x0000000080000000, 0x0000000100000000)
  region size 1024K, 59 young (60416K), 4 survivors (4096K)
 Metaspace       used 110016K, committed 110784K, reserved 1146880K
  class space    used 14639K, committed 14976K, reserved 1048576K
}
Event: 51.835 GC heap after
{Heap after GC invocations=39 (full 0):
 garbage-first heap   total 216064K, used 108676K [0x0000000080000000, 0x0000000100000000)
  region size 1024K, 8 young (8192K), 8 survivors (8192K)
 Metaspace       used 110016K, committed 110784K, reserved 1146880K
  class space    used 14639K, committed 14976K, reserved 1048576K
}
Event: 52.764 GC heap before
{Heap before GC invocations=39 (full 0):
 garbage-first heap   total 216064K, used 173188K [0x0000000080000000, 0x0000000100000000)
  region size 1024K, 72 young (73728K), 8 survivors (8192K)
 Metaspace       used 111525K, committed 112320K, reserved 1146880K
  class space    used 14796K, committed 15168K, reserved 1048576K
}
Event: 52.776 GC heap after
{Heap after GC invocations=40 (full 0):
 garbage-first heap   total 216064K, used 114537K [0x0000000080000000, 0x0000000100000000)
  region size 1024K, 7 young (7168K), 7 survivors (7168K)
 Metaspace       used 111525K, committed 112320K, reserved 1146880K
  class space    used 14796K, committed 15168K, reserved 1048576K
}
Event: 53.059 GC heap before
{Heap before GC invocations=40 (full 0):
 garbage-first heap   total 216064K, used 174953K [0x0000000080000000, 0x0000000100000000)
  region size 1024K, 66 young (67584K), 7 survivors (7168K)
 Metaspace       used 112432K, committed 113216K, reserved 1155072K
  class space    used 14869K, committed 15232K, reserved 1048576K
}
Event: 53.068 GC heap after
{Heap after GC invocations=41 (full 0):
 garbage-first heap   total 216064K, used 117025K [0x0000000080000000, 0x0000000100000000)
  region size 1024K, 3 young (3072K), 3 survivors (3072K)
 Metaspace       used 112432K, committed 113216K, reserved 1155072K
  class space    used 14869K, committed 15232K, reserved 1048576K
}
Event: 53.474 GC heap before
{Heap before GC invocations=41 (full 0):
 garbage-first heap   total 216064K, used 176417K [0x0000000080000000, 0x0000000100000000)
  region size 1024K, 62 young (63488K), 3 survivors (3072K)
 Metaspace       used 113252K, committed 114112K, reserved 1155072K
  class space    used 14975K, committed 15360K, reserved 1048576K
}
Event: 53.479 GC heap after
{Heap after GC invocations=42 (full 0):
 garbage-first heap   total 260096K, used 117070K [0x0000000080000000, 0x0000000100000000)
  region size 1024K, 3 young (3072K), 3 survivors (3072K)
 Metaspace       used 113252K, committed 114112K, reserved 1155072K
  class space    used 14975K, committed 15360K, reserved 1048576K
}

Dll operation events (2 events):
Event: 0.008 Loaded shared library C:\Program Files\Android\Android Studio\jbr\bin\java.dll
Event: 0.355 Loaded shared library C:\Program Files\Android\Android Studio\jbr\bin\verify.dll

Deoptimization events (20 events):
Event: 53.907 Thread 0x00000155b9f2f530 Uncommon trap: trap_request=0xffffff45 fr.pc=0x00000155a9b40e08 relative=0x0000000000000328
Event: 53.907 Thread 0x00000155b9f2f530 Uncommon trap: reason=unstable_if action=reinterpret pc=0x00000155a9b40e08 method=org.objectweb.asm.MethodWriter.visitLdcInsn(Ljava/lang/Object;)V @ 144 c2
Event: 53.907 Thread 0x00000155b9f2f530 DEOPT PACKING pc=0x00000155a9b40e08 sp=0x00000042658fab50
Event: 53.907 Thread 0x00000155b9f2f530 DEOPT UNPACKING pc=0x00000155a8f969a3 sp=0x00000042658faae0 mode 2
Event: 53.907 Thread 0x00000155b9f2f530 Uncommon trap: trap_request=0xffffff45 fr.pc=0x00000155a9825c38 relative=0x00000000000006d8
Event: 53.907 Thread 0x00000155b9f2f530 Uncommon trap: reason=unstable_if action=reinterpret pc=0x00000155a9825c38 method=org.objectweb.asm.MethodWriter.visitMethodInsn(ILjava/lang/String;Ljava/lang/String;Ljava/lang/String;Z)V @ 89 c2
Event: 53.907 Thread 0x00000155b9f2f530 DEOPT PACKING pc=0x00000155a9825c38 sp=0x00000042658fab10
Event: 53.907 Thread 0x00000155b9f2f530 DEOPT UNPACKING pc=0x00000155a8f969a3 sp=0x00000042658faac8 mode 2
Event: 53.907 Thread 0x00000155b9f2f530 Uncommon trap: trap_request=0xffffff45 fr.pc=0x00000155a98917bc relative=0x000000000000009c
Event: 53.907 Thread 0x00000155b9f2f530 Uncommon trap: reason=unstable_if action=reinterpret pc=0x00000155a98917bc method=org.objectweb.asm.MethodWriter.visitMaxs(II)V @ 35 c2
Event: 53.907 Thread 0x00000155b9f2f530 DEOPT PACKING pc=0x00000155a98917bc sp=0x00000042658fab70
Event: 53.907 Thread 0x00000155b9f2f530 DEOPT UNPACKING pc=0x00000155a8f969a3 sp=0x00000042658fab08 mode 2
Event: 53.908 Thread 0x00000155b9f2f530 Uncommon trap: trap_request=0xffffffd6 fr.pc=0x00000155a9725804 relative=0x0000000000000944
Event: 53.908 Thread 0x00000155b9f2f530 Uncommon trap: reason=array_check action=maybe_recompile pc=0x00000155a9725804 method=java.util.ComparableTimSort.binarySort([Ljava/lang/Object;III)V @ 183 c2
Event: 53.908 Thread 0x00000155b9f2f530 DEOPT PACKING pc=0x00000155a9725804 sp=0x00000042658fb210
Event: 53.908 Thread 0x00000155b9f2f530 DEOPT UNPACKING pc=0x00000155a8f969a3 sp=0x00000042658fb1c0 mode 2
Event: 53.910 Thread 0x00000155b9f2f530 Uncommon trap: trap_request=0xffffff45 fr.pc=0x00000155a9975c34 relative=0x00000000000002f4
Event: 53.910 Thread 0x00000155b9f2f530 Uncommon trap: reason=unstable_if action=reinterpret pc=0x00000155a9975c34 method=org.objectweb.asm.MethodVisitor.visitFieldInsn(ILjava/lang/String;Ljava/lang/String;Ljava/lang/String;)V @ 4 c2
Event: 53.910 Thread 0x00000155b9f2f530 DEOPT PACKING pc=0x00000155a9975c34 sp=0x00000042658faa60
Event: 53.910 Thread 0x00000155b9f2f530 DEOPT UNPACKING pc=0x00000155a8f969a3 sp=0x00000042658faa30 mode 2

Classes unloaded (0 events):
No events

Classes redefined (0 events):
No events

Internal exceptions (20 events):
Event: 53.825 Thread 0x00000155bcc9b3a0 Exception <a 'sun/nio/fs/WindowsException'{0x000000008c28c958}> (0x000000008c28c958) 
thrown [s\src\hotspot\share\prims\jni.cpp, line 517]
Event: 53.825 Thread 0x00000155bcc9b3a0 Exception <a 'sun/nio/fs/WindowsException'{0x000000008c28c9f8}> (0x000000008c28c9f8) 
thrown [s\src\hotspot\share\prims\jni.cpp, line 517]
Event: 53.825 Thread 0x00000155bcc9b3a0 Exception <a 'sun/nio/fs/WindowsException'{0x000000008c28cdd8}> (0x000000008c28cdd8) 
thrown [s\src\hotspot\share\prims\jni.cpp, line 517]
Event: 53.834 Thread 0x00000155b9993210 Exception <a 'sun/nio/fs/WindowsException'{0x000000008bf982b0}> (0x000000008bf982b0) 
thrown [s\src\hotspot\share\prims\jni.cpp, line 517]
Event: 53.834 Thread 0x00000155b9993210 Exception <a 'sun/nio/fs/WindowsException'{0x000000008bf98350}> (0x000000008bf98350) 
thrown [s\src\hotspot\share\prims\jni.cpp, line 517]
Event: 53.834 Thread 0x00000155b9993210 Exception <a 'sun/nio/fs/WindowsException'{0x000000008bf98740}> (0x000000008bf98740) 
thrown [s\src\hotspot\share\prims\jni.cpp, line 517]
Event: 53.840 Thread 0x00000155b9992d40 Exception <a 'sun/nio/fs/WindowsException'{0x000000008be58380}> (0x000000008be58380) 
thrown [s\src\hotspot\share\prims\jni.cpp, line 517]
Event: 53.841 Thread 0x00000155b9992d40 Exception <a 'sun/nio/fs/WindowsException'{0x000000008be58420}> (0x000000008be58420) 
thrown [s\src\hotspot\share\prims\jni.cpp, line 517]
Event: 53.841 Thread 0x00000155b9992d40 Exception <a 'sun/nio/fs/WindowsException'{0x000000008be6c590}> (0x000000008be6c590) 
thrown [s\src\hotspot\share\prims\jni.cpp, line 517]
Event: 53.841 Thread 0x00000155bcd6e060 Exception <a 'sun/nio/fs/WindowsException'{0x000000008be74700}> (0x000000008be74700) 
thrown [s\src\hotspot\share\prims\jni.cpp, line 517]
Event: 53.841 Thread 0x00000155bcd6e060 Exception <a 'sun/nio/fs/WindowsException'{0x000000008be747a0}> (0x000000008be747a0) 
thrown [s\src\hotspot\share\prims\jni.cpp, line 517]
Event: 53.841 Thread 0x00000155bcd6e060 Exception <a 'sun/nio/fs/WindowsException'{0x000000008be74b60}> (0x000000008be74b60) 
thrown [s\src\hotspot\share\prims\jni.cpp, line 517]
Event: 53.846 Thread 0x00000155bf3a4560 Exception <a 'sun/nio/fs/WindowsException'{0x000000008bd69530}> (0x000000008bd69530) 
thrown [s\src\hotspot\share\prims\jni.cpp, line 517]
Event: 53.846 Thread 0x00000155bf3a4560 Exception <a 'sun/nio/fs/WindowsException'{0x000000008bd695d0}> (0x000000008bd695d0) 
thrown [s\src\hotspot\share\prims\jni.cpp, line 517]
Event: 53.846 Thread 0x00000155bf3a4560 Exception <a 'sun/nio/fs/WindowsException'{0x000000008bd699b8}> (0x000000008bd699b8) 
thrown [s\src\hotspot\share\prims\jni.cpp, line 517]
Event: 53.847 Thread 0x00000155bf3a1ee0 Exception <a 'sun/nio/fs/WindowsException'{0x000000008bd4b760}> (0x000000008bd4b760) 
thrown [s\src\hotspot\share\prims\jni.cpp, line 517]
Event: 53.847 Thread 0x00000155bf3a1ee0 Exception <a 'sun/nio/fs/WindowsException'{0x000000008bd4b800}> (0x000000008bd4b800) 
thrown [s\src\hotspot\share\prims\jni.cpp, line 517]
Event: 53.847 Thread 0x00000155bf3a1ee0 Exception <a 'sun/nio/fs/WindowsException'{0x000000008bd4bc00}> (0x000000008bd4bc00) 
thrown [s\src\hotspot\share\prims\jni.cpp, line 517]
Event: 53.907 Thread 0x00000155b9f2f530 Implicit null exception at 0x00000155a98235d1 to 0x00000155a9824358
Event: 53.910 Thread 0x00000155b9f2f530 Implicit null exception at 0x00000155a9975980 to 0x00000155a9975c18

VM Operations (20 events):
Event: 52.764 Executing VM operation: G1CollectForAllocation
Event: 52.778 Executing VM operation: G1CollectForAllocation done
Event: 52.915 Executing VM operation: HandshakeAllThreads
Event: 52.915 Executing VM operation: HandshakeAllThreads done
Event: 52.949 Executing VM operation: HandshakeAllThreads
Event: 52.949 Executing VM operation: HandshakeAllThreads done
Event: 53.058 Executing VM operation: G1CollectForAllocation
Event: 53.069 Executing VM operation: G1CollectForAllocation done
Event: 53.276 Executing VM operation: HandshakeAllThreads
Event: 53.277 Executing VM operation: HandshakeAllThreads done
Event: 53.474 Executing VM operation: G1CollectForAllocation
Event: 53.487 Executing VM operation: G1CollectForAllocation done
Event: 53.574 Executing VM operation: HandshakeAllThreads
Event: 53.574 Executing VM operation: HandshakeAllThreads done
Event: 53.585 Executing VM operation: HandshakeAllThreads
Event: 53.586 Executing VM operation: HandshakeAllThreads done
Event: 53.588 Executing VM operation: HandshakeAllThreads
Event: 53.588 Executing VM operation: HandshakeAllThreads done
Event: 53.797 Executing VM operation: ICBufferFull
Event: 53.797 Executing VM operation: ICBufferFull done

Events (20 events):
Event: 53.389 loading class java/util/Spliterators$AbstractSpliterator done
Event: 53.389 loading class java/util/zip/ZipFile$EntrySpliterator done
Event: 53.390 loading class java/nio/file/TempFileHelper
Event: 53.390 loading class java/nio/file/TempFileHelper done
Event: 53.417 loading class java/io/SequenceInputStream
Event: 53.417 loading class java/io/SequenceInputStream done
Event: 53.523 loading class sun/nio/cs/US_ASCII$Decoder
Event: 53.523 loading class sun/nio/cs/US_ASCII$Decoder done
Event: 53.540 loading class jdk/internal/misc/ScopedMemoryAccess$Scope$Handle
Event: 53.544 loading class jdk/internal/misc/ScopedMemoryAccess$Scope$Handle done
Event: 53.583 loading class sun/nio/cs/US_ASCII$Encoder
Event: 53.583 loading class sun/nio/cs/US_ASCII$Encoder done
Event: 53.588 loading class sun/nio/cs/Surrogate$Parser
Event: 53.589 loading class sun/nio/cs/Surrogate$Parser done
Event: 53.589 loading class sun/nio/cs/Surrogate
Event: 53.589 loading class sun/nio/cs/Surrogate done
Event: 53.599 loading class java/util/TreeMap$AscendingSubMap
Event: 53.599 loading class java/util/TreeMap$AscendingSubMap done
Event: 53.599 loading class java/util/TreeMap$NavigableSubMap$SubMapKeyIterator
Event: 53.599 loading class java/util/TreeMap$NavigableSubMap$SubMapKeyIterator done


Dynamic libraries:
0x00007ff601680000 - 0x00007ff60168a000 	C:\Program Files\Android\Android Studio\jbr\bin\java.exe
0x00007ffcbb330000 - 0x00007ffcbb544000 	C:\WINDOWS\SYSTEM32\ntdll.dll
0x00007ffcb9a30000 - 0x00007ffcb9af2000 	C:\WINDOWS\System32\KERNEL32.DLL
0x00007ffcb8a00000 - 0x00007ffcb8da3000 	C:\WINDOWS\System32\KERNELBASE.dll
0x00007ffcb8db0000 - 0x00007ffcb8ec1000 	C:\WINDOWS\System32\ucrtbase.dll
0x00007ffc89930000 - 0x00007ffc89947000 	C:\Program Files\Android\Android Studio\jbr\bin\jli.dll
0x00007ffc890c0000 - 0x00007ffc890db000 	C:\Program Files\Android\Android Studio\jbr\bin\VCRUNTIME140.dll
0x00007ffcb9e90000 - 0x00007ffcba03b000 	C:\WINDOWS\System32\USER32.dll
0x00007ffcb8750000 - 0x00007ffcb8776000 	C:\WINDOWS\System32\win32u.dll
0x00007ffcb9830000 - 0x00007ffcb9859000 	C:\WINDOWS\System32\GDI32.dll
0x00007ffc9f6e0000 - 0x00007ffc9f96e000 	C:\WINDOWS\WinSxS\amd64_microsoft.windows.common-controls_6595b64144ccf1df_6.0.22621.1635_none_270f70857386168e\COMCTL32.dll
0x00007ffcb8ed0000 - 0x00007ffcb8fe8000 	C:\WINDOWS\System32\gdi32full.dll
0x00007ffcb9980000 - 0x00007ffcb9a27000 	C:\WINDOWS\System32\msvcrt.dll
0x00007ffcb8780000 - 0x00007ffcb881a000 	C:\WINDOWS\System32\msvcp_win.dll
0x00007ffcb9bb0000 - 0x00007ffcb9be1000 	C:\WINDOWS\System32\IMM32.DLL
0x00007ffcb3d10000 - 0x00007ffcb3d1c000 	C:\Program Files\Android\Android Studio\jbr\bin\vcruntime140_1.dll
0x00007ffc89030000 - 0x00007ffc890bd000 	C:\Program Files\Android\Android Studio\jbr\bin\msvcp140.dll
0x00007ffc28760000 - 0x00007ffc293cd000 	C:\Program Files\Android\Android Studio\jbr\bin\server\jvm.dll
0x00007ffcb9de0000 - 0x00007ffcb9e8e000 	C:\WINDOWS\System32\ADVAPI32.dll
0x00007ffcbb1e0000 - 0x00007ffcbb284000 	C:\WINDOWS\System32\sechost.dll
0x00007ffcba200000 - 0x00007ffcba317000 	C:\WINDOWS\System32\RPCRT4.dll
0x00007ffc99070000 - 0x00007ffc99079000 	C:\WINDOWS\SYSTEM32\WSOCK32.dll
0x00007ffcb0150000 - 0x00007ffcb0184000 	C:\WINDOWS\SYSTEM32\WINMM.dll
0x00007ffcb9cf0000 - 0x00007ffcb9d61000 	C:\WINDOWS\System32\WS2_32.dll
0x00007ffca8f50000 - 0x00007ffca8f5a000 	C:\WINDOWS\SYSTEM32\VERSION.dll
0x00007ffcb7890000 - 0x00007ffcb78a8000 	C:\WINDOWS\SYSTEM32\kernel.appcore.dll
0x00007ffc98d10000 - 0x00007ffc98d1a000 	C:\Program Files\Android\Android Studio\jbr\bin\jimage.dll
0x00007ffcb5ad0000 - 0x00007ffcb5cfe000 	C:\WINDOWS\SYSTEM32\DBGHELP.DLL
0x00007ffcba510000 - 0x00007ffcba899000 	C:\WINDOWS\System32\combase.dll
0x00007ffcba900000 - 0x00007ffcba9d7000 	C:\WINDOWS\System32\OLEAUT32.dll
0x00007ffc96e10000 - 0x00007ffc96e42000 	C:\WINDOWS\SYSTEM32\dbgcore.DLL
0x00007ffcb8ff0000 - 0x00007ffcb906b000 	C:\WINDOWS\System32\bcryptPrimitives.dll
0x00007ffc89ca0000 - 0x00007ffc89cc5000 	C:\Program Files\Android\Android Studio\jbr\bin\java.dll
0x00007ffc98c70000 - 0x00007ffc98c88000 	C:\Program Files\Android\Android Studio\jbr\bin\zip.dll
0x00007ffcba9e0000 - 0x00007ffcbb1da000 	C:\WINDOWS\System32\SHELL32.dll
0x00007ffcb6760000 - 0x00007ffcb702e000 	C:\WINDOWS\SYSTEM32\windows.storage.dll
0x00007ffcb6620000 - 0x00007ffcb675e000 	C:\WINDOWS\SYSTEM32\wintypes.dll
0x00007ffcba320000 - 0x00007ffcba411000 	C:\WINDOWS\System32\SHCORE.dll
0x00007ffcba4b0000 - 0x00007ffcba50e000 	C:\WINDOWS\System32\shlwapi.dll
0x00007ffcb8680000 - 0x00007ffcb86a1000 	C:\WINDOWS\SYSTEM32\profapi.dll
0x00007ffc98b90000 - 0x00007ffc98ba9000 	C:\Program Files\Android\Android Studio\jbr\bin\net.dll
0x00007ffcb0dc0000 - 0x00007ffcb0ef7000 	C:\WINDOWS\SYSTEM32\WINHTTP.dll
0x00007ffcb7d00000 - 0x00007ffcb7d69000 	C:\WINDOWS\system32\mswsock.dll
0x00007ffc8cab0000 - 0x00007ffc8cac6000 	C:\Program Files\Android\Android Studio\jbr\bin\nio.dll
0x00007ffc89c00000 - 0x00007ffc89c10000 	C:\Program Files\Android\Android Studio\jbr\bin\verify.dll
0x00007ffc9e9b0000 - 0x00007ffc9e9d7000 	C:\Users\bssus\.gradle\native\68d5fa5c4cc2d200863cafc0d521ce42e7d3e7ee720ec0a83991735586a16f82\windows-amd64\native-platform.dll
0x00007ffc875f0000 - 0x00007ffc87734000 	C:\Users\bssus\.gradle\native\e376f236ea51e6404a007f0833ffe2c6e607c4080706a723a18a27aeea778392\windows-amd64\native-platform-file-events.dll
0x00007ffc92340000 - 0x00007ffc92349000 	C:\Program Files\Android\Android Studio\jbr\bin\management.dll
0x00007ffc89c10000 - 0x00007ffc89c1b000 	C:\Program Files\Android\Android Studio\jbr\bin\management_ext.dll
0x00007ffcba420000 - 0x00007ffcba428000 	C:\WINDOWS\System32\PSAPI.DLL
0x00007ffcb7f70000 - 0x00007ffcb7f8b000 	C:\WINDOWS\SYSTEM32\CRYPTSP.dll
0x00007ffcb7800000 - 0x00007ffcb7835000 	C:\WINDOWS\system32\rsaenh.dll
0x00007ffcb7e00000 - 0x00007ffcb7e28000 	C:\WINDOWS\SYSTEM32\USERENV.dll
0x00007ffcb8100000 - 0x00007ffcb8128000 	C:\WINDOWS\SYSTEM32\bcrypt.dll
0x00007ffcb7f60000 - 0x00007ffcb7f6c000 	C:\WINDOWS\SYSTEM32\CRYPTBASE.dll
0x00007ffcb7300000 - 0x00007ffcb732d000 	C:\WINDOWS\SYSTEM32\IPHLPAPI.DLL
0x00007ffcba050000 - 0x00007ffcba059000 	C:\WINDOWS\System32\NSI.dll
0x00007ffcb0ba0000 - 0x00007ffcb0bb9000 	C:\WINDOWS\SYSTEM32\dhcpcsvc6.DLL
0x00007ffcb0ae0000 - 0x00007ffcb0aff000 	C:\WINDOWS\SYSTEM32\dhcpcsvc.DLL
0x00007ffcb7370000 - 0x00007ffcb7463000 	C:\WINDOWS\SYSTEM32\DNSAPI.dll
0x00007ffc84130000 - 0x00007ffc84138000 	C:\WINDOWS\system32\wshunix.dll
0x00007ffca6690000 - 0x00007ffca669a000 	C:\Windows\System32\rasadhlp.dll
0x00007ffcafe60000 - 0x00007ffcafee4000 	C:\WINDOWS\System32\fwpuclnt.dll
0x00007ffcb78b0000 - 0x00007ffcb78e4000 	C:\WINDOWS\SYSTEM32\ntmarta.dll

dbghelp: loaded successfully - version: 4.0.5 - missing functions: none
symbol engine: initialized successfully - sym options: 0x614 - pdb path: .;C:\Program Files\Android\Android Studio\jbr\bin;C:\WINDOWS\SYSTEM32;C:\WINDOWS\WinSxS\amd64_microsoft.windows.common-controls_6595b64144ccf1df_6.0.22621.1635_none_270f70857386168e;C:\Program Files\Android\Android Studio\jbr\bin\server;C:\Users\bssus\.gradle\native\68d5fa5c4cc2d200863cafc0d521ce42e7d3e7ee720ec0a83991735586a16f82\windows-amd64;C:\Users\bssus\.gradle\native\e376f236ea51e6404a007f0833ffe2c6e607c4080706a723a18a27aeea778392\windows-amd64

VM Arguments:
jvm_args: --add-opens=java.base/java.util=ALL-UNNAMED --add-opens=java.base/java.lang=ALL-UNNAMED --add-opens=java.base/java.lang.invoke=ALL-UNNAMED --add-opens=java.prefs/java.util.prefs=ALL-UNNAMED --add-opens=java.base/java.nio.charset=ALL-UNNAMED --add-opens=java.base/java.net=ALL-UNNAMED --add-opens=java.base/java.util.concurrent.atomic=ALL-UNNAMED -Xmx2048m -Dfile.encoding=UTF-8 -Duser.country=IN -Duser.language=en -Duser.variant 
java_command: org.gradle.launcher.daemon.bootstrap.GradleDaemon 8.0
java_class_path (initial): C:\Users\bssus\.gradle\wrapper\dists\gradle-8.0-bin\ca5e32bp14vu59qr306oxotwh\gradle-8.0\lib\gradle-launcher-8.0.jar
Launcher Type: SUN_STANDARD

[Global flags]
     intx CICompilerCount                          = 4                                         {product} {ergonomic}
     uint ConcGCThreads                            = 2                                         {product} {ergonomic}
     uint G1ConcRefinementThreads                  = 8                                         {product} {ergonomic}
   size_t G1HeapRegionSize                         = 1048576                                   {product} {ergonomic}
    uintx GCDrainStackTargetSize                   = 64                                        {product} {ergonomic}
   size_t InitialHeapSize                          = 132120576                                 {product} {ergonomic}
   size_t MarkStackSize                            = 4194304                                   {product} {ergonomic}
   size_t MaxHeapSize                              = 2147483648                                {product} {command line}
   size_t MaxNewSize                               = 1287651328                                {product} {ergonomic}
   size_t MinHeapDeltaBytes                        = 1048576                                   {product} {ergonomic}
   size_t MinHeapSize                              = 8388608                                   {product} {ergonomic}
    uintx NonNMethodCodeHeapSize                   = 5839372                                {pd product} {ergonomic}
    uintx NonProfiledCodeHeapSize                  = 122909434                              {pd product} {ergonomic}
    uintx ProfiledCodeHeapSize                     = 122909434                              {pd product} {ergonomic}
    uintx ReservedCodeCacheSize                    = 251658240                              {pd product} {ergonomic}
     bool SegmentedCodeCache                       = true                                      {product} {ergonomic}
   size_t SoftMaxHeapSize                          = 2147483648                             {manageable} {ergonomic}
     bool UseCompressedClassPointers               = true                           {product lp64_product} {ergonomic}
     bool UseCompressedOops                        = true                           {product lp64_product} {ergonomic}
     bool UseG1GC                                  = true                                      {product} {ergonomic}
     bool UseLargePagesIndividualAllocation        = false                                  {pd product} {ergonomic}

Logging:
Log output configuration:
 #0: stdout all=warning uptime,level,tags
 #1: stderr all=off uptime,level,tags

Environment Variables:
PATH=C:\Windows\system32;C:\Windows;C:\Windows\System32\Wbem;C:\Windows\System32\WindowsPowerShell\v1.0\;C:\Windows\System32\OpenSSH\;C:\Program Files (x86)\NVIDIA Corporation\PhysX\Common;C:\Program Files\NVIDIA Corporation\NVIDIA NvDLISR;C:\WINDOWS\system32;C:\WINDOWS;C:\WINDOWS\System32\Wbem;C:\WINDOWS\System32\WindowsPowerShell\v1.0\;C:\WINDOWS\System32\OpenSSH\;C:\MinGW\bin;C:\Users\bssus\AppData\Local\Microsoft\WindowsApps;;C:\Users\bssus\AppData\Local\Programs\Microsoft VS Code\bin
USERNAME=bssus
OS=Windows_NT
PROCESSOR_IDENTIFIER=Intel64 Family 6 Model 165 Stepping 2, GenuineIntel
TMP=C:\Users\bssus\AppData\Local\Temp
TEMP=C:\Users\bssus\AppData\Local\Temp



---------------  S Y S T E M  ---------------

OS:
 Windows 11 , 64 bit Build 22621 (10.0.22621.1635)
OS uptime: 0 days 0:04 hours

CPU: total 8 (initial active 8) (4 cores per cpu, 2 threads per core) family 6 model 165 stepping 2 microcode 0xe0, cx8, cmov, fxsr, ht, mmx, 3dnowpref, sse, sse2, sse3, ssse3, sse4.1, sse4.2, popcnt, lzcnt, tsc, tscinvbit, avx, avx2, aes, erms, clmul, bmi1, bmi2, adx, fma, vzeroupper, clflush, clflushopt

Memory: 4k page, system-wide physical 8029M (1375M free)
TotalPageFile size 8029M (AvailPageFile size 13M)
current process WorkingSet (physical memory assigned to process): 556M, peak: 565M
current process commit charge ("private bytes"): 595M, peak: 605M

vm_info: OpenJDK 64-Bit Server VM (17.0.6+0-b2043.56-9586694) for windows-amd64 JRE (17.0.6+0-b2043.56-9586694), built on Feb  9 2023 20:06:20 by "androidbuild" with MS VC++ 16.10 / 16.11 (VS2019)

END.
