#
# There is insufficient memory for the Java Runtime Environment to continue.
# Native memory allocation (malloc) failed to allocate 1420176 bytes for Chunk::new
# Possible reasons:
#   The system is out of physical RAM or swap space
#   The process is running with CompressedOops enabled, and the Java Heap may be blocking the growth of the native heap
# Possible solutions:
#   Reduce memory load on the system
#   Increase physical memory or swap space
#   Check if swap backing store is full
#   Decrease Java heap size (-Xmx/-Xms)
#   Decrease number of Java threads
#   Decrease Java thread stack sizes (-Xss)
#   Set larger code cache with -XX:ReservedCodeCacheSize=
#   JVM is running with Unscaled Compressed Oops mode in which the Java heap is
#     placed in the first 4GB address space. The Java Heap base address is the
#     maximum limit for the native heap growth. Please use -XX:HeapBaseMinAddress
#     to set the Java Heap base and to place the Java Heap above 4GB virtual address.
# This output file may be truncated or incomplete.
#
#  Out of Memory Error (arena.cpp:189), pid=5828, tid=2924
#
# JRE version: OpenJDK Runtime Environment (17.0.6) (build 17.0.6+0-b2043.56-9586694)
# Java VM: OpenJDK 64-Bit Server VM (17.0.6+0-b2043.56-9586694, mixed mode, tiered, compressed oops, compressed class ptrs, g1 gc, windows-amd64)
# No core dump will be written. Minidumps are not enabled by default on client versions of Windows
#

---------------  S U M M A R Y ------------

Command Line: --add-opens=java.base/java.util=ALL-UNNAMED --add-opens=java.base/java.lang=ALL-UNNAMED --add-opens=java.base/java.lang.invoke=ALL-UNNAMED --add-opens=java.prefs/java.util.prefs=ALL-UNNAMED --add-opens=java.base/java.nio.charset=ALL-UNNAMED --add-opens=java.base/java.net=ALL-UNNAMED --add-opens=java.base/java.util.concurrent.atomic=ALL-UNNAMED -Xmx2048m -Dfile.encoding=UTF-8 -Duser.country=US -Duser.language=en -Duser.variant org.gradle.launcher.daemon.bootstrap.GradleDaemon 8.0

Host: Intel(R) Core(TM) i5-10200H CPU @ 2.40GHz, 8 cores, 7G,  Windows 11 , 64 bit Build 22621 (10.0.22621.1778)
Time: Sat May 27 19:24:39 2023 India Standard Time elapsed time: 6.630923 seconds (0d 0h 0m 6s)

---------------  T H R E A D  ---------------

Current thread (0x00000287dbbcd8c0):  JavaThread "C2 CompilerThread2" daemon [_thread_in_native, id=2924, stack(0x000000b0ddc00000,0x000000b0ddd00000)]


Current CompileTask:
C2:   6631 2300   !   4       java.net.URLClassLoader$1::run (81 bytes)

Stack: [0x000000b0ddc00000,0x000000b0ddd00000]
Native frames: (J=compiled Java code, j=interpreted, Vv=VM code, C=native code)
V  [jvm.dll+0x683b4a]
V  [jvm.dll+0x842654]
V  [jvm.dll+0x843dfe]
V  [jvm.dll+0x844463]
V  [jvm.dll+0x249b75]
V  [jvm.dll+0xabcac]
V  [jvm.dll+0xac27c]
V  [jvm.dll+0x368802]
V  [jvm.dll+0x1bd0b8]
V  [jvm.dll+0x21c359]
V  [jvm.dll+0x21b621]
V  [jvm.dll+0x1a4fdd]
V  [jvm.dll+0x22b098]
V  [jvm.dll+0x229159]
V  [jvm.dll+0x7f809c]
V  [jvm.dll+0x7f25fa]
V  [jvm.dll+0x682985]
C  [ucrtbase.dll+0x29363]
C  [KERNEL32.DLL+0x126ad]
C  [ntdll.dll+0x5a9f8]


---------------  P R O C E S S  ---------------

Threads class SMR info:
_java_thread_list=0x00000287db330320, length=29, elements={
0x00000287bde572e0, 0x00000287d7c97750, 0x00000287d7c98aa0, 0x00000287d7cc03d0,
0x00000287d8833410, 0x00000287d8835ed0, 0x00000287d8836880, 0x00000287d88389e0,
0x00000287d883a230, 0x00000287d883fdf0, 0x00000287d89a1900, 0x00000287d89a25f0,
0x00000287d9c015b0, 0x00000287da2ef060, 0x00000287d930b140, 0x00000287d9979830,
0x00000287da2e3900, 0x00000287dadb0030, 0x00000287dae07790, 0x00000287da2457f0,
0x00000287da359d00, 0x00000287da35ab70, 0x00000287da35a1d0, 0x00000287da359830,
0x00000287da35b510, 0x00000287da35b040, 0x00000287dbbcd8c0, 0x00000287da35beb0,
0x00000287da35a6a0
}

Java Threads: ( => current thread )
  0x00000287bde572e0 JavaThread "main" [_thread_blocked, id=1280, stack(0x000000b0db300000,0x000000b0db400000)]
  0x00000287d7c97750 JavaThread "Reference Handler" daemon [_thread_blocked, id=9356, stack(0x000000b0dba00000,0x000000b0dbb00000)]
  0x00000287d7c98aa0 JavaThread "Finalizer" daemon [_thread_blocked, id=16512, stack(0x000000b0dbb00000,0x000000b0dbc00000)]
  0x00000287d7cc03d0 JavaThread "Signal Dispatcher" daemon [_thread_blocked, id=6064, stack(0x000000b0dbc00000,0x000000b0dbd00000)]
  0x00000287d8833410 JavaThread "Attach Listener" daemon [_thread_blocked, id=17048, stack(0x000000b0dbd00000,0x000000b0dbe00000)]
  0x00000287d8835ed0 JavaThread "Service Thread" daemon [_thread_blocked, id=6940, stack(0x000000b0dbe00000,0x000000b0dbf00000)]
  0x00000287d8836880 JavaThread "Monitor Deflation Thread" daemon [_thread_blocked, id=6996, stack(0x000000b0dbf00000,0x000000b0dc000000)]
  0x00000287d88389e0 JavaThread "C2 CompilerThread0" daemon [_thread_blocked, id=10804, stack(0x000000b0dc000000,0x000000b0dc100000)]
  0x00000287d883a230 JavaThread "C1 CompilerThread0" daemon [_thread_blocked, id=10504, stack(0x000000b0dc100000,0x000000b0dc200000)]
  0x00000287d883fdf0 JavaThread "Sweeper thread" daemon [_thread_blocked, id=15744, stack(0x000000b0dc200000,0x000000b0dc300000)]
  0x00000287d89a1900 JavaThread "Common-Cleaner" daemon [_thread_blocked, id=8452, stack(0x000000b0dc300000,0x000000b0dc400000)]
  0x00000287d89a25f0 JavaThread "Notification Thread" daemon [_thread_blocked, id=7768, stack(0x000000b0dc400000,0x000000b0dc500000)]
  0x00000287d9c015b0 JavaThread "C2 CompilerThread1" daemon [_thread_blocked, id=7780, stack(0x000000b0dc600000,0x000000b0dc700000)]
  0x00000287da2ef060 JavaThread "Daemon health stats" [_thread_blocked, id=6336, stack(0x000000b0dcc00000,0x000000b0dcd00000)]
  0x00000287d930b140 JavaThread "Incoming local TCP Connector on port 49959" [_thread_in_native, id=9452, stack(0x000000b0dcb00000,0x000000b0dcc00000)]
  0x00000287d9979830 JavaThread "Daemon periodic checks" [_thread_blocked, id=10248, stack(0x000000b0dcd00000,0x000000b0dce00000)]
  0x00000287da2e3900 JavaThread "Daemon" [_thread_blocked, id=15536, stack(0x000000b0dce00000,0x000000b0dcf00000)]
  0x00000287dadb0030 JavaThread "Handler for socket connection from /127.0.0.1:49959 to /127.0.0.1:49960" [_thread_in_native, id=2136, stack(0x000000b0dcf00000,0x000000b0dd000000)]
  0x00000287dae07790 JavaThread "Cancel handler" [_thread_blocked, id=6380, stack(0x000000b0dd000000,0x000000b0dd100000)]
  0x00000287da2457f0 JavaThread "Daemon worker" [_thread_in_vm, id=10104, stack(0x000000b0dd100000,0x000000b0dd200000)]
  0x00000287da359d00 JavaThread "Asynchronous log dispatcher for DefaultDaemonConnection: socket connection from /127.0.0.1:49959 to /127.0.0.1:49960" [_thread_blocked, id=9968, stack(0x000000b0dd200000,0x000000b0dd300000)]
  0x00000287da35ab70 JavaThread "Stdin handler" [_thread_blocked, id=15560, stack(0x000000b0dd300000,0x000000b0dd400000)]
  0x00000287da35a1d0 JavaThread "Daemon client event forwarder" [_thread_blocked, id=15552, stack(0x000000b0dd400000,0x000000b0dd500000)]
  0x00000287da359830 JavaThread "Cache worker for journal cache (C:\Users\susha\.gradle\caches\journal-1)" [_thread_blocked, id=16732, stack(0x000000b0dd900000,0x000000b0dda00000)]
  0x00000287da35b510 JavaThread "File lock request listener" [_thread_in_native, id=16724, stack(0x000000b0dda00000,0x000000b0ddb00000)]
  0x00000287da35b040 JavaThread "Cache worker for file hash cache (C:\Users\susha\.gradle\caches\8.0\fileHashes)" [_thread_blocked, id=15376, stack(0x000000b0ddb00000,0x000000b0ddc00000)]
=>0x00000287dbbcd8c0 JavaThread "C2 CompilerThread2" daemon [_thread_in_native, id=2924, stack(0x000000b0ddc00000,0x000000b0ddd00000)]
  0x00000287da35beb0 JavaThread "File watcher server" daemon [_thread_in_native, id=4724, stack(0x000000b0ddd00000,0x000000b0dde00000)]
  0x00000287da35a6a0 JavaThread "File watcher consumer" daemon [_thread_blocked, id=4100, stack(0x000000b0dde00000,0x000000b0ddf00000)]

Other Threads:
  0x00000287d7c91c40 VMThread "VM Thread" [stack: 0x000000b0db900000,0x000000b0dba00000] [id=15060]
  0x00000287d899f5d0 WatcherThread [stack: 0x000000b0dc500000,0x000000b0dc600000] [id=10548]
  0x00000287bdeb2460 GCTaskThread "GC Thread#0" [stack: 0x000000b0db400000,0x000000b0db500000] [id=5584]
  0x00000287d918f870 GCTaskThread "GC Thread#1" [stack: 0x000000b0dc800000,0x000000b0dc900000] [id=8688]
  0x00000287d918fb20 GCTaskThread "GC Thread#2" [stack: 0x000000b0dc900000,0x000000b0dca00000] [id=17060]
  0x00000287d9aa4870 GCTaskThread "GC Thread#3" [stack: 0x000000b0dca00000,0x000000b0dcb00000] [id=10140]
  0x00000287d9b17640 GCTaskThread "GC Thread#4" [stack: 0x000000b0dc700000,0x000000b0dc800000] [id=16776]
  0x00000287daf39690 GCTaskThread "GC Thread#5" [stack: 0x000000b0dd500000,0x000000b0dd600000] [id=2956]
  0x00000287db195050 GCTaskThread "GC Thread#6" [stack: 0x000000b0dd600000,0x000000b0dd700000] [id=16572]
  0x00000287db19d560 GCTaskThread "GC Thread#7" [stack: 0x000000b0dd700000,0x000000b0dd800000] [id=17376]
  0x00000287bdec33a0 ConcurrentGCThread "G1 Main Marker" [stack: 0x000000b0db500000,0x000000b0db600000] [id=3708]
  0x00000287bdec3db0 ConcurrentGCThread "G1 Conc#0" [stack: 0x000000b0db600000,0x000000b0db700000] [id=13936]
  0x00000287db347880 ConcurrentGCThread "G1 Conc#1" [stack: 0x000000b0dd800000,0x000000b0dd900000] [id=7152]
  0x00000287bdf17c00 ConcurrentGCThread "G1 Refine#0" [stack: 0x000000b0db700000,0x000000b0db800000] [id=12240]
  0x00000287d7b02c70 ConcurrentGCThread "G1 Service" [stack: 0x000000b0db800000,0x000000b0db900000] [id=15764]

Threads with active compile tasks:
C2 CompilerThread2     6664 2300   !   4       java.net.URLClassLoader$1::run (81 bytes)

VM state: not at safepoint (normal execution)

VM Mutex/Monitor currently owned by a thread: None

Heap address: 0x0000000080000000, size: 2048 MB, Compressed Oops mode: 32-bit

CDS archive(s) not mapped
Compressed class space mapped at: 0x0000000100000000-0x0000000140000000, reserved size: 1073741824
Narrow klass base: 0x0000000000000000, Narrow klass shift: 3, Narrow klass range: 0x140000000

GC Precious Log:
 CPUs: 8 total, 8 available
 Memory: 8029M
 Large Page Support: Disabled
 NUMA Support: Disabled
 Compressed Oops: Enabled (32-bit)
 Heap Region Size: 1M
 Heap Min Capacity: 8M
 Heap Initial Capacity: 126M
 Heap Max Capacity: 2G
 Pre-touch: Disabled
 Parallel Workers: 8
 Concurrent Workers: 2
 Concurrent Refinement Workers: 8
 Periodic GC: Disabled

Heap:
 garbage-first heap   total 68608K, used 28613K [0x0000000080000000, 0x0000000100000000)
  region size 1024K, 10 young (10240K), 1 survivors (1024K)
 Metaspace       used 28148K, committed 28416K, reserved 1081344K
  class space    used 3777K, committed 3904K, reserved 1048576K

Heap Regions: E=young(eden), S=young(survivor), O=old, HS=humongous(starts), HC=humongous(continues), CS=collection set, F=free, OA=open archive, CA=closed archive, TAMS=top-at-mark-start (previous, next)
|   0|0x0000000080000000, 0x0000000080100000, 0x0000000080100000|100%|HS|  |TAMS 0x0000000080100000, 0x0000000080000000| Complete 
|   1|0x0000000080100000, 0x0000000080200000, 0x0000000080200000|100%|HC|  |TAMS 0x0000000080200000, 0x0000000080100000| Complete 
|   2|0x0000000080200000, 0x0000000080300000, 0x0000000080300000|100%|HC|  |TAMS 0x0000000080300000, 0x0000000080200000| Complete 
|   3|0x0000000080300000, 0x0000000080400000, 0x0000000080400000|100%|HC|  |TAMS 0x0000000080400000, 0x0000000080300000| Complete 
|   4|0x0000000080400000, 0x0000000080500000, 0x0000000080500000|100%| O|  |TAMS 0x0000000080500000, 0x0000000080400000| Untracked 
|   5|0x0000000080500000, 0x0000000080600000, 0x0000000080600000|100%| O|  |TAMS 0x0000000080600000, 0x0000000080500000| Untracked 
|   6|0x0000000080600000, 0x0000000080700000, 0x0000000080700000|100%| O|  |TAMS 0x0000000080700000, 0x0000000080600000| Untracked 
|   7|0x0000000080700000, 0x0000000080800000, 0x0000000080800000|100%| O|  |TAMS 0x0000000080700000, 0x0000000080700000| Untracked 
|   8|0x0000000080800000, 0x0000000080900000, 0x0000000080900000|100%| O|  |TAMS 0x0000000080900000, 0x0000000080800000| Untracked 
|   9|0x0000000080900000, 0x0000000080a00000, 0x0000000080a00000|100%| O|  |TAMS 0x0000000080a00000, 0x0000000080900000| Untracked 
|  10|0x0000000080a00000, 0x0000000080b00000, 0x0000000080b00000|100%| O|  |TAMS 0x0000000080b00000, 0x0000000080a00000| Untracked 
|  11|0x0000000080b00000, 0x0000000080b00000, 0x0000000080c00000|  0%| F|  |TAMS 0x0000000080b00000, 0x0000000080b00000| Untracked 
|  12|0x0000000080c00000, 0x0000000080d00000, 0x0000000080d00000|100%| O|  |TAMS 0x0000000080c00000, 0x0000000080c00000| Untracked 
|  13|0x0000000080d00000, 0x0000000080e00000, 0x0000000080e00000|100%| O|  |TAMS 0x0000000080d00000, 0x0000000080d00000| Untracked 
|  14|0x0000000080e00000, 0x0000000080f00000, 0x0000000080f00000|100%| O|  |TAMS 0x0000000080e00000, 0x0000000080e00000| Untracked 
|  15|0x0000000080f00000, 0x0000000081000000, 0x0000000081000000|100%| O|  |TAMS 0x0000000080f00000, 0x0000000080f00000| Untracked 
|  16|0x0000000081000000, 0x0000000081100000, 0x0000000081100000|100%| O|  |TAMS 0x0000000081000000, 0x0000000081000000| Untracked 
|  17|0x0000000081100000, 0x0000000081200000, 0x0000000081200000|100%| O|  |TAMS 0x0000000081100000, 0x0000000081100000| Untracked 
|  18|0x0000000081200000, 0x0000000081300000, 0x0000000081300000|100%| O|  |TAMS 0x0000000081200000, 0x0000000081200000| Untracked 
|  19|0x0000000081300000, 0x0000000081400000, 0x0000000081400000|100%| O|  |TAMS 0x0000000081300000, 0x0000000081300000| Untracked 
|  20|0x0000000081400000, 0x0000000081497800, 0x0000000081500000| 59%| O|  |TAMS 0x0000000081400000, 0x0000000081400000| Untracked 
|  21|0x0000000081500000, 0x0000000081500000, 0x0000000081600000|  0%| F|  |TAMS 0x0000000081500000, 0x0000000081500000| Untracked 
|  22|0x0000000081600000, 0x0000000081600000, 0x0000000081700000|  0%| F|  |TAMS 0x0000000081600000, 0x0000000081600000| Untracked 
|  23|0x0000000081700000, 0x0000000081700000, 0x0000000081800000|  0%| F|  |TAMS 0x0000000081700000, 0x0000000081700000| Untracked 
|  24|0x0000000081800000, 0x0000000081800000, 0x0000000081900000|  0%| F|  |TAMS 0x0000000081800000, 0x0000000081800000| Untracked 
|  25|0x0000000081900000, 0x0000000081900000, 0x0000000081a00000|  0%| F|  |TAMS 0x0000000081900000, 0x0000000081900000| Untracked 
|  26|0x0000000081a00000, 0x0000000081a00000, 0x0000000081b00000|  0%| F|  |TAMS 0x0000000081a00000, 0x0000000081a00000| Untracked 
|  27|0x0000000081b00000, 0x0000000081b00000, 0x0000000081c00000|  0%| F|  |TAMS 0x0000000081b00000, 0x0000000081b00000| Untracked 
|  28|0x0000000081c00000, 0x0000000081c00000, 0x0000000081d00000|  0%| F|  |TAMS 0x0000000081c00000, 0x0000000081c00000| Untracked 
|  29|0x0000000081d00000, 0x0000000081d00000, 0x0000000081e00000|  0%| F|  |TAMS 0x0000000081d00000, 0x0000000081d00000| Untracked 
|  30|0x0000000081e00000, 0x0000000081e00000, 0x0000000081f00000|  0%| F|  |TAMS 0x0000000081e00000, 0x0000000081e00000| Untracked 
|  31|0x0000000081f00000, 0x0000000081f00000, 0x0000000082000000|  0%| F|  |TAMS 0x0000000081f00000, 0x0000000081f00000| Untracked 
|  32|0x0000000082000000, 0x0000000082000000, 0x0000000082100000|  0%| F|  |TAMS 0x0000000082000000, 0x0000000082000000| Untracked 
|  33|0x0000000082100000, 0x0000000082100000, 0x0000000082200000|  0%| F|  |TAMS 0x0000000082100000, 0x0000000082100000| Untracked 
|  34|0x0000000082200000, 0x0000000082200000, 0x0000000082300000|  0%| F|  |TAMS 0x0000000082200000, 0x0000000082200000| Untracked 
|  35|0x0000000082300000, 0x0000000082300000, 0x0000000082400000|  0%| F|  |TAMS 0x0000000082300000, 0x0000000082300000| Untracked 
|  36|0x0000000082400000, 0x0000000082400000, 0x0000000082500000|  0%| F|  |TAMS 0x0000000082400000, 0x0000000082400000| Untracked 
|  37|0x0000000082500000, 0x0000000082500000, 0x0000000082600000|  0%| F|  |TAMS 0x0000000082500000, 0x0000000082500000| Untracked 
|  38|0x0000000082600000, 0x0000000082600000, 0x0000000082700000|  0%| F|  |TAMS 0x0000000082600000, 0x0000000082600000| Untracked 
|  39|0x0000000082700000, 0x0000000082700000, 0x0000000082800000|  0%| F|  |TAMS 0x0000000082700000, 0x0000000082700000| Untracked 
|  40|0x0000000082800000, 0x0000000082800000, 0x0000000082900000|  0%| F|  |TAMS 0x0000000082800000, 0x0000000082800000| Untracked 
|  41|0x0000000082900000, 0x0000000082900000, 0x0000000082a00000|  0%| F|  |TAMS 0x0000000082900000, 0x0000000082900000| Untracked 
|  42|0x0000000082a00000, 0x0000000082a00000, 0x0000000082b00000|  0%| F|  |TAMS 0x0000000082a00000, 0x0000000082a00000| Untracked 
|  43|0x0000000082b00000, 0x0000000082b00000, 0x0000000082c00000|  0%| F|  |TAMS 0x0000000082b00000, 0x0000000082b00000| Untracked 
|  44|0x0000000082c00000, 0x0000000082c00000, 0x0000000082d00000|  0%| F|  |TAMS 0x0000000082c00000, 0x0000000082c00000| Untracked 
|  45|0x0000000082d00000, 0x0000000082d00000, 0x0000000082e00000|  0%| F|  |TAMS 0x0000000082d00000, 0x0000000082d00000| Untracked 
|  46|0x0000000082e00000, 0x0000000082e00000, 0x0000000082f00000|  0%| F|  |TAMS 0x0000000082e00000, 0x0000000082e00000| Untracked 
|  47|0x0000000082f00000, 0x0000000082f00000, 0x0000000083000000|  0%| F|  |TAMS 0x0000000082f00000, 0x0000000082f00000| Untracked 
|  48|0x0000000083000000, 0x0000000083000000, 0x0000000083100000|  0%| F|  |TAMS 0x0000000083000000, 0x0000000083000000| Untracked 
|  49|0x0000000083100000, 0x0000000083100000, 0x0000000083200000|  0%| F|  |TAMS 0x0000000083100000, 0x0000000083100000| Untracked 
|  50|0x0000000083200000, 0x0000000083200000, 0x0000000083300000|  0%| F|  |TAMS 0x0000000083200000, 0x0000000083200000| Untracked 
|  51|0x0000000083300000, 0x0000000083300000, 0x0000000083400000|  0%| F|  |TAMS 0x0000000083300000, 0x0000000083300000| Untracked 
|  52|0x0000000083400000, 0x0000000083400000, 0x0000000083500000|  0%| F|  |TAMS 0x0000000083400000, 0x0000000083400000| Untracked 
|  53|0x0000000083500000, 0x0000000083500000, 0x0000000083600000|  0%| F|  |TAMS 0x0000000083500000, 0x0000000083500000| Untracked 
|  54|0x0000000083600000, 0x0000000083600000, 0x0000000083700000|  0%| F|  |TAMS 0x0000000083600000, 0x0000000083600000| Untracked 
|  55|0x0000000083700000, 0x0000000083700000, 0x0000000083800000|  0%| F|  |TAMS 0x0000000083700000, 0x0000000083700000| Untracked 
|  56|0x0000000083800000, 0x0000000083800000, 0x0000000083900000|  0%| F|  |TAMS 0x0000000083800000, 0x0000000083800000| Untracked 
|  57|0x0000000083900000, 0x0000000083a00000, 0x0000000083a00000|100%| E|  |TAMS 0x0000000083900000, 0x0000000083900000| Complete 
|  76|0x0000000084c00000, 0x0000000084d00000, 0x0000000084d00000|100%| E|CS|TAMS 0x0000000084c00000, 0x0000000084c00000| Complete 
|  77|0x0000000084d00000, 0x0000000084e00000, 0x0000000084e00000|100%| E|CS|TAMS 0x0000000084d00000, 0x0000000084d00000| Complete 
|  78|0x0000000084e00000, 0x0000000084f00000, 0x0000000084f00000|100%| E|CS|TAMS 0x0000000084e00000, 0x0000000084e00000| Complete 
|  79|0x0000000084f00000, 0x0000000085000000, 0x0000000085000000|100%| E|CS|TAMS 0x0000000084f00000, 0x0000000084f00000| Complete 
|  80|0x0000000085000000, 0x0000000085100000, 0x0000000085100000|100%| E|CS|TAMS 0x0000000085000000, 0x0000000085000000| Complete 
|  81|0x0000000085100000, 0x0000000085200000, 0x0000000085200000|100%| E|CS|TAMS 0x0000000085100000, 0x0000000085100000| Complete 
|  82|0x0000000085200000, 0x0000000085300000, 0x0000000085300000|100%| E|CS|TAMS 0x0000000085200000, 0x0000000085200000| Complete 
|  83|0x0000000085300000, 0x0000000085359c40, 0x0000000085400000| 35%| S|CS|TAMS 0x0000000085300000, 0x0000000085300000| Complete 
| 125|0x0000000087d00000, 0x0000000087e00000, 0x0000000087e00000|100%| E|CS|TAMS 0x0000000087d00000, 0x0000000087d00000| Complete 

Card table byte_map: [0x00000287d0a50000,0x00000287d0e50000] _byte_map_base: 0x00000287d0650000

Marking Bits (Prev, Next): (CMBitMap*) 0x00000287bdeb2ab0, (CMBitMap*) 0x00000287bdeb2a70
 Prev Bits: [0x00000287d3250000, 0x00000287d5250000)
 Next Bits: [0x00000287d1250000, 0x00000287d3250000)

Polling page: 0x00000287bbdb0000

Metaspace:

Usage:
  Non-class:     23.81 MB used.
      Class:      3.69 MB used.
       Both:     27.50 MB used.

Virtual space:
  Non-class space:       32.00 MB reserved,      23.94 MB ( 75%) committed,  4 nodes.
      Class space:        1.00 GB reserved,       3.81 MB ( <1%) committed,  1 nodes.
             Both:        1.03 GB reserved,      27.75 MB (  3%) committed. 

Chunk freelists:
   Non-Class:  3.45 MB
       Class:  33.00 KB
        Both:  3.49 MB

MaxMetaspaceSize: unlimited
CompressedClassSpaceSize: 1.00 GB
Initial GC threshold: 21.00 MB
Current GC threshold: 35.12 MB
CDS: off
MetaspaceReclaimPolicy: balanced
 - commit_granule_bytes: 65536.
 - commit_granule_words: 8192.
 - virtual_space_node_default_size: 1048576.
 - enlarge_chunks_in_place: 1.
 - new_chunks_are_fully_committed: 0.
 - uncommit_free_chunks: 1.
 - use_allocation_guard: 0.
 - handle_deallocations: 1.


Internal statistics:

num_allocs_failed_limit: 3.
num_arena_births: 230.
num_arena_deaths: 0.
num_vsnodes_births: 5.
num_vsnodes_deaths: 0.
num_space_committed: 444.
num_space_uncommitted: 0.
num_chunks_returned_to_freelist: 3.
num_chunks_taken_from_freelist: 922.
num_chunk_merges: 3.
num_chunk_splits: 601.
num_chunks_enlarged: 446.
num_purges: 0.
num_inconsistent_stats: 0.

CodeHeap 'non-profiled nmethods': size=120000Kb used=1402Kb max_used=1402Kb free=118597Kb
 bounds [0x00000287c8df0000, 0x00000287c9060000, 0x00000287d0320000]
CodeHeap 'profiled nmethods': size=120000Kb used=4982Kb max_used=4982Kb free=115017Kb
 bounds [0x00000287c1320000, 0x00000287c1800000, 0x00000287c8850000]
CodeHeap 'non-nmethods': size=5760Kb used=1225Kb max_used=1292Kb free=4534Kb
 bounds [0x00000287c8850000, 0x00000287c8ac0000, 0x00000287c8df0000]
 total_blobs=2985 nmethods=2454 adapters=443
 compilation: enabled
              stopped_count=0, restarted_count=0
 full_count=0

Compilation events (20 events):
Event: 6.531 Thread 0x00000287d883a230 nmethod 2433 0x00000287c17f2a90 code [0x00000287c17f2c60, 0x00000287c17f3078]
Event: 6.533 Thread 0x00000287d883a230 2434       3       java.util.concurrent.locks.ReentrantLock::<init> (16 bytes)
Event: 6.533 Thread 0x00000287d883a230 nmethod 2434 0x00000287c17f3190 code [0x00000287c17f3360, 0x00000287c17f3758]
Event: 6.542 Thread 0x00000287d883a230 2435       3       java.net.URLConnection::<init> (62 bytes)
Event: 6.542 Thread 0x00000287d883a230 nmethod 2435 0x00000287c17f3910 code [0x00000287c17f3b20, 0x00000287c17f4208]
Event: 6.573 Thread 0x00000287d883a230 2436       3       com.google.common.base.CharMatcher$IsEither::matches (22 bytes)
Event: 6.574 Thread 0x00000287d883a230 nmethod 2436 0x00000287c17f4410 code [0x00000287c17f45a0, 0x00000287c17f4758]
Event: 6.579 Thread 0x00000287d883a230 2437       3       java.util.Collections$UnmodifiableCollection::size (10 bytes)
Event: 6.579 Thread 0x00000287d9c015b0 2438       4       com.google.common.base.CharMatcher::indexIn (48 bytes)
Event: 6.579 Thread 0x00000287d883a230 nmethod 2437 0x00000287c17f4810 code [0x00000287c17f49c0, 0x00000287c17f4b88]
Event: 6.579 Thread 0x00000287d883a230 2439       3       java.util.Collections$UnmodifiableList::get (11 bytes)
Event: 6.579 Thread 0x00000287d883a230 nmethod 2439 0x00000287c17f4c90 code [0x00000287c17f4e40, 0x00000287c17f5008]
Event: 6.580 Thread 0x00000287d883a230 2440       1       org.gradle.api.internal.file.pattern.EndOfPathMatcher::getMaxSegments (2 bytes)
Event: 6.580 Thread 0x00000287d883a230 nmethod 2440 0x00000287c8f41110 code [0x00000287c8f412a0, 0x00000287c8f41378]
Event: 6.580 Thread 0x00000287d883a230 2441       3       org.gradle.api.internal.file.pattern.PatternMatcherFactory::compile (117 bytes)
Event: 6.580 Thread 0x00000287d883a230 nmethod 2441 0x00000287c17f5110 code [0x00000287c17f53a0, 0x00000287c17f6098]
Event: 6.583 Thread 0x00000287d88389e0 nmethod 2299 0x00000287c8f41410 code [0x00000287c8f419e0, 0x00000287c8f49408]
Event: 6.586 Thread 0x00000287d9c015b0 nmethod 2438 0x00000287c8f4d910 code [0x00000287c8f4dac0, 0x00000287c8f4ddd8]
Event: 6.605 Thread 0x00000287d883a230 2443       3       java.util.stream.AbstractPipeline::isParallel (8 bytes)
Event: 6.605 Thread 0x00000287d883a230 nmethod 2443 0x00000287c17f6410 code [0x00000287c17f65a0, 0x00000287c17f66b8]

GC Heap History (10 events):
Event: 2.390 GC heap before
{Heap before GC invocations=0 (full 0):
 garbage-first heap   total 129024K, used 26624K [0x0000000080000000, 0x0000000100000000)
  region size 1024K, 23 young (23552K), 0 survivors (0K)
 Metaspace       used 10272K, committed 10432K, reserved 1064960K
  class space    used 1058K, committed 1152K, reserved 1048576K
}
Event: 2.402 GC heap after
{Heap after GC invocations=1 (full 0):
 garbage-first heap   total 129024K, used 10199K [0x0000000080000000, 0x0000000100000000)
  region size 1024K, 3 young (3072K), 3 survivors (3072K)
 Metaspace       used 10272K, committed 10432K, reserved 1064960K
  class space    used 1058K, committed 1152K, reserved 1048576K
}
Event: 3.308 GC heap before
{Heap before GC invocations=1 (full 0):
 garbage-first heap   total 129024K, used 39895K [0x0000000080000000, 0x0000000100000000)
  region size 1024K, 31 young (31744K), 3 survivors (3072K)
 Metaspace       used 11209K, committed 11456K, reserved 1064960K
  class space    used 1161K, committed 1280K, reserved 1048576K
}
Event: 3.316 GC heap after
{Heap after GC invocations=2 (full 0):
 garbage-first heap   total 129024K, used 14598K [0x0000000080000000, 0x0000000100000000)
  region size 1024K, 4 young (4096K), 4 survivors (4096K)
 Metaspace       used 11209K, committed 11456K, reserved 1064960K
  class space    used 1161K, committed 1280K, reserved 1048576K
}
Event: 5.153 GC heap before
{Heap before GC invocations=2 (full 0):
 garbage-first heap   total 129024K, used 52486K [0x0000000080000000, 0x0000000100000000)
  region size 1024K, 42 young (43008K), 4 survivors (4096K)
 Metaspace       used 21296K, committed 21504K, reserved 1073152K
  class space    used 2599K, committed 2688K, reserved 1048576K
}
Event: 5.162 GC heap after
{Heap after GC invocations=3 (full 0):
 garbage-first heap   total 129024K, used 18408K [0x0000000080000000, 0x0000000100000000)
  region size 1024K, 8 young (8192K), 8 survivors (8192K)
 Metaspace       used 21296K, committed 21504K, reserved 1073152K
  class space    used 2599K, committed 2688K, reserved 1048576K
}
Event: 6.101 GC heap before
{Heap before GC invocations=4 (full 0):
 garbage-first heap   total 68608K, used 51176K [0x0000000080000000, 0x0000000100000000)
  region size 1024K, 40 young (40960K), 8 survivors (8192K)
 Metaspace       used 26471K, committed 26752K, reserved 1073152K
  class space    used 3494K, committed 3648K, reserved 1048576K
}
Event: 6.108 GC heap after
{Heap after GC invocations=5 (full 0):
 garbage-first heap   total 68608K, used 20225K [0x0000000080000000, 0x0000000100000000)
  region size 1024K, 3 young (3072K), 3 survivors (3072K)
 Metaspace       used 26471K, committed 26752K, reserved 1073152K
  class space    used 3494K, committed 3648K, reserved 1048576K
}
Event: 6.184 GC heap before
{Heap before GC invocations=5 (full 0):
 garbage-first heap   total 68608K, used 21249K [0x0000000080000000, 0x0000000100000000)
  region size 1024K, 4 young (4096K), 3 survivors (3072K)
 Metaspace       used 26676K, committed 27008K, reserved 1073152K
  class space    used 3520K, committed 3648K, reserved 1048576K
}
Event: 6.187 GC heap after
{Heap after GC invocations=6 (full 0):
 garbage-first heap   total 68608K, used 20421K [0x0000000080000000, 0x0000000100000000)
  region size 1024K, 1 young (1024K), 1 survivors (1024K)
 Metaspace       used 26676K, committed 27008K, reserved 1073152K
  class space    used 3520K, committed 3648K, reserved 1048576K
}

Dll operation events (2 events):
Event: 0.072 Loaded shared library C:\Program Files\Android\Android Studio\jbr\bin\java.dll
Event: 1.804 Loaded shared library C:\Program Files\Android\Android Studio\jbr\bin\verify.dll

Deoptimization events (20 events):
Event: 5.335 Thread 0x00000287da2457f0 Uncommon trap: trap_request=0xffffff45 fr.pc=0x00000287c8e0a904 relative=0x0000000000000b04
Event: 5.335 Thread 0x00000287da2457f0 Uncommon trap: reason=unstable_if action=reinterpret pc=0x00000287c8e0a904 method=java.io.WinNTFileSystem.resolve(Ljava/lang/String;Ljava/lang/String;)Ljava/lang/String; @ 19 c2
Event: 5.335 Thread 0x00000287da2457f0 DEOPT PACKING pc=0x00000287c8e0a904 sp=0x000000b0dd1fcb00
Event: 5.335 Thread 0x00000287da2457f0 DEOPT UNPACKING pc=0x00000287c88a69a3 sp=0x000000b0dd1fcaa8 mode 2
Event: 5.336 Thread 0x00000287da2457f0 Uncommon trap: trap_request=0xffffff45 fr.pc=0x00000287c8e621a8 relative=0x0000000000000608
Event: 5.336 Thread 0x00000287da2457f0 Uncommon trap: reason=unstable_if action=reinterpret pc=0x00000287c8e621a8 method=java.io.File.getName()Ljava/lang/String; @ 16 c2
Event: 5.336 Thread 0x00000287da2457f0 DEOPT PACKING pc=0x00000287c8e621a8 sp=0x000000b0dd1fcaa0
Event: 5.336 Thread 0x00000287da2457f0 DEOPT UNPACKING pc=0x00000287c88a69a3 sp=0x000000b0dd1fca70 mode 2
Event: 5.568 Thread 0x00000287da2457f0 Uncommon trap: trap_request=0xffffff45 fr.pc=0x00000287c8ebd0c4 relative=0x00000000000001a4
Event: 5.568 Thread 0x00000287da2457f0 Uncommon trap: reason=unstable_if action=reinterpret pc=0x00000287c8ebd0c4 method=java.util.WeakHashMap.expungeStaleEntries()V @ 9 c2
Event: 5.568 Thread 0x00000287da2457f0 DEOPT PACKING pc=0x00000287c8ebd0c4 sp=0x000000b0dd1fa220
Event: 5.568 Thread 0x00000287da2457f0 DEOPT UNPACKING pc=0x00000287c88a69a3 sp=0x000000b0dd1fa1b8 mode 2
Event: 5.890 Thread 0x00000287da2457f0 Uncommon trap: trap_request=0xffffff45 fr.pc=0x00000287c8ef5840 relative=0x0000000000000300
Event: 5.890 Thread 0x00000287da2457f0 Uncommon trap: reason=unstable_if action=reinterpret pc=0x00000287c8ef5840 method=java.util.HashMap.getNode(Ljava/lang/Object;)Ljava/util/HashMap$Node; @ 131 c2
Event: 5.890 Thread 0x00000287da2457f0 DEOPT PACKING pc=0x00000287c8ef5840 sp=0x000000b0dd1fab50
Event: 5.890 Thread 0x00000287da2457f0 DEOPT UNPACKING pc=0x00000287c88a69a3 sp=0x000000b0dd1faa70 mode 2
Event: 6.568 Thread 0x00000287da2457f0 Uncommon trap: trap_request=0xffffff76 fr.pc=0x00000287c8f3bd24 relative=0x0000000000000184
Event: 6.568 Thread 0x00000287da2457f0 Uncommon trap: reason=predicate action=maybe_recompile pc=0x00000287c8f3bd24 method=com.google.common.base.CharMatcher.indexIn(Ljava/lang/CharSequence;I)I @ 19 c2
Event: 6.568 Thread 0x00000287da2457f0 DEOPT PACKING pc=0x00000287c8f3bd24 sp=0x000000b0dd1fb3c0
Event: 6.568 Thread 0x00000287da2457f0 DEOPT UNPACKING pc=0x00000287c88a69a3 sp=0x000000b0dd1fb350 mode 2

Classes unloaded (0 events):
No events

Classes redefined (0 events):
No events

Internal exceptions (20 events):
Event: 5.098 Thread 0x00000287da2457f0 Exception <a 'java/lang/NoSuchMethodError'{0x00000000856af420}: 'java.lang.Object java.lang.invoke.DirectMethodHandle$Holder.invokeSpecial(java.lang.Object, java.lang.Object, java.lang.Object, java.lang.Object, java.lang.Object, java.lang.Object, java.lang.Object, java.lang.Object, java.lang.Object, java.lang.Object, java.lang.Object, java.lang.Object)'> (0x00000000856af420) 
thrown [s\src\hotspot\share\interpreter\linkResolver.cpp, line 771]
Event: 5.129 Thread 0x00000287da2457f0 Exception <a 'java/lang/NoSuchMethodError'{0x00000000855bbd20}: 'java.lang.Object java.lang.invoke.DirectMethodHandle$Holder.invokeSpecial(java.lang.Object, java.lang.Object, java.lang.Object, java.lang.Object, java.lang.Object, java.lang.Object, java.lang.Object, java.lang.Object, java.lang.Object)'> (0x00000000855bbd20) 
thrown [s\src\hotspot\share\interpreter\linkResolver.cpp, line 771]
Event: 5.226 Thread 0x00000287da2457f0 Exception <a 'java/lang/NoSuchMethodError'{0x0000000083868930}: 'void java.lang.invoke.DirectMethodHandle$Holder.invokeStaticInit(java.lang.Object)'> (0x0000000083868930) 
thrown [s\src\hotspot\share\interpreter\linkResolver.cpp, line 771]
Event: 5.243 Thread 0x00000287da2457f0 Exception <a 'java/lang/NoSuchMethodError'{0x000000008372b4a0}: 'java.lang.Object java.lang.invoke.DirectMethodHandle$Holder.newInvokeSpecial(java.lang.Object, java.lang.Object, java.lang.Object, int)'> (0x000000008372b4a0) 
thrown [s\src\hotspot\share\interpreter\linkResolver.cpp, line 771]
Event: 5.244 Thread 0x00000287da2457f0 Exception <a 'java/lang/NoSuchMethodError'{0x000000008372fdd0}: 'java.lang.Object java.lang.invoke.DirectMethodHandle$Holder.invokeSpecial(java.lang.Object, java.lang.Object, java.lang.Object, java.lang.Object, int)'> (0x000000008372fdd0) 
thrown [s\src\hotspot\share\interpreter\linkResolver.cpp, line 771]
Event: 5.245 Thread 0x00000287da2457f0 Exception <a 'java/lang/NoSuchMethodError'{0x0000000083733ee8}: 'java.lang.Object java.lang.invoke.Invokers$Holder.linkToTargetMethod(java.lang.Object, java.lang.Object, int, java.lang.Object)'> (0x0000000083733ee8) 
thrown [s\src\hotspot\share\interpreter\linkResolver.cpp, line 771]
Event: 5.593 Thread 0x00000287da2457f0 Exception <a 'java/lang/NoSuchMethodError'{0x0000000082b10008}: 'int java.lang.invoke.DirectMethodHandle$Holder.invokeSpecialIFC(java.lang.Object, java.lang.Object, java.lang.Object, java.lang.Object)'> (0x0000000082b10008) 
thrown [s\src\hotspot\share\interpreter\linkResolver.cpp, line 771]
Event: 5.595 Thread 0x00000287da2457f0 Exception <a 'java/lang/NoSuchMethodError'{0x0000000082b1f060}: 'java.lang.Object java.lang.invoke.DirectMethodHandle$Holder.invokeInterface(java.lang.Object, java.lang.Object, java.lang.Object)'> (0x0000000082b1f060) 
thrown [s\src\hotspot\share\interpreter\linkResolver.cpp, line 771]
Event: 5.595 Thread 0x00000287da2457f0 Exception <a 'java/lang/IncompatibleClassChangeError'{0x0000000082b22c78}: Found class java.lang.Object, but interface was expected> (0x0000000082b22c78) 
thrown [s\src\hotspot\share\interpreter\linkResolver.cpp, line 838]
Event: 5.621 Thread 0x00000287da2457f0 Exception <a 'java/lang/NoSuchMethodError'{0x0000000082bf9518}: 'int java.lang.invoke.DirectMethodHandle$Holder.invokeStatic(java.lang.Object, java.lang.Object, java.lang.Object, java.lang.Object)'> (0x0000000082bf9518) 
thrown [s\src\hotspot\share\interpreter\linkResolver.cpp, line 771]
Event: 5.621 Thread 0x00000287da2457f0 Exception <a 'java/lang/NoSuchMethodError'{0x0000000082bfd140}: 'java.lang.Object java.lang.invoke.Invokers$Holder.invokeExact_MT(java.lang.Object, java.lang.Object, java.lang.Object, java.lang.Object, java.lang.Object, java.lang.Object)'> (0x0000000082bfd140) 
thrown [s\src\hotspot\share\interpreter\linkResolver.cpp, line 771]
Event: 5.843 Thread 0x00000287da2457f0 Exception <a 'java/lang/NoSuchMethodError'{0x0000000082222bd0}: 'void java.lang.invoke.DirectMethodHandle$Holder.invokeStatic(java.lang.Object, java.lang.Object)'> (0x0000000082222bd0) 
thrown [s\src\hotspot\share\interpreter\linkResolver.cpp, line 771]
Event: 5.855 Thread 0x00000287da2457f0 Exception <a 'java/lang/NoSuchMethodError'{0x00000000822827e8}: 'java.lang.Object java.lang.invoke.DirectMethodHandle$Holder.invokeVirtual(java.lang.Object, java.lang.Object, java.lang.Object, java.lang.Object)'> (0x00000000822827e8) 
thrown [s\src\hotspot\share\interpreter\linkResolver.cpp, line 771]
Event: 5.901 Thread 0x00000287da2457f0 Exception <a 'java/lang/NoSuchMethodError'{0x00000000820228b0}: 'java.lang.Object java.lang.invoke.DirectMethodHandle$Holder.newInvokeSpecial(java.lang.Object, java.lang.Object, java.lang.Object, java.lang.Object, java.lang.Object, java.lang.Object, java.lang.Object)'> (0x00000000820228b0) 
thrown [s\src\hotspot\share\interpreter\linkResolver.cpp, line 771]
Event: 5.902 Thread 0x00000287da2457f0 Exception <a 'java/lang/NoSuchMethodError'{0x0000000082027580}: 'java.lang.Object java.lang.invoke.Invokers$Holder.linkToTargetMethod(java.lang.Object, java.lang.Object, java.lang.Object, java.lang.Object, java.lang.Object, java.lang.Object, java.lang.Object)'> (0x0000000082027580) 
thrown [s\src\hotspot\share\interpreter\linkResolver.cpp, line 771]
Event: 5.935 Thread 0x00000287da2457f0 Exception <a 'java/lang/NoSuchMethodError'{0x0000000081f793a0}: 'java.lang.Object java.lang.invoke.DirectMethodHandle$Holder.invokeVirtual(java.lang.Object, java.lang.Object, java.lang.Object, java.lang.Object, java.lang.Object, java.lang.Object, java.lang.Object, java.lang.Object, java.lang.Object, java.lang.Object, java.lang.Object, java.lang.Object, java.lang.Object, java.lang.Object, java.lang.Object, java.lang.Object, java.lang.Object, java.lang.Object, java.lang.Object, java.lang.Object, java.lang.Ob
Event: 6.386 Thread 0x00000287da2457f0 Exception <a 'java/lang/NoSuchMethodError'{0x00000000851e54c0}: 'void java.lang.invoke.DirectMethodHandle$Holder.invokeStaticInit(java.lang.Object, java.lang.Object)'> (0x00000000851e54c0) 
thrown [s\src\hotspot\share\interpreter\linkResolver.cpp, line 771]
Event: 6.428 Thread 0x00000287da2457f0 Exception <a 'java/lang/NoSuchMethodError'{0x0000000084f09bd0}: 'java.lang.Object java.lang.invoke.DirectMethodHandle$Holder.invokeStaticInit(java.lang.Object, java.lang.Object, java.lang.Object)'> (0x0000000084f09bd0) 
thrown [s\src\hotspot\share\interpreter\linkResolver.cpp, line 771]
Event: 6.429 Thread 0x00000287da2457f0 Exception <a 'java/lang/NoSuchMethodError'{0x0000000084f13cc0}: 'void java.lang.invoke.DirectMethodHandle$Holder.invokeStatic(java.lang.Object, java.lang.Object, java.lang.Object, java.lang.Object, java.lang.Object, java.lang.Object)'> (0x0000000084f13cc0) 
thrown [s\src\hotspot\share\interpreter\linkResolver.cpp, line 771]
Event: 6.628 Thread 0x00000287da2457f0 Exception <a 'java/lang/NoSuchMethodError'{0x0000000084cb6f60}: 'void java.lang.invoke.DirectMethodHandle$Holder.invokeStatic(java.lang.Object, java.lang.Object, java.lang.Object, java.lang.Object)'> (0x0000000084cb6f60) 
thrown [s\src\hotspot\share\interpreter\linkResolver.cpp, line 771]

VM Operations (20 events):
Event: 4.467 Executing VM operation: HandshakeAllThreads
Event: 4.467 Executing VM operation: HandshakeAllThreads done
Event: 4.669 Executing VM operation: HandshakeAllThreads
Event: 4.669 Executing VM operation: HandshakeAllThreads done
Event: 4.719 Executing VM operation: HandshakeAllThreads
Event: 4.719 Executing VM operation: HandshakeAllThreads done
Event: 5.153 Executing VM operation: CollectForMetadataAllocation
Event: 5.162 Executing VM operation: CollectForMetadataAllocation done
Event: 5.170 Executing VM operation: G1Concurrent
Event: 5.171 Executing VM operation: G1Concurrent done
Event: 5.173 Executing VM operation: G1Concurrent
Event: 5.177 Executing VM operation: G1Concurrent done
Event: 5.371 Executing VM operation: HandshakeAllThreads
Event: 5.372 Executing VM operation: HandshakeAllThreads done
Event: 5.372 Executing VM operation: HandshakeAllThreads
Event: 5.372 Executing VM operation: HandshakeAllThreads done
Event: 6.101 Executing VM operation: G1CollectForAllocation
Event: 6.108 Executing VM operation: G1CollectForAllocation done
Event: 6.184 Executing VM operation: G1CollectForAllocation
Event: 6.187 Executing VM operation: G1CollectForAllocation done

Events (20 events):
Event: 5.814 loading class javax/xml/xpath/XPathException done
Event: 5.814 loading class javax/xml/xpath/XPathExpressionException done
Event: 5.814 loading class org/xml/sax/ErrorHandler
Event: 5.814 loading class org/xml/sax/ErrorHandler done
Event: 6.202 Thread 0x00000287dbbcd8c0 Thread added: 0x00000287dbbcd8c0
Event: 6.423 loading class java/lang/annotation/IncompleteAnnotationException
Event: 6.423 loading class java/lang/annotation/IncompleteAnnotationException done
Event: 6.526 loading class java/util/function/UnaryOperator
Event: 6.526 loading class java/util/function/UnaryOperator done
Event: 6.551 loading class java/util/concurrent/TimeoutException
Event: 6.551 loading class java/util/concurrent/TimeoutException done
Event: 6.551 loading class java/util/concurrent/CancellationException
Event: 6.551 loading class java/util/concurrent/CancellationException done
Event: 6.562 loading class java/util/ServiceConfigurationError
Event: 6.562 loading class java/util/ServiceConfigurationError done
Event: 6.616 Thread 0x00000287da35beb0 Thread added: 0x00000287da35beb0
Event: 6.616 loading class java/util/concurrent/locks/AbstractQueuedSynchronizer$SharedNode
Event: 6.616 loading class java/util/concurrent/locks/AbstractQueuedSynchronizer$SharedNode done
Event: 6.624 loading class java/io/InterruptedIOException
Event: 6.624 loading class java/io/InterruptedIOException done


Dynamic libraries:
0x00007ff6a1d20000 - 0x00007ff6a1d2a000 	C:\Program Files\Android\Android Studio\jbr\bin\java.exe
0x00007ff931b50000 - 0x00007ff931d64000 	C:\WINDOWS\SYSTEM32\ntdll.dll
0x00007ff930c80000 - 0x00007ff930d42000 	C:\WINDOWS\System32\KERNEL32.DLL
0x00007ff92f3f0000 - 0x00007ff92f793000 	C:\WINDOWS\System32\KERNELBASE.dll
0x00007ff92f7a0000 - 0x00007ff92f8b1000 	C:\WINDOWS\System32\ucrtbase.dll
0x00007ff8d56a0000 - 0x00007ff8d56b7000 	C:\Program Files\Android\Android Studio\jbr\bin\jli.dll
0x00007ff930db0000 - 0x00007ff930f5b000 	C:\WINDOWS\System32\USER32.dll
0x00007ff92f3c0000 - 0x00007ff92f3e6000 	C:\WINDOWS\System32\win32u.dll
0x00007ff92f950000 - 0x00007ff92f979000 	C:\WINDOWS\System32\GDI32.dll
0x00007ff92f200000 - 0x00007ff92f319000 	C:\WINDOWS\System32\gdi32full.dll
0x00007ff92f320000 - 0x00007ff92f3ba000 	C:\WINDOWS\System32\msvcp_win.dll
0x00007ff8d5680000 - 0x00007ff8d569b000 	C:\Program Files\Android\Android Studio\jbr\bin\VCRUNTIME140.dll
0x00007ff916150000 - 0x00007ff9163de000 	C:\WINDOWS\WinSxS\amd64_microsoft.windows.common-controls_6595b64144ccf1df_6.0.22621.1635_none_270f70857386168e\COMCTL32.dll
0x00007ff931320000 - 0x00007ff9313c7000 	C:\WINDOWS\System32\msvcrt.dll
0x00007ff931ab0000 - 0x00007ff931ae1000 	C:\WINDOWS\System32\IMM32.DLL
0x00007ff8d5670000 - 0x00007ff8d567c000 	C:\Program Files\Android\Android Studio\jbr\bin\vcruntime140_1.dll
0x00007ff8c5e00000 - 0x00007ff8c5e8d000 	C:\Program Files\Android\Android Studio\jbr\bin\msvcp140.dll
0x00007ff8d8d40000 - 0x00007ff8d99ad000 	C:\Program Files\Android\Android Studio\jbr\bin\server\jvm.dll
0x00007ff930250000 - 0x00007ff9302fe000 	C:\WINDOWS\System32\ADVAPI32.dll
0x00007ff931950000 - 0x00007ff9319f4000 	C:\WINDOWS\System32\sechost.dll
0x00007ff92fa10000 - 0x00007ff92fb27000 	C:\WINDOWS\System32\RPCRT4.dll
0x00007ff913b40000 - 0x00007ff913b49000 	C:\WINDOWS\SYSTEM32\WSOCK32.dll
0x00007ff92f980000 - 0x00007ff92f9f1000 	C:\WINDOWS\System32\WS2_32.dll
0x00007ff926180000 - 0x00007ff92618a000 	C:\WINDOWS\SYSTEM32\VERSION.dll
0x00007ff926480000 - 0x00007ff9264b4000 	C:\WINDOWS\SYSTEM32\WINMM.dll
0x00007ff92e090000 - 0x00007ff92e0a8000 	C:\WINDOWS\SYSTEM32\kernel.appcore.dll
0x00007ff911600000 - 0x00007ff91160a000 	C:\Program Files\Android\Android Studio\jbr\bin\jimage.dll
0x00007ff92c310000 - 0x00007ff92c53e000 	C:\WINDOWS\SYSTEM32\DBGHELP.DLL
0x00007ff9313d0000 - 0x00007ff931759000 	C:\WINDOWS\System32\combase.dll
0x00007ff930160000 - 0x00007ff930237000 	C:\WINDOWS\System32\OLEAUT32.dll
0x00007ff9106c0000 - 0x00007ff9106f2000 	C:\WINDOWS\SYSTEM32\dbgcore.DLL
0x00007ff92f010000 - 0x00007ff92f08b000 	C:\WINDOWS\System32\bcryptPrimitives.dll
0x00007ff910be0000 - 0x00007ff910c05000 	C:\Program Files\Android\Android Studio\jbr\bin\java.dll
0x00007ff906b90000 - 0x00007ff906ba8000 	C:\Program Files\Android\Android Studio\jbr\bin\zip.dll
0x00007ff930300000 - 0x00007ff930afa000 	C:\WINDOWS\System32\SHELL32.dll
0x00007ff92cf60000 - 0x00007ff92d82e000 	C:\WINDOWS\SYSTEM32\windows.storage.dll
0x00007ff92ce20000 - 0x00007ff92cf5e000 	C:\WINDOWS\SYSTEM32\wintypes.dll
0x00007ff930b80000 - 0x00007ff930c71000 	C:\WINDOWS\System32\SHCORE.dll
0x00007ff930d50000 - 0x00007ff930dae000 	C:\WINDOWS\System32\shlwapi.dll
0x00007ff92ee80000 - 0x00007ff92eea1000 	C:\WINDOWS\SYSTEM32\profapi.dll
0x00007ff8f39d0000 - 0x00007ff8f39e9000 	C:\Program Files\Android\Android Studio\jbr\bin\net.dll
0x00007ff9283e0000 - 0x00007ff928517000 	C:\WINDOWS\SYSTEM32\WINHTTP.dll
0x00007ff92e500000 - 0x00007ff92e569000 	C:\WINDOWS\system32\mswsock.dll
0x00007ff8ee2a0000 - 0x00007ff8ee2b6000 	C:\Program Files\Android\Android Studio\jbr\bin\nio.dll
0x00007ff903ef0000 - 0x00007ff903f00000 	C:\Program Files\Android\Android Studio\jbr\bin\verify.dll
0x00007ff8e5d00000 - 0x00007ff8e5d27000 	C:\Users\susha\.gradle\native\68d5fa5c4cc2d200863cafc0d521ce42e7d3e7ee720ec0a83991735586a16f82\windows-amd64\native-platform.dll
0x00007ff8c5780000 - 0x00007ff8c58c4000 	C:\Users\susha\.gradle\native\e376f236ea51e6404a007f0833ffe2c6e607c4080706a723a18a27aeea778392\windows-amd64\native-platform-file-events.dll
0x00007ff910bd0000 - 0x00007ff910bd9000 	C:\Program Files\Android\Android Studio\jbr\bin\management.dll
0x00007ff910930000 - 0x00007ff91093b000 	C:\Program Files\Android\Android Studio\jbr\bin\management_ext.dll
0x00007ff92f930000 - 0x00007ff92f938000 	C:\WINDOWS\System32\PSAPI.DLL
0x00007ff92e770000 - 0x00007ff92e78b000 	C:\WINDOWS\SYSTEM32\CRYPTSP.dll
0x00007ff92e000000 - 0x00007ff92e035000 	C:\WINDOWS\system32\rsaenh.dll
0x00007ff92e600000 - 0x00007ff92e628000 	C:\WINDOWS\SYSTEM32\USERENV.dll
0x00007ff92e900000 - 0x00007ff92e928000 	C:\WINDOWS\SYSTEM32\bcrypt.dll
0x00007ff92e760000 - 0x00007ff92e76c000 	C:\WINDOWS\SYSTEM32\CRYPTBASE.dll
0x00007ff92db00000 - 0x00007ff92db2d000 	C:\WINDOWS\SYSTEM32\IPHLPAPI.DLL
0x00007ff930240000 - 0x00007ff930249000 	C:\WINDOWS\System32\NSI.dll
0x00007ff927f00000 - 0x00007ff927f19000 	C:\WINDOWS\SYSTEM32\dhcpcsvc6.DLL
0x00007ff927ee0000 - 0x00007ff927eff000 	C:\WINDOWS\SYSTEM32\dhcpcsvc.DLL
0x00007ff92db70000 - 0x00007ff92dc63000 	C:\WINDOWS\SYSTEM32\DNSAPI.dll
0x00007ff901640000 - 0x00007ff901648000 	C:\WINDOWS\system32\wshunix.dll

dbghelp: loaded successfully - version: 4.0.5 - missing functions: none
symbol engine: initialized successfully - sym options: 0x614 - pdb path: .;C:\Program Files\Android\Android Studio\jbr\bin;C:\WINDOWS\SYSTEM32;C:\WINDOWS\WinSxS\amd64_microsoft.windows.common-controls_6595b64144ccf1df_6.0.22621.1635_none_270f70857386168e;C:\Program Files\Android\Android Studio\jbr\bin\server;C:\Users\susha\.gradle\native\68d5fa5c4cc2d200863cafc0d521ce42e7d3e7ee720ec0a83991735586a16f82\windows-amd64;C:\Users\susha\.gradle\native\e376f236ea51e6404a007f0833ffe2c6e607c4080706a723a18a27aeea778392\windows-amd64

VM Arguments:
jvm_args: --add-opens=java.base/java.util=ALL-UNNAMED --add-opens=java.base/java.lang=ALL-UNNAMED --add-opens=java.base/java.lang.invoke=ALL-UNNAMED --add-opens=java.prefs/java.util.prefs=ALL-UNNAMED --add-opens=java.base/java.nio.charset=ALL-UNNAMED --add-opens=java.base/java.net=ALL-UNNAMED --add-opens=java.base/java.util.concurrent.atomic=ALL-UNNAMED -Xmx2048m -Dfile.encoding=UTF-8 -Duser.country=US -Duser.language=en -Duser.variant 
java_command: org.gradle.launcher.daemon.bootstrap.GradleDaemon 8.0
java_class_path (initial): C:\Users\susha\.gradle\wrapper\dists\gradle-8.0-bin\ca5e32bp14vu59qr306oxotwh\gradle-8.0\lib\gradle-launcher-8.0.jar
Launcher Type: SUN_STANDARD

[Global flags]
     intx CICompilerCount                          = 4                                         {product} {ergonomic}
     uint ConcGCThreads                            = 2                                         {product} {ergonomic}
     uint G1ConcRefinementThreads                  = 8                                         {product} {ergonomic}
   size_t G1HeapRegionSize                         = 1048576                                   {product} {ergonomic}
    uintx GCDrainStackTargetSize                   = 64                                        {product} {ergonomic}
   size_t InitialHeapSize                          = 132120576                                 {product} {ergonomic}
   size_t MarkStackSize                            = 4194304                                   {product} {ergonomic}
   size_t MaxHeapSize                              = 2147483648                                {product} {command line}
   size_t MaxNewSize                               = 1287651328                                {product} {ergonomic}
   size_t MinHeapDeltaBytes                        = 1048576                                   {product} {ergonomic}
   size_t MinHeapSize                              = 8388608                                   {product} {ergonomic}
    uintx NonNMethodCodeHeapSize                   = 5839372                                {pd product} {ergonomic}
    uintx NonProfiledCodeHeapSize                  = 122909434                              {pd product} {ergonomic}
    uintx ProfiledCodeHeapSize                     = 122909434                              {pd product} {ergonomic}
    uintx ReservedCodeCacheSize                    = 251658240                              {pd product} {ergonomic}
     bool SegmentedCodeCache                       = true                                      {product} {ergonomic}
   size_t SoftMaxHeapSize                          = 2147483648                             {manageable} {ergonomic}
     bool UseCompressedClassPointers               = true                           {product lp64_product} {ergonomic}
     bool UseCompressedOops                        = true                           {product lp64_product} {ergonomic}
     bool UseG1GC                                  = true                                      {product} {ergonomic}
     bool UseLargePagesIndividualAllocation        = false                                  {pd product} {ergonomic}

Logging:
Log output configuration:
 #0: stdout all=warning uptime,level,tags
 #1: stderr all=off uptime,level,tags

Environment Variables:
PATH=C:\Windows\system32;C:\Windows;C:\Windows\System32\Wbem;C:\Windows\System32\WindowsPowerShell\v1.0\;C:\Windows\System32\OpenSSH\;C:\Program Files (x86)\NVIDIA Corporation\PhysX\Common;C:\Program Files\NVIDIA Corporation\NVIDIA NvDLISR;C:\WINDOWS\system32;C:\WINDOWS;C:\WINDOWS\System32\Wbem;C:\WINDOWS\System32\WindowsPowerShell\v1.0\;C:\WINDOWS\System32\OpenSSH\;C:\Users\susha\AppData\Local\Microsoft\WindowsApps;C:\Users\susha\AppData\Local\Programs\Microsoft VS Code\bin;C:\MinGW\bin;
USERNAME=susha
OS=Windows_NT
PROCESSOR_IDENTIFIER=Intel64 Family 6 Model 165 Stepping 2, GenuineIntel
TMP=C:\Users\susha\AppData\Local\Temp
TEMP=C:\Users\susha\AppData\Local\Temp



---------------  S Y S T E M  ---------------

OS:
 Windows 11 , 64 bit Build 22621 (10.0.22621.1778)
OS uptime: 0 days 0:05 hours

CPU: total 8 (initial active 8) (4 cores per cpu, 2 threads per core) family 6 model 165 stepping 2 microcode 0xe0, cx8, cmov, fxsr, ht, mmx, 3dnowpref, sse, sse2, sse3, ssse3, sse4.1, sse4.2, popcnt, lzcnt, tsc, tscinvbit, avx, avx2, aes, erms, clmul, bmi1, bmi2, adx, fma, vzeroupper, clflush, clflushopt

Memory: 4k page, system-wide physical 8029M (1339M free)
TotalPageFile size 8029M (AvailPageFile size 5M)
current process WorkingSet (physical memory assigned to process): 181M, peak: 189M
current process commit charge ("private bytes"): 225M, peak: 259M

vm_info: OpenJDK 64-Bit Server VM (17.0.6+0-b2043.56-9586694) for windows-amd64 JRE (17.0.6+0-b2043.56-9586694), built on Feb  9 2023 20:06:20 by "androidbuild" with MS VC++ 16.10 / 16.11 (VS2019)

END.
